[UTIL]: Setting the config -c file to flexric.conf
[UTIL]: Setting path -p for the shared libraries to /usr/local/lib/flexric/
[xAapp]: Initializing ... 
[xApp]: nearRT-RIC IP Address = 191.4.204.131, PORT = 36422
[E2 AGENT]: Opening plugin from path = /usr/local/lib/flexric/libpdcp_sm.so 
[E2 AGENT]: Opening plugin from path = /usr/local/lib/flexric/libmac_sm.so 
[E2 AGENT]: Opening plugin from path = /usr/local/lib/flexric/libgtp_sm.so 
[E2 AGENT]: Opening plugin from path = /usr/local/lib/flexric/libkpm_sm.so 
[E2 AGENT]: Opening plugin from path = /usr/local/lib/flexric/libtc_sm.so 
[E2 AGENT]: Opening plugin from path = /usr/local/lib/flexric/librc_sm.so 
[E2 AGENT]: Opening plugin from path = /usr/local/lib/flexric/libslice_sm.so 
[E2 AGENT]: Opening plugin from path = /usr/local/lib/flexric/librlc_sm.so 
[NEAR-RIC]: Loading SM ID = 144 with def = PDCP_STATS_V0 
[NEAR-RIC]: Loading SM ID = 142 with def = MAC_STATS_V0 
[NEAR-RIC]: Loading SM ID = 148 with def = GTP_STATS_V0 
[NEAR-RIC]: Loading SM ID = 2 with def = ORAN-E2SM-KPM 
[NEAR-RIC]: Loading SM ID = 146 with def = TC_STATS_V0 
[NEAR-RIC]: Loading SM ID = 3 with def = ORAN-E2SM-RC 
[NEAR-RIC]: Loading SM ID = 145 with def = SLICE_STATS_V0 
[NEAR-RIC]: Loading SM ID = 143 with def = RLC_STATS_V0 
[xApp]: DB filename = /tmp/xapp_db_1710190592982166 
 [xApp]: E42 SETUP-REQUEST tx
[xApp]: E42 SETUP-RESPONSE rx 
[xApp]: xApp ID = 87 
[xApp]: Registered E2 Nodes = 1 
Connected E2 nodes len = 1
Registered ran func id = 2 
 Registered ran func id = 3 
 Registered ran func id = 142 
 Registered ran func id = 143 
 Registered ran func id = 144 
 Registered ran func id = 145 
 Registered ran func id = 146 
 Registered ran func id = 148 
 [xApp]: E42 RIC SUBSCRIPTION REQUEST tx RAN_FUNC_ID 145 RIC_REQ_ID 1 
[xApp]: SUBSCRIPTION RESPONSE rx
[xApp]: Successfully subscribed to RAN_FUNC_ID 145 
Tempo: 1710190594992182
Diff: 2301μs
SLICE ind_msg latency = 40151193 μs
SLICE ind_msg latency = 40151027 μs
SLICE ind_msg latency = 40151115 μs
SLICE ind_msg latency = 40151060 μs
SLICE ind_msg latency = 40151028 μs
SLICE ind_msg latency = 40151070 μs
SLICE ind_msg latency = 40151131 μs
SLICE ind_msg latency = 40151099 μs
SLICE ind_msg latency = 40150872 μs
SLICE ind_msg latency = 40150808 μs
SLICE ind_msg latency = 40150866 μs
SLICE ind_msg latency = 40151044 μs
SLICE ind_msg latency = 40150872 μs
SLICE ind_msg latency = 40150838 μs
SLICE ind_msg latency = 40150818 μs
SLICE ind_msg latency = 40150791 μs
SLICE ind_msg latency = 40150746 μs
SLICE ind_msg latency = 40150585 μs
SLICE ind_msg latency = 40150355 μs
SLICE ind_msg latency = 40150789 μs
SLICE ind_msg latency = 40150861 μs
SLICE ind_msg latency = 40150860 μs
SLICE ind_msg latency = 40150843 μs
SLICE ind_msg latency = 40150980 μs
SLICE ind_msg latency = 40150866 μs
SLICE ind_msg latency = 40151045 μs
SLICE ind_msg latency = 40151072 μs
SLICE ind_msg latency = 40151044 μs
SLICE ind_msg latency = 40150954 μs
SLICE ind_msg latency = 40150904 μs
SLICE ind_msg latency = 40150943 μs
SLICE ind_msg latency = 40151114 μs
SLICE ind_msg latency = 40151109 μs
SLICE ind_msg latency = 40150741 μs
SLICE ind_msg latency = 40150597 μs
SLICE ind_msg latency = 40150692 μs
SLICE ind_msg latency = 40150805 μs
SLICE ind_msg latency = 40150620 μs
SLICE ind_msg latency = 40150675 μs
SLICE ind_msg latency = 40150711 μs
SLICE ind_msg latency = 40150817 μs
SLICE ind_msg latency = 40150854 μs
SLICE ind_msg latency = 40150649 μs
SLICE ind_msg latency = 40150934 μs
SLICE ind_msg latency = 40150799 μs
SLICE ind_msg latency = 40150870 μs
SLICE ind_msg latency = 40150778 μs
SLICE ind_msg latency = 40151219 μs
SLICE ind_msg latency = 40150889 μs
SLICE ind_msg latency = 40151105 μs
SLICE ind_msg latency = 40150793 μs
SLICE ind_msg latency = 40151335 μs
SLICE ind_msg latency = 40150976 μs
SLICE ind_msg latency = 40151143 μs
SLICE ind_msg latency = 40150730 μs
SLICE ind_msg latency = 40150815 μs
SLICE ind_msg latency = 40150577 μs
SLICE ind_msg latency = 40151187 μs
SLICE ind_msg latency = 40150978 μs
SLICE ind_msg latency = 40151256 μs
SLICE ind_msg latency = 40150613 μs
SLICE ind_msg latency = 40150725 μs
SLICE ind_msg latency = 40150743 μs
SLICE ind_msg latency = 40151125 μs
SLICE ind_msg latency = 40150884 μs
SLICE ind_msg latency = 40150746 μs
SLICE ind_msg latency = 40150850 μs
SLICE ind_msg latency = 40150903 μs
SLICE ind_msg latency = 40150870 μs
SLICE ind_msg latency = 40150768 μs
SLICE ind_msg latency = 40150820 μs
SLICE ind_msg latency = 40150842 μs
SLICE ind_msg latency = 40151022 μs
SLICE ind_msg latency = 40150616 μs
SLICE ind_msg latency = 40150268 μs
SLICE ind_msg latency = 40150223 μs
SLICE ind_msg latency = 40150360 μs
SLICE ind_msg latency = 40150270 μs
SLICE ind_msg latency = 40150788 μs
SLICE ind_msg latency = 40150749 μs
SLICE ind_msg latency = 40150957 μs
SLICE ind_msg latency = 40150961 μs
SLICE ind_msg latency = 40150936 μs
SLICE ind_msg latency = 40151186 μs
SLICE ind_msg latency = 40151079 μs
SLICE ind_msg latency = 40151009 μs
SLICE ind_msg latency = 40150877 μs
SLICE ind_msg latency = 40151098 μs
SLICE ind_msg latency = 40150943 μs
SLICE ind_msg latency = 40151079 μs
SLICE ind_msg latency = 40150881 μs
SLICE ind_msg latency = 40150864 μs
SLICE ind_msg latency = 40150859 μs
SLICE ind_msg latency = 40150844 μs
SLICE ind_msg latency = 40150780 μs
SLICE ind_msg latency = 40150938 μs
SLICE ind_msg latency = 40150845 μs
SLICE ind_msg latency = 40150658 μs
SLICE ind_msg latency = 40150833 μs
SLICE ind_msg latency = 40150899 μs
SLICE ind_msg latency = 40150834 μs
SLICE ind_msg latency = 40150913 μs
SLICE ind_msg latency = 40151131 μs
SLICE ind_msg latency = 40150892 μs
SLICE ind_msg latency = 40150792 μs
SLICE ind_msg latency = 40150948 μs
SLICE ind_msg latency = 40150683 μs
SLICE ind_msg latency = 40150800 μs
SLICE ind_msg latency = 40150667 μs
SLICE ind_msg latency = 40150496 μs
SLICE ind_msg latency = 40150485 μs
SLICE ind_msg latency = 40150798 μs
SLICE ind_msg latency = 40150531 μs
SLICE ind_msg latency = 40150580 μs
SLICE ind_msg latency = 40150645 μs
SLICE ind_msg latency = 40150581 μs
SLICE ind_msg latency = 40150594 μs
SLICE ind_msg latency = 40150745 μs
SLICE ind_msg latency = 40150852 μs
SLICE ind_msg latency = 40150768 μs
SLICE ind_msg latency = 40150890 μs
SLICE ind_msg latency = 40150569 μs
SLICE ind_msg latency = 40150679 μs
SLICE ind_msg latency = 40150781 μs
SLICE ind_msg latency = 40151142 μs
SLICE ind_msg latency = 40150824 μs
SLICE ind_msg latency = 40151095 μs
SLICE ind_msg latency = 40151240 μs
SLICE ind_msg latency = 40150910 μs
SLICE ind_msg latency = 40151180 μs
SLICE ind_msg latency = 40151027 μs
SLICE ind_msg latency = 40150977 μs
SLICE ind_msg latency = 40150566 μs
SLICE ind_msg latency = 40150828 μs
SLICE ind_msg latency = 40151084 μs
SLICE ind_msg latency = 40151276 μs
SLICE ind_msg latency = 40151035 μs
SLICE ind_msg latency = 40150897 μs
SLICE ind_msg latency = 40150999 μs
SLICE ind_msg latency = 40150938 μs
SLICE ind_msg latency = 40150873 μs
SLICE ind_msg latency = 40150844 μs
SLICE ind_msg latency = 40150637 μs
SLICE ind_msg latency = 40151034 μs
SLICE ind_msg latency = 40150195 μs
SLICE ind_msg latency = 40157688 μs
SLICE ind_msg latency = 40152692 μs
SLICE ind_msg latency = 40150101 μs
SLICE ind_msg latency = 40150139 μs
SLICE ind_msg latency = 40150067 μs
SLICE ind_msg latency = 40150218 μs
SLICE ind_msg latency = 40150247 μs
SLICE ind_msg latency = 40150166 μs
SLICE ind_msg latency = 40150256 μs
SLICE ind_msg latency = 40150548 μs
SLICE ind_msg latency = 40150812 μs
SLICE ind_msg latency = 40150658 μs
SLICE ind_msg latency = 40150540 μs
SLICE ind_msg latency = 40150290 μs
SLICE ind_msg latency = 40150157 μs
SLICE ind_msg latency = 40150142 μs
SLICE ind_msg latency = 40150755 μs
SLICE ind_msg latency = 40150681 μs
SLICE ind_msg latency = 40150729 μs
SLICE ind_msg latency = 40150854 μs
SLICE ind_msg latency = 40150829 μs
SLICE ind_msg latency = 40151005 μs
SLICE ind_msg latency = 40151207 μs
SLICE ind_msg latency = 40150522 μs
SLICE ind_msg latency = 40150316 μs
SLICE ind_msg latency = 40150384 μs
SLICE ind_msg latency = 40150580 μs
SLICE ind_msg latency = 40150241 μs
SLICE ind_msg latency = 40150304 μs
SLICE ind_msg latency = 40150535 μs
SLICE ind_msg latency = 40150673 μs
SLICE ind_msg latency = 40150589 μs
SLICE ind_msg latency = 40150713 μs
SLICE ind_msg latency = 40150987 μs
SLICE ind_msg latency = 40150843 μs
SLICE ind_msg latency = 40150734 μs
SLICE ind_msg latency = 40150921 μs
SLICE ind_msg latency = 40150715 μs
SLICE ind_msg latency = 40150951 μs
SLICE ind_msg latency = 40150761 μs
SLICE ind_msg latency = 40150908 μs
SLICE ind_msg latency = 40151047 μs
SLICE ind_msg latency = 40151044 μs
SLICE ind_msg latency = 40150802 μs
SLICE ind_msg latency = 40150876 μs
SLICE ind_msg latency = 40150701 μs
SLICE ind_msg latency = 40151043 μs
SLICE ind_msg latency = 40150778 μs
SLICE ind_msg latency = 40150886 μs
SLICE ind_msg latency = 40150886 μs
SLICE ind_msg latency = 40150790 μs
SLICE ind_msg latency = 40150852 μs
SLICE ind_msg latency = 40150733 μs
SLICE ind_msg latency = 40150828 μs
SLICE ind_msg latency = 40150878 μs
SLICE ind_msg latency = 40150602 μs
SLICE ind_msg latency = 40150910 μs
SLICE ind_msg latency = 40150733 μs
SLICE ind_msg latency = 40150746 μs
SLICE ind_msg latency = 40150901 μs
SLICE ind_msg latency = 40150880 μs
SLICE ind_msg latency = 40150928 μs
SLICE ind_msg latency = 40150918 μs
SLICE ind_msg latency = 40150922 μs
SLICE ind_msg latency = 40150793 μs
SLICE ind_msg latency = 40150665 μs
SLICE ind_msg latency = 40150628 μs
SLICE ind_msg latency = 40150749 μs
SLICE ind_msg latency = 40150924 μs
SLICE ind_msg latency = 40150988 μs
SLICE ind_msg latency = 40151052 μs
SLICE ind_msg latency = 40150860 μs
SLICE ind_msg latency = 40150730 μs
SLICE ind_msg latency = 40150823 μs
SLICE ind_msg latency = 40150710 μs
SLICE ind_msg latency = 40150933 μs
SLICE ind_msg latency = 40150990 μs
SLICE ind_msg latency = 40150841 μs
SLICE ind_msg latency = 40150705 μs
SLICE ind_msg latency = 40150703 μs
SLICE ind_msg latency = 40150969 μs
SLICE ind_msg latency = 40150720 μs
SLICE ind_msg latency = 40150969 μs
SLICE ind_msg latency = 40150648 μs
SLICE ind_msg latency = 40150882 μs
SLICE ind_msg latency = 40150630 μs
SLICE ind_msg latency = 40150878 μs
SLICE ind_msg latency = 40150771 μs
SLICE ind_msg latency = 40151074 μs
SLICE ind_msg latency = 40150338 μs
SLICE ind_msg latency = 40150172 μs
SLICE ind_msg latency = 40150210 μs
SLICE ind_msg latency = 40150343 μs
SLICE ind_msg latency = 40150726 μs
SLICE ind_msg latency = 40150739 μs
SLICE ind_msg latency = 40150937 μs
SLICE ind_msg latency = 40150756 μs
SLICE ind_msg latency = 40150791 μs
SLICE ind_msg latency = 40151032 μs
SLICE ind_msg latency = 40150834 μs
SLICE ind_msg latency = 40150580 μs
SLICE ind_msg latency = 40150641 μs
SLICE ind_msg latency = 40153000 μs
SLICE ind_msg latency = 40150295 μs
SLICE ind_msg latency = 40150261 μs
SLICE ind_msg latency = 40150310 μs
SLICE ind_msg latency = 40150437 μs
SLICE ind_msg latency = 40150188 μs
SLICE ind_msg latency = 40150132 μs
SLICE ind_msg latency = 40150197 μs
SLICE ind_msg latency = 40150386 μs
SLICE ind_msg latency = 40150334 μs
SLICE ind_msg latency = 40150168 μs
SLICE ind_msg latency = 40150412 μs
SLICE ind_msg latency = 40150607 μs
SLICE ind_msg latency = 40150909 μs
SLICE ind_msg latency = 40150752 μs
SLICE ind_msg latency = 40150429 μs
SLICE ind_msg latency = 40150818 μs
SLICE ind_msg latency = 40150819 μs
SLICE ind_msg latency = 40150833 μs
SLICE ind_msg latency = 40150835 μs
SLICE ind_msg latency = 40150805 μs
SLICE ind_msg latency = 40150728 μs
SLICE ind_msg latency = 40150627 μs
SLICE ind_msg latency = 40150524 μs
SLICE ind_msg latency = 40150917 μs
SLICE ind_msg latency = 40150490 μs
SLICE ind_msg latency = 40150844 μs
SLICE ind_msg latency = 40150807 μs
SLICE ind_msg latency = 40150809 μs
SLICE ind_msg latency = 40150569 μs
SLICE ind_msg latency = 40150835 μs
SLICE ind_msg latency = 40150823 μs
SLICE ind_msg latency = 40150766 μs
SLICE ind_msg latency = 40150729 μs
SLICE ind_msg latency = 40150745 μs
SLICE ind_msg latency = 40150440 μs
SLICE ind_msg latency = 40150639 μs
SLICE ind_msg latency = 40150858 μs
SLICE ind_msg latency = 40150948 μs
SLICE ind_msg latency = 40150524 μs
SLICE ind_msg latency = 40150694 μs
SLICE ind_msg latency = 40150752 μs
SLICE ind_msg latency = 40150636 μs
SLICE ind_msg latency = 40150772 μs
SLICE ind_msg latency = 40150691 μs
SLICE ind_msg latency = 40150639 μs
SLICE ind_msg latency = 40150619 μs
SLICE ind_msg latency = 40150793 μs
SLICE ind_msg latency = 40150880 μs
SLICE ind_msg latency = 40150672 μs
SLICE ind_msg latency = 40150859 μs
SLICE ind_msg latency = 40150715 μs
SLICE ind_msg latency = 40150736 μs
SLICE ind_msg latency = 40150672 μs
SLICE ind_msg latency = 40150716 μs
SLICE ind_msg latency = 40150821 μs
SLICE ind_msg latency = 40150657 μs
SLICE ind_msg latency = 40150642 μs
SLICE ind_msg latency = 40150911 μs
SLICE ind_msg latency = 40150609 μs
SLICE ind_msg latency = 40150789 μs
SLICE ind_msg latency = 40150653 μs
SLICE ind_msg latency = 40150649 μs
SLICE ind_msg latency = 40150841 μs
SLICE ind_msg latency = 40150754 μs
SLICE ind_msg latency = 40150575 μs
SLICE ind_msg latency = 40150609 μs
SLICE ind_msg latency = 40150491 μs
SLICE ind_msg latency = 40150767 μs
SLICE ind_msg latency = 40150754 μs
SLICE ind_msg latency = 40150697 μs
SLICE ind_msg latency = 40150869 μs
SLICE ind_msg latency = 40150851 μs
SLICE ind_msg latency = 40150967 μs
SLICE ind_msg latency = 40150735 μs
SLICE ind_msg latency = 40150497 μs
SLICE ind_msg latency = 40150708 μs
SLICE ind_msg latency = 40150796 μs
SLICE ind_msg latency = 40150726 μs
SLICE ind_msg latency = 40150742 μs
SLICE ind_msg latency = 40150713 μs
SLICE ind_msg latency = 40150766 μs
SLICE ind_msg latency = 40150774 μs
SLICE ind_msg latency = 40150889 μs
SLICE ind_msg latency = 40150469 μs
SLICE ind_msg latency = 40150804 μs
SLICE ind_msg latency = 40150513 μs
SLICE ind_msg latency = 40150896 μs
SLICE ind_msg latency = 40150659 μs
SLICE ind_msg latency = 40150734 μs
SLICE ind_msg latency = 40150753 μs
SLICE ind_msg latency = 40150805 μs
SLICE ind_msg latency = 40150825 μs
SLICE ind_msg latency = 40150757 μs
SLICE ind_msg latency = 40150593 μs
SLICE ind_msg latency = 40150549 μs
SLICE ind_msg latency = 40150982 μs
SLICE ind_msg latency = 40150733 μs
SLICE ind_msg latency = 40150862 μs
SLICE ind_msg latency = 40150791 μs
SLICE ind_msg latency = 40150813 μs
SLICE ind_msg latency = 40150916 μs
SLICE ind_msg latency = 40150909 μs
SLICE ind_msg latency = 40150807 μs
SLICE ind_msg latency = 40150786 μs
SLICE ind_msg latency = 40150669 μs
SLICE ind_msg latency = 40150697 μs
SLICE ind_msg latency = 40150793 μs
SLICE ind_msg latency = 40150731 μs
SLICE ind_msg latency = 40150776 μs
SLICE ind_msg latency = 40150754 μs
SLICE ind_msg latency = 40150783 μs
SLICE ind_msg latency = 40150824 μs
SLICE ind_msg latency = 40150446 μs
SLICE ind_msg latency = 40150820 μs
SLICE ind_msg latency = 40150753 μs
SLICE ind_msg latency = 40150710 μs
SLICE ind_msg latency = 40150574 μs
SLICE ind_msg latency = 40150867 μs
SLICE ind_msg latency = 40150741 μs
SLICE ind_msg latency = 40150938 μs
SLICE ind_msg latency = 40150659 μs
SLICE ind_msg latency = 40150987 μs
SLICE ind_msg latency = 40150769 μs
SLICE ind_msg latency = 40150765 μs
SLICE ind_msg latency = 40150789 μs
SLICE ind_msg latency = 40150806 μs
SLICE ind_msg latency = 40150819 μs
SLICE ind_msg latency = 40150926 μs
SLICE ind_msg latency = 40150789 μs
SLICE ind_msg latency = 40150900 μs
SLICE ind_msg latency = 40150829 μs
SLICE ind_msg latency = 40151120 μs
SLICE ind_msg latency = 40150699 μs
SLICE ind_msg latency = 40150841 μs
SLICE ind_msg latency = 40150752 μs
SLICE ind_msg latency = 40150739 μs
SLICE ind_msg latency = 40150528 μs
SLICE ind_msg latency = 40150243 μs
SLICE ind_msg latency = 40150107 μs
SLICE ind_msg latency = 40150105 μs
SLICE ind_msg latency = 40150185 μs
SLICE ind_msg latency = 40150171 μs
SLICE ind_msg latency = 40150561 μs
SLICE ind_msg latency = 40150672 μs
SLICE ind_msg latency = 40150539 μs
SLICE ind_msg latency = 40150726 μs
SLICE ind_msg latency = 40150561 μs
SLICE ind_msg latency = 40150762 μs
SLICE ind_msg latency = 40150697 μs
SLICE ind_msg latency = 40150573 μs
SLICE ind_msg latency = 40150785 μs
SLICE ind_msg latency = 40150706 μs
ADD STATIC DL SLICE: id 0, pos_low 0, pos_high 3
ADD STATIC DL SLICE: id 2, pos_low 4, pos_high 7
ADD STATIC DL SLICE: id 5, pos_low 8, pos_high 12
[xApp]: CONTROL-REQUEST tx 
[xApp]: CONTROL ACK rx
[xApp]: Successfully received CONTROL-ACK 
SLICE ind_msg latency = 40150569 μs
SLICE ind_msg latency = 40150751 μs
SLICE ind_msg latency = 40150631 μs
SLICE ind_msg latency = 40150661 μs
SLICE ind_msg latency = 40150645 μs
SLICE ind_msg latency = 40150563 μs
SLICE ind_msg latency = 40150791 μs
SLICE ind_msg latency = 40150643 μs
SLICE ind_msg latency = 40150805 μs
SLICE ind_msg latency = 40150411 μs
SLICE ind_msg latency = 40150638 μs
SLICE ind_msg latency = 40150712 μs
SLICE ind_msg latency = 40150603 μs
SLICE ind_msg latency = 40150682 μs
SLICE ind_msg latency = 40150742 μs
SLICE ind_msg latency = 40150699 μs
SLICE ind_msg latency = 40150664 μs
SLICE ind_msg latency = 40150643 μs
SLICE ind_msg latency = 40150710 μs
SLICE ind_msg latency = 40150654 μs
SLICE ind_msg latency = 40150848 μs
SLICE ind_msg latency = 40150525 μs
SLICE ind_msg latency = 40150673 μs
SLICE ind_msg latency = 40150576 μs
SLICE ind_msg latency = 40150793 μs
SLICE ind_msg latency = 40150437 μs
SLICE ind_msg latency = 40150765 μs
SLICE ind_msg latency = 40150567 μs
SLICE ind_msg latency = 40150682 μs
SLICE ind_msg latency = 40150589 μs
SLICE ind_msg latency = 40150783 μs
SLICE ind_msg latency = 40150802 μs
SLICE ind_msg latency = 40150824 μs
SLICE ind_msg latency = 40150568 μs
SLICE ind_msg latency = 40150490 μs
SLICE ind_msg latency = 40150573 μs
SLICE ind_msg latency = 40150856 μs
SLICE ind_msg latency = 40150762 μs
SLICE ind_msg latency = 40150976 μs
SLICE ind_msg latency = 40150676 μs
SLICE ind_msg latency = 40151041 μs
SLICE ind_msg latency = 40150714 μs
SLICE ind_msg latency = 40150903 μs
SLICE ind_msg latency = 40150949 μs
SLICE ind_msg latency = 40150829 μs
SLICE ind_msg latency = 40150839 μs
SLICE ind_msg latency = 40150775 μs
SLICE ind_msg latency = 40151090 μs
SLICE ind_msg latency = 40150877 μs
SLICE ind_msg latency = 40150897 μs
SLICE ind_msg latency = 40150943 μs
SLICE ind_msg latency = 40151126 μs
SLICE ind_msg latency = 40151053 μs
SLICE ind_msg latency = 40150921 μs
SLICE ind_msg latency = 40150903 μs
SLICE ind_msg latency = 40150967 μs
SLICE ind_msg latency = 40150709 μs
SLICE ind_msg latency = 40150806 μs
SLICE ind_msg latency = 40150676 μs
SLICE ind_msg latency = 40150979 μs
SLICE ind_msg latency = 40150841 μs
SLICE ind_msg latency = 40150863 μs
SLICE ind_msg latency = 40150978 μs
SLICE ind_msg latency = 40151138 μs
SLICE ind_msg latency = 40150794 μs
SLICE ind_msg latency = 40150961 μs
SLICE ind_msg latency = 40150957 μs
SLICE ind_msg latency = 40151029 μs
SLICE ind_msg latency = 40150794 μs
SLICE ind_msg latency = 40150787 μs
SLICE ind_msg latency = 40150580 μs
SLICE ind_msg latency = 40151150 μs
SLICE ind_msg latency = 40150822 μs
SLICE ind_msg latency = 40150977 μs
SLICE ind_msg latency = 40151005 μs
SLICE ind_msg latency = 40150271 μs
SLICE ind_msg latency = 40150213 μs
SLICE ind_msg latency = 40150312 μs
SLICE ind_msg latency = 40150510 μs
SLICE ind_msg latency = 40150388 μs
SLICE ind_msg latency = 40150735 μs
SLICE ind_msg latency = 40150487 μs
SLICE ind_msg latency = 40150670 μs
SLICE ind_msg latency = 40150613 μs
SLICE ind_msg latency = 40150675 μs
SLICE ind_msg latency = 40150649 μs
SLICE ind_msg latency = 40150511 μs
SLICE ind_msg latency = 40150805 μs
SLICE ind_msg latency = 40150825 μs
SLICE ind_msg latency = 40150587 μs
SLICE ind_msg latency = 40150760 μs
SLICE ind_msg latency = 40150606 μs
SLICE ind_msg latency = 40150761 μs
SLICE ind_msg latency = 40150545 μs
SLICE ind_msg latency = 40150758 μs
SLICE ind_msg latency = 40150597 μs
SLICE ind_msg latency = 40150874 μs
SLICE ind_msg latency = 40150987 μs
SLICE ind_msg latency = 40150846 μs
SLICE ind_msg latency = 40150994 μs
SLICE ind_msg latency = 40150557 μs
SLICE ind_msg latency = 40151020 μs
SLICE ind_msg latency = 40150988 μs
SLICE ind_msg latency = 40150998 μs
SLICE ind_msg latency = 40150466 μs
SLICE ind_msg latency = 40150288 μs
SLICE ind_msg latency = 40150685 μs
SLICE ind_msg latency = 40150685 μs
SLICE ind_msg latency = 40150743 μs
SLICE ind_msg latency = 40150447 μs
SLICE ind_msg latency = 40150512 μs
SLICE ind_msg latency = 40150644 μs
SLICE ind_msg latency = 40150744 μs
SLICE ind_msg latency = 40150534 μs
SLICE ind_msg latency = 40150655 μs
SLICE ind_msg latency = 40150955 μs
SLICE ind_msg latency = 40150539 μs
SLICE ind_msg latency = 40150686 μs
SLICE ind_msg latency = 40150837 μs
SLICE ind_msg latency = 40150545 μs
SLICE ind_msg latency = 40150675 μs
SLICE ind_msg latency = 40150488 μs
SLICE ind_msg latency = 40150514 μs
SLICE ind_msg latency = 40150437 μs
SLICE ind_msg latency = 40150580 μs
SLICE ind_msg latency = 40150695 μs
SLICE ind_msg latency = 40150918 μs
SLICE ind_msg latency = 40150973 μs
SLICE ind_msg latency = 40150938 μs
SLICE ind_msg latency = 40151051 μs
SLICE ind_msg latency = 40151080 μs
SLICE ind_msg latency = 40150786 μs
SLICE ind_msg latency = 40150968 μs
SLICE ind_msg latency = 40150841 μs
SLICE ind_msg latency = 40150816 μs
SLICE ind_msg latency = 40150941 μs
SLICE ind_msg latency = 40151111 μs
SLICE ind_msg latency = 40151057 μs
SLICE ind_msg latency = 40150714 μs
SLICE ind_msg latency = 40150483 μs
SLICE ind_msg latency = 40150605 μs
SLICE ind_msg latency = 40150583 μs
SLICE ind_msg latency = 40150694 μs
SLICE ind_msg latency = 40150740 μs
SLICE ind_msg latency = 40150664 μs
SLICE ind_msg latency = 40150799 μs
SLICE ind_msg latency = 40150876 μs
SLICE ind_msg latency = 40151035 μs
SLICE ind_msg latency = 40150822 μs
SLICE ind_msg latency = 40150638 μs
SLICE ind_msg latency = 40150832 μs
SLICE ind_msg latency = 40150259 μs
SLICE ind_msg latency = 40150431 μs
SLICE ind_msg latency = 40150724 μs
SLICE ind_msg latency = 40150715 μs
SLICE ind_msg latency = 40150708 μs
SLICE ind_msg latency = 40150680 μs
SLICE ind_msg latency = 40150790 μs
SLICE ind_msg latency = 40150743 μs
SLICE ind_msg latency = 40150826 μs
SLICE ind_msg latency = 40150740 μs
SLICE ind_msg latency = 40150970 μs
SLICE ind_msg latency = 40151090 μs
SLICE ind_msg latency = 40150960 μs
SLICE ind_msg latency = 40150943 μs
SLICE ind_msg latency = 40150759 μs
SLICE ind_msg latency = 40150733 μs
SLICE ind_msg latency = 40150866 μs
SLICE ind_msg latency = 40150953 μs
SLICE ind_msg latency = 40150675 μs
SLICE ind_msg latency = 40150773 μs
SLICE ind_msg latency = 40150640 μs
SLICE ind_msg latency = 40150784 μs
SLICE ind_msg latency = 40150560 μs
SLICE ind_msg latency = 40150945 μs
SLICE ind_msg latency = 40150874 μs
SLICE ind_msg latency = 40150744 μs
SLICE ind_msg latency = 40150728 μs
SLICE ind_msg latency = 40150814 μs
SLICE ind_msg latency = 40150629 μs
SLICE ind_msg latency = 40150785 μs
SLICE ind_msg latency = 40150719 μs
SLICE ind_msg latency = 40150801 μs
SLICE ind_msg latency = 40150852 μs
SLICE ind_msg latency = 40150756 μs
SLICE ind_msg latency = 40150729 μs
SLICE ind_msg latency = 40150716 μs
SLICE ind_msg latency = 40150742 μs
SLICE ind_msg latency = 40150642 μs
SLICE ind_msg latency = 40150712 μs
SLICE ind_msg latency = 40150696 μs
SLICE ind_msg latency = 40150491 μs
SLICE ind_msg latency = 40150580 μs
SLICE ind_msg latency = 40150668 μs
SLICE ind_msg latency = 40150611 μs
SLICE ind_msg latency = 40150540 μs
SLICE ind_msg latency = 40150695 μs
SLICE ind_msg latency = 40150704 μs
SLICE ind_msg latency = 40150751 μs
SLICE ind_msg latency = 40150838 μs
DEL DL SLICE: id 2
[xApp]: CONTROL-REQUEST tx 
[xApp]: CONTROL ACK rx
[xApp]: Successfully received CONTROL-ACK 
SLICE ind_msg latency = 40150694 μs
SLICE ind_msg latency = 40150700 μs
SLICE ind_msg latency = 40150936 μs
SLICE ind_msg latency = 40151041 μs
SLICE ind_msg latency = 40151120 μs
SLICE ind_msg latency = 40150910 μs
SLICE ind_msg latency = 40151233 μs
SLICE ind_msg latency = 40150794 μs
SLICE ind_msg latency = 40150616 μs
SLICE ind_msg latency = 40150698 μs
SLICE ind_msg latency = 40150753 μs
SLICE ind_msg latency = 40150619 μs
SLICE ind_msg latency = 40150547 μs
SLICE ind_msg latency = 40150649 μs
SLICE ind_msg latency = 40150974 μs
SLICE ind_msg latency = 40150904 μs
SLICE ind_msg latency = 40150921 μs
SLICE ind_msg latency = 40151112 μs
SLICE ind_msg latency = 40151047 μs
SLICE ind_msg latency = 40151316 μs
SLICE ind_msg latency = 40151154 μs
SLICE ind_msg latency = 40150918 μs
SLICE ind_msg latency = 40150967 μs
SLICE ind_msg latency = 40151105 μs
SLICE ind_msg latency = 40151104 μs
SLICE ind_msg latency = 40150918 μs
SLICE ind_msg latency = 40151232 μs
SLICE ind_msg latency = 40151204 μs
SLICE ind_msg latency = 40151340 μs
SLICE ind_msg latency = 40151134 μs
SLICE ind_msg latency = 40151332 μs
SLICE ind_msg latency = 40151137 μs
SLICE ind_msg latency = 40151158 μs
SLICE ind_msg latency = 40150366 μs
SLICE ind_msg latency = 40150556 μs
SLICE ind_msg latency = 40150415 μs
SLICE ind_msg latency = 40150589 μs
SLICE ind_msg latency = 40150865 μs
SLICE ind_msg latency = 40150838 μs
SLICE ind_msg latency = 40150739 μs
SLICE ind_msg latency = 40150803 μs
SLICE ind_msg latency = 40150837 μs
SLICE ind_msg latency = 40150537 μs
SLICE ind_msg latency = 40150725 μs
SLICE ind_msg latency = 40150903 μs
SLICE ind_msg latency = 40150924 μs
SLICE ind_msg latency = 40150832 μs
SLICE ind_msg latency = 40150913 μs
SLICE ind_msg latency = 40150933 μs
SLICE ind_msg latency = 40150668 μs
SLICE ind_msg latency = 40150849 μs
SLICE ind_msg latency = 40150796 μs
SLICE ind_msg latency = 40150683 μs
SLICE ind_msg latency = 40150737 μs
SLICE ind_msg latency = 40150579 μs
SLICE ind_msg latency = 40150924 μs
SLICE ind_msg latency = 40150835 μs
SLICE ind_msg latency = 40150964 μs
SLICE ind_msg latency = 40150756 μs
SLICE ind_msg latency = 40150426 μs
SLICE ind_msg latency = 40150279 μs
SLICE ind_msg latency = 40150783 μs
SLICE ind_msg latency = 40150862 μs
SLICE ind_msg latency = 40151006 μs
SLICE ind_msg latency = 40150793 μs
SLICE ind_msg latency = 40150881 μs
SLICE ind_msg latency = 40150836 μs
SLICE ind_msg latency = 40151032 μs
SLICE ind_msg latency = 40151139 μs
SLICE ind_msg latency = 40150937 μs
SLICE ind_msg latency = 40150847 μs
SLICE ind_msg latency = 40150856 μs
SLICE ind_msg latency = 40150510 μs
SLICE ind_msg latency = 40150814 μs
SLICE ind_msg latency = 40150473 μs
SLICE ind_msg latency = 40150480 μs
SLICE ind_msg latency = 40150567 μs
SLICE ind_msg latency = 40150607 μs
SLICE ind_msg latency = 40150653 μs
SLICE ind_msg latency = 40150643 μs
SLICE ind_msg latency = 40150790 μs
SLICE ind_msg latency = 40151111 μs
SLICE ind_msg latency = 40150711 μs
SLICE ind_msg latency = 40151061 μs
SLICE ind_msg latency = 40151064 μs
SLICE ind_msg latency = 40150979 μs
SLICE ind_msg latency = 40150857 μs
SLICE ind_msg latency = 40150895 μs
SLICE ind_msg latency = 40150917 μs
SLICE ind_msg latency = 40150982 μs
SLICE ind_msg latency = 40150998 μs
SLICE ind_msg latency = 40151006 μs
SLICE ind_msg latency = 40150874 μs
SLICE ind_msg latency = 40151026 μs
SLICE ind_msg latency = 40150866 μs
SLICE ind_msg latency = 40150622 μs
SLICE ind_msg latency = 40150792 μs
SLICE ind_msg latency = 40150831 μs
SLICE ind_msg latency = 40150913 μs
SLICE ind_msg latency = 40150843 μs
SLICE ind_msg latency = 40150740 μs
SLICE ind_msg latency = 40150621 μs
SLICE ind_msg latency = 40150521 μs
SLICE ind_msg latency = 40150648 μs
SLICE ind_msg latency = 40150786 μs
SLICE ind_msg latency = 40150785 μs
SLICE ind_msg latency = 40150960 μs
SLICE ind_msg latency = 40150898 μs
SLICE ind_msg latency = 40150766 μs
SLICE ind_msg latency = 40150513 μs
SLICE ind_msg latency = 40150562 μs
SLICE ind_msg latency = 40150692 μs
SLICE ind_msg latency = 40150819 μs
SLICE ind_msg latency = 40150881 μs
SLICE ind_msg latency = 40150697 μs
SLICE ind_msg latency = 40150608 μs
SLICE ind_msg latency = 40150554 μs
SLICE ind_msg latency = 40150773 μs
SLICE ind_msg latency = 40151018 μs
SLICE ind_msg latency = 40150946 μs
SLICE ind_msg latency = 40150966 μs
SLICE ind_msg latency = 40151006 μs
SLICE ind_msg latency = 40150813 μs
SLICE ind_msg latency = 40150671 μs
SLICE ind_msg latency = 40150738 μs
SLICE ind_msg latency = 40150905 μs
SLICE ind_msg latency = 40151080 μs
SLICE ind_msg latency = 40151197 μs
SLICE ind_msg latency = 40150792 μs
SLICE ind_msg latency = 40152257 μs
SLICE ind_msg latency = 40150814 μs
SLICE ind_msg latency = 40150844 μs
SLICE ind_msg latency = 40151094 μs
SLICE ind_msg latency = 40150894 μs
SLICE ind_msg latency = 40151192 μs
SLICE ind_msg latency = 40150976 μs
SLICE ind_msg latency = 40151116 μs
SLICE ind_msg latency = 40151003 μs
SLICE ind_msg latency = 40151168 μs
SLICE ind_msg latency = 40151265 μs
SLICE ind_msg latency = 40150774 μs
SLICE ind_msg latency = 40150845 μs
SLICE ind_msg latency = 40150920 μs
SLICE ind_msg latency = 40151009 μs
SLICE ind_msg latency = 40151338 μs
SLICE ind_msg latency = 40150711 μs
SLICE ind_msg latency = 40151200 μs
SLICE ind_msg latency = 40151201 μs
SLICE ind_msg latency = 40150951 μs
SLICE ind_msg latency = 40151010 μs
SLICE ind_msg latency = 40151134 μs
SLICE ind_msg latency = 40151199 μs
SLICE ind_msg latency = 40150932 μs
SLICE ind_msg latency = 40150932 μs
SLICE ind_msg latency = 40151181 μs
SLICE ind_msg latency = 40151101 μs
SLICE ind_msg latency = 40151287 μs
SLICE ind_msg latency = 40150810 μs
SLICE ind_msg latency = 40151080 μs
SLICE ind_msg latency = 40151070 μs
SLICE ind_msg latency = 40151029 μs
SLICE ind_msg latency = 40150786 μs
SLICE ind_msg latency = 40151248 μs
SLICE ind_msg latency = 40151148 μs
SLICE ind_msg latency = 40150959 μs
SLICE ind_msg latency = 40151012 μs
SLICE ind_msg latency = 40151115 μs
SLICE ind_msg latency = 40150928 μs
SLICE ind_msg latency = 40151117 μs
SLICE ind_msg latency = 40150958 μs
SLICE ind_msg latency = 40150850 μs
SLICE ind_msg latency = 40150788 μs
SLICE ind_msg latency = 40150967 μs
SLICE ind_msg latency = 40150989 μs
SLICE ind_msg latency = 40151069 μs
SLICE ind_msg latency = 40151189 μs
SLICE ind_msg latency = 40151026 μs
SLICE ind_msg latency = 40151092 μs
SLICE ind_msg latency = 40151039 μs
SLICE ind_msg latency = 40150933 μs
SLICE ind_msg latency = 40150932 μs
SLICE ind_msg latency = 40151156 μs
SLICE ind_msg latency = 40150982 μs
SLICE ind_msg latency = 40151097 μs
SLICE ind_msg latency = 40151017 μs
SLICE ind_msg latency = 40151014 μs
SLICE ind_msg latency = 40150847 μs
SLICE ind_msg latency = 40151254 μs
SLICE ind_msg latency = 40151091 μs
SLICE ind_msg latency = 40150874 μs
SLICE ind_msg latency = 40150963 μs
SLICE ind_msg latency = 40151068 μs
SLICE ind_msg latency = 40150584 μs
SLICE ind_msg latency = 40150480 μs
SLICE ind_msg latency = 40151043 μs
SLICE ind_msg latency = 40150858 μs
SLICE ind_msg latency = 40151024 μs
SLICE ind_msg latency = 40150999 μs
SLICE ind_msg latency = 40150902 μs
SLICE ind_msg latency = 40151000 μs
ASSOC DL SLICE: <rnti>, id 5
[xApp]: CONTROL-REQUEST tx 
[xApp]: CONTROL ACK rx
[xApp]: Successfully received CONTROL-ACK 
SLICE ind_msg latency = 40150468 μs
SLICE ind_msg latency = 40150542 μs
SLICE ind_msg latency = 40150716 μs
SLICE ind_msg latency = 40150779 μs
SLICE ind_msg latency = 40150710 μs
SLICE ind_msg latency = 40150803 μs
SLICE ind_msg latency = 40150848 μs
SLICE ind_msg latency = 40150881 μs
SLICE ind_msg latency = 40150480 μs
SLICE ind_msg latency = 40150739 μs
SLICE ind_msg latency = 40150815 μs
SLICE ind_msg latency = 40150730 μs
SLICE ind_msg latency = 40150584 μs
SLICE ind_msg latency = 40150868 μs
SLICE ind_msg latency = 40151237 μs
SLICE ind_msg latency = 40150982 μs
SLICE ind_msg latency = 40150924 μs
SLICE ind_msg latency = 40150802 μs
SLICE ind_msg latency = 40151067 μs
SLICE ind_msg latency = 40150811 μs
SLICE ind_msg latency = 40150743 μs
SLICE ind_msg latency = 40150674 μs
SLICE ind_msg latency = 40150804 μs
SLICE ind_msg latency = 40150760 μs
SLICE ind_msg latency = 40150723 μs
SLICE ind_msg latency = 40150555 μs
SLICE ind_msg latency = 40150970 μs
SLICE ind_msg latency = 40150800 μs
SLICE ind_msg latency = 40150797 μs
SLICE ind_msg latency = 40150852 μs
SLICE ind_msg latency = 40150791 μs
SLICE ind_msg latency = 40150253 μs
SLICE ind_msg latency = 40150276 μs
SLICE ind_msg latency = 40150483 μs
SLICE ind_msg latency = 40150534 μs
SLICE ind_msg latency = 40150408 μs
SLICE ind_msg latency = 40150569 μs
SLICE ind_msg latency = 40150802 μs
SLICE ind_msg latency = 40151000 μs
SLICE ind_msg latency = 40150746 μs
SLICE ind_msg latency = 40150718 μs
SLICE ind_msg latency = 40150853 μs
SLICE ind_msg latency = 40150649 μs
SLICE ind_msg latency = 40150759 μs
SLICE ind_msg latency = 40151086 μs
SLICE ind_msg latency = 40150765 μs
SLICE ind_msg latency = 40150799 μs
SLICE ind_msg latency = 40150736 μs
SLICE ind_msg latency = 40150847 μs
SLICE ind_msg latency = 40150990 μs
SLICE ind_msg latency = 40151065 μs
SLICE ind_msg latency = 40150926 μs
SLICE ind_msg latency = 40150763 μs
SLICE ind_msg latency = 40150670 μs
SLICE ind_msg latency = 40150715 μs
SLICE ind_msg latency = 40150856 μs
SLICE ind_msg latency = 40151001 μs
SLICE ind_msg latency = 40150881 μs
SLICE ind_msg latency = 40150955 μs
SLICE ind_msg latency = 40150573 μs
SLICE ind_msg latency = 40150719 μs
SLICE ind_msg latency = 40150555 μs
SLICE ind_msg latency = 40150700 μs
SLICE ind_msg latency = 40150683 μs
SLICE ind_msg latency = 40150607 μs
SLICE ind_msg latency = 40151129 μs
SLICE ind_msg latency = 40151092 μs
SLICE ind_msg latency = 40150912 μs
SLICE ind_msg latency = 40150836 μs
SLICE ind_msg latency = 40150886 μs
SLICE ind_msg latency = 40150872 μs
SLICE ind_msg latency = 40150841 μs
SLICE ind_msg latency = 40150843 μs
SLICE ind_msg latency = 40150750 μs
SLICE ind_msg latency = 40150776 μs
SLICE ind_msg latency = 40150661 μs
SLICE ind_msg latency = 40150821 μs
SLICE ind_msg latency = 40150415 μs
SLICE ind_msg latency = 40150308 μs
SLICE ind_msg latency = 40150441 μs
SLICE ind_msg latency = 40150720 μs
SLICE ind_msg latency = 40150643 μs
SLICE ind_msg latency = 40150638 μs
SLICE ind_msg latency = 40150577 μs
SLICE ind_msg latency = 40150523 μs
SLICE ind_msg latency = 40150851 μs
SLICE ind_msg latency = 40150797 μs
SLICE ind_msg latency = 40150593 μs
SLICE ind_msg latency = 40150874 μs
SLICE ind_msg latency = 40150879 μs
SLICE ind_msg latency = 40150898 μs
SLICE ind_msg latency = 40150873 μs
SLICE ind_msg latency = 40150842 μs
SLICE ind_msg latency = 40151050 μs
SLICE ind_msg latency = 40151017 μs
SLICE ind_msg latency = 40150940 μs
SLICE ind_msg latency = 40150846 μs
SLICE ind_msg latency = 40150787 μs
SLICE ind_msg latency = 40150635 μs
SLICE ind_msg latency = 40150712 μs
SLICE ind_msg latency = 40151182 μs
SLICE ind_msg latency = 40151143 μs
SLICE ind_msg latency = 40151115 μs
SLICE ind_msg latency = 40151015 μs
SLICE ind_msg latency = 40150812 μs
SLICE ind_msg latency = 40150721 μs
SLICE ind_msg latency = 40150880 μs
SLICE ind_msg latency = 40150307 μs
SLICE ind_msg latency = 40150206 μs
SLICE ind_msg latency = 40150348 μs
SLICE ind_msg latency = 40150597 μs
SLICE ind_msg latency = 40150685 μs
SLICE ind_msg latency = 40150894 μs
SLICE ind_msg latency = 40150561 μs
SLICE ind_msg latency = 40150963 μs
SLICE ind_msg latency = 40150814 μs
SLICE ind_msg latency = 40150929 μs
SLICE ind_msg latency = 40150806 μs
SLICE ind_msg latency = 40151045 μs
SLICE ind_msg latency = 40151237 μs
SLICE ind_msg latency = 40151106 μs
SLICE ind_msg latency = 40150983 μs
SLICE ind_msg latency = 40150957 μs
SLICE ind_msg latency = 40150684 μs
SLICE ind_msg latency = 40150685 μs
SLICE ind_msg latency = 40150599 μs
SLICE ind_msg latency = 40150778 μs
SLICE ind_msg latency = 40150864 μs
SLICE ind_msg latency = 40150801 μs
SLICE ind_msg latency = 40150837 μs
SLICE ind_msg latency = 40150870 μs
SLICE ind_msg latency = 40150986 μs
SLICE ind_msg latency = 40150595 μs
SLICE ind_msg latency = 40150853 μs
SLICE ind_msg latency = 40150785 μs
SLICE ind_msg latency = 40151112 μs
SLICE ind_msg latency = 40150846 μs
SLICE ind_msg latency = 40150905 μs
SLICE ind_msg latency = 40151029 μs
SLICE ind_msg latency = 40151062 μs
SLICE ind_msg latency = 40150865 μs
SLICE ind_msg latency = 40150794 μs
SLICE ind_msg latency = 40150738 μs
SLICE ind_msg latency = 40150597 μs
SLICE ind_msg latency = 40150539 μs
SLICE ind_msg latency = 40150551 μs
SLICE ind_msg latency = 40150302 μs
SLICE ind_msg latency = 40150329 μs
SLICE ind_msg latency = 40150379 μs
SLICE ind_msg latency = 40150500 μs
SLICE ind_msg latency = 40150659 μs
SLICE ind_msg latency = 40150516 μs
SLICE ind_msg latency = 40150454 μs
SLICE ind_msg latency = 40150677 μs
SLICE ind_msg latency = 40150861 μs
SLICE ind_msg latency = 40150767 μs
SLICE ind_msg latency = 40150766 μs
SLICE ind_msg latency = 40150583 μs
SLICE ind_msg latency = 40150693 μs
SLICE ind_msg latency = 40150658 μs
SLICE ind_msg latency = 40150698 μs
SLICE ind_msg latency = 40150536 μs
SLICE ind_msg latency = 40150708 μs
SLICE ind_msg latency = 40150707 μs
SLICE ind_msg latency = 40150748 μs
SLICE ind_msg latency = 40150802 μs
SLICE ind_msg latency = 40150795 μs
SLICE ind_msg latency = 40150535 μs
SLICE ind_msg latency = 40150579 μs
SLICE ind_msg latency = 40150554 μs
SLICE ind_msg latency = 40150646 μs
SLICE ind_msg latency = 40150651 μs
SLICE ind_msg latency = 40150479 μs
SLICE ind_msg latency = 40150650 μs
SLICE ind_msg latency = 40150685 μs
SLICE ind_msg latency = 40150614 μs
SLICE ind_msg latency = 40150670 μs
SLICE ind_msg latency = 40150497 μs
SLICE ind_msg latency = 40150786 μs
SLICE ind_msg latency = 40150709 μs
SLICE ind_msg latency = 40150575 μs
SLICE ind_msg latency = 40150505 μs
SLICE ind_msg latency = 40150631 μs
SLICE ind_msg latency = 40150536 μs
SLICE ind_msg latency = 40150849 μs
SLICE ind_msg latency = 40150556 μs
SLICE ind_msg latency = 40150588 μs
SLICE ind_msg latency = 40150522 μs
SLICE ind_msg latency = 40150500 μs
SLICE ind_msg latency = 40150614 μs
SLICE ind_msg latency = 40150618 μs
SLICE ind_msg latency = 40150792 μs
SLICE ind_msg latency = 40150738 μs
SLICE ind_msg latency = 40150507 μs
SLICE ind_msg latency = 40150571 μs
SLICE ind_msg latency = 40150529 μs
SLICE ind_msg latency = 40150908 μs
SLICE ind_msg latency = 40150680 μs
SLICE ind_msg latency = 40150780 μs
SLICE ind_msg latency = 40150752 μs
[xApp]: E42 RIC_SUBSCRIPTION_DELETE_REQUEST tx RAN_FUNC_ID 145 RIC_REQ_ID 1 
SLICE ind_msg latency = 40150746 μs
[xApp]: E42 SUBSCRIPTION DELETE RESPONSE rx
[xApp]: Sucessfully stopped 
Test xApp run SUCCESSFULLY
Diff time between Connection and Subscription: 2301μs
