[UTIL]: Setting the config -c file to flexric.conf
[UTIL]: Setting path -p for the shared libraries to /usr/local/lib/flexric/
[xAapp]: Initializing ... 
[xApp]: nearRT-RIC IP Address = 191.4.204.131, PORT = 36422
[E2 AGENT]: Opening plugin from path = /usr/local/lib/flexric/libpdcp_sm.so 
[E2 AGENT]: Opening plugin from path = /usr/local/lib/flexric/libmac_sm.so 
[E2 AGENT]: Opening plugin from path = /usr/local/lib/flexric/libgtp_sm.so 
[E2 AGENT]: Opening plugin from path = /usr/local/lib/flexric/libkpm_sm.so 
[E2 AGENT]: Opening plugin from path = /usr/local/lib/flexric/libtc_sm.so 
[E2 AGENT]: Opening plugin from path = /usr/local/lib/flexric/librc_sm.so 
[E2 AGENT]: Opening plugin from path = /usr/local/lib/flexric/libslice_sm.so 
[E2 AGENT]: Opening plugin from path = /usr/local/lib/flexric/librlc_sm.so 
[NEAR-RIC]: Loading SM ID = 144 with def = PDCP_STATS_V0 
[NEAR-RIC]: Loading SM ID = 142 with def = MAC_STATS_V0 
[NEAR-RIC]: Loading SM ID = 148 with def = GTP_STATS_V0 
[NEAR-RIC]: Loading SM ID = 2 with def = ORAN-E2SM-KPM 
[NEAR-RIC]: Loading SM ID = 146 with def = TC_STATS_V0 
[NEAR-RIC]: Loading SM ID = 3 with def = ORAN-E2SM-RC 
[NEAR-RIC]: Loading SM ID = 145 with def = SLICE_STATS_V0 
[NEAR-RIC]: Loading SM ID = 143 with def = RLC_STATS_V0 
[xApp]: DB filename = /tmp/xapp_db_1710190255654798 
 [xApp]: E42 SETUP-REQUEST tx
[xApp]: E42 SETUP-RESPONSE rx 
[xApp]: xApp ID = 45 
[xApp]: Registered E2 Nodes = 1 
Connected E2 nodes len = 1
Registered ran func id = 2 
 Registered ran func id = 3 
 Registered ran func id = 142 
 Registered ran func id = 143 
 Registered ran func id = 144 
 Registered ran func id = 145 
 Registered ran func id = 146 
 Registered ran func id = 148 
 [xApp]: E42 RIC SUBSCRIPTION REQUEST tx RAN_FUNC_ID 145 RIC_REQ_ID 1 
[xApp]: SUBSCRIPTION RESPONSE rx
[xApp]: Successfully subscribed to RAN_FUNC_ID 145 
Tempo: 1710190257664913
Diff: 2438μs
SLICE ind_msg latency = 40150121 μs
SLICE ind_msg latency = 40150004 μs
SLICE ind_msg latency = 40150313 μs
SLICE ind_msg latency = 40149897 μs
SLICE ind_msg latency = 40149973 μs
SLICE ind_msg latency = 40150131 μs
SLICE ind_msg latency = 40150029 μs
SLICE ind_msg latency = 40149962 μs
SLICE ind_msg latency = 40149925 μs
SLICE ind_msg latency = 40149809 μs
SLICE ind_msg latency = 40150302 μs
SLICE ind_msg latency = 40149850 μs
SLICE ind_msg latency = 40149878 μs
SLICE ind_msg latency = 40149918 μs
SLICE ind_msg latency = 40149931 μs
SLICE ind_msg latency = 40150117 μs
SLICE ind_msg latency = 40149621 μs
SLICE ind_msg latency = 40149425 μs
SLICE ind_msg latency = 40149592 μs
SLICE ind_msg latency = 40149727 μs
SLICE ind_msg latency = 40149931 μs
SLICE ind_msg latency = 40149868 μs
SLICE ind_msg latency = 40149784 μs
SLICE ind_msg latency = 40149851 μs
SLICE ind_msg latency = 40149652 μs
SLICE ind_msg latency = 40149706 μs
SLICE ind_msg latency = 40149664 μs
SLICE ind_msg latency = 40149878 μs
SLICE ind_msg latency = 40149801 μs
SLICE ind_msg latency = 40149618 μs
SLICE ind_msg latency = 40149803 μs
SLICE ind_msg latency = 40150139 μs
SLICE ind_msg latency = 40150213 μs
SLICE ind_msg latency = 40150082 μs
SLICE ind_msg latency = 40149981 μs
SLICE ind_msg latency = 40149558 μs
SLICE ind_msg latency = 40149681 μs
SLICE ind_msg latency = 40149692 μs
SLICE ind_msg latency = 40149596 μs
SLICE ind_msg latency = 40149755 μs
SLICE ind_msg latency = 40149791 μs
SLICE ind_msg latency = 40150188 μs
SLICE ind_msg latency = 40149938 μs
SLICE ind_msg latency = 40149971 μs
SLICE ind_msg latency = 40150104 μs
SLICE ind_msg latency = 40150156 μs
SLICE ind_msg latency = 40150076 μs
SLICE ind_msg latency = 40149925 μs
SLICE ind_msg latency = 40150137 μs
SLICE ind_msg latency = 40149807 μs
SLICE ind_msg latency = 40149940 μs
SLICE ind_msg latency = 40149878 μs
SLICE ind_msg latency = 40149740 μs
SLICE ind_msg latency = 40149661 μs
SLICE ind_msg latency = 40150251 μs
SLICE ind_msg latency = 40149840 μs
SLICE ind_msg latency = 40149710 μs
SLICE ind_msg latency = 40149838 μs
SLICE ind_msg latency = 40149875 μs
SLICE ind_msg latency = 40149858 μs
SLICE ind_msg latency = 40149696 μs
SLICE ind_msg latency = 40149630 μs
SLICE ind_msg latency = 40149776 μs
SLICE ind_msg latency = 40149624 μs
SLICE ind_msg latency = 40149863 μs
SLICE ind_msg latency = 40149949 μs
SLICE ind_msg latency = 40149806 μs
SLICE ind_msg latency = 40149798 μs
SLICE ind_msg latency = 40149835 μs
SLICE ind_msg latency = 40149757 μs
SLICE ind_msg latency = 40149692 μs
SLICE ind_msg latency = 40149746 μs
SLICE ind_msg latency = 40149631 μs
SLICE ind_msg latency = 40150012 μs
SLICE ind_msg latency = 40149732 μs
SLICE ind_msg latency = 40150036 μs
SLICE ind_msg latency = 40149818 μs
SLICE ind_msg latency = 40149873 μs
SLICE ind_msg latency = 40149706 μs
SLICE ind_msg latency = 40149872 μs
SLICE ind_msg latency = 40150196 μs
SLICE ind_msg latency = 40150089 μs
SLICE ind_msg latency = 40149936 μs
SLICE ind_msg latency = 40149711 μs
SLICE ind_msg latency = 40149647 μs
SLICE ind_msg latency = 40149767 μs
SLICE ind_msg latency = 40149818 μs
SLICE ind_msg latency = 40149762 μs
SLICE ind_msg latency = 40149837 μs
SLICE ind_msg latency = 40149764 μs
SLICE ind_msg latency = 40149870 μs
SLICE ind_msg latency = 40150005 μs
SLICE ind_msg latency = 40149889 μs
SLICE ind_msg latency = 40149720 μs
SLICE ind_msg latency = 40149681 μs
SLICE ind_msg latency = 40149687 μs
SLICE ind_msg latency = 40149660 μs
SLICE ind_msg latency = 40149627 μs
SLICE ind_msg latency = 40149677 μs
SLICE ind_msg latency = 40149544 μs
SLICE ind_msg latency = 40149282 μs
SLICE ind_msg latency = 40149399 μs
SLICE ind_msg latency = 40149650 μs
SLICE ind_msg latency = 40149687 μs
SLICE ind_msg latency = 40149730 μs
SLICE ind_msg latency = 40149928 μs
SLICE ind_msg latency = 40149882 μs
SLICE ind_msg latency = 40149860 μs
SLICE ind_msg latency = 40149868 μs
SLICE ind_msg latency = 40150214 μs
SLICE ind_msg latency = 40150021 μs
SLICE ind_msg latency = 40149706 μs
SLICE ind_msg latency = 40149800 μs
SLICE ind_msg latency = 40149868 μs
SLICE ind_msg latency = 40149733 μs
SLICE ind_msg latency = 40149764 μs
SLICE ind_msg latency = 40149621 μs
SLICE ind_msg latency = 40149610 μs
SLICE ind_msg latency = 40149570 μs
SLICE ind_msg latency = 40149566 μs
SLICE ind_msg latency = 40149778 μs
SLICE ind_msg latency = 40149870 μs
SLICE ind_msg latency = 40149796 μs
SLICE ind_msg latency = 40149783 μs
SLICE ind_msg latency = 40149932 μs
SLICE ind_msg latency = 40149734 μs
SLICE ind_msg latency = 40149749 μs
SLICE ind_msg latency = 40149908 μs
SLICE ind_msg latency = 40149629 μs
SLICE ind_msg latency = 40149924 μs
SLICE ind_msg latency = 40149898 μs
SLICE ind_msg latency = 40149878 μs
SLICE ind_msg latency = 40149828 μs
SLICE ind_msg latency = 40149964 μs
SLICE ind_msg latency = 40149674 μs
SLICE ind_msg latency = 40150000 μs
SLICE ind_msg latency = 40149709 μs
SLICE ind_msg latency = 40149913 μs
SLICE ind_msg latency = 40149585 μs
SLICE ind_msg latency = 40149732 μs
SLICE ind_msg latency = 40149963 μs
SLICE ind_msg latency = 40149877 μs
SLICE ind_msg latency = 40149854 μs
SLICE ind_msg latency = 40149739 μs
SLICE ind_msg latency = 40149917 μs
SLICE ind_msg latency = 40149884 μs
SLICE ind_msg latency = 40149926 μs
SLICE ind_msg latency = 40149817 μs
SLICE ind_msg latency = 40150034 μs
SLICE ind_msg latency = 40149949 μs
SLICE ind_msg latency = 40149835 μs
SLICE ind_msg latency = 40149878 μs
SLICE ind_msg latency = 40149718 μs
SLICE ind_msg latency = 40149989 μs
SLICE ind_msg latency = 40149875 μs
SLICE ind_msg latency = 40150031 μs
SLICE ind_msg latency = 40149759 μs
SLICE ind_msg latency = 40150018 μs
SLICE ind_msg latency = 40149780 μs
SLICE ind_msg latency = 40149962 μs
SLICE ind_msg latency = 40149718 μs
SLICE ind_msg latency = 40149391 μs
SLICE ind_msg latency = 40149595 μs
SLICE ind_msg latency = 40149655 μs
SLICE ind_msg latency = 40149751 μs
SLICE ind_msg latency = 40149791 μs
SLICE ind_msg latency = 40149923 μs
SLICE ind_msg latency = 40149901 μs
SLICE ind_msg latency = 40149864 μs
SLICE ind_msg latency = 40149856 μs
SLICE ind_msg latency = 40149879 μs
SLICE ind_msg latency = 40149696 μs
SLICE ind_msg latency = 40149957 μs
SLICE ind_msg latency = 40149836 μs
SLICE ind_msg latency = 40149704 μs
SLICE ind_msg latency = 40149418 μs
SLICE ind_msg latency = 40149497 μs
SLICE ind_msg latency = 40149760 μs
SLICE ind_msg latency = 40149665 μs
SLICE ind_msg latency = 40149761 μs
SLICE ind_msg latency = 40150137 μs
SLICE ind_msg latency = 40149910 μs
SLICE ind_msg latency = 40149917 μs
SLICE ind_msg latency = 40149939 μs
SLICE ind_msg latency = 40149880 μs
SLICE ind_msg latency = 40150129 μs
SLICE ind_msg latency = 40149847 μs
SLICE ind_msg latency = 40150153 μs
SLICE ind_msg latency = 40149843 μs
SLICE ind_msg latency = 40149819 μs
SLICE ind_msg latency = 40149841 μs
SLICE ind_msg latency = 40149674 μs
SLICE ind_msg latency = 40149770 μs
SLICE ind_msg latency = 40149965 μs
SLICE ind_msg latency = 40149746 μs
SLICE ind_msg latency = 40149674 μs
SLICE ind_msg latency = 40149582 μs
SLICE ind_msg latency = 40150030 μs
SLICE ind_msg latency = 40149762 μs
SLICE ind_msg latency = 40149834 μs
SLICE ind_msg latency = 40149773 μs
SLICE ind_msg latency = 40149926 μs
SLICE ind_msg latency = 40149774 μs
SLICE ind_msg latency = 40149811 μs
SLICE ind_msg latency = 40149624 μs
SLICE ind_msg latency = 40149990 μs
SLICE ind_msg latency = 40149955 μs
SLICE ind_msg latency = 40149536 μs
SLICE ind_msg latency = 40149816 μs
SLICE ind_msg latency = 40149905 μs
SLICE ind_msg latency = 40149875 μs
SLICE ind_msg latency = 40150219 μs
SLICE ind_msg latency = 40149856 μs
SLICE ind_msg latency = 40149750 μs
SLICE ind_msg latency = 40150030 μs
SLICE ind_msg latency = 40149906 μs
SLICE ind_msg latency = 40149800 μs
SLICE ind_msg latency = 40149678 μs
SLICE ind_msg latency = 40149653 μs
SLICE ind_msg latency = 40149722 μs
SLICE ind_msg latency = 40149643 μs
SLICE ind_msg latency = 40149751 μs
SLICE ind_msg latency = 40149881 μs
SLICE ind_msg latency = 40149856 μs
SLICE ind_msg latency = 40149814 μs
SLICE ind_msg latency = 40149998 μs
SLICE ind_msg latency = 40150003 μs
SLICE ind_msg latency = 40149859 μs
SLICE ind_msg latency = 40149912 μs
SLICE ind_msg latency = 40150052 μs
SLICE ind_msg latency = 40150163 μs
SLICE ind_msg latency = 40149937 μs
SLICE ind_msg latency = 40150016 μs
SLICE ind_msg latency = 40149988 μs
SLICE ind_msg latency = 40149970 μs
SLICE ind_msg latency = 40149991 μs
SLICE ind_msg latency = 40149849 μs
SLICE ind_msg latency = 40150253 μs
SLICE ind_msg latency = 40150107 μs
SLICE ind_msg latency = 40150162 μs
SLICE ind_msg latency = 40149875 μs
SLICE ind_msg latency = 40149903 μs
SLICE ind_msg latency = 40149978 μs
SLICE ind_msg latency = 40149955 μs
SLICE ind_msg latency = 40149846 μs
SLICE ind_msg latency = 40149965 μs
SLICE ind_msg latency = 40150034 μs
SLICE ind_msg latency = 40149615 μs
SLICE ind_msg latency = 40149794 μs
SLICE ind_msg latency = 40149896 μs
SLICE ind_msg latency = 40149923 μs
SLICE ind_msg latency = 40149754 μs
SLICE ind_msg latency = 40149267 μs
SLICE ind_msg latency = 40149310 μs
SLICE ind_msg latency = 40149503 μs
SLICE ind_msg latency = 40149963 μs
SLICE ind_msg latency = 40149766 μs
SLICE ind_msg latency = 40149765 μs
SLICE ind_msg latency = 40149864 μs
SLICE ind_msg latency = 40149808 μs
SLICE ind_msg latency = 40149768 μs
SLICE ind_msg latency = 40149889 μs
SLICE ind_msg latency = 40149751 μs
SLICE ind_msg latency = 40149486 μs
SLICE ind_msg latency = 40149733 μs
SLICE ind_msg latency = 40149705 μs
SLICE ind_msg latency = 40149363 μs
SLICE ind_msg latency = 40149280 μs
SLICE ind_msg latency = 40149769 μs
SLICE ind_msg latency = 40149845 μs
SLICE ind_msg latency = 40149791 μs
SLICE ind_msg latency = 40149735 μs
SLICE ind_msg latency = 40149678 μs
SLICE ind_msg latency = 40149846 μs
SLICE ind_msg latency = 40149674 μs
SLICE ind_msg latency = 40149790 μs
SLICE ind_msg latency = 40149671 μs
SLICE ind_msg latency = 40149637 μs
SLICE ind_msg latency = 40149764 μs
SLICE ind_msg latency = 40149610 μs
SLICE ind_msg latency = 40149700 μs
SLICE ind_msg latency = 40149713 μs
SLICE ind_msg latency = 40149684 μs
SLICE ind_msg latency = 40149789 μs
SLICE ind_msg latency = 40149601 μs
SLICE ind_msg latency = 40149639 μs
SLICE ind_msg latency = 40149896 μs
SLICE ind_msg latency = 40149634 μs
SLICE ind_msg latency = 40149836 μs
SLICE ind_msg latency = 40150096 μs
SLICE ind_msg latency = 40149844 μs
SLICE ind_msg latency = 40149697 μs
SLICE ind_msg latency = 40149612 μs
SLICE ind_msg latency = 40149821 μs
SLICE ind_msg latency = 40149856 μs
SLICE ind_msg latency = 40149935 μs
SLICE ind_msg latency = 40149828 μs
SLICE ind_msg latency = 40149935 μs
SLICE ind_msg latency = 40149808 μs
SLICE ind_msg latency = 40149761 μs
SLICE ind_msg latency = 40149369 μs
SLICE ind_msg latency = 40149332 μs
SLICE ind_msg latency = 40149454 μs
SLICE ind_msg latency = 40149727 μs
SLICE ind_msg latency = 40149818 μs
SLICE ind_msg latency = 40150065 μs
SLICE ind_msg latency = 40149783 μs
SLICE ind_msg latency = 40149919 μs
SLICE ind_msg latency = 40149766 μs
SLICE ind_msg latency = 40149934 μs
SLICE ind_msg latency = 40149856 μs
SLICE ind_msg latency = 40149758 μs
SLICE ind_msg latency = 40149794 μs
SLICE ind_msg latency = 40149572 μs
SLICE ind_msg latency = 40149994 μs
SLICE ind_msg latency = 40149951 μs
SLICE ind_msg latency = 40149984 μs
SLICE ind_msg latency = 40149731 μs
SLICE ind_msg latency = 40149680 μs
SLICE ind_msg latency = 40149728 μs
SLICE ind_msg latency = 40149880 μs
SLICE ind_msg latency = 40149777 μs
SLICE ind_msg latency = 40149790 μs
SLICE ind_msg latency = 40149649 μs
SLICE ind_msg latency = 40149609 μs
SLICE ind_msg latency = 40149802 μs
SLICE ind_msg latency = 40149718 μs
SLICE ind_msg latency = 40149672 μs
SLICE ind_msg latency = 40149596 μs
SLICE ind_msg latency = 40149729 μs
SLICE ind_msg latency = 40149787 μs
SLICE ind_msg latency = 40149613 μs
SLICE ind_msg latency = 40149533 μs
SLICE ind_msg latency = 40149776 μs
SLICE ind_msg latency = 40149722 μs
SLICE ind_msg latency = 40149825 μs
SLICE ind_msg latency = 40149835 μs
SLICE ind_msg latency = 40149776 μs
SLICE ind_msg latency = 40149715 μs
SLICE ind_msg latency = 40149772 μs
SLICE ind_msg latency = 40149506 μs
SLICE ind_msg latency = 40149875 μs
SLICE ind_msg latency = 40149831 μs
SLICE ind_msg latency = 40149650 μs
SLICE ind_msg latency = 40149552 μs
SLICE ind_msg latency = 40149803 μs
SLICE ind_msg latency = 40149695 μs
SLICE ind_msg latency = 40149790 μs
SLICE ind_msg latency = 40149816 μs
SLICE ind_msg latency = 40149794 μs
SLICE ind_msg latency = 40149789 μs
SLICE ind_msg latency = 40149671 μs
SLICE ind_msg latency = 40149791 μs
SLICE ind_msg latency = 40149599 μs
SLICE ind_msg latency = 40149775 μs
SLICE ind_msg latency = 40149747 μs
SLICE ind_msg latency = 40149742 μs
SLICE ind_msg latency = 40149696 μs
SLICE ind_msg latency = 40149763 μs
SLICE ind_msg latency = 40149671 μs
SLICE ind_msg latency = 40149841 μs
SLICE ind_msg latency = 40149576 μs
SLICE ind_msg latency = 40149767 μs
SLICE ind_msg latency = 40149713 μs
SLICE ind_msg latency = 40149668 μs
SLICE ind_msg latency = 40149799 μs
SLICE ind_msg latency = 40149690 μs
SLICE ind_msg latency = 40149608 μs
SLICE ind_msg latency = 40149591 μs
SLICE ind_msg latency = 40149637 μs
SLICE ind_msg latency = 40149764 μs
SLICE ind_msg latency = 40149740 μs
SLICE ind_msg latency = 40149791 μs
SLICE ind_msg latency = 40150241 μs
SLICE ind_msg latency = 40149319 μs
SLICE ind_msg latency = 40149259 μs
SLICE ind_msg latency = 40149342 μs
SLICE ind_msg latency = 40149263 μs
SLICE ind_msg latency = 40149341 μs
SLICE ind_msg latency = 40149262 μs
SLICE ind_msg latency = 40149433 μs
SLICE ind_msg latency = 40149782 μs
SLICE ind_msg latency = 40149938 μs
SLICE ind_msg latency = 40149644 μs
SLICE ind_msg latency = 40149679 μs
SLICE ind_msg latency = 40149813 μs
SLICE ind_msg latency = 40150051 μs
SLICE ind_msg latency = 40149757 μs
SLICE ind_msg latency = 40149376 μs
SLICE ind_msg latency = 40149503 μs
SLICE ind_msg latency = 40149791 μs
SLICE ind_msg latency = 40149549 μs
SLICE ind_msg latency = 40149536 μs
SLICE ind_msg latency = 40149928 μs
SLICE ind_msg latency = 40149919 μs
SLICE ind_msg latency = 40149753 μs
SLICE ind_msg latency = 40149779 μs
SLICE ind_msg latency = 40149637 μs
SLICE ind_msg latency = 40149795 μs
SLICE ind_msg latency = 40149721 μs
ADD STATIC DL SLICE: id 0, pos_low 0, pos_high 3
ADD STATIC DL SLICE: id 2, pos_low 4, pos_high 7
ADD STATIC DL SLICE: id 5, pos_low 8, pos_high 12
[xApp]: CONTROL-REQUEST tx 
[xApp]: CONTROL ACK rx
[xApp]: Successfully received CONTROL-ACK 
SLICE ind_msg latency = 40149263 μs
SLICE ind_msg latency = 40149448 μs
SLICE ind_msg latency = 40149879 μs
SLICE ind_msg latency = 40149623 μs
SLICE ind_msg latency = 40149810 μs
SLICE ind_msg latency = 40149823 μs
SLICE ind_msg latency = 40149874 μs
SLICE ind_msg latency = 40149740 μs
SLICE ind_msg latency = 40149795 μs
SLICE ind_msg latency = 40149422 μs
SLICE ind_msg latency = 40149390 μs
SLICE ind_msg latency = 40149803 μs
SLICE ind_msg latency = 40149736 μs
SLICE ind_msg latency = 40149695 μs
SLICE ind_msg latency = 40149778 μs
SLICE ind_msg latency = 40149761 μs
SLICE ind_msg latency = 40149500 μs
SLICE ind_msg latency = 40149210 μs
SLICE ind_msg latency = 40149297 μs
SLICE ind_msg latency = 40149906 μs
SLICE ind_msg latency = 40149690 μs
SLICE ind_msg latency = 40149960 μs
SLICE ind_msg latency = 40149794 μs
SLICE ind_msg latency = 40149966 μs
SLICE ind_msg latency = 40149701 μs
SLICE ind_msg latency = 40149942 μs
SLICE ind_msg latency = 40150010 μs
SLICE ind_msg latency = 40150105 μs
SLICE ind_msg latency = 40149789 μs
SLICE ind_msg latency = 40149922 μs
SLICE ind_msg latency = 40150062 μs
SLICE ind_msg latency = 40149970 μs
SLICE ind_msg latency = 40149874 μs
SLICE ind_msg latency = 40149965 μs
SLICE ind_msg latency = 40149934 μs
SLICE ind_msg latency = 40149614 μs
SLICE ind_msg latency = 40149738 μs
SLICE ind_msg latency = 40150168 μs
SLICE ind_msg latency = 40150110 μs
SLICE ind_msg latency = 40149493 μs
SLICE ind_msg latency = 40149492 μs
SLICE ind_msg latency = 40149734 μs
SLICE ind_msg latency = 40150212 μs
SLICE ind_msg latency = 40149702 μs
SLICE ind_msg latency = 40149824 μs
SLICE ind_msg latency = 40149865 μs
SLICE ind_msg latency = 40149991 μs
SLICE ind_msg latency = 40149643 μs
SLICE ind_msg latency = 40149863 μs
SLICE ind_msg latency = 40149794 μs
SLICE ind_msg latency = 40149618 μs
SLICE ind_msg latency = 40149529 μs
SLICE ind_msg latency = 40149498 μs
SLICE ind_msg latency = 40149691 μs
SLICE ind_msg latency = 40149839 μs
SLICE ind_msg latency = 40149865 μs
SLICE ind_msg latency = 40149964 μs
SLICE ind_msg latency = 40149840 μs
SLICE ind_msg latency = 40149755 μs
SLICE ind_msg latency = 40149867 μs
SLICE ind_msg latency = 40149727 μs
SLICE ind_msg latency = 40149898 μs
SLICE ind_msg latency = 40149834 μs
SLICE ind_msg latency = 40149895 μs
SLICE ind_msg latency = 40149839 μs
SLICE ind_msg latency = 40150084 μs
SLICE ind_msg latency = 40149539 μs
SLICE ind_msg latency = 40149726 μs
SLICE ind_msg latency = 40149540 μs
SLICE ind_msg latency = 40149980 μs
SLICE ind_msg latency = 40149860 μs
SLICE ind_msg latency = 40150047 μs
SLICE ind_msg latency = 40149791 μs
SLICE ind_msg latency = 40149676 μs
SLICE ind_msg latency = 40149776 μs
SLICE ind_msg latency = 40149759 μs
SLICE ind_msg latency = 40149897 μs
SLICE ind_msg latency = 40149815 μs
SLICE ind_msg latency = 40149992 μs
SLICE ind_msg latency = 40149794 μs
SLICE ind_msg latency = 40149666 μs
SLICE ind_msg latency = 40150226 μs
SLICE ind_msg latency = 40149940 μs
SLICE ind_msg latency = 40149722 μs
SLICE ind_msg latency = 40149910 μs
SLICE ind_msg latency = 40149952 μs
SLICE ind_msg latency = 40150056 μs
SLICE ind_msg latency = 40149940 μs
SLICE ind_msg latency = 40149789 μs
SLICE ind_msg latency = 40149866 μs
SLICE ind_msg latency = 40149913 μs
SLICE ind_msg latency = 40149831 μs
SLICE ind_msg latency = 40149696 μs
SLICE ind_msg latency = 40149552 μs
SLICE ind_msg latency = 40149702 μs
SLICE ind_msg latency = 40149821 μs
SLICE ind_msg latency = 40149635 μs
SLICE ind_msg latency = 40149936 μs
SLICE ind_msg latency = 40149709 μs
SLICE ind_msg latency = 40149614 μs
SLICE ind_msg latency = 40149349 μs
SLICE ind_msg latency = 40149461 μs
SLICE ind_msg latency = 40149708 μs
SLICE ind_msg latency = 40150121 μs
SLICE ind_msg latency = 40149972 μs
SLICE ind_msg latency = 40149822 μs
SLICE ind_msg latency = 40149875 μs
SLICE ind_msg latency = 40149775 μs
SLICE ind_msg latency = 40150003 μs
SLICE ind_msg latency = 40149927 μs
SLICE ind_msg latency = 40149911 μs
SLICE ind_msg latency = 40149943 μs
SLICE ind_msg latency = 40149879 μs
SLICE ind_msg latency = 40149735 μs
SLICE ind_msg latency = 40149914 μs
SLICE ind_msg latency = 40149787 μs
SLICE ind_msg latency = 40149939 μs
SLICE ind_msg latency = 40150117 μs
SLICE ind_msg latency = 40150073 μs
SLICE ind_msg latency = 40149828 μs
SLICE ind_msg latency = 40149900 μs
SLICE ind_msg latency = 40149703 μs
SLICE ind_msg latency = 40149824 μs
SLICE ind_msg latency = 40149680 μs
SLICE ind_msg latency = 40149893 μs
SLICE ind_msg latency = 40150100 μs
SLICE ind_msg latency = 40150169 μs
SLICE ind_msg latency = 40149935 μs
SLICE ind_msg latency = 40150028 μs
SLICE ind_msg latency = 40149945 μs
SLICE ind_msg latency = 40149963 μs
SLICE ind_msg latency = 40149888 μs
SLICE ind_msg latency = 40149908 μs
SLICE ind_msg latency = 40149782 μs
SLICE ind_msg latency = 40149786 μs
SLICE ind_msg latency = 40149596 μs
SLICE ind_msg latency = 40149823 μs
SLICE ind_msg latency = 40149770 μs
SLICE ind_msg latency = 40149663 μs
SLICE ind_msg latency = 40149817 μs
SLICE ind_msg latency = 40149748 μs
SLICE ind_msg latency = 40149880 μs
SLICE ind_msg latency = 40149753 μs
SLICE ind_msg latency = 40149729 μs
SLICE ind_msg latency = 40149819 μs
SLICE ind_msg latency = 40149955 μs
SLICE ind_msg latency = 40149986 μs
SLICE ind_msg latency = 40149725 μs
SLICE ind_msg latency = 40151700 μs
SLICE ind_msg latency = 40149481 μs
SLICE ind_msg latency = 40149528 μs
SLICE ind_msg latency = 40149504 μs
SLICE ind_msg latency = 40149789 μs
SLICE ind_msg latency = 40149760 μs
SLICE ind_msg latency = 40149873 μs
SLICE ind_msg latency = 40149695 μs
SLICE ind_msg latency = 40149831 μs
SLICE ind_msg latency = 40149657 μs
SLICE ind_msg latency = 40149715 μs
SLICE ind_msg latency = 40150091 μs
SLICE ind_msg latency = 40149934 μs
SLICE ind_msg latency = 40150097 μs
SLICE ind_msg latency = 40149690 μs
SLICE ind_msg latency = 40149392 μs
SLICE ind_msg latency = 40149577 μs
SLICE ind_msg latency = 40149661 μs
SLICE ind_msg latency = 40149602 μs
SLICE ind_msg latency = 40149838 μs
SLICE ind_msg latency = 40149933 μs
SLICE ind_msg latency = 40149844 μs
SLICE ind_msg latency = 40149963 μs
SLICE ind_msg latency = 40149905 μs
SLICE ind_msg latency = 40149780 μs
SLICE ind_msg latency = 40149807 μs
SLICE ind_msg latency = 40149611 μs
SLICE ind_msg latency = 40149591 μs
SLICE ind_msg latency = 40149401 μs
SLICE ind_msg latency = 40149821 μs
SLICE ind_msg latency = 40149903 μs
SLICE ind_msg latency = 40149791 μs
SLICE ind_msg latency = 40149706 μs
SLICE ind_msg latency = 40149738 μs
SLICE ind_msg latency = 40149580 μs
SLICE ind_msg latency = 40149831 μs
SLICE ind_msg latency = 40149910 μs
SLICE ind_msg latency = 40149938 μs
SLICE ind_msg latency = 40150031 μs
SLICE ind_msg latency = 40149914 μs
SLICE ind_msg latency = 40149792 μs
SLICE ind_msg latency = 40149772 μs
SLICE ind_msg latency = 40149691 μs
SLICE ind_msg latency = 40149805 μs
SLICE ind_msg latency = 40149696 μs
SLICE ind_msg latency = 40149563 μs
SLICE ind_msg latency = 40149833 μs
SLICE ind_msg latency = 40149759 μs
SLICE ind_msg latency = 40149767 μs
SLICE ind_msg latency = 40149749 μs
SLICE ind_msg latency = 40149692 μs
SLICE ind_msg latency = 40149749 μs
DEL DL SLICE: id 2
[xApp]: CONTROL-REQUEST tx 
[xApp]: CONTROL ACK rx
[xApp]: Successfully received CONTROL-ACK 
SLICE ind_msg latency = 40149505 μs
SLICE ind_msg latency = 40149725 μs
SLICE ind_msg latency = 40149859 μs
SLICE ind_msg latency = 40149695 μs
SLICE ind_msg latency = 40150145 μs
SLICE ind_msg latency = 40149924 μs
SLICE ind_msg latency = 40149877 μs
SLICE ind_msg latency = 40149893 μs
SLICE ind_msg latency = 40149455 μs
SLICE ind_msg latency = 40149230 μs
SLICE ind_msg latency = 40151716 μs
SLICE ind_msg latency = 40149324 μs
SLICE ind_msg latency = 40149075 μs
SLICE ind_msg latency = 40149088 μs
SLICE ind_msg latency = 40149171 μs
SLICE ind_msg latency = 40149186 μs
SLICE ind_msg latency = 40149190 μs
SLICE ind_msg latency = 40149119 μs
SLICE ind_msg latency = 40149063 μs
SLICE ind_msg latency = 40149086 μs
SLICE ind_msg latency = 40149028 μs
SLICE ind_msg latency = 40149015 μs
SLICE ind_msg latency = 40149553 μs
SLICE ind_msg latency = 40149581 μs
SLICE ind_msg latency = 40149925 μs
SLICE ind_msg latency = 40149971 μs
SLICE ind_msg latency = 40149728 μs
SLICE ind_msg latency = 40149756 μs
SLICE ind_msg latency = 40149824 μs
SLICE ind_msg latency = 40149994 μs
SLICE ind_msg latency = 40149982 μs
SLICE ind_msg latency = 40149873 μs
SLICE ind_msg latency = 40150055 μs
SLICE ind_msg latency = 40149925 μs
SLICE ind_msg latency = 40149934 μs
SLICE ind_msg latency = 40149863 μs
SLICE ind_msg latency = 40149956 μs
SLICE ind_msg latency = 40149946 μs
SLICE ind_msg latency = 40150006 μs
SLICE ind_msg latency = 40150027 μs
SLICE ind_msg latency = 40149922 μs
SLICE ind_msg latency = 40149994 μs
SLICE ind_msg latency = 40149960 μs
SLICE ind_msg latency = 40149982 μs
SLICE ind_msg latency = 40150118 μs
SLICE ind_msg latency = 40150115 μs
SLICE ind_msg latency = 40150098 μs
SLICE ind_msg latency = 40150085 μs
SLICE ind_msg latency = 40150021 μs
SLICE ind_msg latency = 40149845 μs
SLICE ind_msg latency = 40150222 μs
SLICE ind_msg latency = 40150111 μs
SLICE ind_msg latency = 40149749 μs
SLICE ind_msg latency = 40149970 μs
SLICE ind_msg latency = 40149970 μs
SLICE ind_msg latency = 40149801 μs
SLICE ind_msg latency = 40149876 μs
SLICE ind_msg latency = 40149725 μs
SLICE ind_msg latency = 40149646 μs
SLICE ind_msg latency = 40149787 μs
SLICE ind_msg latency = 40149740 μs
SLICE ind_msg latency = 40149744 μs
SLICE ind_msg latency = 40149692 μs
SLICE ind_msg latency = 40149646 μs
SLICE ind_msg latency = 40149717 μs
SLICE ind_msg latency = 40149607 μs
SLICE ind_msg latency = 40149532 μs
SLICE ind_msg latency = 40149628 μs
SLICE ind_msg latency = 40149680 μs
SLICE ind_msg latency = 40149631 μs
SLICE ind_msg latency = 40149815 μs
SLICE ind_msg latency = 40149792 μs
SLICE ind_msg latency = 40149920 μs
SLICE ind_msg latency = 40149695 μs
SLICE ind_msg latency = 40149691 μs
SLICE ind_msg latency = 40149793 μs
SLICE ind_msg latency = 40149761 μs
SLICE ind_msg latency = 40149900 μs
SLICE ind_msg latency = 40149812 μs
SLICE ind_msg latency = 40149809 μs
SLICE ind_msg latency = 40149521 μs
SLICE ind_msg latency = 40149936 μs
SLICE ind_msg latency = 40149772 μs
SLICE ind_msg latency = 40149605 μs
SLICE ind_msg latency = 40149987 μs
SLICE ind_msg latency = 40149881 μs
SLICE ind_msg latency = 40149750 μs
SLICE ind_msg latency = 40149983 μs
SLICE ind_msg latency = 40149598 μs
SLICE ind_msg latency = 40150053 μs
SLICE ind_msg latency = 40150070 μs
SLICE ind_msg latency = 40150033 μs
SLICE ind_msg latency = 40149991 μs
SLICE ind_msg latency = 40149940 μs
SLICE ind_msg latency = 40149894 μs
SLICE ind_msg latency = 40149890 μs
SLICE ind_msg latency = 40149988 μs
SLICE ind_msg latency = 40150157 μs
SLICE ind_msg latency = 40150167 μs
SLICE ind_msg latency = 40149714 μs
SLICE ind_msg latency = 40149402 μs
SLICE ind_msg latency = 40149289 μs
SLICE ind_msg latency = 40149556 μs
SLICE ind_msg latency = 40149767 μs
SLICE ind_msg latency = 40149512 μs
SLICE ind_msg latency = 40149983 μs
SLICE ind_msg latency = 40150056 μs
SLICE ind_msg latency = 40149903 μs
SLICE ind_msg latency = 40150241 μs
SLICE ind_msg latency = 40149851 μs
SLICE ind_msg latency = 40150026 μs
SLICE ind_msg latency = 40149951 μs
SLICE ind_msg latency = 40149657 μs
SLICE ind_msg latency = 40149990 μs
SLICE ind_msg latency = 40149734 μs
SLICE ind_msg latency = 40149749 μs
SLICE ind_msg latency = 40149812 μs
SLICE ind_msg latency = 40149817 μs
SLICE ind_msg latency = 40149754 μs
SLICE ind_msg latency = 40149849 μs
SLICE ind_msg latency = 40149619 μs
SLICE ind_msg latency = 40149895 μs
SLICE ind_msg latency = 40149786 μs
SLICE ind_msg latency = 40149568 μs
SLICE ind_msg latency = 40149678 μs
SLICE ind_msg latency = 40149808 μs
SLICE ind_msg latency = 40149768 μs
SLICE ind_msg latency = 40149460 μs
SLICE ind_msg latency = 40149571 μs
SLICE ind_msg latency = 40149888 μs
SLICE ind_msg latency = 40149842 μs
SLICE ind_msg latency = 40149684 μs
SLICE ind_msg latency = 40150031 μs
SLICE ind_msg latency = 40149976 μs
SLICE ind_msg latency = 40149914 μs
SLICE ind_msg latency = 40149688 μs
SLICE ind_msg latency = 40149878 μs
SLICE ind_msg latency = 40149701 μs
SLICE ind_msg latency = 40149875 μs
SLICE ind_msg latency = 40149933 μs
SLICE ind_msg latency = 40149941 μs
SLICE ind_msg latency = 40149700 μs
SLICE ind_msg latency = 40150020 μs
SLICE ind_msg latency = 40149526 μs
SLICE ind_msg latency = 40149656 μs
SLICE ind_msg latency = 40149975 μs
SLICE ind_msg latency = 40149984 μs
SLICE ind_msg latency = 40149851 μs
SLICE ind_msg latency = 40150084 μs
SLICE ind_msg latency = 40149844 μs
SLICE ind_msg latency = 40150100 μs
SLICE ind_msg latency = 40150135 μs
SLICE ind_msg latency = 40149996 μs
SLICE ind_msg latency = 40149723 μs
SLICE ind_msg latency = 40149885 μs
SLICE ind_msg latency = 40149548 μs
SLICE ind_msg latency = 40150090 μs
SLICE ind_msg latency = 40149968 μs
SLICE ind_msg latency = 40149748 μs
SLICE ind_msg latency = 40149686 μs
SLICE ind_msg latency = 40149660 μs
SLICE ind_msg latency = 40149802 μs
SLICE ind_msg latency = 40149649 μs
SLICE ind_msg latency = 40149519 μs
SLICE ind_msg latency = 40149602 μs
SLICE ind_msg latency = 40149651 μs
SLICE ind_msg latency = 40149824 μs
SLICE ind_msg latency = 40149721 μs
SLICE ind_msg latency = 40149677 μs
SLICE ind_msg latency = 40149749 μs
SLICE ind_msg latency = 40150101 μs
SLICE ind_msg latency = 40149824 μs
SLICE ind_msg latency = 40150211 μs
SLICE ind_msg latency = 40150065 μs
SLICE ind_msg latency = 40149816 μs
SLICE ind_msg latency = 40149644 μs
SLICE ind_msg latency = 40149634 μs
SLICE ind_msg latency = 40149978 μs
SLICE ind_msg latency = 40149787 μs
SLICE ind_msg latency = 40149778 μs
SLICE ind_msg latency = 40149848 μs
SLICE ind_msg latency = 40150007 μs
SLICE ind_msg latency = 40149921 μs
SLICE ind_msg latency = 40149809 μs
SLICE ind_msg latency = 40149757 μs
SLICE ind_msg latency = 40149647 μs
SLICE ind_msg latency = 40149885 μs
SLICE ind_msg latency = 40149950 μs
SLICE ind_msg latency = 40149759 μs
SLICE ind_msg latency = 40150040 μs
SLICE ind_msg latency = 40149388 μs
SLICE ind_msg latency = 40149673 μs
SLICE ind_msg latency = 40149753 μs
SLICE ind_msg latency = 40149630 μs
SLICE ind_msg latency = 40149660 μs
SLICE ind_msg latency = 40149722 μs
SLICE ind_msg latency = 40150001 μs
SLICE ind_msg latency = 40149733 μs
SLICE ind_msg latency = 40149750 μs
SLICE ind_msg latency = 40149797 μs
ASSOC DL SLICE: <rnti>, id 5
[xApp]: CONTROL-REQUEST tx 
SLICE ind_msg latency = 40149950 μs
[xApp]: CONTROL ACK rx
[xApp]: Successfully received CONTROL-ACK 
SLICE ind_msg latency = 40149843 μs
SLICE ind_msg latency = 40149675 μs
SLICE ind_msg latency = 40149899 μs
SLICE ind_msg latency = 40149688 μs
SLICE ind_msg latency = 40149801 μs
SLICE ind_msg latency = 40149971 μs
SLICE ind_msg latency = 40149877 μs
SLICE ind_msg latency = 40150074 μs
SLICE ind_msg latency = 40149726 μs
SLICE ind_msg latency = 40149688 μs
SLICE ind_msg latency = 40149799 μs
SLICE ind_msg latency = 40150159 μs
SLICE ind_msg latency = 40149860 μs
SLICE ind_msg latency = 40149746 μs
SLICE ind_msg latency = 40149801 μs
SLICE ind_msg latency = 40149742 μs
SLICE ind_msg latency = 40149511 μs
SLICE ind_msg latency = 40149434 μs
SLICE ind_msg latency = 40149744 μs
SLICE ind_msg latency = 40149883 μs
SLICE ind_msg latency = 40149689 μs
SLICE ind_msg latency = 40149703 μs
SLICE ind_msg latency = 40149640 μs
SLICE ind_msg latency = 40149404 μs
SLICE ind_msg latency = 40149722 μs
SLICE ind_msg latency = 40149582 μs
SLICE ind_msg latency = 40149888 μs
SLICE ind_msg latency = 40149749 μs
SLICE ind_msg latency = 40149680 μs
SLICE ind_msg latency = 40149815 μs
SLICE ind_msg latency = 40150149 μs
SLICE ind_msg latency = 40149894 μs
SLICE ind_msg latency = 40149863 μs
SLICE ind_msg latency = 40149989 μs
SLICE ind_msg latency = 40149913 μs
SLICE ind_msg latency = 40149983 μs
SLICE ind_msg latency = 40149953 μs
SLICE ind_msg latency = 40149920 μs
SLICE ind_msg latency = 40150031 μs
SLICE ind_msg latency = 40149872 μs
SLICE ind_msg latency = 40149905 μs
SLICE ind_msg latency = 40149929 μs
SLICE ind_msg latency = 40149855 μs
SLICE ind_msg latency = 40149850 μs
SLICE ind_msg latency = 40150073 μs
SLICE ind_msg latency = 40150079 μs
SLICE ind_msg latency = 40149837 μs
SLICE ind_msg latency = 40150059 μs
SLICE ind_msg latency = 40149978 μs
SLICE ind_msg latency = 40150110 μs
SLICE ind_msg latency = 40149962 μs
SLICE ind_msg latency = 40149809 μs
SLICE ind_msg latency = 40149836 μs
SLICE ind_msg latency = 40149958 μs
SLICE ind_msg latency = 40149927 μs
SLICE ind_msg latency = 40149899 μs
SLICE ind_msg latency = 40150040 μs
SLICE ind_msg latency = 40150052 μs
SLICE ind_msg latency = 40150154 μs
SLICE ind_msg latency = 40149801 μs
SLICE ind_msg latency = 40149919 μs
SLICE ind_msg latency = 40149778 μs
SLICE ind_msg latency = 40149785 μs
SLICE ind_msg latency = 40149657 μs
SLICE ind_msg latency = 40150084 μs
SLICE ind_msg latency = 40150372 μs
SLICE ind_msg latency = 40150113 μs
SLICE ind_msg latency = 40150051 μs
SLICE ind_msg latency = 40149965 μs
SLICE ind_msg latency = 40150208 μs
SLICE ind_msg latency = 40150150 μs
SLICE ind_msg latency = 40150136 μs
SLICE ind_msg latency = 40150278 μs
SLICE ind_msg latency = 40149727 μs
SLICE ind_msg latency = 40149874 μs
SLICE ind_msg latency = 40149874 μs
SLICE ind_msg latency = 40149728 μs
SLICE ind_msg latency = 40149808 μs
SLICE ind_msg latency = 40149836 μs
SLICE ind_msg latency = 40149671 μs
SLICE ind_msg latency = 40149897 μs
SLICE ind_msg latency = 40149769 μs
SLICE ind_msg latency = 40149871 μs
SLICE ind_msg latency = 40149568 μs
SLICE ind_msg latency = 40149810 μs
SLICE ind_msg latency = 40149688 μs
SLICE ind_msg latency = 40149856 μs
SLICE ind_msg latency = 40149790 μs
SLICE ind_msg latency = 40149694 μs
SLICE ind_msg latency = 40149708 μs
SLICE ind_msg latency = 40149733 μs
SLICE ind_msg latency = 40149822 μs
SLICE ind_msg latency = 40149784 μs
SLICE ind_msg latency = 40149714 μs
SLICE ind_msg latency = 40149647 μs
SLICE ind_msg latency = 40149724 μs
SLICE ind_msg latency = 40149806 μs
SLICE ind_msg latency = 40149724 μs
SLICE ind_msg latency = 40149615 μs
SLICE ind_msg latency = 40149217 μs
SLICE ind_msg latency = 40149421 μs
SLICE ind_msg latency = 40149562 μs
SLICE ind_msg latency = 40149747 μs
SLICE ind_msg latency = 40149434 μs
SLICE ind_msg latency = 40149699 μs
SLICE ind_msg latency = 40149777 μs
SLICE ind_msg latency = 40149773 μs
SLICE ind_msg latency = 40149438 μs
SLICE ind_msg latency = 40149789 μs
SLICE ind_msg latency = 40149562 μs
SLICE ind_msg latency = 40149785 μs
SLICE ind_msg latency = 40149863 μs
SLICE ind_msg latency = 40149790 μs
SLICE ind_msg latency = 40150515 μs
SLICE ind_msg latency = 40149713 μs
SLICE ind_msg latency = 40149709 μs
SLICE ind_msg latency = 40149804 μs
SLICE ind_msg latency = 40149795 μs
SLICE ind_msg latency = 40149828 μs
SLICE ind_msg latency = 40149772 μs
SLICE ind_msg latency = 40149765 μs
SLICE ind_msg latency = 40149801 μs
SLICE ind_msg latency = 40149698 μs
SLICE ind_msg latency = 40149793 μs
SLICE ind_msg latency = 40149800 μs
SLICE ind_msg latency = 40149790 μs
SLICE ind_msg latency = 40149688 μs
SLICE ind_msg latency = 40149733 μs
SLICE ind_msg latency = 40149959 μs
SLICE ind_msg latency = 40150031 μs
SLICE ind_msg latency = 40149884 μs
SLICE ind_msg latency = 40149899 μs
SLICE ind_msg latency = 40149755 μs
SLICE ind_msg latency = 40150089 μs
SLICE ind_msg latency = 40149970 μs
SLICE ind_msg latency = 40149976 μs
SLICE ind_msg latency = 40149977 μs
SLICE ind_msg latency = 40150143 μs
SLICE ind_msg latency = 40149907 μs
SLICE ind_msg latency = 40149874 μs
SLICE ind_msg latency = 40149793 μs
SLICE ind_msg latency = 40149862 μs
SLICE ind_msg latency = 40149779 μs
SLICE ind_msg latency = 40149650 μs
SLICE ind_msg latency = 40149810 μs
SLICE ind_msg latency = 40149833 μs
SLICE ind_msg latency = 40149849 μs
SLICE ind_msg latency = 40149716 μs
SLICE ind_msg latency = 40149791 μs
SLICE ind_msg latency = 40149911 μs
SLICE ind_msg latency = 40149679 μs
SLICE ind_msg latency = 40149790 μs
SLICE ind_msg latency = 40149790 μs
SLICE ind_msg latency = 40149650 μs
SLICE ind_msg latency = 40149745 μs
SLICE ind_msg latency = 40149606 μs
SLICE ind_msg latency = 40149720 μs
SLICE ind_msg latency = 40149656 μs
SLICE ind_msg latency = 40149886 μs
SLICE ind_msg latency = 40149838 μs
SLICE ind_msg latency = 40149887 μs
SLICE ind_msg latency = 40150158 μs
SLICE ind_msg latency = 40149779 μs
SLICE ind_msg latency = 40149845 μs
SLICE ind_msg latency = 40149306 μs
SLICE ind_msg latency = 40149420 μs
SLICE ind_msg latency = 40149555 μs
SLICE ind_msg latency = 40149631 μs
SLICE ind_msg latency = 40149625 μs
SLICE ind_msg latency = 40149611 μs
SLICE ind_msg latency = 40149969 μs
SLICE ind_msg latency = 40149759 μs
SLICE ind_msg latency = 40149893 μs
SLICE ind_msg latency = 40149835 μs
SLICE ind_msg latency = 40149461 μs
SLICE ind_msg latency = 40149502 μs
SLICE ind_msg latency = 40149954 μs
SLICE ind_msg latency = 40149925 μs
SLICE ind_msg latency = 40150168 μs
SLICE ind_msg latency = 40149856 μs
SLICE ind_msg latency = 40150256 μs
SLICE ind_msg latency = 40149937 μs
SLICE ind_msg latency = 40149719 μs
SLICE ind_msg latency = 40149820 μs
SLICE ind_msg latency = 40149854 μs
SLICE ind_msg latency = 40149810 μs
SLICE ind_msg latency = 40149926 μs
SLICE ind_msg latency = 40149818 μs
SLICE ind_msg latency = 40149805 μs
SLICE ind_msg latency = 40149689 μs
SLICE ind_msg latency = 40149730 μs
SLICE ind_msg latency = 40149733 μs
SLICE ind_msg latency = 40149775 μs
SLICE ind_msg latency = 40149772 μs
SLICE ind_msg latency = 40149746 μs
SLICE ind_msg latency = 40149962 μs
SLICE ind_msg latency = 40150027 μs
SLICE ind_msg latency = 40150054 μs
SLICE ind_msg latency = 40150058 μs
SLICE ind_msg latency = 40150034 μs
[xApp]: E42 RIC_SUBSCRIPTION_DELETE_REQUEST tx RAN_FUNC_ID 145 RIC_REQ_ID 1 
[xApp]: E42 SUBSCRIPTION DELETE RESPONSE rx
[xApp]: Sucessfully stopped 
Test xApp run SUCCESSFULLY
Diff time between Connection and Subscription: 2438μs
