[UTIL]: Setting the config -c file to flexric.conf
[UTIL]: Setting path -p for the shared libraries to /usr/local/lib/flexric/
[xAapp]: Initializing ... 
[xApp]: nearRT-RIC IP Address = 191.4.204.131, PORT = 36422
[E2 AGENT]: Opening plugin from path = /usr/local/lib/flexric/libpdcp_sm.so 
[E2 AGENT]: Opening plugin from path = /usr/local/lib/flexric/libmac_sm.so 
[E2 AGENT]: Opening plugin from path = /usr/local/lib/flexric/libgtp_sm.so 
[E2 AGENT]: Opening plugin from path = /usr/local/lib/flexric/libkpm_sm.so 
[E2 AGENT]: Opening plugin from path = /usr/local/lib/flexric/libtc_sm.so 
[E2 AGENT]: Opening plugin from path = /usr/local/lib/flexric/librc_sm.so 
[E2 AGENT]: Opening plugin from path = /usr/local/lib/flexric/libslice_sm.so 
[E2 AGENT]: Opening plugin from path = /usr/local/lib/flexric/librlc_sm.so 
[NEAR-RIC]: Loading SM ID = 144 with def = PDCP_STATS_V0 
[NEAR-RIC]: Loading SM ID = 142 with def = MAC_STATS_V0 
[NEAR-RIC]: Loading SM ID = 148 with def = GTP_STATS_V0 
[NEAR-RIC]: Loading SM ID = 2 with def = ORAN-E2SM-KPM 
[NEAR-RIC]: Loading SM ID = 146 with def = TC_STATS_V0 
[NEAR-RIC]: Loading SM ID = 3 with def = ORAN-E2SM-RC 
[NEAR-RIC]: Loading SM ID = 145 with def = SLICE_STATS_V0 
[NEAR-RIC]: Loading SM ID = 143 with def = RLC_STATS_V0 
[xApp]: DB filename = /tmp/xapp_db_1710190111124455 
 [xApp]: E42 SETUP-REQUEST tx
[xApp]: E42 SETUP-RESPONSE rx 
[xApp]: xApp ID = 27 
[xApp]: Registered E2 Nodes = 1 
Connected E2 nodes len = 1
Registered ran func id = 2 
 Registered ran func id = 3 
 Registered ran func id = 142 
 Registered ran func id = 143 
 Registered ran func id = 144 
 Registered ran func id = 145 
 Registered ran func id = 146 
 Registered ran func id = 148 
 [xApp]: E42 RIC SUBSCRIPTION REQUEST tx RAN_FUNC_ID 145 RIC_REQ_ID 1 
[xApp]: SUBSCRIPTION RESPONSE rx
[xApp]: Successfully subscribed to RAN_FUNC_ID 145 
Tempo: 1710190113135456
Diff: 2561μs
SLICE ind_msg latency = 40149662 μs
SLICE ind_msg latency = 40149270 μs
SLICE ind_msg latency = 40149613 μs
SLICE ind_msg latency = 40149616 μs
SLICE ind_msg latency = 40149686 μs
SLICE ind_msg latency = 40149033 μs
SLICE ind_msg latency = 40148848 μs
SLICE ind_msg latency = 40149434 μs
SLICE ind_msg latency = 40149572 μs
SLICE ind_msg latency = 40149262 μs
SLICE ind_msg latency = 40149397 μs
SLICE ind_msg latency = 40148980 μs
SLICE ind_msg latency = 40149259 μs
SLICE ind_msg latency = 40149285 μs
SLICE ind_msg latency = 40149629 μs
SLICE ind_msg latency = 40149694 μs
SLICE ind_msg latency = 40149712 μs
SLICE ind_msg latency = 40149343 μs
SLICE ind_msg latency = 40149477 μs
SLICE ind_msg latency = 40149471 μs
SLICE ind_msg latency = 40149501 μs
SLICE ind_msg latency = 40149234 μs
SLICE ind_msg latency = 40149319 μs
SLICE ind_msg latency = 40149571 μs
SLICE ind_msg latency = 40149582 μs
SLICE ind_msg latency = 40149383 μs
SLICE ind_msg latency = 40149499 μs
SLICE ind_msg latency = 40149352 μs
SLICE ind_msg latency = 40149393 μs
SLICE ind_msg latency = 40149468 μs
SLICE ind_msg latency = 40149284 μs
SLICE ind_msg latency = 40149759 μs
SLICE ind_msg latency = 40149593 μs
SLICE ind_msg latency = 40149448 μs
SLICE ind_msg latency = 40149539 μs
SLICE ind_msg latency = 40149471 μs
SLICE ind_msg latency = 40149505 μs
SLICE ind_msg latency = 40149883 μs
SLICE ind_msg latency = 40149143 μs
SLICE ind_msg latency = 40149575 μs
SLICE ind_msg latency = 40149463 μs
SLICE ind_msg latency = 40149448 μs
SLICE ind_msg latency = 40149190 μs
SLICE ind_msg latency = 40149372 μs
SLICE ind_msg latency = 40149268 μs
SLICE ind_msg latency = 40149396 μs
SLICE ind_msg latency = 40149462 μs
SLICE ind_msg latency = 40149389 μs
SLICE ind_msg latency = 40149248 μs
SLICE ind_msg latency = 40149347 μs
SLICE ind_msg latency = 40149166 μs
SLICE ind_msg latency = 40149227 μs
SLICE ind_msg latency = 40149232 μs
SLICE ind_msg latency = 40149397 μs
SLICE ind_msg latency = 40149196 μs
SLICE ind_msg latency = 40149488 μs
SLICE ind_msg latency = 40149301 μs
SLICE ind_msg latency = 40149630 μs
SLICE ind_msg latency = 40149230 μs
SLICE ind_msg latency = 40149652 μs
SLICE ind_msg latency = 40149588 μs
SLICE ind_msg latency = 40149579 μs
SLICE ind_msg latency = 40149556 μs
SLICE ind_msg latency = 40149416 μs
SLICE ind_msg latency = 40149400 μs
SLICE ind_msg latency = 40149661 μs
SLICE ind_msg latency = 40149554 μs
SLICE ind_msg latency = 40149240 μs
SLICE ind_msg latency = 40149132 μs
SLICE ind_msg latency = 40149328 μs
SLICE ind_msg latency = 40149460 μs
SLICE ind_msg latency = 40149388 μs
SLICE ind_msg latency = 40149438 μs
SLICE ind_msg latency = 40149792 μs
SLICE ind_msg latency = 40149269 μs
SLICE ind_msg latency = 40149261 μs
SLICE ind_msg latency = 40149270 μs
SLICE ind_msg latency = 40149371 μs
SLICE ind_msg latency = 40149175 μs
SLICE ind_msg latency = 40149379 μs
SLICE ind_msg latency = 40149074 μs
SLICE ind_msg latency = 40148882 μs
SLICE ind_msg latency = 40149066 μs
SLICE ind_msg latency = 40149245 μs
SLICE ind_msg latency = 40149373 μs
SLICE ind_msg latency = 40149592 μs
SLICE ind_msg latency = 40149542 μs
SLICE ind_msg latency = 40149536 μs
SLICE ind_msg latency = 40149679 μs
SLICE ind_msg latency = 40149493 μs
SLICE ind_msg latency = 40149891 μs
SLICE ind_msg latency = 40149666 μs
SLICE ind_msg latency = 40149747 μs
SLICE ind_msg latency = 40149425 μs
SLICE ind_msg latency = 40149411 μs
SLICE ind_msg latency = 40149520 μs
SLICE ind_msg latency = 40149695 μs
SLICE ind_msg latency = 40149728 μs
SLICE ind_msg latency = 40149814 μs
SLICE ind_msg latency = 40149732 μs
SLICE ind_msg latency = 40149629 μs
SLICE ind_msg latency = 40149646 μs
SLICE ind_msg latency = 40149759 μs
SLICE ind_msg latency = 40149503 μs
SLICE ind_msg latency = 40149397 μs
SLICE ind_msg latency = 40149664 μs
SLICE ind_msg latency = 40148839 μs
SLICE ind_msg latency = 40149097 μs
SLICE ind_msg latency = 40149298 μs
SLICE ind_msg latency = 40149299 μs
SLICE ind_msg latency = 40149161 μs
SLICE ind_msg latency = 40149250 μs
SLICE ind_msg latency = 40149220 μs
SLICE ind_msg latency = 40149298 μs
SLICE ind_msg latency = 40149110 μs
SLICE ind_msg latency = 40149373 μs
SLICE ind_msg latency = 40149346 μs
SLICE ind_msg latency = 40149346 μs
SLICE ind_msg latency = 40149152 μs
SLICE ind_msg latency = 40149353 μs
SLICE ind_msg latency = 40149427 μs
SLICE ind_msg latency = 40148877 μs
SLICE ind_msg latency = 40148769 μs
SLICE ind_msg latency = 40148696 μs
SLICE ind_msg latency = 40148866 μs
SLICE ind_msg latency = 40149230 μs
SLICE ind_msg latency = 40149063 μs
SLICE ind_msg latency = 40149108 μs
SLICE ind_msg latency = 40149088 μs
SLICE ind_msg latency = 40149030 μs
SLICE ind_msg latency = 40149200 μs
SLICE ind_msg latency = 40149321 μs
SLICE ind_msg latency = 40149330 μs
SLICE ind_msg latency = 40149050 μs
SLICE ind_msg latency = 40149174 μs
SLICE ind_msg latency = 40149354 μs
SLICE ind_msg latency = 40149427 μs
SLICE ind_msg latency = 40149324 μs
SLICE ind_msg latency = 40149357 μs
SLICE ind_msg latency = 40149459 μs
SLICE ind_msg latency = 40149480 μs
SLICE ind_msg latency = 40149389 μs
SLICE ind_msg latency = 40149508 μs
SLICE ind_msg latency = 40149583 μs
SLICE ind_msg latency = 40149490 μs
SLICE ind_msg latency = 40149337 μs
SLICE ind_msg latency = 40149382 μs
SLICE ind_msg latency = 40149394 μs
SLICE ind_msg latency = 40149501 μs
SLICE ind_msg latency = 40149731 μs
SLICE ind_msg latency = 40149379 μs
SLICE ind_msg latency = 40149743 μs
SLICE ind_msg latency = 40149576 μs
SLICE ind_msg latency = 40149432 μs
SLICE ind_msg latency = 40149389 μs
SLICE ind_msg latency = 40149417 μs
SLICE ind_msg latency = 40149279 μs
SLICE ind_msg latency = 40149452 μs
SLICE ind_msg latency = 40149326 μs
SLICE ind_msg latency = 40149373 μs
SLICE ind_msg latency = 40149529 μs
SLICE ind_msg latency = 40149488 μs
SLICE ind_msg latency = 40149617 μs
SLICE ind_msg latency = 40149587 μs
SLICE ind_msg latency = 40149588 μs
SLICE ind_msg latency = 40149800 μs
SLICE ind_msg latency = 40149406 μs
SLICE ind_msg latency = 40149588 μs
SLICE ind_msg latency = 40149449 μs
SLICE ind_msg latency = 40149298 μs
SLICE ind_msg latency = 40149222 μs
SLICE ind_msg latency = 40149452 μs
SLICE ind_msg latency = 40149269 μs
SLICE ind_msg latency = 40149271 μs
SLICE ind_msg latency = 40149390 μs
SLICE ind_msg latency = 40149332 μs
SLICE ind_msg latency = 40149505 μs
SLICE ind_msg latency = 40149636 μs
SLICE ind_msg latency = 40149397 μs
SLICE ind_msg latency = 40149480 μs
SLICE ind_msg latency = 40149395 μs
SLICE ind_msg latency = 40149447 μs
SLICE ind_msg latency = 40149343 μs
SLICE ind_msg latency = 40149403 μs
SLICE ind_msg latency = 40149287 μs
SLICE ind_msg latency = 40149531 μs
SLICE ind_msg latency = 40149385 μs
SLICE ind_msg latency = 40149627 μs
SLICE ind_msg latency = 40149383 μs
SLICE ind_msg latency = 40149387 μs
SLICE ind_msg latency = 40149264 μs
SLICE ind_msg latency = 40149686 μs
SLICE ind_msg latency = 40149472 μs
SLICE ind_msg latency = 40149373 μs
SLICE ind_msg latency = 40149378 μs
SLICE ind_msg latency = 40149201 μs
SLICE ind_msg latency = 40148786 μs
SLICE ind_msg latency = 40149182 μs
SLICE ind_msg latency = 40149368 μs
SLICE ind_msg latency = 40149146 μs
SLICE ind_msg latency = 40149023 μs
SLICE ind_msg latency = 40149183 μs
SLICE ind_msg latency = 40149131 μs
SLICE ind_msg latency = 40149370 μs
SLICE ind_msg latency = 40149326 μs
SLICE ind_msg latency = 40149105 μs
SLICE ind_msg latency = 40148658 μs
SLICE ind_msg latency = 40149113 μs
SLICE ind_msg latency = 40149315 μs
SLICE ind_msg latency = 40149522 μs
SLICE ind_msg latency = 40149359 μs
SLICE ind_msg latency = 40149145 μs
SLICE ind_msg latency = 40149071 μs
SLICE ind_msg latency = 40149215 μs
SLICE ind_msg latency = 40149277 μs
SLICE ind_msg latency = 40149425 μs
SLICE ind_msg latency = 40149205 μs
SLICE ind_msg latency = 40149288 μs
SLICE ind_msg latency = 40149384 μs
SLICE ind_msg latency = 40149371 μs
SLICE ind_msg latency = 40149161 μs
SLICE ind_msg latency = 40149220 μs
SLICE ind_msg latency = 40149129 μs
SLICE ind_msg latency = 40149451 μs
SLICE ind_msg latency = 40149291 μs
SLICE ind_msg latency = 40149740 μs
SLICE ind_msg latency = 40149588 μs
SLICE ind_msg latency = 40149696 μs
SLICE ind_msg latency = 40149581 μs
SLICE ind_msg latency = 40149233 μs
SLICE ind_msg latency = 40149198 μs
SLICE ind_msg latency = 40149469 μs
SLICE ind_msg latency = 40149487 μs
SLICE ind_msg latency = 40149267 μs
SLICE ind_msg latency = 40149162 μs
SLICE ind_msg latency = 40149134 μs
SLICE ind_msg latency = 40149415 μs
SLICE ind_msg latency = 40149855 μs
SLICE ind_msg latency = 40149398 μs
SLICE ind_msg latency = 40149531 μs
SLICE ind_msg latency = 40149522 μs
SLICE ind_msg latency = 40149401 μs
SLICE ind_msg latency = 40149440 μs
SLICE ind_msg latency = 40149174 μs
SLICE ind_msg latency = 40149252 μs
SLICE ind_msg latency = 40149419 μs
SLICE ind_msg latency = 40149304 μs
SLICE ind_msg latency = 40149364 μs
SLICE ind_msg latency = 40149444 μs
SLICE ind_msg latency = 40149355 μs
SLICE ind_msg latency = 40149497 μs
SLICE ind_msg latency = 40149525 μs
SLICE ind_msg latency = 40149649 μs
SLICE ind_msg latency = 40149398 μs
SLICE ind_msg latency = 40149303 μs
SLICE ind_msg latency = 40149413 μs
SLICE ind_msg latency = 40149512 μs
SLICE ind_msg latency = 40149688 μs
SLICE ind_msg latency = 40149539 μs
SLICE ind_msg latency = 40149631 μs
SLICE ind_msg latency = 40149607 μs
SLICE ind_msg latency = 40149562 μs
SLICE ind_msg latency = 40149643 μs
SLICE ind_msg latency = 40149463 μs
SLICE ind_msg latency = 40149608 μs
SLICE ind_msg latency = 40149523 μs
SLICE ind_msg latency = 40149442 μs
SLICE ind_msg latency = 40149447 μs
SLICE ind_msg latency = 40149663 μs
SLICE ind_msg latency = 40149381 μs
SLICE ind_msg latency = 40149213 μs
SLICE ind_msg latency = 40149536 μs
SLICE ind_msg latency = 40149542 μs
SLICE ind_msg latency = 40149559 μs
SLICE ind_msg latency = 40149296 μs
SLICE ind_msg latency = 40149334 μs
SLICE ind_msg latency = 40149193 μs
SLICE ind_msg latency = 40149248 μs
SLICE ind_msg latency = 40149398 μs
SLICE ind_msg latency = 40149443 μs
SLICE ind_msg latency = 40149451 μs
SLICE ind_msg latency = 40149008 μs
SLICE ind_msg latency = 40149057 μs
SLICE ind_msg latency = 40149423 μs
SLICE ind_msg latency = 40149531 μs
SLICE ind_msg latency = 40149755 μs
SLICE ind_msg latency = 40149686 μs
SLICE ind_msg latency = 40149525 μs
SLICE ind_msg latency = 40149498 μs
SLICE ind_msg latency = 40149623 μs
SLICE ind_msg latency = 40149372 μs
SLICE ind_msg latency = 40149540 μs
SLICE ind_msg latency = 40149522 μs
SLICE ind_msg latency = 40149417 μs
SLICE ind_msg latency = 40149301 μs
SLICE ind_msg latency = 40149633 μs
SLICE ind_msg latency = 40149587 μs
SLICE ind_msg latency = 40149709 μs
SLICE ind_msg latency = 40149446 μs
SLICE ind_msg latency = 40149659 μs
SLICE ind_msg latency = 40149755 μs
SLICE ind_msg latency = 40149617 μs
SLICE ind_msg latency = 40149603 μs
SLICE ind_msg latency = 40149010 μs
SLICE ind_msg latency = 40149326 μs
SLICE ind_msg latency = 40149596 μs
SLICE ind_msg latency = 40149631 μs
SLICE ind_msg latency = 40149258 μs
SLICE ind_msg latency = 40149145 μs
SLICE ind_msg latency = 40148710 μs
SLICE ind_msg latency = 40149000 μs
SLICE ind_msg latency = 40148907 μs
SLICE ind_msg latency = 40149205 μs
SLICE ind_msg latency = 40149315 μs
SLICE ind_msg latency = 40149448 μs
SLICE ind_msg latency = 40149330 μs
SLICE ind_msg latency = 40149466 μs
SLICE ind_msg latency = 40149443 μs
SLICE ind_msg latency = 40149477 μs
SLICE ind_msg latency = 40149424 μs
SLICE ind_msg latency = 40149552 μs
SLICE ind_msg latency = 40149203 μs
SLICE ind_msg latency = 40149509 μs
SLICE ind_msg latency = 40149343 μs
SLICE ind_msg latency = 40149561 μs
SLICE ind_msg latency = 40149417 μs
SLICE ind_msg latency = 40149319 μs
SLICE ind_msg latency = 40149394 μs
SLICE ind_msg latency = 40149488 μs
SLICE ind_msg latency = 40149306 μs
SLICE ind_msg latency = 40149345 μs
SLICE ind_msg latency = 40149081 μs
SLICE ind_msg latency = 40148783 μs
SLICE ind_msg latency = 40148974 μs
SLICE ind_msg latency = 40149428 μs
SLICE ind_msg latency = 40149272 μs
SLICE ind_msg latency = 40149231 μs
SLICE ind_msg latency = 40149324 μs
SLICE ind_msg latency = 40149344 μs
SLICE ind_msg latency = 40149177 μs
SLICE ind_msg latency = 40149251 μs
SLICE ind_msg latency = 40149386 μs
SLICE ind_msg latency = 40149301 μs
SLICE ind_msg latency = 40149396 μs
SLICE ind_msg latency = 40149532 μs
SLICE ind_msg latency = 40149439 μs
SLICE ind_msg latency = 40149637 μs
SLICE ind_msg latency = 40149506 μs
SLICE ind_msg latency = 40149722 μs
SLICE ind_msg latency = 40149379 μs
SLICE ind_msg latency = 40149484 μs
SLICE ind_msg latency = 40149263 μs
SLICE ind_msg latency = 40149662 μs
SLICE ind_msg latency = 40149797 μs
SLICE ind_msg latency = 40149529 μs
SLICE ind_msg latency = 40149358 μs
SLICE ind_msg latency = 40149218 μs
SLICE ind_msg latency = 40149472 μs
SLICE ind_msg latency = 40149296 μs
SLICE ind_msg latency = 40149489 μs
SLICE ind_msg latency = 40149376 μs
SLICE ind_msg latency = 40149297 μs
SLICE ind_msg latency = 40149410 μs
SLICE ind_msg latency = 40149413 μs
SLICE ind_msg latency = 40149220 μs
SLICE ind_msg latency = 40149185 μs
SLICE ind_msg latency = 40149453 μs
SLICE ind_msg latency = 40149548 μs
SLICE ind_msg latency = 40149571 μs
SLICE ind_msg latency = 40149560 μs
SLICE ind_msg latency = 40149353 μs
SLICE ind_msg latency = 40149330 μs
SLICE ind_msg latency = 40149490 μs
SLICE ind_msg latency = 40149102 μs
SLICE ind_msg latency = 40149121 μs
SLICE ind_msg latency = 40149195 μs
SLICE ind_msg latency = 40149072 μs
SLICE ind_msg latency = 40149392 μs
SLICE ind_msg latency = 40150353 μs
SLICE ind_msg latency = 40149086 μs
SLICE ind_msg latency = 40148974 μs
SLICE ind_msg latency = 40149098 μs
SLICE ind_msg latency = 40149160 μs
SLICE ind_msg latency = 40149058 μs
SLICE ind_msg latency = 40149253 μs
SLICE ind_msg latency = 40149353 μs
SLICE ind_msg latency = 40149438 μs
SLICE ind_msg latency = 40149237 μs
SLICE ind_msg latency = 40149285 μs
SLICE ind_msg latency = 40148946 μs
SLICE ind_msg latency = 40148976 μs
SLICE ind_msg latency = 40149338 μs
SLICE ind_msg latency = 40149237 μs
SLICE ind_msg latency = 40149274 μs
SLICE ind_msg latency = 40149357 μs
SLICE ind_msg latency = 40149399 μs
SLICE ind_msg latency = 40149253 μs
SLICE ind_msg latency = 40149325 μs
SLICE ind_msg latency = 40149067 μs
SLICE ind_msg latency = 40149417 μs
ADD STATIC DL SLICE: id 0, pos_low 0, pos_high 3
ADD STATIC DL SLICE: id 2, pos_low 4, pos_high 7
ADD STATIC DL SLICE: id 5, pos_low 8, pos_high 12
[xApp]: CONTROL-REQUEST tx 
[xApp]: CONTROL ACK rx
[xApp]: Successfully received CONTROL-ACK 
SLICE ind_msg latency = 40149153 μs
SLICE ind_msg latency = 40148830 μs
SLICE ind_msg latency = 40149227 μs
SLICE ind_msg latency = 40149424 μs
SLICE ind_msg latency = 40149467 μs
SLICE ind_msg latency = 40149066 μs
SLICE ind_msg latency = 40148861 μs
SLICE ind_msg latency = 40149213 μs
SLICE ind_msg latency = 40149395 μs
SLICE ind_msg latency = 40149428 μs
SLICE ind_msg latency = 40149336 μs
SLICE ind_msg latency = 40149450 μs
SLICE ind_msg latency = 40149043 μs
SLICE ind_msg latency = 40149084 μs
SLICE ind_msg latency = 40149214 μs
SLICE ind_msg latency = 40149258 μs
SLICE ind_msg latency = 40149174 μs
SLICE ind_msg latency = 40149341 μs
SLICE ind_msg latency = 40149241 μs
SLICE ind_msg latency = 40149110 μs
SLICE ind_msg latency = 40149398 μs
SLICE ind_msg latency = 40149316 μs
SLICE ind_msg latency = 40149269 μs
SLICE ind_msg latency = 40149316 μs
SLICE ind_msg latency = 40149380 μs
SLICE ind_msg latency = 40149316 μs
SLICE ind_msg latency = 40149219 μs
SLICE ind_msg latency = 40149278 μs
SLICE ind_msg latency = 40149289 μs
SLICE ind_msg latency = 40149204 μs
SLICE ind_msg latency = 40149111 μs
SLICE ind_msg latency = 40149230 μs
SLICE ind_msg latency = 40149199 μs
SLICE ind_msg latency = 40149185 μs
SLICE ind_msg latency = 40149197 μs
SLICE ind_msg latency = 40149338 μs
SLICE ind_msg latency = 40149329 μs
SLICE ind_msg latency = 40149204 μs
SLICE ind_msg latency = 40149038 μs
SLICE ind_msg latency = 40148924 μs
SLICE ind_msg latency = 40149155 μs
SLICE ind_msg latency = 40149122 μs
SLICE ind_msg latency = 40149151 μs
SLICE ind_msg latency = 40149195 μs
SLICE ind_msg latency = 40149212 μs
SLICE ind_msg latency = 40149154 μs
SLICE ind_msg latency = 40149266 μs
SLICE ind_msg latency = 40149097 μs
SLICE ind_msg latency = 40149176 μs
SLICE ind_msg latency = 40149158 μs
SLICE ind_msg latency = 40149290 μs
SLICE ind_msg latency = 40149330 μs
SLICE ind_msg latency = 40148980 μs
SLICE ind_msg latency = 40149037 μs
SLICE ind_msg latency = 40149035 μs
SLICE ind_msg latency = 40149240 μs
SLICE ind_msg latency = 40149242 μs
SLICE ind_msg latency = 40149273 μs
SLICE ind_msg latency = 40149264 μs
SLICE ind_msg latency = 40149193 μs
SLICE ind_msg latency = 40149469 μs
SLICE ind_msg latency = 40149549 μs
SLICE ind_msg latency = 40149883 μs
SLICE ind_msg latency = 40149146 μs
SLICE ind_msg latency = 40148930 μs
SLICE ind_msg latency = 40148864 μs
SLICE ind_msg latency = 40148893 μs
SLICE ind_msg latency = 40149247 μs
SLICE ind_msg latency = 40149218 μs
SLICE ind_msg latency = 40149225 μs
SLICE ind_msg latency = 40149369 μs
SLICE ind_msg latency = 40149498 μs
SLICE ind_msg latency = 40149323 μs
SLICE ind_msg latency = 40149388 μs
SLICE ind_msg latency = 40149110 μs
SLICE ind_msg latency = 40149265 μs
SLICE ind_msg latency = 40149115 μs
SLICE ind_msg latency = 40149444 μs
SLICE ind_msg latency = 40149363 μs
SLICE ind_msg latency = 40149624 μs
SLICE ind_msg latency = 40149043 μs
SLICE ind_msg latency = 40148834 μs
SLICE ind_msg latency = 40149012 μs
SLICE ind_msg latency = 40149247 μs
SLICE ind_msg latency = 40149238 μs
SLICE ind_msg latency = 40149676 μs
SLICE ind_msg latency = 40149344 μs
SLICE ind_msg latency = 40149453 μs
SLICE ind_msg latency = 40149299 μs
SLICE ind_msg latency = 40149423 μs
SLICE ind_msg latency = 40149095 μs
SLICE ind_msg latency = 40149314 μs
SLICE ind_msg latency = 40149001 μs
SLICE ind_msg latency = 40149272 μs
SLICE ind_msg latency = 40149239 μs
SLICE ind_msg latency = 40149202 μs
SLICE ind_msg latency = 40149124 μs
SLICE ind_msg latency = 40149256 μs
SLICE ind_msg latency = 40149145 μs
SLICE ind_msg latency = 40149298 μs
SLICE ind_msg latency = 40149142 μs
SLICE ind_msg latency = 40149293 μs
SLICE ind_msg latency = 40149216 μs
SLICE ind_msg latency = 40149216 μs
SLICE ind_msg latency = 40149228 μs
SLICE ind_msg latency = 40149465 μs
SLICE ind_msg latency = 40149376 μs
SLICE ind_msg latency = 40149307 μs
SLICE ind_msg latency = 40148920 μs
SLICE ind_msg latency = 40149005 μs
SLICE ind_msg latency = 40149229 μs
SLICE ind_msg latency = 40149304 μs
SLICE ind_msg latency = 40149163 μs
SLICE ind_msg latency = 40149183 μs
SLICE ind_msg latency = 40148852 μs
SLICE ind_msg latency = 40148851 μs
SLICE ind_msg latency = 40149656 μs
SLICE ind_msg latency = 40148596 μs
SLICE ind_msg latency = 40148565 μs
SLICE ind_msg latency = 40148719 μs
SLICE ind_msg latency = 40148695 μs
SLICE ind_msg latency = 40148670 μs
SLICE ind_msg latency = 40148562 μs
SLICE ind_msg latency = 40148548 μs
SLICE ind_msg latency = 40148610 μs
SLICE ind_msg latency = 40149005 μs
SLICE ind_msg latency = 40149055 μs
SLICE ind_msg latency = 40149161 μs
SLICE ind_msg latency = 40149357 μs
SLICE ind_msg latency = 40149257 μs
SLICE ind_msg latency = 40149453 μs
SLICE ind_msg latency = 40149374 μs
SLICE ind_msg latency = 40149324 μs
SLICE ind_msg latency = 40148722 μs
SLICE ind_msg latency = 40148727 μs
SLICE ind_msg latency = 40148636 μs
SLICE ind_msg latency = 40148633 μs
SLICE ind_msg latency = 40148682 μs
SLICE ind_msg latency = 40149046 μs
SLICE ind_msg latency = 40149156 μs
SLICE ind_msg latency = 40149006 μs
SLICE ind_msg latency = 40149052 μs
SLICE ind_msg latency = 40149440 μs
SLICE ind_msg latency = 40149418 μs
SLICE ind_msg latency = 40149439 μs
SLICE ind_msg latency = 40149167 μs
SLICE ind_msg latency = 40149308 μs
SLICE ind_msg latency = 40149293 μs
SLICE ind_msg latency = 40149281 μs
SLICE ind_msg latency = 40149334 μs
SLICE ind_msg latency = 40149205 μs
SLICE ind_msg latency = 40149383 μs
SLICE ind_msg latency = 40149383 μs
SLICE ind_msg latency = 40149299 μs
SLICE ind_msg latency = 40149131 μs
SLICE ind_msg latency = 40149512 μs
SLICE ind_msg latency = 40149546 μs
SLICE ind_msg latency = 40149576 μs
SLICE ind_msg latency = 40149258 μs
SLICE ind_msg latency = 40149382 μs
SLICE ind_msg latency = 40149367 μs
SLICE ind_msg latency = 40149319 μs
SLICE ind_msg latency = 40149229 μs
SLICE ind_msg latency = 40149216 μs
SLICE ind_msg latency = 40149526 μs
SLICE ind_msg latency = 40149441 μs
SLICE ind_msg latency = 40149114 μs
SLICE ind_msg latency = 40149258 μs
SLICE ind_msg latency = 40149223 μs
SLICE ind_msg latency = 40149057 μs
SLICE ind_msg latency = 40149044 μs
SLICE ind_msg latency = 40149504 μs
SLICE ind_msg latency = 40149575 μs
SLICE ind_msg latency = 40149330 μs
SLICE ind_msg latency = 40149292 μs
SLICE ind_msg latency = 40149301 μs
SLICE ind_msg latency = 40149412 μs
SLICE ind_msg latency = 40149057 μs
SLICE ind_msg latency = 40149730 μs
SLICE ind_msg latency = 40149334 μs
SLICE ind_msg latency = 40149588 μs
SLICE ind_msg latency = 40149204 μs
SLICE ind_msg latency = 40149263 μs
SLICE ind_msg latency = 40149186 μs
SLICE ind_msg latency = 40149262 μs
SLICE ind_msg latency = 40149180 μs
SLICE ind_msg latency = 40149176 μs
SLICE ind_msg latency = 40149193 μs
SLICE ind_msg latency = 40149226 μs
SLICE ind_msg latency = 40149017 μs
SLICE ind_msg latency = 40149332 μs
SLICE ind_msg latency = 40149262 μs
SLICE ind_msg latency = 40149228 μs
SLICE ind_msg latency = 40149253 μs
SLICE ind_msg latency = 40149221 μs
SLICE ind_msg latency = 40149136 μs
SLICE ind_msg latency = 40149117 μs
SLICE ind_msg latency = 40149144 μs
SLICE ind_msg latency = 40149140 μs
SLICE ind_msg latency = 40149324 μs
DEL DL SLICE: id 2
[xApp]: CONTROL-REQUEST tx 
[xApp]: CONTROL ACK rx
[xApp]: Successfully received CONTROL-ACK 
SLICE ind_msg latency = 40149136 μs
SLICE ind_msg latency = 40149092 μs
SLICE ind_msg latency = 40149212 μs
SLICE ind_msg latency = 40149165 μs
SLICE ind_msg latency = 40149144 μs
SLICE ind_msg latency = 40149029 μs
SLICE ind_msg latency = 40148811 μs
SLICE ind_msg latency = 40148737 μs
SLICE ind_msg latency = 40148948 μs
SLICE ind_msg latency = 40149189 μs
SLICE ind_msg latency = 40149335 μs
SLICE ind_msg latency = 40149360 μs
SLICE ind_msg latency = 40149337 μs
SLICE ind_msg latency = 40148819 μs
SLICE ind_msg latency = 40148986 μs
SLICE ind_msg latency = 40149389 μs
SLICE ind_msg latency = 40148986 μs
SLICE ind_msg latency = 40149047 μs
SLICE ind_msg latency = 40149031 μs
SLICE ind_msg latency = 40149415 μs
SLICE ind_msg latency = 40149128 μs
SLICE ind_msg latency = 40149444 μs
SLICE ind_msg latency = 40149092 μs
SLICE ind_msg latency = 40149283 μs
SLICE ind_msg latency = 40149400 μs
SLICE ind_msg latency = 40149387 μs
SLICE ind_msg latency = 40149289 μs
SLICE ind_msg latency = 40149472 μs
SLICE ind_msg latency = 40149019 μs
SLICE ind_msg latency = 40149365 μs
SLICE ind_msg latency = 40149159 μs
SLICE ind_msg latency = 40149548 μs
SLICE ind_msg latency = 40149267 μs
SLICE ind_msg latency = 40149351 μs
SLICE ind_msg latency = 40149289 μs
SLICE ind_msg latency = 40149567 μs
SLICE ind_msg latency = 40149100 μs
SLICE ind_msg latency = 40149402 μs
SLICE ind_msg latency = 40149243 μs
SLICE ind_msg latency = 40149228 μs
SLICE ind_msg latency = 40148963 μs
SLICE ind_msg latency = 40149234 μs
SLICE ind_msg latency = 40149193 μs
SLICE ind_msg latency = 40149786 μs
SLICE ind_msg latency = 40149202 μs
SLICE ind_msg latency = 40149420 μs
SLICE ind_msg latency = 40149319 μs
SLICE ind_msg latency = 40149395 μs
SLICE ind_msg latency = 40149067 μs
SLICE ind_msg latency = 40149207 μs
SLICE ind_msg latency = 40149406 μs
SLICE ind_msg latency = 40149579 μs
SLICE ind_msg latency = 40149383 μs
SLICE ind_msg latency = 40149321 μs
SLICE ind_msg latency = 40149337 μs
SLICE ind_msg latency = 40149495 μs
SLICE ind_msg latency = 40149253 μs
SLICE ind_msg latency = 40149505 μs
SLICE ind_msg latency = 40149411 μs
SLICE ind_msg latency = 40149414 μs
SLICE ind_msg latency = 40149376 μs
SLICE ind_msg latency = 40149538 μs
SLICE ind_msg latency = 40149441 μs
SLICE ind_msg latency = 40149643 μs
SLICE ind_msg latency = 40149398 μs
SLICE ind_msg latency = 40149530 μs
SLICE ind_msg latency = 40149372 μs
SLICE ind_msg latency = 40149607 μs
SLICE ind_msg latency = 40149450 μs
SLICE ind_msg latency = 40149650 μs
SLICE ind_msg latency = 40149210 μs
SLICE ind_msg latency = 40149402 μs
SLICE ind_msg latency = 40149280 μs
SLICE ind_msg latency = 40149378 μs
SLICE ind_msg latency = 40149225 μs
SLICE ind_msg latency = 40149378 μs
SLICE ind_msg latency = 40149263 μs
SLICE ind_msg latency = 40149302 μs
SLICE ind_msg latency = 40149121 μs
SLICE ind_msg latency = 40149306 μs
SLICE ind_msg latency = 40149126 μs
SLICE ind_msg latency = 40148805 μs
SLICE ind_msg latency = 40149009 μs
SLICE ind_msg latency = 40149418 μs
SLICE ind_msg latency = 40149201 μs
SLICE ind_msg latency = 40149280 μs
SLICE ind_msg latency = 40149094 μs
SLICE ind_msg latency = 40149485 μs
SLICE ind_msg latency = 40149193 μs
SLICE ind_msg latency = 40149457 μs
SLICE ind_msg latency = 40149278 μs
SLICE ind_msg latency = 40149433 μs
SLICE ind_msg latency = 40149344 μs
SLICE ind_msg latency = 40149628 μs
SLICE ind_msg latency = 40149375 μs
SLICE ind_msg latency = 40149454 μs
SLICE ind_msg latency = 40149358 μs
SLICE ind_msg latency = 40149258 μs
SLICE ind_msg latency = 40149378 μs
SLICE ind_msg latency = 40149647 μs
SLICE ind_msg latency = 40149665 μs
SLICE ind_msg latency = 40149447 μs
SLICE ind_msg latency = 40149169 μs
SLICE ind_msg latency = 40149297 μs
SLICE ind_msg latency = 40149145 μs
SLICE ind_msg latency = 40149227 μs
SLICE ind_msg latency = 40149118 μs
SLICE ind_msg latency = 40149296 μs
SLICE ind_msg latency = 40149546 μs
SLICE ind_msg latency = 40149628 μs
SLICE ind_msg latency = 40149506 μs
SLICE ind_msg latency = 40149607 μs
SLICE ind_msg latency = 40149682 μs
SLICE ind_msg latency = 40149429 μs
SLICE ind_msg latency = 40149312 μs
SLICE ind_msg latency = 40149303 μs
SLICE ind_msg latency = 40149401 μs
SLICE ind_msg latency = 40149239 μs
SLICE ind_msg latency = 40148973 μs
SLICE ind_msg latency = 40149202 μs
SLICE ind_msg latency = 40149228 μs
SLICE ind_msg latency = 40149489 μs
SLICE ind_msg latency = 40149100 μs
SLICE ind_msg latency = 40149097 μs
SLICE ind_msg latency = 40148927 μs
SLICE ind_msg latency = 40149113 μs
SLICE ind_msg latency = 40149128 μs
SLICE ind_msg latency = 40149247 μs
SLICE ind_msg latency = 40149272 μs
SLICE ind_msg latency = 40149346 μs
SLICE ind_msg latency = 40149221 μs
SLICE ind_msg latency = 40149521 μs
SLICE ind_msg latency = 40149309 μs
SLICE ind_msg latency = 40149097 μs
SLICE ind_msg latency = 40148834 μs
SLICE ind_msg latency = 40148968 μs
SLICE ind_msg latency = 40148970 μs
SLICE ind_msg latency = 40149093 μs
SLICE ind_msg latency = 40149173 μs
SLICE ind_msg latency = 40149321 μs
SLICE ind_msg latency = 40149237 μs
SLICE ind_msg latency = 40149313 μs
SLICE ind_msg latency = 40149232 μs
SLICE ind_msg latency = 40149254 μs
SLICE ind_msg latency = 40149228 μs
SLICE ind_msg latency = 40149242 μs
SLICE ind_msg latency = 40149279 μs
SLICE ind_msg latency = 40149506 μs
SLICE ind_msg latency = 40149278 μs
SLICE ind_msg latency = 40149418 μs
SLICE ind_msg latency = 40149440 μs
SLICE ind_msg latency = 40149544 μs
SLICE ind_msg latency = 40149350 μs
SLICE ind_msg latency = 40149205 μs
SLICE ind_msg latency = 40149195 μs
SLICE ind_msg latency = 40149424 μs
SLICE ind_msg latency = 40149382 μs
SLICE ind_msg latency = 40149424 μs
SLICE ind_msg latency = 40149163 μs
SLICE ind_msg latency = 40149333 μs
SLICE ind_msg latency = 40149244 μs
SLICE ind_msg latency = 40149646 μs
SLICE ind_msg latency = 40149220 μs
SLICE ind_msg latency = 40149432 μs
SLICE ind_msg latency = 40149301 μs
SLICE ind_msg latency = 40149425 μs
SLICE ind_msg latency = 40149220 μs
SLICE ind_msg latency = 40149261 μs
SLICE ind_msg latency = 40149329 μs
SLICE ind_msg latency = 40149246 μs
SLICE ind_msg latency = 40149337 μs
SLICE ind_msg latency = 40149364 μs
SLICE ind_msg latency = 40149367 μs
SLICE ind_msg latency = 40149346 μs
SLICE ind_msg latency = 40149272 μs
SLICE ind_msg latency = 40149587 μs
SLICE ind_msg latency = 40149285 μs
SLICE ind_msg latency = 40149395 μs
SLICE ind_msg latency = 40149159 μs
SLICE ind_msg latency = 40149358 μs
SLICE ind_msg latency = 40149204 μs
SLICE ind_msg latency = 40149341 μs
SLICE ind_msg latency = 40149327 μs
SLICE ind_msg latency = 40149307 μs
SLICE ind_msg latency = 40149096 μs
SLICE ind_msg latency = 40149192 μs
SLICE ind_msg latency = 40149263 μs
SLICE ind_msg latency = 40149362 μs
SLICE ind_msg latency = 40149077 μs
SLICE ind_msg latency = 40149377 μs
SLICE ind_msg latency = 40149149 μs
SLICE ind_msg latency = 40149638 μs
SLICE ind_msg latency = 40149466 μs
SLICE ind_msg latency = 40149511 μs
SLICE ind_msg latency = 40149598 μs
SLICE ind_msg latency = 40149726 μs
SLICE ind_msg latency = 40149307 μs
SLICE ind_msg latency = 40149374 μs
SLICE ind_msg latency = 40149175 μs
SLICE ind_msg latency = 40149373 μs
ASSOC DL SLICE: <rnti>, id 5
[xApp]: CONTROL-REQUEST tx 
SLICE ind_msg latency = 40149283 μs
[xApp]: CONTROL ACK rx
[xApp]: Successfully received CONTROL-ACK 
SLICE ind_msg latency = 40149447 μs
SLICE ind_msg latency = 40149444 μs
SLICE ind_msg latency = 40149211 μs
SLICE ind_msg latency = 40149181 μs
SLICE ind_msg latency = 40149184 μs
SLICE ind_msg latency = 40148817 μs
SLICE ind_msg latency = 40148861 μs
SLICE ind_msg latency = 40149262 μs
SLICE ind_msg latency = 40149099 μs
SLICE ind_msg latency = 40149159 μs
SLICE ind_msg latency = 40149418 μs
SLICE ind_msg latency = 40149581 μs
SLICE ind_msg latency = 40149108 μs
SLICE ind_msg latency = 40149017 μs
SLICE ind_msg latency = 40149202 μs
SLICE ind_msg latency = 40149348 μs
SLICE ind_msg latency = 40149264 μs
SLICE ind_msg latency = 40149379 μs
SLICE ind_msg latency = 40149063 μs
SLICE ind_msg latency = 40149351 μs
SLICE ind_msg latency = 40149145 μs
SLICE ind_msg latency = 40149488 μs
SLICE ind_msg latency = 40149453 μs
SLICE ind_msg latency = 40149573 μs
SLICE ind_msg latency = 40149362 μs
SLICE ind_msg latency = 40149583 μs
SLICE ind_msg latency = 40149343 μs
SLICE ind_msg latency = 40149534 μs
SLICE ind_msg latency = 40149717 μs
SLICE ind_msg latency = 40149463 μs
SLICE ind_msg latency = 40149456 μs
SLICE ind_msg latency = 40149388 μs
SLICE ind_msg latency = 40149650 μs
SLICE ind_msg latency = 40149281 μs
SLICE ind_msg latency = 40149518 μs
SLICE ind_msg latency = 40149869 μs
SLICE ind_msg latency = 40149332 μs
SLICE ind_msg latency = 40149131 μs
SLICE ind_msg latency = 40149312 μs
SLICE ind_msg latency = 40149479 μs
SLICE ind_msg latency = 40149673 μs
SLICE ind_msg latency = 40149563 μs
SLICE ind_msg latency = 40149764 μs
SLICE ind_msg latency = 40149581 μs
SLICE ind_msg latency = 40149366 μs
SLICE ind_msg latency = 40149409 μs
SLICE ind_msg latency = 40149625 μs
SLICE ind_msg latency = 40149583 μs
SLICE ind_msg latency = 40149441 μs
SLICE ind_msg latency = 40149161 μs
SLICE ind_msg latency = 40149516 μs
SLICE ind_msg latency = 40149639 μs
SLICE ind_msg latency = 40149623 μs
SLICE ind_msg latency = 40149590 μs
SLICE ind_msg latency = 40149383 μs
SLICE ind_msg latency = 40149504 μs
SLICE ind_msg latency = 40149136 μs
SLICE ind_msg latency = 40149216 μs
SLICE ind_msg latency = 40149318 μs
SLICE ind_msg latency = 40149372 μs
SLICE ind_msg latency = 40149219 μs
SLICE ind_msg latency = 40149252 μs
SLICE ind_msg latency = 40149303 μs
SLICE ind_msg latency = 40149314 μs
SLICE ind_msg latency = 40149203 μs
SLICE ind_msg latency = 40149328 μs
SLICE ind_msg latency = 40149452 μs
SLICE ind_msg latency = 40149488 μs
SLICE ind_msg latency = 40149336 μs
SLICE ind_msg latency = 40149536 μs
SLICE ind_msg latency = 40149301 μs
SLICE ind_msg latency = 40149721 μs
SLICE ind_msg latency = 40149480 μs
SLICE ind_msg latency = 40149409 μs
SLICE ind_msg latency = 40148947 μs
SLICE ind_msg latency = 40148689 μs
SLICE ind_msg latency = 40148906 μs
SLICE ind_msg latency = 40149496 μs
SLICE ind_msg latency = 40149396 μs
SLICE ind_msg latency = 40149236 μs
SLICE ind_msg latency = 40148953 μs
SLICE ind_msg latency = 40149205 μs
SLICE ind_msg latency = 40149202 μs
SLICE ind_msg latency = 40149432 μs
SLICE ind_msg latency = 40149274 μs
SLICE ind_msg latency = 40149316 μs
SLICE ind_msg latency = 40149258 μs
SLICE ind_msg latency = 40149365 μs
SLICE ind_msg latency = 40149302 μs
SLICE ind_msg latency = 40149528 μs
SLICE ind_msg latency = 40149472 μs
SLICE ind_msg latency = 40149728 μs
SLICE ind_msg latency = 40149446 μs
SLICE ind_msg latency = 40149522 μs
SLICE ind_msg latency = 40149350 μs
SLICE ind_msg latency = 40149502 μs
SLICE ind_msg latency = 40149386 μs
SLICE ind_msg latency = 40149522 μs
SLICE ind_msg latency = 40149268 μs
SLICE ind_msg latency = 40149334 μs
SLICE ind_msg latency = 40149162 μs
SLICE ind_msg latency = 40149206 μs
SLICE ind_msg latency = 40149245 μs
SLICE ind_msg latency = 40149236 μs
SLICE ind_msg latency = 40149136 μs
SLICE ind_msg latency = 40149093 μs
SLICE ind_msg latency = 40149022 μs
SLICE ind_msg latency = 40149322 μs
SLICE ind_msg latency = 40149090 μs
SLICE ind_msg latency = 40148895 μs
SLICE ind_msg latency = 40148988 μs
SLICE ind_msg latency = 40149120 μs
SLICE ind_msg latency = 40149107 μs
SLICE ind_msg latency = 40149096 μs
SLICE ind_msg latency = 40149275 μs
SLICE ind_msg latency = 40149114 μs
SLICE ind_msg latency = 40149202 μs
SLICE ind_msg latency = 40149244 μs
SLICE ind_msg latency = 40149240 μs
SLICE ind_msg latency = 40149273 μs
SLICE ind_msg latency = 40149305 μs
SLICE ind_msg latency = 40149111 μs
SLICE ind_msg latency = 40148902 μs
SLICE ind_msg latency = 40148978 μs
SLICE ind_msg latency = 40149250 μs
SLICE ind_msg latency = 40149402 μs
SLICE ind_msg latency = 40149316 μs
SLICE ind_msg latency = 40149088 μs
SLICE ind_msg latency = 40149119 μs
SLICE ind_msg latency = 40149269 μs
SLICE ind_msg latency = 40149506 μs
SLICE ind_msg latency = 40149494 μs
SLICE ind_msg latency = 40149531 μs
SLICE ind_msg latency = 40149247 μs
SLICE ind_msg latency = 40149232 μs
SLICE ind_msg latency = 40149245 μs
SLICE ind_msg latency = 40149628 μs
SLICE ind_msg latency = 40149281 μs
SLICE ind_msg latency = 40149300 μs
SLICE ind_msg latency = 40149344 μs
SLICE ind_msg latency = 40149363 μs
SLICE ind_msg latency = 40149493 μs
SLICE ind_msg latency = 40149547 μs
SLICE ind_msg latency = 40149541 μs
SLICE ind_msg latency = 40149422 μs
SLICE ind_msg latency = 40149487 μs
SLICE ind_msg latency = 40149465 μs
SLICE ind_msg latency = 40149493 μs
SLICE ind_msg latency = 40149167 μs
SLICE ind_msg latency = 40149201 μs
SLICE ind_msg latency = 40149264 μs
SLICE ind_msg latency = 40149557 μs
SLICE ind_msg latency = 40149526 μs
SLICE ind_msg latency = 40149406 μs
SLICE ind_msg latency = 40149404 μs
SLICE ind_msg latency = 40149320 μs
SLICE ind_msg latency = 40149258 μs
SLICE ind_msg latency = 40149322 μs
SLICE ind_msg latency = 40149174 μs
SLICE ind_msg latency = 40149488 μs
SLICE ind_msg latency = 40149091 μs
SLICE ind_msg latency = 40149396 μs
SLICE ind_msg latency = 40149438 μs
SLICE ind_msg latency = 40149326 μs
SLICE ind_msg latency = 40149416 μs
SLICE ind_msg latency = 40149148 μs
SLICE ind_msg latency = 40149148 μs
SLICE ind_msg latency = 40149163 μs
SLICE ind_msg latency = 40149158 μs
SLICE ind_msg latency = 40149150 μs
SLICE ind_msg latency = 40149394 μs
SLICE ind_msg latency = 40149385 μs
SLICE ind_msg latency = 40149497 μs
SLICE ind_msg latency = 40149428 μs
SLICE ind_msg latency = 40149649 μs
SLICE ind_msg latency = 40149473 μs
SLICE ind_msg latency = 40149471 μs
SLICE ind_msg latency = 40149187 μs
SLICE ind_msg latency = 40149112 μs
SLICE ind_msg latency = 40149305 μs
SLICE ind_msg latency = 40149282 μs
SLICE ind_msg latency = 40149021 μs
SLICE ind_msg latency = 40149487 μs
SLICE ind_msg latency = 40149281 μs
SLICE ind_msg latency = 40149038 μs
SLICE ind_msg latency = 40149301 μs
SLICE ind_msg latency = 40149262 μs
SLICE ind_msg latency = 40149409 μs
SLICE ind_msg latency = 40149148 μs
SLICE ind_msg latency = 40149038 μs
SLICE ind_msg latency = 40149368 μs
SLICE ind_msg latency = 40149458 μs
SLICE ind_msg latency = 40149251 μs
SLICE ind_msg latency = 40149139 μs
SLICE ind_msg latency = 40149211 μs
SLICE ind_msg latency = 40149157 μs
SLICE ind_msg latency = 40149184 μs
SLICE ind_msg latency = 40149067 μs
SLICE ind_msg latency = 40149228 μs
SLICE ind_msg latency = 40149190 μs
[xApp]: E42 RIC_SUBSCRIPTION_DELETE_REQUEST tx RAN_FUNC_ID 145 RIC_REQ_ID 1 
[xApp]: E42 SUBSCRIPTION DELETE RESPONSE rx
[xApp]: Sucessfully stopped 
Test xApp run SUCCESSFULLY
Diff time between Connection and Subscription: 2561μs
