[UTIL]: Setting the config -c file to flexric.conf
[UTIL]: Setting path -p for the shared libraries to /usr/local/lib/flexric/
[xAapp]: Initializing ... 
[xApp]: nearRT-RIC IP Address = 191.4.204.131, PORT = 36422
[E2 AGENT]: Opening plugin from path = /usr/local/lib/flexric/libpdcp_sm.so 
[E2 AGENT]: Opening plugin from path = /usr/local/lib/flexric/libmac_sm.so 
[E2 AGENT]: Opening plugin from path = /usr/local/lib/flexric/libgtp_sm.so 
[E2 AGENT]: Opening plugin from path = /usr/local/lib/flexric/libkpm_sm.so 
[E2 AGENT]: Opening plugin from path = /usr/local/lib/flexric/libtc_sm.so 
[E2 AGENT]: Opening plugin from path = /usr/local/lib/flexric/librc_sm.so 
[E2 AGENT]: Opening plugin from path = /usr/local/lib/flexric/libslice_sm.so 
[E2 AGENT]: Opening plugin from path = /usr/local/lib/flexric/librlc_sm.so 
[NEAR-RIC]: Loading SM ID = 144 with def = PDCP_STATS_V0 
[NEAR-RIC]: Loading SM ID = 142 with def = MAC_STATS_V0 
[NEAR-RIC]: Loading SM ID = 148 with def = GTP_STATS_V0 
[NEAR-RIC]: Loading SM ID = 2 with def = ORAN-E2SM-KPM 
[NEAR-RIC]: Loading SM ID = 146 with def = TC_STATS_V0 
[NEAR-RIC]: Loading SM ID = 3 with def = ORAN-E2SM-RC 
[NEAR-RIC]: Loading SM ID = 145 with def = SLICE_STATS_V0 
[NEAR-RIC]: Loading SM ID = 143 with def = RLC_STATS_V0 
[xApp]: DB filename = /tmp/xapp_db_1710190271714427 
 [xApp]: E42 SETUP-REQUEST tx
[xApp]: E42 SETUP-RESPONSE rx 
[xApp]: xApp ID = 47 
[xApp]: Registered E2 Nodes = 1 
Connected E2 nodes len = 1
Registered ran func id = 2 
 Registered ran func id = 3 
 Registered ran func id = 142 
 Registered ran func id = 143 
 Registered ran func id = 144 
 Registered ran func id = 145 
 Registered ran func id = 146 
 Registered ran func id = 148 
 [xApp]: E42 RIC SUBSCRIPTION REQUEST tx RAN_FUNC_ID 145 RIC_REQ_ID 1 
[xApp]: SUBSCRIPTION RESPONSE rx
[xApp]: Successfully subscribed to RAN_FUNC_ID 145 
Tempo: 1710190273723812
Diff: 2221μs
SLICE ind_msg latency = 40149842 μs
SLICE ind_msg latency = 40149923 μs
SLICE ind_msg latency = 40150003 μs
SLICE ind_msg latency = 40149801 μs
SLICE ind_msg latency = 40149866 μs
SLICE ind_msg latency = 40149382 μs
SLICE ind_msg latency = 40149805 μs
SLICE ind_msg latency = 40149744 μs
SLICE ind_msg latency = 40149968 μs
SLICE ind_msg latency = 40149804 μs
SLICE ind_msg latency = 40150201 μs
SLICE ind_msg latency = 40150041 μs
SLICE ind_msg latency = 40150026 μs
SLICE ind_msg latency = 40150184 μs
SLICE ind_msg latency = 40150074 μs
SLICE ind_msg latency = 40150096 μs
SLICE ind_msg latency = 40149855 μs
SLICE ind_msg latency = 40150072 μs
SLICE ind_msg latency = 40150030 μs
SLICE ind_msg latency = 40149956 μs
SLICE ind_msg latency = 40149911 μs
SLICE ind_msg latency = 40149854 μs
SLICE ind_msg latency = 40150225 μs
SLICE ind_msg latency = 40150053 μs
SLICE ind_msg latency = 40149861 μs
SLICE ind_msg latency = 40150134 μs
SLICE ind_msg latency = 40149712 μs
SLICE ind_msg latency = 40149761 μs
SLICE ind_msg latency = 40149967 μs
SLICE ind_msg latency = 40150199 μs
SLICE ind_msg latency = 40150248 μs
SLICE ind_msg latency = 40150199 μs
SLICE ind_msg latency = 40149963 μs
SLICE ind_msg latency = 40149663 μs
SLICE ind_msg latency = 40149947 μs
SLICE ind_msg latency = 40149846 μs
SLICE ind_msg latency = 40149842 μs
SLICE ind_msg latency = 40149851 μs
SLICE ind_msg latency = 40150226 μs
SLICE ind_msg latency = 40150061 μs
SLICE ind_msg latency = 40149852 μs
SLICE ind_msg latency = 40150113 μs
SLICE ind_msg latency = 40150012 μs
SLICE ind_msg latency = 40149861 μs
SLICE ind_msg latency = 40150010 μs
SLICE ind_msg latency = 40150141 μs
SLICE ind_msg latency = 40149812 μs
SLICE ind_msg latency = 40150028 μs
SLICE ind_msg latency = 40149936 μs
SLICE ind_msg latency = 40150115 μs
SLICE ind_msg latency = 40149734 μs
SLICE ind_msg latency = 40149922 μs
SLICE ind_msg latency = 40150316 μs
SLICE ind_msg latency = 40150062 μs
SLICE ind_msg latency = 40150318 μs
SLICE ind_msg latency = 40150196 μs
SLICE ind_msg latency = 40149805 μs
SLICE ind_msg latency = 40149976 μs
SLICE ind_msg latency = 40150028 μs
SLICE ind_msg latency = 40150089 μs
SLICE ind_msg latency = 40150300 μs
SLICE ind_msg latency = 40150067 μs
SLICE ind_msg latency = 40149653 μs
SLICE ind_msg latency = 40149949 μs
SLICE ind_msg latency = 40149649 μs
SLICE ind_msg latency = 40149467 μs
SLICE ind_msg latency = 40149793 μs
SLICE ind_msg latency = 40149699 μs
SLICE ind_msg latency = 40149887 μs
SLICE ind_msg latency = 40149689 μs
SLICE ind_msg latency = 40149888 μs
SLICE ind_msg latency = 40150027 μs
SLICE ind_msg latency = 40150437 μs
SLICE ind_msg latency = 40149953 μs
SLICE ind_msg latency = 40150257 μs
SLICE ind_msg latency = 40150001 μs
SLICE ind_msg latency = 40150219 μs
SLICE ind_msg latency = 40149971 μs
SLICE ind_msg latency = 40149578 μs
SLICE ind_msg latency = 40149742 μs
SLICE ind_msg latency = 40149953 μs
SLICE ind_msg latency = 40149975 μs
SLICE ind_msg latency = 40149818 μs
SLICE ind_msg latency = 40149827 μs
SLICE ind_msg latency = 40149773 μs
SLICE ind_msg latency = 40149793 μs
SLICE ind_msg latency = 40149850 μs
SLICE ind_msg latency = 40149642 μs
SLICE ind_msg latency = 40149421 μs
SLICE ind_msg latency = 40149664 μs
SLICE ind_msg latency = 40149827 μs
SLICE ind_msg latency = 40149697 μs
SLICE ind_msg latency = 40149747 μs
SLICE ind_msg latency = 40149902 μs
SLICE ind_msg latency = 40149861 μs
SLICE ind_msg latency = 40149933 μs
SLICE ind_msg latency = 40149948 μs
SLICE ind_msg latency = 40149993 μs
SLICE ind_msg latency = 40150069 μs
SLICE ind_msg latency = 40150184 μs
SLICE ind_msg latency = 40149980 μs
SLICE ind_msg latency = 40150003 μs
SLICE ind_msg latency = 40149930 μs
SLICE ind_msg latency = 40149948 μs
SLICE ind_msg latency = 40149930 μs
SLICE ind_msg latency = 40149911 μs
SLICE ind_msg latency = 40149902 μs
SLICE ind_msg latency = 40149988 μs
SLICE ind_msg latency = 40150026 μs
SLICE ind_msg latency = 40149943 μs
SLICE ind_msg latency = 40149922 μs
SLICE ind_msg latency = 40149902 μs
SLICE ind_msg latency = 40149884 μs
SLICE ind_msg latency = 40149960 μs
SLICE ind_msg latency = 40149941 μs
SLICE ind_msg latency = 40150005 μs
SLICE ind_msg latency = 40150036 μs
SLICE ind_msg latency = 40149954 μs
SLICE ind_msg latency = 40150104 μs
SLICE ind_msg latency = 40149993 μs
SLICE ind_msg latency = 40149946 μs
SLICE ind_msg latency = 40150145 μs
SLICE ind_msg latency = 40150172 μs
SLICE ind_msg latency = 40149909 μs
SLICE ind_msg latency = 40150236 μs
SLICE ind_msg latency = 40149995 μs
SLICE ind_msg latency = 40149921 μs
SLICE ind_msg latency = 40149893 μs
SLICE ind_msg latency = 40149768 μs
SLICE ind_msg latency = 40150129 μs
SLICE ind_msg latency = 40149987 μs
SLICE ind_msg latency = 40149904 μs
SLICE ind_msg latency = 40149853 μs
SLICE ind_msg latency = 40150041 μs
SLICE ind_msg latency = 40149786 μs
SLICE ind_msg latency = 40149920 μs
SLICE ind_msg latency = 40149933 μs
SLICE ind_msg latency = 40149955 μs
SLICE ind_msg latency = 40150230 μs
SLICE ind_msg latency = 40150093 μs
SLICE ind_msg latency = 40150307 μs
SLICE ind_msg latency = 40149817 μs
SLICE ind_msg latency = 40149761 μs
SLICE ind_msg latency = 40150068 μs
SLICE ind_msg latency = 40149986 μs
SLICE ind_msg latency = 40150091 μs
SLICE ind_msg latency = 40150008 μs
SLICE ind_msg latency = 40149772 μs
SLICE ind_msg latency = 40149891 μs
SLICE ind_msg latency = 40149822 μs
SLICE ind_msg latency = 40150174 μs
SLICE ind_msg latency = 40150092 μs
SLICE ind_msg latency = 40150046 μs
SLICE ind_msg latency = 40150003 μs
SLICE ind_msg latency = 40149827 μs
SLICE ind_msg latency = 40149796 μs
SLICE ind_msg latency = 40149851 μs
SLICE ind_msg latency = 40149743 μs
SLICE ind_msg latency = 40149761 μs
SLICE ind_msg latency = 40149929 μs
SLICE ind_msg latency = 40149863 μs
SLICE ind_msg latency = 40149803 μs
SLICE ind_msg latency = 40149660 μs
SLICE ind_msg latency = 40149528 μs
SLICE ind_msg latency = 40149538 μs
SLICE ind_msg latency = 40149734 μs
SLICE ind_msg latency = 40149345 μs
SLICE ind_msg latency = 40149238 μs
SLICE ind_msg latency = 40149379 μs
SLICE ind_msg latency = 40149901 μs
SLICE ind_msg latency = 40149695 μs
SLICE ind_msg latency = 40149622 μs
SLICE ind_msg latency = 40149632 μs
SLICE ind_msg latency = 40149673 μs
SLICE ind_msg latency = 40149664 μs
SLICE ind_msg latency = 40149776 μs
SLICE ind_msg latency = 40149698 μs
SLICE ind_msg latency = 40149995 μs
SLICE ind_msg latency = 40149528 μs
SLICE ind_msg latency = 40149693 μs
SLICE ind_msg latency = 40149301 μs
SLICE ind_msg latency = 40149240 μs
SLICE ind_msg latency = 40150031 μs
SLICE ind_msg latency = 40149616 μs
SLICE ind_msg latency = 40149706 μs
SLICE ind_msg latency = 40149840 μs
SLICE ind_msg latency = 40149850 μs
SLICE ind_msg latency = 40149986 μs
SLICE ind_msg latency = 40149621 μs
SLICE ind_msg latency = 40149650 μs
SLICE ind_msg latency = 40149878 μs
SLICE ind_msg latency = 40149856 μs
SLICE ind_msg latency = 40149512 μs
SLICE ind_msg latency = 40149252 μs
SLICE ind_msg latency = 40149291 μs
SLICE ind_msg latency = 40149445 μs
SLICE ind_msg latency = 40149569 μs
SLICE ind_msg latency = 40149902 μs
SLICE ind_msg latency = 40150072 μs
SLICE ind_msg latency = 40149975 μs
SLICE ind_msg latency = 40149878 μs
SLICE ind_msg latency = 40149796 μs
SLICE ind_msg latency = 40149923 μs
SLICE ind_msg latency = 40150205 μs
SLICE ind_msg latency = 40149771 μs
SLICE ind_msg latency = 40150267 μs
SLICE ind_msg latency = 40149873 μs
SLICE ind_msg latency = 40150244 μs
SLICE ind_msg latency = 40149723 μs
SLICE ind_msg latency = 40150139 μs
SLICE ind_msg latency = 40149951 μs
SLICE ind_msg latency = 40150075 μs
SLICE ind_msg latency = 40149978 μs
SLICE ind_msg latency = 40149889 μs
SLICE ind_msg latency = 40149818 μs
SLICE ind_msg latency = 40150188 μs
SLICE ind_msg latency = 40149857 μs
SLICE ind_msg latency = 40149826 μs
SLICE ind_msg latency = 40149653 μs
SLICE ind_msg latency = 40149986 μs
SLICE ind_msg latency = 40149835 μs
SLICE ind_msg latency = 40149989 μs
SLICE ind_msg latency = 40149825 μs
SLICE ind_msg latency = 40150201 μs
SLICE ind_msg latency = 40149874 μs
SLICE ind_msg latency = 40150008 μs
SLICE ind_msg latency = 40149841 μs
SLICE ind_msg latency = 40150167 μs
SLICE ind_msg latency = 40150050 μs
SLICE ind_msg latency = 40150162 μs
SLICE ind_msg latency = 40149913 μs
SLICE ind_msg latency = 40150009 μs
SLICE ind_msg latency = 40149435 μs
SLICE ind_msg latency = 40149323 μs
SLICE ind_msg latency = 40149463 μs
SLICE ind_msg latency = 40150081 μs
SLICE ind_msg latency = 40149787 μs
SLICE ind_msg latency = 40149949 μs
SLICE ind_msg latency = 40149817 μs
SLICE ind_msg latency = 40150101 μs
SLICE ind_msg latency = 40149577 μs
SLICE ind_msg latency = 40149575 μs
SLICE ind_msg latency = 40149847 μs
SLICE ind_msg latency = 40149792 μs
SLICE ind_msg latency = 40149831 μs
SLICE ind_msg latency = 40149826 μs
SLICE ind_msg latency = 40149843 μs
SLICE ind_msg latency = 40149881 μs
SLICE ind_msg latency = 40149586 μs
SLICE ind_msg latency = 40149518 μs
SLICE ind_msg latency = 40149812 μs
SLICE ind_msg latency = 40149691 μs
SLICE ind_msg latency = 40149644 μs
SLICE ind_msg latency = 40149622 μs
SLICE ind_msg latency = 40149666 μs
SLICE ind_msg latency = 40149783 μs
SLICE ind_msg latency = 40149815 μs
SLICE ind_msg latency = 40149826 μs
SLICE ind_msg latency = 40149993 μs
SLICE ind_msg latency = 40149833 μs
SLICE ind_msg latency = 40149807 μs
SLICE ind_msg latency = 40149674 μs
SLICE ind_msg latency = 40149456 μs
SLICE ind_msg latency = 40149743 μs
SLICE ind_msg latency = 40149683 μs
SLICE ind_msg latency = 40149556 μs
SLICE ind_msg latency = 40149565 μs
SLICE ind_msg latency = 40150055 μs
SLICE ind_msg latency = 40149668 μs
SLICE ind_msg latency = 40149967 μs
SLICE ind_msg latency = 40149744 μs
SLICE ind_msg latency = 40149392 μs
SLICE ind_msg latency = 40149299 μs
SLICE ind_msg latency = 40149565 μs
SLICE ind_msg latency = 40149590 μs
SLICE ind_msg latency = 40149885 μs
SLICE ind_msg latency = 40149903 μs
SLICE ind_msg latency = 40149948 μs
SLICE ind_msg latency = 40149782 μs
SLICE ind_msg latency = 40150107 μs
SLICE ind_msg latency = 40149817 μs
SLICE ind_msg latency = 40149837 μs
SLICE ind_msg latency = 40149921 μs
SLICE ind_msg latency = 40150024 μs
SLICE ind_msg latency = 40149840 μs
SLICE ind_msg latency = 40150100 μs
SLICE ind_msg latency = 40150162 μs
SLICE ind_msg latency = 40150065 μs
SLICE ind_msg latency = 40149544 μs
SLICE ind_msg latency = 40149386 μs
SLICE ind_msg latency = 40149728 μs
SLICE ind_msg latency = 40149898 μs
SLICE ind_msg latency = 40149794 μs
SLICE ind_msg latency = 40149828 μs
SLICE ind_msg latency = 40149938 μs
SLICE ind_msg latency = 40149940 μs
SLICE ind_msg latency = 40150054 μs
SLICE ind_msg latency = 40149990 μs
SLICE ind_msg latency = 40150237 μs
SLICE ind_msg latency = 40150240 μs
SLICE ind_msg latency = 40150013 μs
SLICE ind_msg latency = 40149896 μs
SLICE ind_msg latency = 40149980 μs
SLICE ind_msg latency = 40150130 μs
SLICE ind_msg latency = 40149908 μs
SLICE ind_msg latency = 40149881 μs
SLICE ind_msg latency = 40149801 μs
SLICE ind_msg latency = 40150362 μs
SLICE ind_msg latency = 40149846 μs
SLICE ind_msg latency = 40149873 μs
SLICE ind_msg latency = 40150279 μs
SLICE ind_msg latency = 40150177 μs
SLICE ind_msg latency = 40149887 μs
SLICE ind_msg latency = 40149910 μs
SLICE ind_msg latency = 40150095 μs
SLICE ind_msg latency = 40150227 μs
SLICE ind_msg latency = 40149885 μs
SLICE ind_msg latency = 40150194 μs
SLICE ind_msg latency = 40149809 μs
SLICE ind_msg latency = 40150051 μs
SLICE ind_msg latency = 40149951 μs
SLICE ind_msg latency = 40149832 μs
SLICE ind_msg latency = 40149685 μs
SLICE ind_msg latency = 40149957 μs
SLICE ind_msg latency = 40149928 μs
SLICE ind_msg latency = 40150014 μs
SLICE ind_msg latency = 40149839 μs
SLICE ind_msg latency = 40149946 μs
SLICE ind_msg latency = 40150047 μs
SLICE ind_msg latency = 40150095 μs
SLICE ind_msg latency = 40149932 μs
SLICE ind_msg latency = 40149909 μs
SLICE ind_msg latency = 40149890 μs
SLICE ind_msg latency = 40149833 μs
SLICE ind_msg latency = 40149584 μs
SLICE ind_msg latency = 40149788 μs
SLICE ind_msg latency = 40149881 μs
SLICE ind_msg latency = 40149766 μs
SLICE ind_msg latency = 40150064 μs
SLICE ind_msg latency = 40150028 μs
SLICE ind_msg latency = 40150122 μs
SLICE ind_msg latency = 40150012 μs
SLICE ind_msg latency = 40149762 μs
SLICE ind_msg latency = 40149865 μs
SLICE ind_msg latency = 40149753 μs
SLICE ind_msg latency = 40149669 μs
SLICE ind_msg latency = 40149458 μs
SLICE ind_msg latency = 40149450 μs
SLICE ind_msg latency = 40149517 μs
SLICE ind_msg latency = 40149771 μs
SLICE ind_msg latency = 40150131 μs
SLICE ind_msg latency = 40150216 μs
SLICE ind_msg latency = 40149769 μs
SLICE ind_msg latency = 40149779 μs
SLICE ind_msg latency = 40150074 μs
SLICE ind_msg latency = 40149771 μs
SLICE ind_msg latency = 40149806 μs
SLICE ind_msg latency = 40149686 μs
SLICE ind_msg latency = 40149843 μs
SLICE ind_msg latency = 40150261 μs
SLICE ind_msg latency = 40149889 μs
SLICE ind_msg latency = 40149936 μs
SLICE ind_msg latency = 40149800 μs
SLICE ind_msg latency = 40149507 μs
SLICE ind_msg latency = 40149383 μs
SLICE ind_msg latency = 40149663 μs
SLICE ind_msg latency = 40149677 μs
SLICE ind_msg latency = 40149502 μs
SLICE ind_msg latency = 40149730 μs
SLICE ind_msg latency = 40150135 μs
SLICE ind_msg latency = 40150069 μs
SLICE ind_msg latency = 40149973 μs
SLICE ind_msg latency = 40150134 μs
SLICE ind_msg latency = 40150049 μs
SLICE ind_msg latency = 40149955 μs
SLICE ind_msg latency = 40150234 μs
SLICE ind_msg latency = 40149930 μs
SLICE ind_msg latency = 40149944 μs
SLICE ind_msg latency = 40149883 μs
SLICE ind_msg latency = 40150072 μs
SLICE ind_msg latency = 40149885 μs
SLICE ind_msg latency = 40149862 μs
SLICE ind_msg latency = 40149997 μs
SLICE ind_msg latency = 40149922 μs
SLICE ind_msg latency = 40149985 μs
SLICE ind_msg latency = 40150130 μs
SLICE ind_msg latency = 40150060 μs
SLICE ind_msg latency = 40150037 μs
SLICE ind_msg latency = 40150174 μs
SLICE ind_msg latency = 40149860 μs
SLICE ind_msg latency = 40149733 μs
SLICE ind_msg latency = 40150010 μs
SLICE ind_msg latency = 40149924 μs
SLICE ind_msg latency = 40149767 μs
SLICE ind_msg latency = 40149750 μs
SLICE ind_msg latency = 40149415 μs
SLICE ind_msg latency = 40149267 μs
SLICE ind_msg latency = 40149315 μs
SLICE ind_msg latency = 40149332 μs
SLICE ind_msg latency = 40149362 μs
ADD STATIC DL SLICE: id 0, pos_low 0, pos_high 3
ADD STATIC DL SLICE: id 2, pos_low 4, pos_high 7
ADD STATIC DL SLICE: id 5, pos_low 8, pos_high 12
[xApp]: CONTROL-REQUEST tx 
[xApp]: CONTROL ACK rx
[xApp]: Successfully received CONTROL-ACK 
SLICE ind_msg latency = 40149177 μs
SLICE ind_msg latency = 40149153 μs
SLICE ind_msg latency = 40149196 μs
SLICE ind_msg latency = 40149152 μs
SLICE ind_msg latency = 40149187 μs
SLICE ind_msg latency = 40149314 μs
SLICE ind_msg latency = 40149357 μs
SLICE ind_msg latency = 40149464 μs
SLICE ind_msg latency = 40149133 μs
SLICE ind_msg latency = 40149260 μs
SLICE ind_msg latency = 40149511 μs
SLICE ind_msg latency = 40149645 μs
SLICE ind_msg latency = 40149738 μs
SLICE ind_msg latency = 40149920 μs
SLICE ind_msg latency = 40149781 μs
SLICE ind_msg latency = 40149790 μs
SLICE ind_msg latency = 40149756 μs
SLICE ind_msg latency = 40149719 μs
SLICE ind_msg latency = 40150034 μs
SLICE ind_msg latency = 40149859 μs
SLICE ind_msg latency = 40150169 μs
SLICE ind_msg latency = 40149797 μs
SLICE ind_msg latency = 40150173 μs
SLICE ind_msg latency = 40149934 μs
SLICE ind_msg latency = 40149841 μs
SLICE ind_msg latency = 40149919 μs
SLICE ind_msg latency = 40150304 μs
SLICE ind_msg latency = 40149876 μs
SLICE ind_msg latency = 40150247 μs
SLICE ind_msg latency = 40149931 μs
SLICE ind_msg latency = 40150139 μs
SLICE ind_msg latency = 40149952 μs
SLICE ind_msg latency = 40150114 μs
SLICE ind_msg latency = 40149724 μs
SLICE ind_msg latency = 40150057 μs
SLICE ind_msg latency = 40149818 μs
SLICE ind_msg latency = 40150068 μs
SLICE ind_msg latency = 40149822 μs
SLICE ind_msg latency = 40150084 μs
SLICE ind_msg latency = 40149851 μs
SLICE ind_msg latency = 40149817 μs
SLICE ind_msg latency = 40149917 μs
SLICE ind_msg latency = 40149939 μs
SLICE ind_msg latency = 40150204 μs
SLICE ind_msg latency = 40149932 μs
SLICE ind_msg latency = 40149908 μs
SLICE ind_msg latency = 40149904 μs
SLICE ind_msg latency = 40149876 μs
SLICE ind_msg latency = 40149791 μs
SLICE ind_msg latency = 40149689 μs
SLICE ind_msg latency = 40149998 μs
SLICE ind_msg latency = 40150062 μs
SLICE ind_msg latency = 40150031 μs
SLICE ind_msg latency = 40149875 μs
SLICE ind_msg latency = 40149813 μs
SLICE ind_msg latency = 40149981 μs
SLICE ind_msg latency = 40149921 μs
SLICE ind_msg latency = 40150134 μs
SLICE ind_msg latency = 40150035 μs
SLICE ind_msg latency = 40149814 μs
SLICE ind_msg latency = 40150025 μs
SLICE ind_msg latency = 40149942 μs
SLICE ind_msg latency = 40149709 μs
SLICE ind_msg latency = 40150007 μs
SLICE ind_msg latency = 40150099 μs
SLICE ind_msg latency = 40149722 μs
SLICE ind_msg latency = 40149878 μs
SLICE ind_msg latency = 40149781 μs
SLICE ind_msg latency = 40150021 μs
SLICE ind_msg latency = 40149773 μs
SLICE ind_msg latency = 40150065 μs
SLICE ind_msg latency = 40149617 μs
SLICE ind_msg latency = 40149963 μs
SLICE ind_msg latency = 40149770 μs
SLICE ind_msg latency = 40150044 μs
SLICE ind_msg latency = 40149916 μs
SLICE ind_msg latency = 40150149 μs
SLICE ind_msg latency = 40149978 μs
SLICE ind_msg latency = 40150052 μs
SLICE ind_msg latency = 40149938 μs
SLICE ind_msg latency = 40150172 μs
SLICE ind_msg latency = 40149981 μs
SLICE ind_msg latency = 40149980 μs
SLICE ind_msg latency = 40149813 μs
SLICE ind_msg latency = 40149853 μs
SLICE ind_msg latency = 40149717 μs
SLICE ind_msg latency = 40149999 μs
SLICE ind_msg latency = 40149636 μs
SLICE ind_msg latency = 40149333 μs
SLICE ind_msg latency = 40149311 μs
SLICE ind_msg latency = 40149125 μs
SLICE ind_msg latency = 40149064 μs
SLICE ind_msg latency = 40149202 μs
SLICE ind_msg latency = 40149115 μs
SLICE ind_msg latency = 40149674 μs
SLICE ind_msg latency = 40149457 μs
SLICE ind_msg latency = 40149941 μs
SLICE ind_msg latency = 40149721 μs
SLICE ind_msg latency = 40150085 μs
SLICE ind_msg latency = 40150001 μs
SLICE ind_msg latency = 40150065 μs
SLICE ind_msg latency = 40149998 μs
SLICE ind_msg latency = 40150013 μs
SLICE ind_msg latency = 40150169 μs
SLICE ind_msg latency = 40150120 μs
SLICE ind_msg latency = 40149989 μs
SLICE ind_msg latency = 40149992 μs
SLICE ind_msg latency = 40149848 μs
SLICE ind_msg latency = 40149681 μs
SLICE ind_msg latency = 40149717 μs
SLICE ind_msg latency = 40149928 μs
SLICE ind_msg latency = 40149515 μs
SLICE ind_msg latency = 40149641 μs
SLICE ind_msg latency = 40149457 μs
SLICE ind_msg latency = 40149852 μs
SLICE ind_msg latency = 40149531 μs
SLICE ind_msg latency = 40149794 μs
SLICE ind_msg latency = 40149806 μs
SLICE ind_msg latency = 40150148 μs
SLICE ind_msg latency = 40150136 μs
SLICE ind_msg latency = 40150289 μs
SLICE ind_msg latency = 40149982 μs
SLICE ind_msg latency = 40150208 μs
SLICE ind_msg latency = 40149788 μs
SLICE ind_msg latency = 40149906 μs
SLICE ind_msg latency = 40150399 μs
SLICE ind_msg latency = 40150296 μs
SLICE ind_msg latency = 40150279 μs
SLICE ind_msg latency = 40150116 μs
SLICE ind_msg latency = 40149899 μs
SLICE ind_msg latency = 40150094 μs
SLICE ind_msg latency = 40150303 μs
SLICE ind_msg latency = 40149712 μs
SLICE ind_msg latency = 40150148 μs
SLICE ind_msg latency = 40150089 μs
SLICE ind_msg latency = 40149949 μs
SLICE ind_msg latency = 40149747 μs
SLICE ind_msg latency = 40150167 μs
SLICE ind_msg latency = 40150048 μs
SLICE ind_msg latency = 40150198 μs
SLICE ind_msg latency = 40150140 μs
SLICE ind_msg latency = 40149975 μs
SLICE ind_msg latency = 40150337 μs
SLICE ind_msg latency = 40150168 μs
SLICE ind_msg latency = 40150048 μs
SLICE ind_msg latency = 40150068 μs
SLICE ind_msg latency = 40150057 μs
SLICE ind_msg latency = 40149875 μs
SLICE ind_msg latency = 40149807 μs
SLICE ind_msg latency = 40149782 μs
SLICE ind_msg latency = 40149825 μs
SLICE ind_msg latency = 40149683 μs
SLICE ind_msg latency = 40149893 μs
SLICE ind_msg latency = 40149756 μs
SLICE ind_msg latency = 40149984 μs
SLICE ind_msg latency = 40149713 μs
SLICE ind_msg latency = 40149803 μs
SLICE ind_msg latency = 40149938 μs
SLICE ind_msg latency = 40150184 μs
SLICE ind_msg latency = 40149961 μs
SLICE ind_msg latency = 40150030 μs
SLICE ind_msg latency = 40149880 μs
SLICE ind_msg latency = 40149597 μs
SLICE ind_msg latency = 40149528 μs
SLICE ind_msg latency = 40149814 μs
SLICE ind_msg latency = 40150039 μs
SLICE ind_msg latency = 40149678 μs
SLICE ind_msg latency = 40149619 μs
SLICE ind_msg latency = 40149422 μs
SLICE ind_msg latency = 40149466 μs
SLICE ind_msg latency = 40149561 μs
SLICE ind_msg latency = 40149514 μs
SLICE ind_msg latency = 40149729 μs
SLICE ind_msg latency = 40149938 μs
SLICE ind_msg latency = 40150157 μs
SLICE ind_msg latency = 40149989 μs
SLICE ind_msg latency = 40149811 μs
SLICE ind_msg latency = 40149872 μs
SLICE ind_msg latency = 40149841 μs
SLICE ind_msg latency = 40149884 μs
SLICE ind_msg latency = 40150112 μs
SLICE ind_msg latency = 40150007 μs
SLICE ind_msg latency = 40150184 μs
SLICE ind_msg latency = 40149977 μs
SLICE ind_msg latency = 40150068 μs
SLICE ind_msg latency = 40149960 μs
SLICE ind_msg latency = 40149857 μs
SLICE ind_msg latency = 40149936 μs
SLICE ind_msg latency = 40150054 μs
SLICE ind_msg latency = 40149767 μs
SLICE ind_msg latency = 40149675 μs
SLICE ind_msg latency = 40149556 μs
SLICE ind_msg latency = 40150101 μs
SLICE ind_msg latency = 40149825 μs
SLICE ind_msg latency = 40150070 μs
SLICE ind_msg latency = 40149776 μs
SLICE ind_msg latency = 40150009 μs
SLICE ind_msg latency = 40149823 μs
SLICE ind_msg latency = 40150089 μs
SLICE ind_msg latency = 40150062 μs
DEL DL SLICE: id 2
[xApp]: CONTROL-REQUEST tx 
[xApp]: CONTROL ACK rx
[xApp]: Successfully received CONTROL-ACK 
SLICE ind_msg latency = 40149714 μs
SLICE ind_msg latency = 40149795 μs
SLICE ind_msg latency = 40149980 μs
SLICE ind_msg latency = 40149656 μs
SLICE ind_msg latency = 40149822 μs
SLICE ind_msg latency = 40149877 μs
SLICE ind_msg latency = 40149955 μs
SLICE ind_msg latency = 40150025 μs
SLICE ind_msg latency = 40149489 μs
SLICE ind_msg latency = 40149770 μs
SLICE ind_msg latency = 40150117 μs
SLICE ind_msg latency = 40149805 μs
SLICE ind_msg latency = 40149971 μs
SLICE ind_msg latency = 40150041 μs
SLICE ind_msg latency = 40149838 μs
SLICE ind_msg latency = 40149909 μs
SLICE ind_msg latency = 40149804 μs
SLICE ind_msg latency = 40149659 μs
SLICE ind_msg latency = 40149870 μs
SLICE ind_msg latency = 40149980 μs
SLICE ind_msg latency = 40149865 μs
SLICE ind_msg latency = 40150000 μs
SLICE ind_msg latency = 40149770 μs
SLICE ind_msg latency = 40150040 μs
SLICE ind_msg latency = 40149912 μs
SLICE ind_msg latency = 40149933 μs
SLICE ind_msg latency = 40149845 μs
SLICE ind_msg latency = 40150180 μs
SLICE ind_msg latency = 40149826 μs
SLICE ind_msg latency = 40149926 μs
SLICE ind_msg latency = 40150124 μs
SLICE ind_msg latency = 40150093 μs
SLICE ind_msg latency = 40149893 μs
SLICE ind_msg latency = 40149946 μs
SLICE ind_msg latency = 40149865 μs
SLICE ind_msg latency = 40149954 μs
SLICE ind_msg latency = 40149866 μs
SLICE ind_msg latency = 40149886 μs
SLICE ind_msg latency = 40150152 μs
SLICE ind_msg latency = 40150010 μs
SLICE ind_msg latency = 40149811 μs
SLICE ind_msg latency = 40149759 μs
SLICE ind_msg latency = 40150007 μs
SLICE ind_msg latency = 40149883 μs
SLICE ind_msg latency = 40149927 μs
SLICE ind_msg latency = 40150053 μs
SLICE ind_msg latency = 40149989 μs
SLICE ind_msg latency = 40150415 μs
SLICE ind_msg latency = 40149603 μs
SLICE ind_msg latency = 40149703 μs
SLICE ind_msg latency = 40149689 μs
SLICE ind_msg latency = 40149639 μs
SLICE ind_msg latency = 40149737 μs
SLICE ind_msg latency = 40149863 μs
SLICE ind_msg latency = 40149930 μs
SLICE ind_msg latency = 40149942 μs
SLICE ind_msg latency = 40149893 μs
SLICE ind_msg latency = 40149995 μs
SLICE ind_msg latency = 40150032 μs
SLICE ind_msg latency = 40150065 μs
SLICE ind_msg latency = 40149959 μs
SLICE ind_msg latency = 40149889 μs
SLICE ind_msg latency = 40150254 μs
SLICE ind_msg latency = 40149853 μs
SLICE ind_msg latency = 40150028 μs
SLICE ind_msg latency = 40149907 μs
SLICE ind_msg latency = 40149930 μs
SLICE ind_msg latency = 40150044 μs
SLICE ind_msg latency = 40149602 μs
SLICE ind_msg latency = 40149926 μs
SLICE ind_msg latency = 40149866 μs
SLICE ind_msg latency = 40149920 μs
SLICE ind_msg latency = 40149766 μs
SLICE ind_msg latency = 40149737 μs
SLICE ind_msg latency = 40150078 μs
SLICE ind_msg latency = 40149793 μs
SLICE ind_msg latency = 40149736 μs
SLICE ind_msg latency = 40149754 μs
SLICE ind_msg latency = 40149962 μs
SLICE ind_msg latency = 40149943 μs
SLICE ind_msg latency = 40149976 μs
SLICE ind_msg latency = 40149945 μs
SLICE ind_msg latency = 40150095 μs
SLICE ind_msg latency = 40150082 μs
SLICE ind_msg latency = 40149856 μs
SLICE ind_msg latency = 40149859 μs
SLICE ind_msg latency = 40150002 μs
SLICE ind_msg latency = 40149848 μs
SLICE ind_msg latency = 40149662 μs
SLICE ind_msg latency = 40149591 μs
SLICE ind_msg latency = 40149937 μs
SLICE ind_msg latency = 40150037 μs
SLICE ind_msg latency = 40149773 μs
SLICE ind_msg latency = 40149928 μs
SLICE ind_msg latency = 40149963 μs
SLICE ind_msg latency = 40149985 μs
SLICE ind_msg latency = 40150068 μs
SLICE ind_msg latency = 40149878 μs
SLICE ind_msg latency = 40150223 μs
SLICE ind_msg latency = 40150042 μs
SLICE ind_msg latency = 40150128 μs
SLICE ind_msg latency = 40150008 μs
SLICE ind_msg latency = 40149731 μs
SLICE ind_msg latency = 40149795 μs
SLICE ind_msg latency = 40150077 μs
SLICE ind_msg latency = 40149786 μs
SLICE ind_msg latency = 40150048 μs
SLICE ind_msg latency = 40149780 μs
SLICE ind_msg latency = 40150002 μs
SLICE ind_msg latency = 40149810 μs
SLICE ind_msg latency = 40149963 μs
SLICE ind_msg latency = 40149853 μs
SLICE ind_msg latency = 40149860 μs
SLICE ind_msg latency = 40149951 μs
SLICE ind_msg latency = 40149693 μs
SLICE ind_msg latency = 40149761 μs
SLICE ind_msg latency = 40150107 μs
SLICE ind_msg latency = 40149997 μs
SLICE ind_msg latency = 40150103 μs
SLICE ind_msg latency = 40150080 μs
SLICE ind_msg latency = 40150156 μs
SLICE ind_msg latency = 40150054 μs
SLICE ind_msg latency = 40150004 μs
SLICE ind_msg latency = 40149768 μs
SLICE ind_msg latency = 40150089 μs
SLICE ind_msg latency = 40149958 μs
SLICE ind_msg latency = 40149730 μs
SLICE ind_msg latency = 40150025 μs
SLICE ind_msg latency = 40149907 μs
SLICE ind_msg latency = 40149842 μs
SLICE ind_msg latency = 40149952 μs
SLICE ind_msg latency = 40149778 μs
SLICE ind_msg latency = 40149861 μs
SLICE ind_msg latency = 40149761 μs
SLICE ind_msg latency = 40149771 μs
SLICE ind_msg latency = 40149957 μs
SLICE ind_msg latency = 40149890 μs
SLICE ind_msg latency = 40149639 μs
SLICE ind_msg latency = 40149921 μs
SLICE ind_msg latency = 40149739 μs
SLICE ind_msg latency = 40149989 μs
SLICE ind_msg latency = 40149785 μs
SLICE ind_msg latency = 40149805 μs
SLICE ind_msg latency = 40149937 μs
SLICE ind_msg latency = 40149830 μs
SLICE ind_msg latency = 40149869 μs
SLICE ind_msg latency = 40149835 μs
SLICE ind_msg latency = 40149617 μs
SLICE ind_msg latency = 40149984 μs
SLICE ind_msg latency = 40149843 μs
SLICE ind_msg latency = 40149758 μs
SLICE ind_msg latency = 40149929 μs
SLICE ind_msg latency = 40149839 μs
SLICE ind_msg latency = 40149976 μs
SLICE ind_msg latency = 40149777 μs
SLICE ind_msg latency = 40149967 μs
SLICE ind_msg latency = 40149756 μs
SLICE ind_msg latency = 40149663 μs
SLICE ind_msg latency = 40149387 μs
SLICE ind_msg latency = 40149592 μs
SLICE ind_msg latency = 40150324 μs
SLICE ind_msg latency = 40149945 μs
SLICE ind_msg latency = 40149572 μs
SLICE ind_msg latency = 40149620 μs
SLICE ind_msg latency = 40149711 μs
SLICE ind_msg latency = 40149888 μs
SLICE ind_msg latency = 40149995 μs
SLICE ind_msg latency = 40150157 μs
SLICE ind_msg latency = 40150135 μs
SLICE ind_msg latency = 40149671 μs
SLICE ind_msg latency = 40149954 μs
SLICE ind_msg latency = 40149761 μs
SLICE ind_msg latency = 40149855 μs
SLICE ind_msg latency = 40149661 μs
SLICE ind_msg latency = 40149817 μs
SLICE ind_msg latency = 40149745 μs
SLICE ind_msg latency = 40149679 μs
SLICE ind_msg latency = 40149588 μs
SLICE ind_msg latency = 40149750 μs
SLICE ind_msg latency = 40149759 μs
SLICE ind_msg latency = 40149937 μs
SLICE ind_msg latency = 40149666 μs
SLICE ind_msg latency = 40149937 μs
SLICE ind_msg latency = 40149812 μs
SLICE ind_msg latency = 40149894 μs
SLICE ind_msg latency = 40149883 μs
SLICE ind_msg latency = 40149854 μs
SLICE ind_msg latency = 40149809 μs
SLICE ind_msg latency = 40150026 μs
SLICE ind_msg latency = 40149985 μs
SLICE ind_msg latency = 40149513 μs
SLICE ind_msg latency = 40149596 μs
SLICE ind_msg latency = 40150120 μs
SLICE ind_msg latency = 40149375 μs
SLICE ind_msg latency = 40149946 μs
SLICE ind_msg latency = 40149426 μs
SLICE ind_msg latency = 40149710 μs
SLICE ind_msg latency = 40149091 μs
SLICE ind_msg latency = 40149130 μs
SLICE ind_msg latency = 40149269 μs
ASSOC DL SLICE: <rnti>, id 5
[xApp]: CONTROL-REQUEST tx 
[xApp]: CONTROL ACK rx
[xApp]: Successfully received CONTROL-ACK 
SLICE ind_msg latency = 40149146 μs
SLICE ind_msg latency = 40149153 μs
SLICE ind_msg latency = 40149437 μs
SLICE ind_msg latency = 40149484 μs
SLICE ind_msg latency = 40149488 μs
SLICE ind_msg latency = 40149413 μs
SLICE ind_msg latency = 40149710 μs
SLICE ind_msg latency = 40149875 μs
SLICE ind_msg latency = 40149907 μs
SLICE ind_msg latency = 40149632 μs
SLICE ind_msg latency = 40150005 μs
SLICE ind_msg latency = 40149993 μs
SLICE ind_msg latency = 40149686 μs
SLICE ind_msg latency = 40150146 μs
SLICE ind_msg latency = 40149945 μs
SLICE ind_msg latency = 40149947 μs
SLICE ind_msg latency = 40150052 μs
SLICE ind_msg latency = 40149749 μs
SLICE ind_msg latency = 40149721 μs
SLICE ind_msg latency = 40149828 μs
SLICE ind_msg latency = 40149899 μs
SLICE ind_msg latency = 40149869 μs
SLICE ind_msg latency = 40149903 μs
SLICE ind_msg latency = 40149866 μs
SLICE ind_msg latency = 40149939 μs
SLICE ind_msg latency = 40149947 μs
SLICE ind_msg latency = 40149915 μs
SLICE ind_msg latency = 40150028 μs
SLICE ind_msg latency = 40150110 μs
SLICE ind_msg latency = 40150116 μs
SLICE ind_msg latency = 40149966 μs
SLICE ind_msg latency = 40149868 μs
SLICE ind_msg latency = 40149905 μs
SLICE ind_msg latency = 40150078 μs
SLICE ind_msg latency = 40150023 μs
SLICE ind_msg latency = 40150141 μs
SLICE ind_msg latency = 40149960 μs
SLICE ind_msg latency = 40149950 μs
SLICE ind_msg latency = 40150176 μs
SLICE ind_msg latency = 40150242 μs
SLICE ind_msg latency = 40149894 μs
SLICE ind_msg latency = 40149851 μs
SLICE ind_msg latency = 40150228 μs
SLICE ind_msg latency = 40150234 μs
SLICE ind_msg latency = 40150124 μs
SLICE ind_msg latency = 40150078 μs
SLICE ind_msg latency = 40150075 μs
SLICE ind_msg latency = 40150087 μs
SLICE ind_msg latency = 40149691 μs
SLICE ind_msg latency = 40149905 μs
SLICE ind_msg latency = 40150011 μs
SLICE ind_msg latency = 40149826 μs
SLICE ind_msg latency = 40149974 μs
SLICE ind_msg latency = 40149981 μs
SLICE ind_msg latency = 40149826 μs
SLICE ind_msg latency = 40150214 μs
SLICE ind_msg latency = 40150027 μs
SLICE ind_msg latency = 40149827 μs
SLICE ind_msg latency = 40149819 μs
SLICE ind_msg latency = 40149679 μs
SLICE ind_msg latency = 40150031 μs
SLICE ind_msg latency = 40149971 μs
SLICE ind_msg latency = 40149636 μs
SLICE ind_msg latency = 40149779 μs
SLICE ind_msg latency = 40150058 μs
SLICE ind_msg latency = 40149713 μs
SLICE ind_msg latency = 40150004 μs
SLICE ind_msg latency = 40149829 μs
SLICE ind_msg latency = 40149982 μs
SLICE ind_msg latency = 40149706 μs
SLICE ind_msg latency = 40149949 μs
SLICE ind_msg latency = 40149850 μs
SLICE ind_msg latency = 40150069 μs
SLICE ind_msg latency = 40149882 μs
SLICE ind_msg latency = 40150091 μs
SLICE ind_msg latency = 40150011 μs
SLICE ind_msg latency = 40150033 μs
SLICE ind_msg latency = 40149808 μs
SLICE ind_msg latency = 40149716 μs
SLICE ind_msg latency = 40149975 μs
SLICE ind_msg latency = 40150214 μs
SLICE ind_msg latency = 40150098 μs
SLICE ind_msg latency = 40150015 μs
SLICE ind_msg latency = 40150299 μs
SLICE ind_msg latency = 40150056 μs
SLICE ind_msg latency = 40150256 μs
SLICE ind_msg latency = 40150143 μs
SLICE ind_msg latency = 40149922 μs
SLICE ind_msg latency = 40149612 μs
SLICE ind_msg latency = 40149407 μs
SLICE ind_msg latency = 40149903 μs
SLICE ind_msg latency = 40149839 μs
SLICE ind_msg latency = 40149842 μs
SLICE ind_msg latency = 40149657 μs
SLICE ind_msg latency = 40150121 μs
SLICE ind_msg latency = 40149880 μs
SLICE ind_msg latency = 40150068 μs
SLICE ind_msg latency = 40149972 μs
SLICE ind_msg latency = 40150080 μs
SLICE ind_msg latency = 40149946 μs
SLICE ind_msg latency = 40149943 μs
SLICE ind_msg latency = 40149969 μs
SLICE ind_msg latency = 40149956 μs
SLICE ind_msg latency = 40149755 μs
SLICE ind_msg latency = 40149915 μs
SLICE ind_msg latency = 40149788 μs
SLICE ind_msg latency = 40149999 μs
SLICE ind_msg latency = 40149870 μs
SLICE ind_msg latency = 40150128 μs
SLICE ind_msg latency = 40149723 μs
SLICE ind_msg latency = 40150049 μs
SLICE ind_msg latency = 40149985 μs
SLICE ind_msg latency = 40149890 μs
SLICE ind_msg latency = 40149904 μs
SLICE ind_msg latency = 40149823 μs
SLICE ind_msg latency = 40149878 μs
SLICE ind_msg latency = 40149945 μs
SLICE ind_msg latency = 40149800 μs
SLICE ind_msg latency = 40149985 μs
SLICE ind_msg latency = 40150100 μs
SLICE ind_msg latency = 40149952 μs
SLICE ind_msg latency = 40150008 μs
SLICE ind_msg latency = 40150112 μs
SLICE ind_msg latency = 40150166 μs
SLICE ind_msg latency = 40149690 μs
SLICE ind_msg latency = 40149612 μs
SLICE ind_msg latency = 40149828 μs
SLICE ind_msg latency = 40150124 μs
SLICE ind_msg latency = 40150408 μs
SLICE ind_msg latency = 40149841 μs
SLICE ind_msg latency = 40150063 μs
SLICE ind_msg latency = 40149868 μs
SLICE ind_msg latency = 40149827 μs
SLICE ind_msg latency = 40149794 μs
SLICE ind_msg latency = 40150049 μs
SLICE ind_msg latency = 40149969 μs
SLICE ind_msg latency = 40150246 μs
SLICE ind_msg latency = 40150465 μs
SLICE ind_msg latency = 40149713 μs
SLICE ind_msg latency = 40149752 μs
SLICE ind_msg latency = 40150269 μs
SLICE ind_msg latency = 40149885 μs
SLICE ind_msg latency = 40150008 μs
SLICE ind_msg latency = 40150233 μs
SLICE ind_msg latency = 40150021 μs
SLICE ind_msg latency = 40150015 μs
SLICE ind_msg latency = 40149809 μs
SLICE ind_msg latency = 40149813 μs
SLICE ind_msg latency = 40149824 μs
SLICE ind_msg latency = 40150181 μs
SLICE ind_msg latency = 40149723 μs
SLICE ind_msg latency = 40149823 μs
SLICE ind_msg latency = 40150039 μs
SLICE ind_msg latency = 40149794 μs
SLICE ind_msg latency = 40150021 μs
SLICE ind_msg latency = 40150305 μs
SLICE ind_msg latency = 40150070 μs
SLICE ind_msg latency = 40149945 μs
SLICE ind_msg latency = 40150186 μs
SLICE ind_msg latency = 40149918 μs
SLICE ind_msg latency = 40150063 μs
SLICE ind_msg latency = 40150183 μs
SLICE ind_msg latency = 40150242 μs
SLICE ind_msg latency = 40149825 μs
SLICE ind_msg latency = 40149916 μs
SLICE ind_msg latency = 40150080 μs
SLICE ind_msg latency = 40150072 μs
SLICE ind_msg latency = 40149910 μs
SLICE ind_msg latency = 40149809 μs
SLICE ind_msg latency = 40150787 μs
SLICE ind_msg latency = 40149541 μs
SLICE ind_msg latency = 40149434 μs
SLICE ind_msg latency = 40149604 μs
SLICE ind_msg latency = 40149553 μs
SLICE ind_msg latency = 40150323 μs
SLICE ind_msg latency = 40150193 μs
SLICE ind_msg latency = 40150107 μs
SLICE ind_msg latency = 40149979 μs
SLICE ind_msg latency = 40150188 μs
SLICE ind_msg latency = 40149977 μs
SLICE ind_msg latency = 40150116 μs
SLICE ind_msg latency = 40150281 μs
SLICE ind_msg latency = 40150273 μs
SLICE ind_msg latency = 40150290 μs
SLICE ind_msg latency = 40150264 μs
SLICE ind_msg latency = 40150165 μs
SLICE ind_msg latency = 40150191 μs
SLICE ind_msg latency = 40150312 μs
SLICE ind_msg latency = 40150230 μs
SLICE ind_msg latency = 40150210 μs
SLICE ind_msg latency = 40150223 μs
SLICE ind_msg latency = 40149763 μs
SLICE ind_msg latency = 40149851 μs
SLICE ind_msg latency = 40150092 μs
SLICE ind_msg latency = 40150169 μs
SLICE ind_msg latency = 40149985 μs
SLICE ind_msg latency = 40149987 μs
SLICE ind_msg latency = 40149866 μs
SLICE ind_msg latency = 40149971 μs
SLICE ind_msg latency = 40149628 μs
[xApp]: E42 RIC_SUBSCRIPTION_DELETE_REQUEST tx RAN_FUNC_ID 145 RIC_REQ_ID 1 
[xApp]: E42 SUBSCRIPTION DELETE RESPONSE rx
[xApp]: Sucessfully stopped 
Test xApp run SUCCESSFULLY
Diff time between Connection and Subscription: 2221μs
