[UTIL]: Setting the config -c file to flexric.conf
[UTIL]: Setting path -p for the shared libraries to /usr/local/lib/flexric/
[xAapp]: Initializing ... 
[xApp]: nearRT-RIC IP Address = 191.4.204.131, PORT = 36422
[E2 AGENT]: Opening plugin from path = /usr/local/lib/flexric/libpdcp_sm.so 
[E2 AGENT]: Opening plugin from path = /usr/local/lib/flexric/libmac_sm.so 
[E2 AGENT]: Opening plugin from path = /usr/local/lib/flexric/libgtp_sm.so 
[E2 AGENT]: Opening plugin from path = /usr/local/lib/flexric/libkpm_sm.so 
[E2 AGENT]: Opening plugin from path = /usr/local/lib/flexric/libtc_sm.so 
[E2 AGENT]: Opening plugin from path = /usr/local/lib/flexric/librc_sm.so 
[E2 AGENT]: Opening plugin from path = /usr/local/lib/flexric/libslice_sm.so 
[E2 AGENT]: Opening plugin from path = /usr/local/lib/flexric/librlc_sm.so 
[NEAR-RIC]: Loading SM ID = 144 with def = PDCP_STATS_V0 
[NEAR-RIC]: Loading SM ID = 142 with def = MAC_STATS_V0 
[NEAR-RIC]: Loading SM ID = 148 with def = GTP_STATS_V0 
[NEAR-RIC]: Loading SM ID = 2 with def = ORAN-E2SM-KPM 
[NEAR-RIC]: Loading SM ID = 146 with def = TC_STATS_V0 
[NEAR-RIC]: Loading SM ID = 3 with def = ORAN-E2SM-RC 
[NEAR-RIC]: Loading SM ID = 145 with def = SLICE_STATS_V0 
[NEAR-RIC]: Loading SM ID = 143 with def = RLC_STATS_V0 
[xApp]: DB filename = /tmp/xapp_db_1710190159316965 
 [xApp]: E42 SETUP-REQUEST tx
[xApp]: E42 SETUP-RESPONSE rx 
[xApp]: xApp ID = 33 
[xApp]: Registered E2 Nodes = 1 
Connected E2 nodes len = 1
Registered ran func id = 2 
 Registered ran func id = 3 
 Registered ran func id = 142 
 Registered ran func id = 143 
 Registered ran func id = 144 
 Registered ran func id = 145 
 Registered ran func id = 146 
 Registered ran func id = 148 
 [xApp]: E42 RIC SUBSCRIPTION REQUEST tx RAN_FUNC_ID 145 RIC_REQ_ID 1 
[xApp]: SUBSCRIPTION RESPONSE rx
[xApp]: Successfully subscribed to RAN_FUNC_ID 145 
Tempo: 1710190161327586
Diff: 2232μs
SLICE ind_msg latency = 40149225 μs
SLICE ind_msg latency = 40149350 μs
SLICE ind_msg latency = 40149411 μs
SLICE ind_msg latency = 40149440 μs
SLICE ind_msg latency = 40149414 μs
SLICE ind_msg latency = 40149376 μs
SLICE ind_msg latency = 40149608 μs
SLICE ind_msg latency = 40149811 μs
SLICE ind_msg latency = 40149507 μs
SLICE ind_msg latency = 40149402 μs
SLICE ind_msg latency = 40149405 μs
SLICE ind_msg latency = 40149232 μs
SLICE ind_msg latency = 40149407 μs
SLICE ind_msg latency = 40149385 μs
SLICE ind_msg latency = 40149310 μs
SLICE ind_msg latency = 40149601 μs
SLICE ind_msg latency = 40149579 μs
SLICE ind_msg latency = 40149432 μs
SLICE ind_msg latency = 40149513 μs
SLICE ind_msg latency = 40149362 μs
SLICE ind_msg latency = 40148989 μs
SLICE ind_msg latency = 40149197 μs
SLICE ind_msg latency = 40149414 μs
SLICE ind_msg latency = 40149396 μs
SLICE ind_msg latency = 40149623 μs
SLICE ind_msg latency = 40149512 μs
SLICE ind_msg latency = 40149569 μs
SLICE ind_msg latency = 40149695 μs
SLICE ind_msg latency = 40149509 μs
SLICE ind_msg latency = 40149206 μs
SLICE ind_msg latency = 40149505 μs
SLICE ind_msg latency = 40149618 μs
SLICE ind_msg latency = 40149749 μs
SLICE ind_msg latency = 40149285 μs
SLICE ind_msg latency = 40149139 μs
SLICE ind_msg latency = 40149095 μs
SLICE ind_msg latency = 40149163 μs
SLICE ind_msg latency = 40149590 μs
SLICE ind_msg latency = 40149351 μs
SLICE ind_msg latency = 40149705 μs
SLICE ind_msg latency = 40149439 μs
SLICE ind_msg latency = 40149557 μs
SLICE ind_msg latency = 40149241 μs
SLICE ind_msg latency = 40149121 μs
SLICE ind_msg latency = 40149235 μs
SLICE ind_msg latency = 40149483 μs
SLICE ind_msg latency = 40149824 μs
SLICE ind_msg latency = 40149661 μs
SLICE ind_msg latency = 40149555 μs
SLICE ind_msg latency = 40149713 μs
SLICE ind_msg latency = 40149724 μs
SLICE ind_msg latency = 40149385 μs
SLICE ind_msg latency = 40149165 μs
SLICE ind_msg latency = 40149221 μs
SLICE ind_msg latency = 40149239 μs
SLICE ind_msg latency = 40149529 μs
SLICE ind_msg latency = 40149492 μs
SLICE ind_msg latency = 40149579 μs
SLICE ind_msg latency = 40149319 μs
SLICE ind_msg latency = 40149117 μs
SLICE ind_msg latency = 40149352 μs
SLICE ind_msg latency = 40149116 μs
SLICE ind_msg latency = 40149453 μs
SLICE ind_msg latency = 40149218 μs
SLICE ind_msg latency = 40149072 μs
SLICE ind_msg latency = 40149240 μs
SLICE ind_msg latency = 40149427 μs
SLICE ind_msg latency = 40149744 μs
SLICE ind_msg latency = 40149840 μs
SLICE ind_msg latency = 40149902 μs
SLICE ind_msg latency = 40149562 μs
SLICE ind_msg latency = 40149156 μs
SLICE ind_msg latency = 40149414 μs
SLICE ind_msg latency = 40149363 μs
SLICE ind_msg latency = 40149776 μs
SLICE ind_msg latency = 40149425 μs
SLICE ind_msg latency = 40149503 μs
SLICE ind_msg latency = 40149415 μs
SLICE ind_msg latency = 40149544 μs
SLICE ind_msg latency = 40149331 μs
SLICE ind_msg latency = 40149418 μs
SLICE ind_msg latency = 40149217 μs
SLICE ind_msg latency = 40149457 μs
SLICE ind_msg latency = 40149277 μs
SLICE ind_msg latency = 40149048 μs
SLICE ind_msg latency = 40149200 μs
SLICE ind_msg latency = 40149519 μs
SLICE ind_msg latency = 40149463 μs
SLICE ind_msg latency = 40149623 μs
SLICE ind_msg latency = 40149739 μs
SLICE ind_msg latency = 40149837 μs
SLICE ind_msg latency = 40149356 μs
SLICE ind_msg latency = 40149371 μs
SLICE ind_msg latency = 40149155 μs
SLICE ind_msg latency = 40149375 μs
SLICE ind_msg latency = 40149594 μs
SLICE ind_msg latency = 40149565 μs
SLICE ind_msg latency = 40149817 μs
SLICE ind_msg latency = 40149596 μs
SLICE ind_msg latency = 40149746 μs
SLICE ind_msg latency = 40149570 μs
SLICE ind_msg latency = 40149708 μs
SLICE ind_msg latency = 40149620 μs
SLICE ind_msg latency = 40149732 μs
SLICE ind_msg latency = 40149487 μs
SLICE ind_msg latency = 40149665 μs
SLICE ind_msg latency = 40149763 μs
SLICE ind_msg latency = 40149853 μs
SLICE ind_msg latency = 40149773 μs
SLICE ind_msg latency = 40149804 μs
SLICE ind_msg latency = 40149790 μs
SLICE ind_msg latency = 40149821 μs
SLICE ind_msg latency = 40149750 μs
SLICE ind_msg latency = 40149718 μs
SLICE ind_msg latency = 40149588 μs
SLICE ind_msg latency = 40149551 μs
SLICE ind_msg latency = 40149464 μs
SLICE ind_msg latency = 40149671 μs
SLICE ind_msg latency = 40149378 μs
SLICE ind_msg latency = 40148934 μs
SLICE ind_msg latency = 40148986 μs
SLICE ind_msg latency = 40149101 μs
SLICE ind_msg latency = 40149289 μs
SLICE ind_msg latency = 40149663 μs
SLICE ind_msg latency = 40149564 μs
SLICE ind_msg latency = 40149554 μs
SLICE ind_msg latency = 40149576 μs
SLICE ind_msg latency = 40149369 μs
SLICE ind_msg latency = 40149284 μs
SLICE ind_msg latency = 40149287 μs
SLICE ind_msg latency = 40149517 μs
SLICE ind_msg latency = 40149416 μs
SLICE ind_msg latency = 40149332 μs
SLICE ind_msg latency = 40149217 μs
SLICE ind_msg latency = 40149253 μs
SLICE ind_msg latency = 40149357 μs
SLICE ind_msg latency = 40149287 μs
SLICE ind_msg latency = 40149418 μs
SLICE ind_msg latency = 40149527 μs
SLICE ind_msg latency = 40149595 μs
SLICE ind_msg latency = 40149534 μs
SLICE ind_msg latency = 40149525 μs
SLICE ind_msg latency = 40149407 μs
SLICE ind_msg latency = 40149610 μs
SLICE ind_msg latency = 40149669 μs
SLICE ind_msg latency = 40149533 μs
SLICE ind_msg latency = 40149555 μs
SLICE ind_msg latency = 40149388 μs
SLICE ind_msg latency = 40149438 μs
SLICE ind_msg latency = 40149481 μs
SLICE ind_msg latency = 40149441 μs
SLICE ind_msg latency = 40149501 μs
SLICE ind_msg latency = 40149609 μs
SLICE ind_msg latency = 40149455 μs
SLICE ind_msg latency = 40149535 μs
SLICE ind_msg latency = 40149669 μs
SLICE ind_msg latency = 40149442 μs
SLICE ind_msg latency = 40149715 μs
SLICE ind_msg latency = 40149495 μs
SLICE ind_msg latency = 40149452 μs
SLICE ind_msg latency = 40149341 μs
SLICE ind_msg latency = 40149574 μs
SLICE ind_msg latency = 40149572 μs
SLICE ind_msg latency = 40149813 μs
SLICE ind_msg latency = 40149621 μs
SLICE ind_msg latency = 40149744 μs
SLICE ind_msg latency = 40149486 μs
SLICE ind_msg latency = 40149295 μs
SLICE ind_msg latency = 40149213 μs
SLICE ind_msg latency = 40149287 μs
SLICE ind_msg latency = 40149273 μs
SLICE ind_msg latency = 40149191 μs
SLICE ind_msg latency = 40149298 μs
SLICE ind_msg latency = 40149526 μs
SLICE ind_msg latency = 40149458 μs
SLICE ind_msg latency = 40149472 μs
SLICE ind_msg latency = 40149327 μs
SLICE ind_msg latency = 40149620 μs
SLICE ind_msg latency = 40149706 μs
SLICE ind_msg latency = 40149617 μs
SLICE ind_msg latency = 40149633 μs
SLICE ind_msg latency = 40149589 μs
SLICE ind_msg latency = 40149516 μs
SLICE ind_msg latency = 40149532 μs
SLICE ind_msg latency = 40149568 μs
SLICE ind_msg latency = 40149413 μs
SLICE ind_msg latency = 40149588 μs
SLICE ind_msg latency = 40149350 μs
SLICE ind_msg latency = 40149317 μs
SLICE ind_msg latency = 40149433 μs
SLICE ind_msg latency = 40149323 μs
SLICE ind_msg latency = 40149347 μs
SLICE ind_msg latency = 40149418 μs
SLICE ind_msg latency = 40149290 μs
SLICE ind_msg latency = 40149408 μs
SLICE ind_msg latency = 40149464 μs
SLICE ind_msg latency = 40149333 μs
SLICE ind_msg latency = 40149439 μs
SLICE ind_msg latency = 40149384 μs
SLICE ind_msg latency = 40149492 μs
SLICE ind_msg latency = 40149279 μs
SLICE ind_msg latency = 40149295 μs
SLICE ind_msg latency = 40149707 μs
SLICE ind_msg latency = 40149780 μs
SLICE ind_msg latency = 40149781 μs
SLICE ind_msg latency = 40149582 μs
SLICE ind_msg latency = 40149916 μs
SLICE ind_msg latency = 40149744 μs
SLICE ind_msg latency = 40149704 μs
SLICE ind_msg latency = 40149671 μs
SLICE ind_msg latency = 40149710 μs
SLICE ind_msg latency = 40149761 μs
SLICE ind_msg latency = 40149693 μs
SLICE ind_msg latency = 40149868 μs
SLICE ind_msg latency = 40149682 μs
SLICE ind_msg latency = 40149862 μs
SLICE ind_msg latency = 40149715 μs
SLICE ind_msg latency = 40149867 μs
SLICE ind_msg latency = 40149741 μs
SLICE ind_msg latency = 40149651 μs
SLICE ind_msg latency = 40149494 μs
SLICE ind_msg latency = 40149663 μs
SLICE ind_msg latency = 40149605 μs
SLICE ind_msg latency = 40149701 μs
SLICE ind_msg latency = 40149563 μs
SLICE ind_msg latency = 40149570 μs
SLICE ind_msg latency = 40149561 μs
SLICE ind_msg latency = 40149715 μs
SLICE ind_msg latency = 40149586 μs
SLICE ind_msg latency = 40149706 μs
SLICE ind_msg latency = 40149770 μs
SLICE ind_msg latency = 40149683 μs
SLICE ind_msg latency = 40149780 μs
SLICE ind_msg latency = 40149662 μs
SLICE ind_msg latency = 40149782 μs
SLICE ind_msg latency = 40149614 μs
SLICE ind_msg latency = 40149559 μs
SLICE ind_msg latency = 40149569 μs
SLICE ind_msg latency = 40149487 μs
SLICE ind_msg latency = 40149490 μs
SLICE ind_msg latency = 40149122 μs
SLICE ind_msg latency = 40148970 μs
SLICE ind_msg latency = 40149046 μs
SLICE ind_msg latency = 40149152 μs
SLICE ind_msg latency = 40149345 μs
SLICE ind_msg latency = 40149396 μs
SLICE ind_msg latency = 40149383 μs
SLICE ind_msg latency = 40149281 μs
SLICE ind_msg latency = 40149610 μs
SLICE ind_msg latency = 40149751 μs
SLICE ind_msg latency = 40149355 μs
SLICE ind_msg latency = 40149692 μs
SLICE ind_msg latency = 40149693 μs
SLICE ind_msg latency = 40149708 μs
SLICE ind_msg latency = 40149173 μs
SLICE ind_msg latency = 40149652 μs
SLICE ind_msg latency = 40149491 μs
SLICE ind_msg latency = 40149618 μs
SLICE ind_msg latency = 40149464 μs
SLICE ind_msg latency = 40149541 μs
SLICE ind_msg latency = 40149443 μs
SLICE ind_msg latency = 40149602 μs
SLICE ind_msg latency = 40149656 μs
SLICE ind_msg latency = 40149578 μs
SLICE ind_msg latency = 40149553 μs
SLICE ind_msg latency = 40149551 μs
SLICE ind_msg latency = 40149602 μs
SLICE ind_msg latency = 40149862 μs
SLICE ind_msg latency = 40149712 μs
SLICE ind_msg latency = 40149902 μs
SLICE ind_msg latency = 40149757 μs
SLICE ind_msg latency = 40149848 μs
SLICE ind_msg latency = 40149637 μs
SLICE ind_msg latency = 40149803 μs
SLICE ind_msg latency = 40149638 μs
SLICE ind_msg latency = 40149773 μs
SLICE ind_msg latency = 40149509 μs
SLICE ind_msg latency = 40149537 μs
SLICE ind_msg latency = 40149579 μs
SLICE ind_msg latency = 40149936 μs
SLICE ind_msg latency = 40149743 μs
SLICE ind_msg latency = 40149843 μs
SLICE ind_msg latency = 40149811 μs
SLICE ind_msg latency = 40149883 μs
SLICE ind_msg latency = 40149816 μs
SLICE ind_msg latency = 40149786 μs
SLICE ind_msg latency = 40149883 μs
SLICE ind_msg latency = 40149467 μs
SLICE ind_msg latency = 40149491 μs
SLICE ind_msg latency = 40149554 μs
SLICE ind_msg latency = 40149698 μs
SLICE ind_msg latency = 40149651 μs
SLICE ind_msg latency = 40149488 μs
SLICE ind_msg latency = 40149620 μs
SLICE ind_msg latency = 40149445 μs
SLICE ind_msg latency = 40149640 μs
SLICE ind_msg latency = 40149522 μs
SLICE ind_msg latency = 40149433 μs
SLICE ind_msg latency = 40149654 μs
SLICE ind_msg latency = 40149820 μs
SLICE ind_msg latency = 40149490 μs
SLICE ind_msg latency = 40149576 μs
SLICE ind_msg latency = 40149625 μs
SLICE ind_msg latency = 40149626 μs
SLICE ind_msg latency = 40149654 μs
SLICE ind_msg latency = 40149748 μs
SLICE ind_msg latency = 40149766 μs
SLICE ind_msg latency = 40149952 μs
SLICE ind_msg latency = 40149408 μs
SLICE ind_msg latency = 40149970 μs
SLICE ind_msg latency = 40149336 μs
SLICE ind_msg latency = 40149393 μs
SLICE ind_msg latency = 40149277 μs
SLICE ind_msg latency = 40149403 μs
SLICE ind_msg latency = 40149380 μs
SLICE ind_msg latency = 40149261 μs
SLICE ind_msg latency = 40149660 μs
SLICE ind_msg latency = 40149662 μs
SLICE ind_msg latency = 40149447 μs
SLICE ind_msg latency = 40149444 μs
SLICE ind_msg latency = 40149327 μs
SLICE ind_msg latency = 40149593 μs
SLICE ind_msg latency = 40149530 μs
SLICE ind_msg latency = 40149674 μs
SLICE ind_msg latency = 40149476 μs
SLICE ind_msg latency = 40149791 μs
SLICE ind_msg latency = 40149470 μs
SLICE ind_msg latency = 40149458 μs
SLICE ind_msg latency = 40149327 μs
SLICE ind_msg latency = 40149250 μs
SLICE ind_msg latency = 40149046 μs
SLICE ind_msg latency = 40149353 μs
SLICE ind_msg latency = 40149356 μs
SLICE ind_msg latency = 40149296 μs
SLICE ind_msg latency = 40149376 μs
SLICE ind_msg latency = 40149167 μs
SLICE ind_msg latency = 40149348 μs
SLICE ind_msg latency = 40149372 μs
SLICE ind_msg latency = 40149586 μs
SLICE ind_msg latency = 40149550 μs
SLICE ind_msg latency = 40149544 μs
SLICE ind_msg latency = 40149261 μs
SLICE ind_msg latency = 40149379 μs
SLICE ind_msg latency = 40149526 μs
SLICE ind_msg latency = 40149715 μs
SLICE ind_msg latency = 40149565 μs
SLICE ind_msg latency = 40149847 μs
SLICE ind_msg latency = 40149603 μs
SLICE ind_msg latency = 40149005 μs
SLICE ind_msg latency = 40149076 μs
SLICE ind_msg latency = 40149273 μs
SLICE ind_msg latency = 40149302 μs
SLICE ind_msg latency = 40149381 μs
SLICE ind_msg latency = 40149660 μs
SLICE ind_msg latency = 40149514 μs
SLICE ind_msg latency = 40149437 μs
SLICE ind_msg latency = 40149087 μs
SLICE ind_msg latency = 40149472 μs
SLICE ind_msg latency = 40149230 μs
SLICE ind_msg latency = 40149385 μs
SLICE ind_msg latency = 40149502 μs
SLICE ind_msg latency = 40149654 μs
SLICE ind_msg latency = 40149450 μs
SLICE ind_msg latency = 40149535 μs
SLICE ind_msg latency = 40149629 μs
SLICE ind_msg latency = 40149527 μs
SLICE ind_msg latency = 40149582 μs
SLICE ind_msg latency = 40149364 μs
SLICE ind_msg latency = 40149043 μs
SLICE ind_msg latency = 40149090 μs
SLICE ind_msg latency = 40149657 μs
SLICE ind_msg latency = 40149671 μs
SLICE ind_msg latency = 40149334 μs
SLICE ind_msg latency = 40149658 μs
SLICE ind_msg latency = 40149637 μs
SLICE ind_msg latency = 40149345 μs
SLICE ind_msg latency = 40149438 μs
SLICE ind_msg latency = 40149881 μs
SLICE ind_msg latency = 40149421 μs
SLICE ind_msg latency = 40149597 μs
SLICE ind_msg latency = 40149282 μs
SLICE ind_msg latency = 40149257 μs
SLICE ind_msg latency = 40149887 μs
SLICE ind_msg latency = 40149684 μs
SLICE ind_msg latency = 40149527 μs
SLICE ind_msg latency = 40149343 μs
SLICE ind_msg latency = 40149260 μs
SLICE ind_msg latency = 40149195 μs
SLICE ind_msg latency = 40149339 μs
SLICE ind_msg latency = 40149212 μs
SLICE ind_msg latency = 40149331 μs
SLICE ind_msg latency = 40149337 μs
SLICE ind_msg latency = 40149421 μs
SLICE ind_msg latency = 40149233 μs
SLICE ind_msg latency = 40149500 μs
SLICE ind_msg latency = 40149516 μs
SLICE ind_msg latency = 40149464 μs
SLICE ind_msg latency = 40149791 μs
SLICE ind_msg latency = 40149325 μs
SLICE ind_msg latency = 40149300 μs
ADD STATIC DL SLICE: id 0, pos_low 0, pos_high 3
ADD STATIC DL SLICE: id 2, pos_low 4, pos_high 7
ADD STATIC DL SLICE: id 5, pos_low 8, pos_high 12
[xApp]: CONTROL-REQUEST tx 
[xApp]: CONTROL ACK rx
[xApp]: Successfully received CONTROL-ACK 
SLICE ind_msg latency = 40149027 μs
SLICE ind_msg latency = 40149058 μs
SLICE ind_msg latency = 40149541 μs
SLICE ind_msg latency = 40149530 μs
SLICE ind_msg latency = 40149401 μs
SLICE ind_msg latency = 40149139 μs
SLICE ind_msg latency = 40149481 μs
SLICE ind_msg latency = 40149272 μs
SLICE ind_msg latency = 40149044 μs
SLICE ind_msg latency = 40149092 μs
SLICE ind_msg latency = 40149740 μs
SLICE ind_msg latency = 40148783 μs
SLICE ind_msg latency = 40148938 μs
SLICE ind_msg latency = 40148748 μs
SLICE ind_msg latency = 40149120 μs
SLICE ind_msg latency = 40148731 μs
SLICE ind_msg latency = 40148889 μs
SLICE ind_msg latency = 40149188 μs
SLICE ind_msg latency = 40149388 μs
SLICE ind_msg latency = 40149390 μs
SLICE ind_msg latency = 40149315 μs
SLICE ind_msg latency = 40149322 μs
SLICE ind_msg latency = 40149524 μs
SLICE ind_msg latency = 40149633 μs
SLICE ind_msg latency = 40149468 μs
SLICE ind_msg latency = 40149488 μs
SLICE ind_msg latency = 40149444 μs
SLICE ind_msg latency = 40149603 μs
SLICE ind_msg latency = 40149372 μs
SLICE ind_msg latency = 40149525 μs
SLICE ind_msg latency = 40149752 μs
SLICE ind_msg latency = 40149274 μs
SLICE ind_msg latency = 40149290 μs
SLICE ind_msg latency = 40149484 μs
SLICE ind_msg latency = 40149168 μs
SLICE ind_msg latency = 40149395 μs
SLICE ind_msg latency = 40149461 μs
SLICE ind_msg latency = 40149536 μs
SLICE ind_msg latency = 40149240 μs
SLICE ind_msg latency = 40149207 μs
SLICE ind_msg latency = 40149372 μs
SLICE ind_msg latency = 40148853 μs
SLICE ind_msg latency = 40149082 μs
SLICE ind_msg latency = 40149037 μs
SLICE ind_msg latency = 40149383 μs
SLICE ind_msg latency = 40149588 μs
SLICE ind_msg latency = 40149598 μs
SLICE ind_msg latency = 40149657 μs
SLICE ind_msg latency = 40149531 μs
SLICE ind_msg latency = 40149447 μs
SLICE ind_msg latency = 40149583 μs
SLICE ind_msg latency = 40149639 μs
SLICE ind_msg latency = 40149593 μs
SLICE ind_msg latency = 40149637 μs
SLICE ind_msg latency = 40149666 μs
SLICE ind_msg latency = 40149505 μs
SLICE ind_msg latency = 40149535 μs
SLICE ind_msg latency = 40149850 μs
SLICE ind_msg latency = 40149731 μs
SLICE ind_msg latency = 40149797 μs
SLICE ind_msg latency = 40149756 μs
SLICE ind_msg latency = 40149578 μs
SLICE ind_msg latency = 40149622 μs
SLICE ind_msg latency = 40149653 μs
SLICE ind_msg latency = 40149787 μs
SLICE ind_msg latency = 40149492 μs
SLICE ind_msg latency = 40149561 μs
SLICE ind_msg latency = 40149680 μs
SLICE ind_msg latency = 40149360 μs
SLICE ind_msg latency = 40149989 μs
SLICE ind_msg latency = 40149651 μs
SLICE ind_msg latency = 40149640 μs
SLICE ind_msg latency = 40149724 μs
SLICE ind_msg latency = 40149227 μs
SLICE ind_msg latency = 40149498 μs
SLICE ind_msg latency = 40149538 μs
SLICE ind_msg latency = 40149541 μs
SLICE ind_msg latency = 40149723 μs
SLICE ind_msg latency = 40149673 μs
SLICE ind_msg latency = 40149510 μs
SLICE ind_msg latency = 40149692 μs
SLICE ind_msg latency = 40149553 μs
SLICE ind_msg latency = 40149440 μs
SLICE ind_msg latency = 40149504 μs
SLICE ind_msg latency = 40149241 μs
SLICE ind_msg latency = 40149083 μs
SLICE ind_msg latency = 40149536 μs
SLICE ind_msg latency = 40149378 μs
SLICE ind_msg latency = 40149388 μs
SLICE ind_msg latency = 40149469 μs
SLICE ind_msg latency = 40149141 μs
SLICE ind_msg latency = 40149250 μs
SLICE ind_msg latency = 40149474 μs
SLICE ind_msg latency = 40149515 μs
SLICE ind_msg latency = 40149623 μs
SLICE ind_msg latency = 40149734 μs
SLICE ind_msg latency = 40149661 μs
SLICE ind_msg latency = 40149551 μs
SLICE ind_msg latency = 40149489 μs
SLICE ind_msg latency = 40149602 μs
SLICE ind_msg latency = 40149724 μs
SLICE ind_msg latency = 40149424 μs
SLICE ind_msg latency = 40149436 μs
SLICE ind_msg latency = 40149558 μs
SLICE ind_msg latency = 40149328 μs
SLICE ind_msg latency = 40149561 μs
SLICE ind_msg latency = 40149346 μs
SLICE ind_msg latency = 40149605 μs
SLICE ind_msg latency = 40149497 μs
SLICE ind_msg latency = 40149603 μs
SLICE ind_msg latency = 40149565 μs
SLICE ind_msg latency = 40149680 μs
SLICE ind_msg latency = 40149626 μs
SLICE ind_msg latency = 40149653 μs
SLICE ind_msg latency = 40149657 μs
SLICE ind_msg latency = 40149790 μs
SLICE ind_msg latency = 40149534 μs
SLICE ind_msg latency = 40149629 μs
SLICE ind_msg latency = 40149293 μs
SLICE ind_msg latency = 40149936 μs
SLICE ind_msg latency = 40149332 μs
SLICE ind_msg latency = 40149070 μs
SLICE ind_msg latency = 40149113 μs
SLICE ind_msg latency = 40149390 μs
SLICE ind_msg latency = 40149281 μs
SLICE ind_msg latency = 40149163 μs
SLICE ind_msg latency = 40149330 μs
SLICE ind_msg latency = 40149232 μs
SLICE ind_msg latency = 40149298 μs
SLICE ind_msg latency = 40149330 μs
SLICE ind_msg latency = 40149486 μs
SLICE ind_msg latency = 40149291 μs
SLICE ind_msg latency = 40149308 μs
SLICE ind_msg latency = 40149573 μs
SLICE ind_msg latency = 40149577 μs
SLICE ind_msg latency = 40149228 μs
SLICE ind_msg latency = 40149254 μs
SLICE ind_msg latency = 40149070 μs
SLICE ind_msg latency = 40150102 μs
SLICE ind_msg latency = 40148990 μs
SLICE ind_msg latency = 40149159 μs
SLICE ind_msg latency = 40149393 μs
SLICE ind_msg latency = 40149643 μs
SLICE ind_msg latency = 40149593 μs
SLICE ind_msg latency = 40149310 μs
SLICE ind_msg latency = 40149589 μs
SLICE ind_msg latency = 40149650 μs
SLICE ind_msg latency = 40149635 μs
SLICE ind_msg latency = 40149716 μs
SLICE ind_msg latency = 40149877 μs
SLICE ind_msg latency = 40149751 μs
SLICE ind_msg latency = 40149633 μs
SLICE ind_msg latency = 40149547 μs
SLICE ind_msg latency = 40149688 μs
SLICE ind_msg latency = 40149689 μs
SLICE ind_msg latency = 40149707 μs
SLICE ind_msg latency = 40149423 μs
SLICE ind_msg latency = 40149551 μs
SLICE ind_msg latency = 40149207 μs
SLICE ind_msg latency = 40149502 μs
SLICE ind_msg latency = 40149480 μs
SLICE ind_msg latency = 40149835 μs
SLICE ind_msg latency = 40149677 μs
SLICE ind_msg latency = 40149549 μs
SLICE ind_msg latency = 40149836 μs
SLICE ind_msg latency = 40149803 μs
SLICE ind_msg latency = 40149490 μs
SLICE ind_msg latency = 40149339 μs
SLICE ind_msg latency = 40148973 μs
SLICE ind_msg latency = 40149316 μs
SLICE ind_msg latency = 40149443 μs
SLICE ind_msg latency = 40149664 μs
SLICE ind_msg latency = 40149519 μs
SLICE ind_msg latency = 40149631 μs
SLICE ind_msg latency = 40149604 μs
SLICE ind_msg latency = 40149692 μs
SLICE ind_msg latency = 40149631 μs
SLICE ind_msg latency = 40149700 μs
SLICE ind_msg latency = 40149691 μs
SLICE ind_msg latency = 40149778 μs
SLICE ind_msg latency = 40149615 μs
SLICE ind_msg latency = 40149671 μs
SLICE ind_msg latency = 40149674 μs
SLICE ind_msg latency = 40149914 μs
SLICE ind_msg latency = 40149700 μs
SLICE ind_msg latency = 40149590 μs
SLICE ind_msg latency = 40149646 μs
SLICE ind_msg latency = 40149647 μs
SLICE ind_msg latency = 40149665 μs
SLICE ind_msg latency = 40149827 μs
SLICE ind_msg latency = 40149627 μs
SLICE ind_msg latency = 40149743 μs
SLICE ind_msg latency = 40149783 μs
SLICE ind_msg latency = 40149745 μs
SLICE ind_msg latency = 40149710 μs
SLICE ind_msg latency = 40149856 μs
SLICE ind_msg latency = 40149536 μs
SLICE ind_msg latency = 40149220 μs
SLICE ind_msg latency = 40149452 μs
SLICE ind_msg latency = 40149436 μs
DEL DL SLICE: id 2
[xApp]: CONTROL-REQUEST tx 
[xApp]: CONTROL ACK rx
[xApp]: Successfully received CONTROL-ACK 
SLICE ind_msg latency = 40149095 μs
SLICE ind_msg latency = 40149121 μs
SLICE ind_msg latency = 40149515 μs
SLICE ind_msg latency = 40149624 μs
SLICE ind_msg latency = 40149435 μs
SLICE ind_msg latency = 40149630 μs
SLICE ind_msg latency = 40149496 μs
SLICE ind_msg latency = 40149470 μs
SLICE ind_msg latency = 40149467 μs
SLICE ind_msg latency = 40149474 μs
SLICE ind_msg latency = 40149425 μs
SLICE ind_msg latency = 40149701 μs
SLICE ind_msg latency = 40149516 μs
SLICE ind_msg latency = 40149556 μs
SLICE ind_msg latency = 40149512 μs
SLICE ind_msg latency = 40149394 μs
SLICE ind_msg latency = 40149334 μs
SLICE ind_msg latency = 40149316 μs
SLICE ind_msg latency = 40149541 μs
SLICE ind_msg latency = 40149342 μs
SLICE ind_msg latency = 40149206 μs
SLICE ind_msg latency = 40149275 μs
SLICE ind_msg latency = 40149420 μs
SLICE ind_msg latency = 40149712 μs
SLICE ind_msg latency = 40149523 μs
SLICE ind_msg latency = 40149466 μs
SLICE ind_msg latency = 40149395 μs
SLICE ind_msg latency = 40149444 μs
SLICE ind_msg latency = 40149597 μs
SLICE ind_msg latency = 40149427 μs
SLICE ind_msg latency = 40149508 μs
SLICE ind_msg latency = 40149403 μs
SLICE ind_msg latency = 40149337 μs
SLICE ind_msg latency = 40149515 μs
SLICE ind_msg latency = 40149372 μs
SLICE ind_msg latency = 40149284 μs
SLICE ind_msg latency = 40149299 μs
SLICE ind_msg latency = 40149327 μs
SLICE ind_msg latency = 40149240 μs
SLICE ind_msg latency = 40149692 μs
SLICE ind_msg latency = 40149557 μs
SLICE ind_msg latency = 40149476 μs
SLICE ind_msg latency = 40149202 μs
SLICE ind_msg latency = 40149153 μs
SLICE ind_msg latency = 40149309 μs
SLICE ind_msg latency = 40149547 μs
SLICE ind_msg latency = 40149229 μs
SLICE ind_msg latency = 40149277 μs
SLICE ind_msg latency = 40149433 μs
SLICE ind_msg latency = 40149442 μs
SLICE ind_msg latency = 40149461 μs
SLICE ind_msg latency = 40149317 μs
SLICE ind_msg latency = 40149350 μs
SLICE ind_msg latency = 40149330 μs
SLICE ind_msg latency = 40149479 μs
SLICE ind_msg latency = 40149297 μs
SLICE ind_msg latency = 40149346 μs
SLICE ind_msg latency = 40149132 μs
SLICE ind_msg latency = 40149507 μs
SLICE ind_msg latency = 40149392 μs
SLICE ind_msg latency = 40149404 μs
SLICE ind_msg latency = 40149342 μs
SLICE ind_msg latency = 40149522 μs
SLICE ind_msg latency = 40149402 μs
SLICE ind_msg latency = 40149427 μs
SLICE ind_msg latency = 40149191 μs
SLICE ind_msg latency = 40149431 μs
SLICE ind_msg latency = 40149490 μs
SLICE ind_msg latency = 40149275 μs
SLICE ind_msg latency = 40149372 μs
SLICE ind_msg latency = 40149504 μs
SLICE ind_msg latency = 40149507 μs
SLICE ind_msg latency = 40149371 μs
SLICE ind_msg latency = 40149033 μs
SLICE ind_msg latency = 40149082 μs
SLICE ind_msg latency = 40149225 μs
SLICE ind_msg latency = 40149225 μs
SLICE ind_msg latency = 40149118 μs
SLICE ind_msg latency = 40148957 μs
SLICE ind_msg latency = 40148969 μs
SLICE ind_msg latency = 40149180 μs
SLICE ind_msg latency = 40149458 μs
SLICE ind_msg latency = 40149393 μs
SLICE ind_msg latency = 40149331 μs
SLICE ind_msg latency = 40149276 μs
SLICE ind_msg latency = 40149423 μs
SLICE ind_msg latency = 40149308 μs
SLICE ind_msg latency = 40149468 μs
SLICE ind_msg latency = 40149479 μs
SLICE ind_msg latency = 40149400 μs
SLICE ind_msg latency = 40149278 μs
SLICE ind_msg latency = 40149451 μs
SLICE ind_msg latency = 40149426 μs
SLICE ind_msg latency = 40149514 μs
SLICE ind_msg latency = 40149145 μs
SLICE ind_msg latency = 40149506 μs
SLICE ind_msg latency = 40149428 μs
SLICE ind_msg latency = 40149368 μs
SLICE ind_msg latency = 40149259 μs
SLICE ind_msg latency = 40149190 μs
SLICE ind_msg latency = 40149397 μs
SLICE ind_msg latency = 40149551 μs
SLICE ind_msg latency = 40149244 μs
SLICE ind_msg latency = 40149232 μs
SLICE ind_msg latency = 40149244 μs
SLICE ind_msg latency = 40149364 μs
SLICE ind_msg latency = 40149175 μs
SLICE ind_msg latency = 40149381 μs
SLICE ind_msg latency = 40149483 μs
SLICE ind_msg latency = 40149487 μs
SLICE ind_msg latency = 40149321 μs
SLICE ind_msg latency = 40149415 μs
SLICE ind_msg latency = 40149360 μs
SLICE ind_msg latency = 40149488 μs
SLICE ind_msg latency = 40149468 μs
SLICE ind_msg latency = 40149167 μs
SLICE ind_msg latency = 40149400 μs
SLICE ind_msg latency = 40149591 μs
SLICE ind_msg latency = 40149758 μs
SLICE ind_msg latency = 40149231 μs
SLICE ind_msg latency = 40149151 μs
SLICE ind_msg latency = 40149266 μs
SLICE ind_msg latency = 40149208 μs
SLICE ind_msg latency = 40149707 μs
SLICE ind_msg latency = 40149715 μs
SLICE ind_msg latency = 40149434 μs
SLICE ind_msg latency = 40149645 μs
SLICE ind_msg latency = 40149540 μs
SLICE ind_msg latency = 40149293 μs
SLICE ind_msg latency = 40149168 μs
SLICE ind_msg latency = 40149307 μs
SLICE ind_msg latency = 40149316 μs
SLICE ind_msg latency = 40149335 μs
SLICE ind_msg latency = 40149051 μs
SLICE ind_msg latency = 40149465 μs
SLICE ind_msg latency = 40149392 μs
SLICE ind_msg latency = 40149394 μs
SLICE ind_msg latency = 40149322 μs
SLICE ind_msg latency = 40149325 μs
SLICE ind_msg latency = 40149419 μs
SLICE ind_msg latency = 40149343 μs
SLICE ind_msg latency = 40149320 μs
SLICE ind_msg latency = 40149248 μs
SLICE ind_msg latency = 40149445 μs
SLICE ind_msg latency = 40149305 μs
SLICE ind_msg latency = 40149404 μs
SLICE ind_msg latency = 40149226 μs
SLICE ind_msg latency = 40149328 μs
SLICE ind_msg latency = 40149524 μs
SLICE ind_msg latency = 40149280 μs
SLICE ind_msg latency = 40149106 μs
SLICE ind_msg latency = 40148952 μs
SLICE ind_msg latency = 40149017 μs
SLICE ind_msg latency = 40149217 μs
SLICE ind_msg latency = 40149115 μs
SLICE ind_msg latency = 40149282 μs
SLICE ind_msg latency = 40149356 μs
SLICE ind_msg latency = 40149559 μs
SLICE ind_msg latency = 40149799 μs
SLICE ind_msg latency = 40149568 μs
SLICE ind_msg latency = 40149652 μs
SLICE ind_msg latency = 40149527 μs
SLICE ind_msg latency = 40149718 μs
SLICE ind_msg latency = 40149634 μs
SLICE ind_msg latency = 40149572 μs
SLICE ind_msg latency = 40149569 μs
SLICE ind_msg latency = 40149810 μs
SLICE ind_msg latency = 40148972 μs
SLICE ind_msg latency = 40149074 μs
SLICE ind_msg latency = 40149458 μs
SLICE ind_msg latency = 40149408 μs
SLICE ind_msg latency = 40149637 μs
SLICE ind_msg latency = 40149569 μs
SLICE ind_msg latency = 40149816 μs
SLICE ind_msg latency = 40149660 μs
SLICE ind_msg latency = 40149504 μs
SLICE ind_msg latency = 40149581 μs
SLICE ind_msg latency = 40149667 μs
SLICE ind_msg latency = 40149812 μs
SLICE ind_msg latency = 40149813 μs
SLICE ind_msg latency = 40149699 μs
SLICE ind_msg latency = 40149494 μs
SLICE ind_msg latency = 40149430 μs
SLICE ind_msg latency = 40149557 μs
SLICE ind_msg latency = 40149514 μs
SLICE ind_msg latency = 40149419 μs
SLICE ind_msg latency = 40149459 μs
SLICE ind_msg latency = 40149682 μs
SLICE ind_msg latency = 40149685 μs
SLICE ind_msg latency = 40149783 μs
SLICE ind_msg latency = 40149678 μs
SLICE ind_msg latency = 40149744 μs
SLICE ind_msg latency = 40149669 μs
SLICE ind_msg latency = 40149755 μs
SLICE ind_msg latency = 40149673 μs
SLICE ind_msg latency = 40149691 μs
SLICE ind_msg latency = 40149684 μs
SLICE ind_msg latency = 40149506 μs
SLICE ind_msg latency = 40149547 μs
SLICE ind_msg latency = 40149858 μs
ASSOC DL SLICE: <rnti>, id 5
[xApp]: CONTROL-REQUEST tx 
[xApp]: CONTROL ACK rx
[xApp]: Successfully received CONTROL-ACK 
SLICE ind_msg latency = 40149589 μs
SLICE ind_msg latency = 40149428 μs
SLICE ind_msg latency = 40149345 μs
SLICE ind_msg latency = 40149705 μs
SLICE ind_msg latency = 40149682 μs
SLICE ind_msg latency = 40149530 μs
SLICE ind_msg latency = 40149616 μs
SLICE ind_msg latency = 40149708 μs
SLICE ind_msg latency = 40149930 μs
SLICE ind_msg latency = 40149709 μs
SLICE ind_msg latency = 40149674 μs
SLICE ind_msg latency = 40149699 μs
SLICE ind_msg latency = 40149679 μs
SLICE ind_msg latency = 40149827 μs
SLICE ind_msg latency = 40149720 μs
SLICE ind_msg latency = 40149794 μs
SLICE ind_msg latency = 40149382 μs
SLICE ind_msg latency = 40149488 μs
SLICE ind_msg latency = 40149553 μs
SLICE ind_msg latency = 40149466 μs
SLICE ind_msg latency = 40149611 μs
SLICE ind_msg latency = 40149617 μs
SLICE ind_msg latency = 40149559 μs
SLICE ind_msg latency = 40149548 μs
SLICE ind_msg latency = 40149297 μs
SLICE ind_msg latency = 40149504 μs
SLICE ind_msg latency = 40149722 μs
SLICE ind_msg latency = 40149635 μs
SLICE ind_msg latency = 40149530 μs
SLICE ind_msg latency = 40149642 μs
SLICE ind_msg latency = 40149576 μs
SLICE ind_msg latency = 40149650 μs
SLICE ind_msg latency = 40149975 μs
SLICE ind_msg latency = 40149824 μs
SLICE ind_msg latency = 40149564 μs
SLICE ind_msg latency = 40149754 μs
SLICE ind_msg latency = 40149849 μs
SLICE ind_msg latency = 40149631 μs
SLICE ind_msg latency = 40149688 μs
SLICE ind_msg latency = 40149546 μs
SLICE ind_msg latency = 40149654 μs
SLICE ind_msg latency = 40149562 μs
SLICE ind_msg latency = 40149373 μs
SLICE ind_msg latency = 40149272 μs
SLICE ind_msg latency = 40149500 μs
SLICE ind_msg latency = 40149372 μs
SLICE ind_msg latency = 40149659 μs
SLICE ind_msg latency = 40149584 μs
SLICE ind_msg latency = 40149853 μs
SLICE ind_msg latency = 40149848 μs
SLICE ind_msg latency = 40149775 μs
SLICE ind_msg latency = 40149859 μs
SLICE ind_msg latency = 40149967 μs
SLICE ind_msg latency = 40149959 μs
SLICE ind_msg latency = 40149871 μs
SLICE ind_msg latency = 40149892 μs
SLICE ind_msg latency = 40149752 μs
SLICE ind_msg latency = 40149732 μs
SLICE ind_msg latency = 40149561 μs
SLICE ind_msg latency = 40149833 μs
SLICE ind_msg latency = 40149670 μs
SLICE ind_msg latency = 40149603 μs
SLICE ind_msg latency = 40149715 μs
SLICE ind_msg latency = 40149749 μs
SLICE ind_msg latency = 40149760 μs
SLICE ind_msg latency = 40149785 μs
SLICE ind_msg latency = 40149766 μs
SLICE ind_msg latency = 40150068 μs
SLICE ind_msg latency = 40149835 μs
SLICE ind_msg latency = 40149856 μs
SLICE ind_msg latency = 40149767 μs
SLICE ind_msg latency = 40149629 μs
SLICE ind_msg latency = 40149964 μs
SLICE ind_msg latency = 40149684 μs
SLICE ind_msg latency = 40149769 μs
SLICE ind_msg latency = 40149599 μs
SLICE ind_msg latency = 40149064 μs
SLICE ind_msg latency = 40148913 μs
SLICE ind_msg latency = 40152400 μs
SLICE ind_msg latency = 40148778 μs
SLICE ind_msg latency = 40148767 μs
SLICE ind_msg latency = 40148682 μs
SLICE ind_msg latency = 40148954 μs
SLICE ind_msg latency = 40149042 μs
SLICE ind_msg latency = 40149190 μs
SLICE ind_msg latency = 40149003 μs
SLICE ind_msg latency = 40148835 μs
SLICE ind_msg latency = 40148793 μs
SLICE ind_msg latency = 40148826 μs
SLICE ind_msg latency = 40149361 μs
SLICE ind_msg latency = 40149645 μs
SLICE ind_msg latency = 40149580 μs
SLICE ind_msg latency = 40149636 μs
SLICE ind_msg latency = 40149148 μs
SLICE ind_msg latency = 40149540 μs
SLICE ind_msg latency = 40149613 μs
SLICE ind_msg latency = 40149703 μs
SLICE ind_msg latency = 40149725 μs
SLICE ind_msg latency = 40149378 μs
SLICE ind_msg latency = 40149492 μs
SLICE ind_msg latency = 40149577 μs
SLICE ind_msg latency = 40149224 μs
SLICE ind_msg latency = 40149132 μs
SLICE ind_msg latency = 40148935 μs
SLICE ind_msg latency = 40149179 μs
SLICE ind_msg latency = 40148889 μs
SLICE ind_msg latency = 40149077 μs
SLICE ind_msg latency = 40149391 μs
SLICE ind_msg latency = 40149665 μs
SLICE ind_msg latency = 40149712 μs
SLICE ind_msg latency = 40149879 μs
SLICE ind_msg latency = 40149734 μs
SLICE ind_msg latency = 40149764 μs
SLICE ind_msg latency = 40149609 μs
SLICE ind_msg latency = 40149817 μs
SLICE ind_msg latency = 40149766 μs
SLICE ind_msg latency = 40149760 μs
SLICE ind_msg latency = 40149358 μs
SLICE ind_msg latency = 40149287 μs
SLICE ind_msg latency = 40148797 μs
SLICE ind_msg latency = 40148817 μs
SLICE ind_msg latency = 40148853 μs
SLICE ind_msg latency = 40149027 μs
SLICE ind_msg latency = 40149348 μs
SLICE ind_msg latency = 40149391 μs
SLICE ind_msg latency = 40149006 μs
SLICE ind_msg latency = 40149207 μs
SLICE ind_msg latency = 40149200 μs
SLICE ind_msg latency = 40149260 μs
SLICE ind_msg latency = 40149326 μs
SLICE ind_msg latency = 40149459 μs
SLICE ind_msg latency = 40149643 μs
SLICE ind_msg latency = 40149645 μs
SLICE ind_msg latency = 40149578 μs
SLICE ind_msg latency = 40149604 μs
SLICE ind_msg latency = 40149352 μs
SLICE ind_msg latency = 40149464 μs
SLICE ind_msg latency = 40149647 μs
SLICE ind_msg latency = 40149437 μs
SLICE ind_msg latency = 40149544 μs
SLICE ind_msg latency = 40149619 μs
SLICE ind_msg latency = 40149307 μs
SLICE ind_msg latency = 40149440 μs
SLICE ind_msg latency = 40149449 μs
SLICE ind_msg latency = 40149513 μs
SLICE ind_msg latency = 40149506 μs
SLICE ind_msg latency = 40149700 μs
SLICE ind_msg latency = 40149513 μs
SLICE ind_msg latency = 40149860 μs
SLICE ind_msg latency = 40149564 μs
SLICE ind_msg latency = 40149395 μs
SLICE ind_msg latency = 40149486 μs
SLICE ind_msg latency = 40149734 μs
SLICE ind_msg latency = 40149580 μs
SLICE ind_msg latency = 40149646 μs
SLICE ind_msg latency = 40149723 μs
SLICE ind_msg latency = 40149722 μs
SLICE ind_msg latency = 40149918 μs
SLICE ind_msg latency = 40149930 μs
SLICE ind_msg latency = 40149665 μs
SLICE ind_msg latency = 40149590 μs
SLICE ind_msg latency = 40149530 μs
SLICE ind_msg latency = 40149974 μs
SLICE ind_msg latency = 40149549 μs
SLICE ind_msg latency = 40149933 μs
SLICE ind_msg latency = 40149639 μs
SLICE ind_msg latency = 40149621 μs
SLICE ind_msg latency = 40148982 μs
SLICE ind_msg latency = 40148870 μs
SLICE ind_msg latency = 40148973 μs
SLICE ind_msg latency = 40149324 μs
SLICE ind_msg latency = 40149351 μs
SLICE ind_msg latency = 40149550 μs
SLICE ind_msg latency = 40149563 μs
SLICE ind_msg latency = 40149663 μs
SLICE ind_msg latency = 40149564 μs
SLICE ind_msg latency = 40149472 μs
SLICE ind_msg latency = 40149610 μs
SLICE ind_msg latency = 40149606 μs
SLICE ind_msg latency = 40149458 μs
SLICE ind_msg latency = 40149598 μs
SLICE ind_msg latency = 40149296 μs
SLICE ind_msg latency = 40149491 μs
SLICE ind_msg latency = 40149517 μs
SLICE ind_msg latency = 40149568 μs
SLICE ind_msg latency = 40149499 μs
SLICE ind_msg latency = 40149248 μs
SLICE ind_msg latency = 40149138 μs
SLICE ind_msg latency = 40149489 μs
SLICE ind_msg latency = 40149711 μs
SLICE ind_msg latency = 40149652 μs
SLICE ind_msg latency = 40149319 μs
SLICE ind_msg latency = 40149465 μs
SLICE ind_msg latency = 40149270 μs
SLICE ind_msg latency = 40149671 μs
SLICE ind_msg latency = 40149703 μs
SLICE ind_msg latency = 40149583 μs
SLICE ind_msg latency = 40149453 μs
SLICE ind_msg latency = 40149694 μs
SLICE ind_msg latency = 40149450 μs
[xApp]: E42 RIC_SUBSCRIPTION_DELETE_REQUEST tx RAN_FUNC_ID 145 RIC_REQ_ID 1 
[xApp]: E42 SUBSCRIPTION DELETE RESPONSE rx
SLICE ind_msg latency = 40149396 μs
[xApp]: Sucessfully stopped 
Test xApp run SUCCESSFULLY
Diff time between Connection and Subscription: 2232μs
