[UTIL]: Setting the config -c file to flexric.conf
[UTIL]: Setting path -p for the shared libraries to /usr/local/lib/flexric/
[xAapp]: Initializing ... 
[xApp]: nearRT-RIC IP Address = 191.4.204.131, PORT = 36422
[E2 AGENT]: Opening plugin from path = /usr/local/lib/flexric/libpdcp_sm.so 
[E2 AGENT]: Opening plugin from path = /usr/local/lib/flexric/libmac_sm.so 
[E2 AGENT]: Opening plugin from path = /usr/local/lib/flexric/libgtp_sm.so 
[E2 AGENT]: Opening plugin from path = /usr/local/lib/flexric/libkpm_sm.so 
[E2 AGENT]: Opening plugin from path = /usr/local/lib/flexric/libtc_sm.so 
[E2 AGENT]: Opening plugin from path = /usr/local/lib/flexric/librc_sm.so 
[E2 AGENT]: Opening plugin from path = /usr/local/lib/flexric/libslice_sm.so 
[E2 AGENT]: Opening plugin from path = /usr/local/lib/flexric/librlc_sm.so 
[NEAR-RIC]: Loading SM ID = 144 with def = PDCP_STATS_V0 
[NEAR-RIC]: Loading SM ID = 142 with def = MAC_STATS_V0 
[NEAR-RIC]: Loading SM ID = 148 with def = GTP_STATS_V0 
[NEAR-RIC]: Loading SM ID = 2 with def = ORAN-E2SM-KPM 
[NEAR-RIC]: Loading SM ID = 146 with def = TC_STATS_V0 
[NEAR-RIC]: Loading SM ID = 3 with def = ORAN-E2SM-RC 
[NEAR-RIC]: Loading SM ID = 145 with def = SLICE_STATS_V0 
[NEAR-RIC]: Loading SM ID = 143 with def = RLC_STATS_V0 
[xApp]: DB filename = /tmp/xapp_db_1710190231574650 
 [xApp]: E42 SETUP-REQUEST tx
[xApp]: E42 SETUP-RESPONSE rx 
[xApp]: xApp ID = 42 
[xApp]: Registered E2 Nodes = 1 
Connected E2 nodes len = 1
Registered ran func id = 2 
 Registered ran func id = 3 
 Registered ran func id = 142 
 Registered ran func id = 143 
 Registered ran func id = 144 
 Registered ran func id = 145 
 Registered ran func id = 146 
 Registered ran func id = 148 
 [xApp]: E42 RIC SUBSCRIPTION REQUEST tx RAN_FUNC_ID 145 RIC_REQ_ID 1 
[xApp]: SUBSCRIPTION RESPONSE rx
[xApp]: Successfully subscribed to RAN_FUNC_ID 145 
Tempo: 1710190233583932
Diff: 2150μs
SLICE ind_msg latency = 40149583 μs
SLICE ind_msg latency = 40149456 μs
SLICE ind_msg latency = 40149781 μs
SLICE ind_msg latency = 40150031 μs
SLICE ind_msg latency = 40149593 μs
SLICE ind_msg latency = 40149816 μs
SLICE ind_msg latency = 40149625 μs
SLICE ind_msg latency = 40149860 μs
SLICE ind_msg latency = 40149570 μs
SLICE ind_msg latency = 40149639 μs
SLICE ind_msg latency = 40149559 μs
SLICE ind_msg latency = 40150027 μs
SLICE ind_msg latency = 40149668 μs
SLICE ind_msg latency = 40149670 μs
SLICE ind_msg latency = 40150060 μs
SLICE ind_msg latency = 40149674 μs
SLICE ind_msg latency = 40149765 μs
SLICE ind_msg latency = 40149684 μs
SLICE ind_msg latency = 40149882 μs
SLICE ind_msg latency = 40149674 μs
SLICE ind_msg latency = 40149940 μs
SLICE ind_msg latency = 40149860 μs
SLICE ind_msg latency = 40149963 μs
SLICE ind_msg latency = 40149727 μs
SLICE ind_msg latency = 40149862 μs
SLICE ind_msg latency = 40149617 μs
SLICE ind_msg latency = 40149763 μs
SLICE ind_msg latency = 40150014 μs
SLICE ind_msg latency = 40149978 μs
SLICE ind_msg latency = 40149838 μs
SLICE ind_msg latency = 40149861 μs
SLICE ind_msg latency = 40149955 μs
SLICE ind_msg latency = 40149781 μs
SLICE ind_msg latency = 40149440 μs
SLICE ind_msg latency = 40149703 μs
SLICE ind_msg latency = 40149639 μs
SLICE ind_msg latency = 40149578 μs
SLICE ind_msg latency = 40149593 μs
SLICE ind_msg latency = 40149499 μs
SLICE ind_msg latency = 40149479 μs
SLICE ind_msg latency = 40149594 μs
SLICE ind_msg latency = 40149644 μs
SLICE ind_msg latency = 40149718 μs
SLICE ind_msg latency = 40149664 μs
SLICE ind_msg latency = 40149676 μs
SLICE ind_msg latency = 40149709 μs
SLICE ind_msg latency = 40149942 μs
SLICE ind_msg latency = 40149840 μs
SLICE ind_msg latency = 40149821 μs
SLICE ind_msg latency = 40149789 μs
SLICE ind_msg latency = 40149817 μs
SLICE ind_msg latency = 40149610 μs
SLICE ind_msg latency = 40149875 μs
SLICE ind_msg latency = 40149717 μs
SLICE ind_msg latency = 40149693 μs
SLICE ind_msg latency = 40149945 μs
SLICE ind_msg latency = 40149819 μs
SLICE ind_msg latency = 40149979 μs
SLICE ind_msg latency = 40149711 μs
SLICE ind_msg latency = 40149865 μs
SLICE ind_msg latency = 40149765 μs
SLICE ind_msg latency = 40149906 μs
SLICE ind_msg latency = 40149877 μs
SLICE ind_msg latency = 40150022 μs
SLICE ind_msg latency = 40149858 μs
SLICE ind_msg latency = 40149806 μs
SLICE ind_msg latency = 40149783 μs
SLICE ind_msg latency = 40150113 μs
SLICE ind_msg latency = 40149675 μs
SLICE ind_msg latency = 40149658 μs
SLICE ind_msg latency = 40149794 μs
SLICE ind_msg latency = 40149830 μs
SLICE ind_msg latency = 40149767 μs
SLICE ind_msg latency = 40149877 μs
SLICE ind_msg latency = 40149769 μs
SLICE ind_msg latency = 40149825 μs
SLICE ind_msg latency = 40149624 μs
SLICE ind_msg latency = 40149751 μs
SLICE ind_msg latency = 40149764 μs
SLICE ind_msg latency = 40149796 μs
SLICE ind_msg latency = 40149725 μs
SLICE ind_msg latency = 40149787 μs
SLICE ind_msg latency = 40149727 μs
SLICE ind_msg latency = 40149966 μs
SLICE ind_msg latency = 40149734 μs
SLICE ind_msg latency = 40149904 μs
SLICE ind_msg latency = 40149735 μs
SLICE ind_msg latency = 40149960 μs
SLICE ind_msg latency = 40149558 μs
SLICE ind_msg latency = 40149479 μs
SLICE ind_msg latency = 40149649 μs
SLICE ind_msg latency = 40149574 μs
SLICE ind_msg latency = 40149628 μs
SLICE ind_msg latency = 40149695 μs
SLICE ind_msg latency = 40149714 μs
SLICE ind_msg latency = 40149658 μs
SLICE ind_msg latency = 40149672 μs
SLICE ind_msg latency = 40149710 μs
SLICE ind_msg latency = 40149779 μs
SLICE ind_msg latency = 40149864 μs
SLICE ind_msg latency = 40149673 μs
SLICE ind_msg latency = 40149800 μs
SLICE ind_msg latency = 40149696 μs
SLICE ind_msg latency = 40149822 μs
SLICE ind_msg latency = 40149715 μs
SLICE ind_msg latency = 40149553 μs
SLICE ind_msg latency = 40149384 μs
SLICE ind_msg latency = 40149591 μs
SLICE ind_msg latency = 40149649 μs
SLICE ind_msg latency = 40149730 μs
SLICE ind_msg latency = 40149711 μs
SLICE ind_msg latency = 40149930 μs
SLICE ind_msg latency = 40149641 μs
SLICE ind_msg latency = 40149736 μs
SLICE ind_msg latency = 40149888 μs
SLICE ind_msg latency = 40149546 μs
SLICE ind_msg latency = 40149330 μs
SLICE ind_msg latency = 40149467 μs
SLICE ind_msg latency = 40149676 μs
SLICE ind_msg latency = 40149691 μs
SLICE ind_msg latency = 40149485 μs
SLICE ind_msg latency = 40149945 μs
SLICE ind_msg latency = 40149667 μs
SLICE ind_msg latency = 40149904 μs
SLICE ind_msg latency = 40149856 μs
SLICE ind_msg latency = 40149637 μs
SLICE ind_msg latency = 40149605 μs
SLICE ind_msg latency = 40149835 μs
SLICE ind_msg latency = 40149670 μs
SLICE ind_msg latency = 40149669 μs
SLICE ind_msg latency = 40149826 μs
SLICE ind_msg latency = 40149838 μs
SLICE ind_msg latency = 40149778 μs
SLICE ind_msg latency = 40149694 μs
SLICE ind_msg latency = 40149664 μs
SLICE ind_msg latency = 40149597 μs
SLICE ind_msg latency = 40149684 μs
SLICE ind_msg latency = 40149693 μs
SLICE ind_msg latency = 40149730 μs
SLICE ind_msg latency = 40149918 μs
SLICE ind_msg latency = 40149620 μs
SLICE ind_msg latency = 40149842 μs
SLICE ind_msg latency = 40149779 μs
SLICE ind_msg latency = 40149822 μs
SLICE ind_msg latency = 40149663 μs
SLICE ind_msg latency = 40149219 μs
SLICE ind_msg latency = 40149279 μs
SLICE ind_msg latency = 40149995 μs
SLICE ind_msg latency = 40149749 μs
SLICE ind_msg latency = 40149818 μs
SLICE ind_msg latency = 40149840 μs
SLICE ind_msg latency = 40149939 μs
SLICE ind_msg latency = 40149743 μs
SLICE ind_msg latency = 40149924 μs
SLICE ind_msg latency = 40149690 μs
SLICE ind_msg latency = 40149897 μs
SLICE ind_msg latency = 40149569 μs
SLICE ind_msg latency = 40149491 μs
SLICE ind_msg latency = 40149727 μs
SLICE ind_msg latency = 40149628 μs
SLICE ind_msg latency = 40149694 μs
SLICE ind_msg latency = 40149446 μs
SLICE ind_msg latency = 40149230 μs
SLICE ind_msg latency = 40149556 μs
SLICE ind_msg latency = 40149581 μs
SLICE ind_msg latency = 40149210 μs
SLICE ind_msg latency = 40149566 μs
SLICE ind_msg latency = 40149812 μs
SLICE ind_msg latency = 40149686 μs
SLICE ind_msg latency = 40149850 μs
SLICE ind_msg latency = 40149725 μs
SLICE ind_msg latency = 40149917 μs
SLICE ind_msg latency = 40149890 μs
SLICE ind_msg latency = 40149750 μs
SLICE ind_msg latency = 40149727 μs
SLICE ind_msg latency = 40149915 μs
SLICE ind_msg latency = 40149746 μs
SLICE ind_msg latency = 40149876 μs
SLICE ind_msg latency = 40149675 μs
SLICE ind_msg latency = 40149581 μs
SLICE ind_msg latency = 40149757 μs
SLICE ind_msg latency = 40149576 μs
SLICE ind_msg latency = 40149736 μs
SLICE ind_msg latency = 40149627 μs
SLICE ind_msg latency = 40149500 μs
SLICE ind_msg latency = 40149296 μs
SLICE ind_msg latency = 40149503 μs
SLICE ind_msg latency = 40149622 μs
SLICE ind_msg latency = 40149566 μs
SLICE ind_msg latency = 40149539 μs
SLICE ind_msg latency = 40149395 μs
SLICE ind_msg latency = 40149460 μs
SLICE ind_msg latency = 40149326 μs
SLICE ind_msg latency = 40149360 μs
SLICE ind_msg latency = 40149643 μs
SLICE ind_msg latency = 40149689 μs
SLICE ind_msg latency = 40149780 μs
SLICE ind_msg latency = 40149705 μs
SLICE ind_msg latency = 40149554 μs
SLICE ind_msg latency = 40149791 μs
SLICE ind_msg latency = 40149605 μs
SLICE ind_msg latency = 40149498 μs
SLICE ind_msg latency = 40150004 μs
SLICE ind_msg latency = 40149886 μs
SLICE ind_msg latency = 40149736 μs
SLICE ind_msg latency = 40149777 μs
SLICE ind_msg latency = 40149712 μs
SLICE ind_msg latency = 40149941 μs
SLICE ind_msg latency = 40149745 μs
SLICE ind_msg latency = 40149821 μs
SLICE ind_msg latency = 40149597 μs
SLICE ind_msg latency = 40149721 μs
SLICE ind_msg latency = 40149630 μs
SLICE ind_msg latency = 40149709 μs
SLICE ind_msg latency = 40149653 μs
SLICE ind_msg latency = 40149699 μs
SLICE ind_msg latency = 40149757 μs
SLICE ind_msg latency = 40149612 μs
SLICE ind_msg latency = 40149714 μs
SLICE ind_msg latency = 40149534 μs
SLICE ind_msg latency = 40149234 μs
SLICE ind_msg latency = 40149056 μs
SLICE ind_msg latency = 40149229 μs
SLICE ind_msg latency = 40149576 μs
SLICE ind_msg latency = 40149667 μs
SLICE ind_msg latency = 40149675 μs
SLICE ind_msg latency = 40149607 μs
SLICE ind_msg latency = 40149607 μs
SLICE ind_msg latency = 40149716 μs
SLICE ind_msg latency = 40149747 μs
SLICE ind_msg latency = 40149864 μs
SLICE ind_msg latency = 40149632 μs
SLICE ind_msg latency = 40149390 μs
SLICE ind_msg latency = 40149517 μs
SLICE ind_msg latency = 40149953 μs
SLICE ind_msg latency = 40149850 μs
SLICE ind_msg latency = 40149598 μs
SLICE ind_msg latency = 40149624 μs
SLICE ind_msg latency = 40149688 μs
SLICE ind_msg latency = 40149323 μs
SLICE ind_msg latency = 40149560 μs
SLICE ind_msg latency = 40149351 μs
SLICE ind_msg latency = 40149591 μs
SLICE ind_msg latency = 40149676 μs
SLICE ind_msg latency = 40149577 μs
SLICE ind_msg latency = 40149543 μs
SLICE ind_msg latency = 40149620 μs
SLICE ind_msg latency = 40149549 μs
SLICE ind_msg latency = 40149277 μs
SLICE ind_msg latency = 40149509 μs
SLICE ind_msg latency = 40149648 μs
SLICE ind_msg latency = 40149689 μs
SLICE ind_msg latency = 40149620 μs
SLICE ind_msg latency = 40149860 μs
SLICE ind_msg latency = 40149870 μs
SLICE ind_msg latency = 40149798 μs
SLICE ind_msg latency = 40149669 μs
SLICE ind_msg latency = 40149781 μs
SLICE ind_msg latency = 40149783 μs
SLICE ind_msg latency = 40149923 μs
SLICE ind_msg latency = 40149815 μs
SLICE ind_msg latency = 40149813 μs
SLICE ind_msg latency = 40149846 μs
SLICE ind_msg latency = 40149847 μs
SLICE ind_msg latency = 40149690 μs
SLICE ind_msg latency = 40149849 μs
SLICE ind_msg latency = 40149918 μs
SLICE ind_msg latency = 40149753 μs
SLICE ind_msg latency = 40149502 μs
SLICE ind_msg latency = 40149535 μs
SLICE ind_msg latency = 40149961 μs
SLICE ind_msg latency = 40149898 μs
SLICE ind_msg latency = 40149752 μs
SLICE ind_msg latency = 40149661 μs
SLICE ind_msg latency = 40149983 μs
SLICE ind_msg latency = 40149743 μs
SLICE ind_msg latency = 40149375 μs
SLICE ind_msg latency = 40149433 μs
SLICE ind_msg latency = 40149279 μs
SLICE ind_msg latency = 40149649 μs
SLICE ind_msg latency = 40149551 μs
SLICE ind_msg latency = 40149567 μs
SLICE ind_msg latency = 40149669 μs
SLICE ind_msg latency = 40149514 μs
SLICE ind_msg latency = 40149638 μs
SLICE ind_msg latency = 40149668 μs
SLICE ind_msg latency = 40149907 μs
SLICE ind_msg latency = 40149861 μs
SLICE ind_msg latency = 40149725 μs
SLICE ind_msg latency = 40149704 μs
SLICE ind_msg latency = 40149844 μs
SLICE ind_msg latency = 40149913 μs
SLICE ind_msg latency = 40149597 μs
SLICE ind_msg latency = 40149673 μs
SLICE ind_msg latency = 40149815 μs
SLICE ind_msg latency = 40150065 μs
SLICE ind_msg latency = 40149965 μs
SLICE ind_msg latency = 40149875 μs
SLICE ind_msg latency = 40149682 μs
SLICE ind_msg latency = 40149424 μs
SLICE ind_msg latency = 40149319 μs
SLICE ind_msg latency = 40149328 μs
SLICE ind_msg latency = 40149558 μs
SLICE ind_msg latency = 40149725 μs
SLICE ind_msg latency = 40149667 μs
SLICE ind_msg latency = 40149699 μs
SLICE ind_msg latency = 40149755 μs
SLICE ind_msg latency = 40149664 μs
SLICE ind_msg latency = 40149782 μs
SLICE ind_msg latency = 40149899 μs
SLICE ind_msg latency = 40150185 μs
SLICE ind_msg latency = 40149893 μs
SLICE ind_msg latency = 40149984 μs
SLICE ind_msg latency = 40149734 μs
SLICE ind_msg latency = 40149946 μs
SLICE ind_msg latency = 40149413 μs
SLICE ind_msg latency = 40149234 μs
SLICE ind_msg latency = 40149282 μs
SLICE ind_msg latency = 40149518 μs
SLICE ind_msg latency = 40149770 μs
SLICE ind_msg latency = 40149817 μs
SLICE ind_msg latency = 40149679 μs
SLICE ind_msg latency = 40149773 μs
SLICE ind_msg latency = 40149755 μs
SLICE ind_msg latency = 40149837 μs
SLICE ind_msg latency = 40149743 μs
SLICE ind_msg latency = 40149735 μs
SLICE ind_msg latency = 40149964 μs
SLICE ind_msg latency = 40150084 μs
SLICE ind_msg latency = 40149774 μs
SLICE ind_msg latency = 40149575 μs
SLICE ind_msg latency = 40149574 μs
SLICE ind_msg latency = 40149666 μs
SLICE ind_msg latency = 40149694 μs
SLICE ind_msg latency = 40149847 μs
SLICE ind_msg latency = 40149732 μs
SLICE ind_msg latency = 40149721 μs
SLICE ind_msg latency = 40149642 μs
SLICE ind_msg latency = 40149574 μs
SLICE ind_msg latency = 40149643 μs
SLICE ind_msg latency = 40149688 μs
SLICE ind_msg latency = 40149689 μs
SLICE ind_msg latency = 40149690 μs
SLICE ind_msg latency = 40149751 μs
SLICE ind_msg latency = 40149605 μs
SLICE ind_msg latency = 40149847 μs
SLICE ind_msg latency = 40149770 μs
SLICE ind_msg latency = 40150048 μs
SLICE ind_msg latency = 40149930 μs
SLICE ind_msg latency = 40149777 μs
SLICE ind_msg latency = 40149760 μs
SLICE ind_msg latency = 40149777 μs
SLICE ind_msg latency = 40149613 μs
SLICE ind_msg latency = 40149366 μs
SLICE ind_msg latency = 40149637 μs
SLICE ind_msg latency = 40149725 μs
SLICE ind_msg latency = 40150073 μs
SLICE ind_msg latency = 40149781 μs
SLICE ind_msg latency = 40149890 μs
SLICE ind_msg latency = 40149719 μs
SLICE ind_msg latency = 40149842 μs
SLICE ind_msg latency = 40149734 μs
SLICE ind_msg latency = 40149870 μs
SLICE ind_msg latency = 40149693 μs
SLICE ind_msg latency = 40149660 μs
SLICE ind_msg latency = 40149552 μs
SLICE ind_msg latency = 40149802 μs
SLICE ind_msg latency = 40149778 μs
SLICE ind_msg latency = 40149747 μs
SLICE ind_msg latency = 40149700 μs
SLICE ind_msg latency = 40149893 μs
SLICE ind_msg latency = 40150128 μs
SLICE ind_msg latency = 40150004 μs
SLICE ind_msg latency = 40149821 μs
SLICE ind_msg latency = 40149981 μs
SLICE ind_msg latency = 40150086 μs
SLICE ind_msg latency = 40150198 μs
SLICE ind_msg latency = 40149747 μs
SLICE ind_msg latency = 40149882 μs
SLICE ind_msg latency = 40149356 μs
SLICE ind_msg latency = 40149531 μs
SLICE ind_msg latency = 40149610 μs
SLICE ind_msg latency = 40149827 μs
SLICE ind_msg latency = 40149827 μs
SLICE ind_msg latency = 40149569 μs
SLICE ind_msg latency = 40149598 μs
SLICE ind_msg latency = 40149555 μs
SLICE ind_msg latency = 40149803 μs
SLICE ind_msg latency = 40149919 μs
SLICE ind_msg latency = 40149874 μs
SLICE ind_msg latency = 40149575 μs
SLICE ind_msg latency = 40149425 μs
SLICE ind_msg latency = 40149420 μs
SLICE ind_msg latency = 40149309 μs
SLICE ind_msg latency = 40149390 μs
SLICE ind_msg latency = 40149716 μs
SLICE ind_msg latency = 40149604 μs
SLICE ind_msg latency = 40149804 μs
SLICE ind_msg latency = 40149656 μs
SLICE ind_msg latency = 40149881 μs
ADD STATIC DL SLICE: id 0, pos_low 0, pos_high 3
ADD STATIC DL SLICE: id 2, pos_low 4, pos_high 7
ADD STATIC DL SLICE: id 5, pos_low 8, pos_high 12
[xApp]: CONTROL-REQUEST tx 
[xApp]: CONTROL ACK rx
[xApp]: Successfully received CONTROL-ACK 
SLICE ind_msg latency = 40149581 μs
SLICE ind_msg latency = 40149398 μs
SLICE ind_msg latency = 40149895 μs
SLICE ind_msg latency = 40149760 μs
SLICE ind_msg latency = 40149661 μs
SLICE ind_msg latency = 40149946 μs
SLICE ind_msg latency = 40149908 μs
SLICE ind_msg latency = 40149979 μs
SLICE ind_msg latency = 40149833 μs
SLICE ind_msg latency = 40149720 μs
SLICE ind_msg latency = 40149754 μs
SLICE ind_msg latency = 40149912 μs
SLICE ind_msg latency = 40149856 μs
SLICE ind_msg latency = 40149986 μs
SLICE ind_msg latency = 40150027 μs
SLICE ind_msg latency = 40150104 μs
SLICE ind_msg latency = 40150053 μs
SLICE ind_msg latency = 40150298 μs
SLICE ind_msg latency = 40149915 μs
SLICE ind_msg latency = 40149750 μs
SLICE ind_msg latency = 40149871 μs
SLICE ind_msg latency = 40149517 μs
SLICE ind_msg latency = 40149738 μs
SLICE ind_msg latency = 40149702 μs
SLICE ind_msg latency = 40149803 μs
SLICE ind_msg latency = 40151367 μs
SLICE ind_msg latency = 40149708 μs
SLICE ind_msg latency = 40149058 μs
SLICE ind_msg latency = 40148999 μs
SLICE ind_msg latency = 40149000 μs
SLICE ind_msg latency = 40149100 μs
SLICE ind_msg latency = 40149047 μs
SLICE ind_msg latency = 40149064 μs
SLICE ind_msg latency = 40149144 μs
SLICE ind_msg latency = 40148993 μs
SLICE ind_msg latency = 40149172 μs
SLICE ind_msg latency = 40149153 μs
SLICE ind_msg latency = 40149292 μs
SLICE ind_msg latency = 40149398 μs
SLICE ind_msg latency = 40149578 μs
SLICE ind_msg latency = 40149693 μs
SLICE ind_msg latency = 40149817 μs
SLICE ind_msg latency = 40149754 μs
SLICE ind_msg latency = 40149834 μs
SLICE ind_msg latency = 40149877 μs
SLICE ind_msg latency = 40149814 μs
SLICE ind_msg latency = 40149874 μs
SLICE ind_msg latency = 40149823 μs
SLICE ind_msg latency = 40149591 μs
SLICE ind_msg latency = 40149824 μs
SLICE ind_msg latency = 40149894 μs
SLICE ind_msg latency = 40149916 μs
SLICE ind_msg latency = 40149483 μs
SLICE ind_msg latency = 40149123 μs
SLICE ind_msg latency = 40149248 μs
SLICE ind_msg latency = 40149316 μs
SLICE ind_msg latency = 40149323 μs
SLICE ind_msg latency = 40149519 μs
SLICE ind_msg latency = 40149879 μs
SLICE ind_msg latency = 40149617 μs
SLICE ind_msg latency = 40150088 μs
SLICE ind_msg latency = 40149821 μs
SLICE ind_msg latency = 40149840 μs
SLICE ind_msg latency = 40149898 μs
SLICE ind_msg latency = 40149830 μs
SLICE ind_msg latency = 40149824 μs
SLICE ind_msg latency = 40149853 μs
SLICE ind_msg latency = 40149880 μs
SLICE ind_msg latency = 40149745 μs
SLICE ind_msg latency = 40149661 μs
SLICE ind_msg latency = 40149801 μs
SLICE ind_msg latency = 40149784 μs
SLICE ind_msg latency = 40149818 μs
SLICE ind_msg latency = 40149779 μs
SLICE ind_msg latency = 40149793 μs
SLICE ind_msg latency = 40149988 μs
SLICE ind_msg latency = 40149752 μs
SLICE ind_msg latency = 40149472 μs
SLICE ind_msg latency = 40149692 μs
SLICE ind_msg latency = 40149750 μs
SLICE ind_msg latency = 40149654 μs
SLICE ind_msg latency = 40149873 μs
SLICE ind_msg latency = 40149932 μs
SLICE ind_msg latency = 40149924 μs
SLICE ind_msg latency = 40149697 μs
SLICE ind_msg latency = 40149811 μs
SLICE ind_msg latency = 40149914 μs
SLICE ind_msg latency = 40149741 μs
SLICE ind_msg latency = 40149876 μs
SLICE ind_msg latency = 40149763 μs
SLICE ind_msg latency = 40149712 μs
SLICE ind_msg latency = 40149520 μs
SLICE ind_msg latency = 40149803 μs
SLICE ind_msg latency = 40149807 μs
SLICE ind_msg latency = 40149867 μs
SLICE ind_msg latency = 40149735 μs
SLICE ind_msg latency = 40149815 μs
SLICE ind_msg latency = 40150065 μs
SLICE ind_msg latency = 40149666 μs
SLICE ind_msg latency = 40149180 μs
SLICE ind_msg latency = 40149004 μs
SLICE ind_msg latency = 40148989 μs
SLICE ind_msg latency = 40148986 μs
SLICE ind_msg latency = 40149076 μs
SLICE ind_msg latency = 40149573 μs
SLICE ind_msg latency = 40149469 μs
SLICE ind_msg latency = 40149464 μs
SLICE ind_msg latency = 40149611 μs
SLICE ind_msg latency = 40149903 μs
SLICE ind_msg latency = 40149560 μs
SLICE ind_msg latency = 40149856 μs
SLICE ind_msg latency = 40149672 μs
SLICE ind_msg latency = 40150034 μs
SLICE ind_msg latency = 40149791 μs
SLICE ind_msg latency = 40150015 μs
SLICE ind_msg latency = 40149769 μs
SLICE ind_msg latency = 40149320 μs
SLICE ind_msg latency = 40149190 μs
SLICE ind_msg latency = 40149568 μs
SLICE ind_msg latency = 40149695 μs
SLICE ind_msg latency = 40149779 μs
SLICE ind_msg latency = 40149703 μs
SLICE ind_msg latency = 40149858 μs
SLICE ind_msg latency = 40149956 μs
SLICE ind_msg latency = 40149817 μs
SLICE ind_msg latency = 40149722 μs
SLICE ind_msg latency = 40149906 μs
SLICE ind_msg latency = 40149881 μs
SLICE ind_msg latency = 40149889 μs
SLICE ind_msg latency = 40149969 μs
SLICE ind_msg latency = 40149875 μs
SLICE ind_msg latency = 40149855 μs
SLICE ind_msg latency = 40149828 μs
SLICE ind_msg latency = 40149909 μs
SLICE ind_msg latency = 40149802 μs
SLICE ind_msg latency = 40149951 μs
SLICE ind_msg latency = 40149930 μs
SLICE ind_msg latency = 40149832 μs
SLICE ind_msg latency = 40149734 μs
SLICE ind_msg latency = 40149782 μs
SLICE ind_msg latency = 40149670 μs
SLICE ind_msg latency = 40149870 μs
SLICE ind_msg latency = 40149854 μs
SLICE ind_msg latency = 40149949 μs
SLICE ind_msg latency = 40149878 μs
SLICE ind_msg latency = 40149828 μs
SLICE ind_msg latency = 40149393 μs
SLICE ind_msg latency = 40149196 μs
SLICE ind_msg latency = 40149427 μs
SLICE ind_msg latency = 40149615 μs
SLICE ind_msg latency = 40149632 μs
SLICE ind_msg latency = 40149679 μs
SLICE ind_msg latency = 40149578 μs
SLICE ind_msg latency = 40149715 μs
SLICE ind_msg latency = 40149749 μs
SLICE ind_msg latency = 40149712 μs
SLICE ind_msg latency = 40149802 μs
SLICE ind_msg latency = 40149626 μs
SLICE ind_msg latency = 40149499 μs
SLICE ind_msg latency = 40149480 μs
SLICE ind_msg latency = 40149617 μs
SLICE ind_msg latency = 40149479 μs
SLICE ind_msg latency = 40149481 μs
SLICE ind_msg latency = 40149561 μs
SLICE ind_msg latency = 40149583 μs
SLICE ind_msg latency = 40149533 μs
SLICE ind_msg latency = 40149600 μs
SLICE ind_msg latency = 40149635 μs
SLICE ind_msg latency = 40149545 μs
SLICE ind_msg latency = 40149610 μs
SLICE ind_msg latency = 40149540 μs
SLICE ind_msg latency = 40149634 μs
SLICE ind_msg latency = 40149586 μs
SLICE ind_msg latency = 40149452 μs
SLICE ind_msg latency = 40149600 μs
SLICE ind_msg latency = 40149562 μs
SLICE ind_msg latency = 40149526 μs
SLICE ind_msg latency = 40149398 μs
SLICE ind_msg latency = 40149548 μs
SLICE ind_msg latency = 40149367 μs
SLICE ind_msg latency = 40149478 μs
SLICE ind_msg latency = 40149371 μs
SLICE ind_msg latency = 40149491 μs
SLICE ind_msg latency = 40149378 μs
SLICE ind_msg latency = 40149550 μs
SLICE ind_msg latency = 40149393 μs
SLICE ind_msg latency = 40149555 μs
SLICE ind_msg latency = 40149857 μs
SLICE ind_msg latency = 40149991 μs
SLICE ind_msg latency = 40149515 μs
SLICE ind_msg latency = 40149560 μs
SLICE ind_msg latency = 40149295 μs
SLICE ind_msg latency = 40149494 μs
SLICE ind_msg latency = 40149575 μs
SLICE ind_msg latency = 40149459 μs
SLICE ind_msg latency = 40149749 μs
SLICE ind_msg latency = 40149673 μs
SLICE ind_msg latency = 40149736 μs
SLICE ind_msg latency = 40149660 μs
SLICE ind_msg latency = 40149743 μs
DEL DL SLICE: id 2
[xApp]: CONTROL-REQUEST tx 
[xApp]: CONTROL ACK rx
[xApp]: Successfully received CONTROL-ACK 
SLICE ind_msg latency = 40149405 μs
SLICE ind_msg latency = 40149625 μs
SLICE ind_msg latency = 40149642 μs
SLICE ind_msg latency = 40149775 μs
SLICE ind_msg latency = 40149593 μs
SLICE ind_msg latency = 40149581 μs
SLICE ind_msg latency = 40149565 μs
SLICE ind_msg latency = 40149537 μs
SLICE ind_msg latency = 40149797 μs
SLICE ind_msg latency = 40149800 μs
SLICE ind_msg latency = 40149690 μs
SLICE ind_msg latency = 40149863 μs
SLICE ind_msg latency = 40149890 μs
SLICE ind_msg latency = 40149959 μs
SLICE ind_msg latency = 40149899 μs
SLICE ind_msg latency = 40149890 μs
SLICE ind_msg latency = 40149869 μs
SLICE ind_msg latency = 40149980 μs
SLICE ind_msg latency = 40149764 μs
SLICE ind_msg latency = 40150018 μs
SLICE ind_msg latency = 40149811 μs
SLICE ind_msg latency = 40149919 μs
SLICE ind_msg latency = 40149876 μs
SLICE ind_msg latency = 40149872 μs
SLICE ind_msg latency = 40149765 μs
SLICE ind_msg latency = 40149726 μs
SLICE ind_msg latency = 40149991 μs
SLICE ind_msg latency = 40150053 μs
SLICE ind_msg latency = 40149864 μs
SLICE ind_msg latency = 40149920 μs
SLICE ind_msg latency = 40150018 μs
SLICE ind_msg latency = 40150130 μs
SLICE ind_msg latency = 40149665 μs
SLICE ind_msg latency = 40149682 μs
SLICE ind_msg latency = 40150061 μs
SLICE ind_msg latency = 40150000 μs
SLICE ind_msg latency = 40149883 μs
SLICE ind_msg latency = 40150148 μs
SLICE ind_msg latency = 40149773 μs
SLICE ind_msg latency = 40149664 μs
SLICE ind_msg latency = 40149779 μs
SLICE ind_msg latency = 40149930 μs
SLICE ind_msg latency = 40149758 μs
SLICE ind_msg latency = 40150028 μs
SLICE ind_msg latency = 40149879 μs
SLICE ind_msg latency = 40149901 μs
SLICE ind_msg latency = 40149851 μs
SLICE ind_msg latency = 40149855 μs
SLICE ind_msg latency = 40149852 μs
SLICE ind_msg latency = 40149840 μs
SLICE ind_msg latency = 40149890 μs
SLICE ind_msg latency = 40149859 μs
SLICE ind_msg latency = 40149789 μs
SLICE ind_msg latency = 40149780 μs
SLICE ind_msg latency = 40149680 μs
SLICE ind_msg latency = 40149784 μs
SLICE ind_msg latency = 40149862 μs
SLICE ind_msg latency = 40149960 μs
SLICE ind_msg latency = 40149728 μs
SLICE ind_msg latency = 40149621 μs
SLICE ind_msg latency = 40149696 μs
SLICE ind_msg latency = 40149769 μs
SLICE ind_msg latency = 40149666 μs
SLICE ind_msg latency = 40149827 μs
SLICE ind_msg latency = 40149790 μs
SLICE ind_msg latency = 40149785 μs
SLICE ind_msg latency = 40149815 μs
SLICE ind_msg latency = 40149775 μs
SLICE ind_msg latency = 40149683 μs
SLICE ind_msg latency = 40149737 μs
SLICE ind_msg latency = 40149802 μs
SLICE ind_msg latency = 40149795 μs
SLICE ind_msg latency = 40149668 μs
SLICE ind_msg latency = 40149688 μs
SLICE ind_msg latency = 40149729 μs
SLICE ind_msg latency = 40149830 μs
SLICE ind_msg latency = 40149453 μs
SLICE ind_msg latency = 40149453 μs
SLICE ind_msg latency = 40149671 μs
SLICE ind_msg latency = 40149640 μs
SLICE ind_msg latency = 40149756 μs
SLICE ind_msg latency = 40149861 μs
SLICE ind_msg latency = 40149739 μs
SLICE ind_msg latency = 40149731 μs
SLICE ind_msg latency = 40149805 μs
SLICE ind_msg latency = 40149939 μs
SLICE ind_msg latency = 40149917 μs
SLICE ind_msg latency = 40149781 μs
SLICE ind_msg latency = 40149685 μs
SLICE ind_msg latency = 40149693 μs
SLICE ind_msg latency = 40149632 μs
SLICE ind_msg latency = 40149657 μs
SLICE ind_msg latency = 40149474 μs
SLICE ind_msg latency = 40149839 μs
SLICE ind_msg latency = 40149778 μs
SLICE ind_msg latency = 40149701 μs
SLICE ind_msg latency = 40149658 μs
SLICE ind_msg latency = 40149679 μs
SLICE ind_msg latency = 40149774 μs
SLICE ind_msg latency = 40149836 μs
SLICE ind_msg latency = 40149932 μs
SLICE ind_msg latency = 40149826 μs
SLICE ind_msg latency = 40149837 μs
SLICE ind_msg latency = 40149855 μs
SLICE ind_msg latency = 40149762 μs
SLICE ind_msg latency = 40149765 μs
SLICE ind_msg latency = 40149639 μs
SLICE ind_msg latency = 40149927 μs
SLICE ind_msg latency = 40149794 μs
SLICE ind_msg latency = 40149873 μs
SLICE ind_msg latency = 40149814 μs
SLICE ind_msg latency = 40149794 μs
SLICE ind_msg latency = 40149833 μs
SLICE ind_msg latency = 40149832 μs
SLICE ind_msg latency = 40149949 μs
SLICE ind_msg latency = 40150761 μs
SLICE ind_msg latency = 40149498 μs
SLICE ind_msg latency = 40149847 μs
SLICE ind_msg latency = 40149928 μs
SLICE ind_msg latency = 40149867 μs
SLICE ind_msg latency = 40149871 μs
SLICE ind_msg latency = 40149721 μs
SLICE ind_msg latency = 40149932 μs
SLICE ind_msg latency = 40150201 μs
SLICE ind_msg latency = 40149930 μs
SLICE ind_msg latency = 40150049 μs
SLICE ind_msg latency = 40150043 μs
SLICE ind_msg latency = 40149897 μs
SLICE ind_msg latency = 40149807 μs
SLICE ind_msg latency = 40149772 μs
SLICE ind_msg latency = 40149840 μs
SLICE ind_msg latency = 40149899 μs
SLICE ind_msg latency = 40149983 μs
SLICE ind_msg latency = 40149838 μs
SLICE ind_msg latency = 40149773 μs
SLICE ind_msg latency = 40150040 μs
SLICE ind_msg latency = 40150125 μs
SLICE ind_msg latency = 40150051 μs
SLICE ind_msg latency = 40150054 μs
SLICE ind_msg latency = 40149853 μs
SLICE ind_msg latency = 40150134 μs
SLICE ind_msg latency = 40149843 μs
SLICE ind_msg latency = 40150030 μs
SLICE ind_msg latency = 40149830 μs
SLICE ind_msg latency = 40149883 μs
SLICE ind_msg latency = 40150053 μs
SLICE ind_msg latency = 40150104 μs
SLICE ind_msg latency = 40149868 μs
SLICE ind_msg latency = 40150163 μs
SLICE ind_msg latency = 40150050 μs
SLICE ind_msg latency = 40150095 μs
SLICE ind_msg latency = 40149883 μs
SLICE ind_msg latency = 40150126 μs
SLICE ind_msg latency = 40149651 μs
SLICE ind_msg latency = 40149887 μs
SLICE ind_msg latency = 40149767 μs
SLICE ind_msg latency = 40149730 μs
SLICE ind_msg latency = 40149723 μs
SLICE ind_msg latency = 40149960 μs
SLICE ind_msg latency = 40149783 μs
SLICE ind_msg latency = 40149824 μs
SLICE ind_msg latency = 40149769 μs
SLICE ind_msg latency = 40149869 μs
SLICE ind_msg latency = 40149845 μs
SLICE ind_msg latency = 40150110 μs
SLICE ind_msg latency = 40149942 μs
SLICE ind_msg latency = 40149900 μs
SLICE ind_msg latency = 40149901 μs
SLICE ind_msg latency = 40149939 μs
SLICE ind_msg latency = 40149768 μs
SLICE ind_msg latency = 40149857 μs
SLICE ind_msg latency = 40149872 μs
SLICE ind_msg latency = 40149885 μs
SLICE ind_msg latency = 40149860 μs
SLICE ind_msg latency = 40149927 μs
SLICE ind_msg latency = 40149916 μs
SLICE ind_msg latency = 40149984 μs
SLICE ind_msg latency = 40149938 μs
SLICE ind_msg latency = 40149975 μs
SLICE ind_msg latency = 40149797 μs
SLICE ind_msg latency = 40149809 μs
SLICE ind_msg latency = 40149437 μs
SLICE ind_msg latency = 40149658 μs
SLICE ind_msg latency = 40149801 μs
SLICE ind_msg latency = 40149687 μs
SLICE ind_msg latency = 40149673 μs
SLICE ind_msg latency = 40149286 μs
SLICE ind_msg latency = 40149479 μs
SLICE ind_msg latency = 40149627 μs
SLICE ind_msg latency = 40149727 μs
SLICE ind_msg latency = 40149799 μs
SLICE ind_msg latency = 40149402 μs
SLICE ind_msg latency = 40149425 μs
SLICE ind_msg latency = 40149773 μs
SLICE ind_msg latency = 40149510 μs
SLICE ind_msg latency = 40149580 μs
SLICE ind_msg latency = 40149947 μs
SLICE ind_msg latency = 40149883 μs
SLICE ind_msg latency = 40149908 μs
SLICE ind_msg latency = 40149872 μs
ASSOC DL SLICE: <rnti>, id 5
[xApp]: CONTROL-REQUEST tx 
SLICE ind_msg latency = 40149732 μs
[xApp]: CONTROL ACK rx
[xApp]: Successfully received CONTROL-ACK 
SLICE ind_msg latency = 40149631 μs
SLICE ind_msg latency = 40149560 μs
SLICE ind_msg latency = 40149860 μs
SLICE ind_msg latency = 40149905 μs
SLICE ind_msg latency = 40149720 μs
SLICE ind_msg latency = 40149960 μs
SLICE ind_msg latency = 40150075 μs
SLICE ind_msg latency = 40150097 μs
SLICE ind_msg latency = 40150089 μs
SLICE ind_msg latency = 40150091 μs
SLICE ind_msg latency = 40149988 μs
SLICE ind_msg latency = 40150025 μs
SLICE ind_msg latency = 40149875 μs
SLICE ind_msg latency = 40149967 μs
SLICE ind_msg latency = 40150124 μs
SLICE ind_msg latency = 40150259 μs
SLICE ind_msg latency = 40150028 μs
SLICE ind_msg latency = 40150087 μs
SLICE ind_msg latency = 40149951 μs
SLICE ind_msg latency = 40149892 μs
SLICE ind_msg latency = 40150072 μs
SLICE ind_msg latency = 40150055 μs
SLICE ind_msg latency = 40149995 μs
SLICE ind_msg latency = 40150225 μs
SLICE ind_msg latency = 40150051 μs
SLICE ind_msg latency = 40150096 μs
SLICE ind_msg latency = 40149934 μs
SLICE ind_msg latency = 40149860 μs
SLICE ind_msg latency = 40149633 μs
SLICE ind_msg latency = 40149707 μs
SLICE ind_msg latency = 40149675 μs
SLICE ind_msg latency = 40149634 μs
SLICE ind_msg latency = 40149255 μs
SLICE ind_msg latency = 40149620 μs
SLICE ind_msg latency = 40149852 μs
SLICE ind_msg latency = 40149805 μs
SLICE ind_msg latency = 40149992 μs
SLICE ind_msg latency = 40149866 μs
SLICE ind_msg latency = 40150021 μs
SLICE ind_msg latency = 40149571 μs
SLICE ind_msg latency = 40149618 μs
SLICE ind_msg latency = 40149706 μs
SLICE ind_msg latency = 40149559 μs
SLICE ind_msg latency = 40149832 μs
SLICE ind_msg latency = 40149724 μs
SLICE ind_msg latency = 40150083 μs
SLICE ind_msg latency = 40149988 μs
SLICE ind_msg latency = 40150125 μs
SLICE ind_msg latency = 40149881 μs
SLICE ind_msg latency = 40150181 μs
SLICE ind_msg latency = 40150114 μs
SLICE ind_msg latency = 40150130 μs
SLICE ind_msg latency = 40150022 μs
SLICE ind_msg latency = 40150008 μs
SLICE ind_msg latency = 40150024 μs
SLICE ind_msg latency = 40149543 μs
SLICE ind_msg latency = 40149748 μs
SLICE ind_msg latency = 40149959 μs
SLICE ind_msg latency = 40150059 μs
SLICE ind_msg latency = 40149682 μs
SLICE ind_msg latency = 40149691 μs
SLICE ind_msg latency = 40150049 μs
SLICE ind_msg latency = 40149864 μs
SLICE ind_msg latency = 40150156 μs
SLICE ind_msg latency = 40150111 μs
SLICE ind_msg latency = 40150033 μs
SLICE ind_msg latency = 40150210 μs
SLICE ind_msg latency = 40149829 μs
SLICE ind_msg latency = 40149930 μs
SLICE ind_msg latency = 40149703 μs
SLICE ind_msg latency = 40149427 μs
SLICE ind_msg latency = 40149133 μs
SLICE ind_msg latency = 40149232 μs
SLICE ind_msg latency = 40149574 μs
SLICE ind_msg latency = 40149790 μs
SLICE ind_msg latency = 40149566 μs
SLICE ind_msg latency = 40149998 μs
SLICE ind_msg latency = 40150012 μs
SLICE ind_msg latency = 40149729 μs
SLICE ind_msg latency = 40149555 μs
SLICE ind_msg latency = 40149731 μs
SLICE ind_msg latency = 40149602 μs
SLICE ind_msg latency = 40149895 μs
SLICE ind_msg latency = 40149888 μs
SLICE ind_msg latency = 40149827 μs
SLICE ind_msg latency = 40149919 μs
SLICE ind_msg latency = 40149667 μs
SLICE ind_msg latency = 40149732 μs
SLICE ind_msg latency = 40149617 μs
SLICE ind_msg latency = 40149634 μs
SLICE ind_msg latency = 40149530 μs
SLICE ind_msg latency = 40149604 μs
SLICE ind_msg latency = 40149641 μs
SLICE ind_msg latency = 40149597 μs
SLICE ind_msg latency = 40149618 μs
SLICE ind_msg latency = 40149636 μs
SLICE ind_msg latency = 40149710 μs
SLICE ind_msg latency = 40149887 μs
SLICE ind_msg latency = 40149747 μs
SLICE ind_msg latency = 40150153 μs
SLICE ind_msg latency = 40149747 μs
SLICE ind_msg latency = 40149821 μs
SLICE ind_msg latency = 40149605 μs
SLICE ind_msg latency = 40149885 μs
SLICE ind_msg latency = 40149712 μs
SLICE ind_msg latency = 40149973 μs
SLICE ind_msg latency = 40150021 μs
SLICE ind_msg latency = 40149997 μs
SLICE ind_msg latency = 40149590 μs
SLICE ind_msg latency = 40149784 μs
SLICE ind_msg latency = 40149715 μs
SLICE ind_msg latency = 40149743 μs
SLICE ind_msg latency = 40149505 μs
SLICE ind_msg latency = 40150087 μs
SLICE ind_msg latency = 40149711 μs
SLICE ind_msg latency = 40149373 μs
SLICE ind_msg latency = 40149171 μs
SLICE ind_msg latency = 40149554 μs
SLICE ind_msg latency = 40149652 μs
SLICE ind_msg latency = 40149656 μs
SLICE ind_msg latency = 40149477 μs
SLICE ind_msg latency = 40149467 μs
SLICE ind_msg latency = 40149501 μs
SLICE ind_msg latency = 40149605 μs
SLICE ind_msg latency = 40149684 μs
SLICE ind_msg latency = 40149736 μs
SLICE ind_msg latency = 40149638 μs
SLICE ind_msg latency = 40149725 μs
SLICE ind_msg latency = 40149729 μs
SLICE ind_msg latency = 40149858 μs
SLICE ind_msg latency = 40149633 μs
SLICE ind_msg latency = 40149793 μs
SLICE ind_msg latency = 40149773 μs
SLICE ind_msg latency = 40149839 μs
SLICE ind_msg latency = 40149719 μs
SLICE ind_msg latency = 40149749 μs
SLICE ind_msg latency = 40149931 μs
SLICE ind_msg latency = 40150191 μs
SLICE ind_msg latency = 40149920 μs
SLICE ind_msg latency = 40150045 μs
SLICE ind_msg latency = 40149536 μs
SLICE ind_msg latency = 40149542 μs
SLICE ind_msg latency = 40149627 μs
SLICE ind_msg latency = 40149574 μs
SLICE ind_msg latency = 40149771 μs
SLICE ind_msg latency = 40149956 μs
SLICE ind_msg latency = 40149628 μs
SLICE ind_msg latency = 40149540 μs
SLICE ind_msg latency = 40149249 μs
SLICE ind_msg latency = 40149664 μs
SLICE ind_msg latency = 40149800 μs
SLICE ind_msg latency = 40149794 μs
SLICE ind_msg latency = 40149712 μs
SLICE ind_msg latency = 40149881 μs
SLICE ind_msg latency = 40149590 μs
SLICE ind_msg latency = 40149765 μs
SLICE ind_msg latency = 40150010 μs
SLICE ind_msg latency = 40149896 μs
SLICE ind_msg latency = 40149784 μs
SLICE ind_msg latency = 40149792 μs
SLICE ind_msg latency = 40149804 μs
SLICE ind_msg latency = 40149766 μs
SLICE ind_msg latency = 40150116 μs
SLICE ind_msg latency = 40149878 μs
SLICE ind_msg latency = 40149771 μs
SLICE ind_msg latency = 40149950 μs
SLICE ind_msg latency = 40149681 μs
SLICE ind_msg latency = 40149952 μs
SLICE ind_msg latency = 40150082 μs
SLICE ind_msg latency = 40149947 μs
SLICE ind_msg latency = 40150191 μs
SLICE ind_msg latency = 40150030 μs
SLICE ind_msg latency = 40149876 μs
SLICE ind_msg latency = 40149914 μs
SLICE ind_msg latency = 40149878 μs
SLICE ind_msg latency = 40149864 μs
SLICE ind_msg latency = 40150020 μs
SLICE ind_msg latency = 40150175 μs
SLICE ind_msg latency = 40149919 μs
SLICE ind_msg latency = 40150125 μs
SLICE ind_msg latency = 40149992 μs
SLICE ind_msg latency = 40150004 μs
SLICE ind_msg latency = 40149964 μs
SLICE ind_msg latency = 40149974 μs
SLICE ind_msg latency = 40149842 μs
SLICE ind_msg latency = 40149760 μs
SLICE ind_msg latency = 40150235 μs
SLICE ind_msg latency = 40150075 μs
SLICE ind_msg latency = 40149958 μs
SLICE ind_msg latency = 40149807 μs
SLICE ind_msg latency = 40149535 μs
SLICE ind_msg latency = 40149678 μs
SLICE ind_msg latency = 40149962 μs
SLICE ind_msg latency = 40149746 μs
SLICE ind_msg latency = 40149647 μs
SLICE ind_msg latency = 40149974 μs
SLICE ind_msg latency = 40149882 μs
SLICE ind_msg latency = 40150084 μs
SLICE ind_msg latency = 40149817 μs
SLICE ind_msg latency = 40149865 μs
[xApp]: E42 RIC_SUBSCRIPTION_DELETE_REQUEST tx RAN_FUNC_ID 145 RIC_REQ_ID 1 
[xApp]: E42 SUBSCRIPTION DELETE RESPONSE rx
[xApp]: Sucessfully stopped 
Test xApp run SUCCESSFULLY
Diff time between Connection and Subscription: 2150μs
