[UTIL]: Setting the config -c file to flexric.conf
[UTIL]: Setting path -p for the shared libraries to /usr/local/lib/flexric/
[xAapp]: Initializing ... 
[xApp]: nearRT-RIC IP Address = 191.4.204.131, PORT = 36422
[E2 AGENT]: Opening plugin from path = /usr/local/lib/flexric/libpdcp_sm.so 
[E2 AGENT]: Opening plugin from path = /usr/local/lib/flexric/libmac_sm.so 
[E2 AGENT]: Opening plugin from path = /usr/local/lib/flexric/libgtp_sm.so 
[E2 AGENT]: Opening plugin from path = /usr/local/lib/flexric/libkpm_sm.so 
[E2 AGENT]: Opening plugin from path = /usr/local/lib/flexric/libtc_sm.so 
[E2 AGENT]: Opening plugin from path = /usr/local/lib/flexric/librc_sm.so 
[E2 AGENT]: Opening plugin from path = /usr/local/lib/flexric/libslice_sm.so 
[E2 AGENT]: Opening plugin from path = /usr/local/lib/flexric/librlc_sm.so 
[NEAR-RIC]: Loading SM ID = 144 with def = PDCP_STATS_V0 
[NEAR-RIC]: Loading SM ID = 142 with def = MAC_STATS_V0 
[NEAR-RIC]: Loading SM ID = 148 with def = GTP_STATS_V0 
[NEAR-RIC]: Loading SM ID = 2 with def = ORAN-E2SM-KPM 
[NEAR-RIC]: Loading SM ID = 146 with def = TC_STATS_V0 
[NEAR-RIC]: Loading SM ID = 3 with def = ORAN-E2SM-RC 
[NEAR-RIC]: Loading SM ID = 145 with def = SLICE_STATS_V0 
[NEAR-RIC]: Loading SM ID = 143 with def = RLC_STATS_V0 
[xApp]: DB filename = /tmp/xapp_db_1710190609042422 
 [xApp]: E42 SETUP-REQUEST tx
[xApp]: E42 SETUP-RESPONSE rx 
[xApp]: xApp ID = 89 
[xApp]: Registered E2 Nodes = 1 
Connected E2 nodes len = 1
Registered ran func id = 2 
 Registered ran func id = 3 
 Registered ran func id = 142 
 Registered ran func id = 143 
 Registered ran func id = 144 
 Registered ran func id = 145 
 Registered ran func id = 146 
 Registered ran func id = 148 
 [xApp]: E42 RIC SUBSCRIPTION REQUEST tx RAN_FUNC_ID 145 RIC_REQ_ID 1 
[xApp]: SUBSCRIPTION RESPONSE rx
[xApp]: Successfully subscribed to RAN_FUNC_ID 145 
Tempo: 1710190611051659
Diff: 2214μs
SLICE ind_msg latency = 40150757 μs
SLICE ind_msg latency = 40150904 μs
SLICE ind_msg latency = 40150810 μs
SLICE ind_msg latency = 40150640 μs
SLICE ind_msg latency = 40150777 μs
SLICE ind_msg latency = 40150762 μs
SLICE ind_msg latency = 40150909 μs
SLICE ind_msg latency = 40150877 μs
SLICE ind_msg latency = 40151088 μs
SLICE ind_msg latency = 40151124 μs
SLICE ind_msg latency = 40150905 μs
SLICE ind_msg latency = 40151010 μs
SLICE ind_msg latency = 40151213 μs
SLICE ind_msg latency = 40151008 μs
SLICE ind_msg latency = 40150874 μs
SLICE ind_msg latency = 40151084 μs
SLICE ind_msg latency = 40151319 μs
SLICE ind_msg latency = 40151123 μs
SLICE ind_msg latency = 40150778 μs
SLICE ind_msg latency = 40150978 μs
SLICE ind_msg latency = 40150939 μs
SLICE ind_msg latency = 40151240 μs
SLICE ind_msg latency = 40150671 μs
SLICE ind_msg latency = 40150443 μs
SLICE ind_msg latency = 40150724 μs
SLICE ind_msg latency = 40150678 μs
SLICE ind_msg latency = 40150929 μs
SLICE ind_msg latency = 40150714 μs
SLICE ind_msg latency = 40150935 μs
SLICE ind_msg latency = 40150664 μs
SLICE ind_msg latency = 40150972 μs
SLICE ind_msg latency = 40151149 μs
SLICE ind_msg latency = 40151290 μs
SLICE ind_msg latency = 40151134 μs
SLICE ind_msg latency = 40151005 μs
SLICE ind_msg latency = 40151173 μs
SLICE ind_msg latency = 40150874 μs
SLICE ind_msg latency = 40150965 μs
SLICE ind_msg latency = 40151116 μs
SLICE ind_msg latency = 40150841 μs
SLICE ind_msg latency = 40151060 μs
SLICE ind_msg latency = 40150869 μs
SLICE ind_msg latency = 40150871 μs
SLICE ind_msg latency = 40150943 μs
SLICE ind_msg latency = 40150816 μs
SLICE ind_msg latency = 40150660 μs
SLICE ind_msg latency = 40150559 μs
SLICE ind_msg latency = 40151269 μs
SLICE ind_msg latency = 40150716 μs
SLICE ind_msg latency = 40150682 μs
SLICE ind_msg latency = 40150763 μs
SLICE ind_msg latency = 40150618 μs
SLICE ind_msg latency = 40151077 μs
SLICE ind_msg latency = 40151148 μs
SLICE ind_msg latency = 40150781 μs
SLICE ind_msg latency = 40152319 μs
SLICE ind_msg latency = 40151197 μs
SLICE ind_msg latency = 40150376 μs
SLICE ind_msg latency = 40150385 μs
SLICE ind_msg latency = 40150488 μs
SLICE ind_msg latency = 40150487 μs
SLICE ind_msg latency = 40150484 μs
SLICE ind_msg latency = 40150746 μs
SLICE ind_msg latency = 40150737 μs
SLICE ind_msg latency = 40150789 μs
SLICE ind_msg latency = 40150705 μs
SLICE ind_msg latency = 40150867 μs
SLICE ind_msg latency = 40150744 μs
SLICE ind_msg latency = 40150896 μs
SLICE ind_msg latency = 40150912 μs
SLICE ind_msg latency = 40151039 μs
SLICE ind_msg latency = 40150953 μs
SLICE ind_msg latency = 40150972 μs
SLICE ind_msg latency = 40150942 μs
SLICE ind_msg latency = 40150988 μs
SLICE ind_msg latency = 40150565 μs
SLICE ind_msg latency = 40150322 μs
SLICE ind_msg latency = 40150749 μs
SLICE ind_msg latency = 40151161 μs
SLICE ind_msg latency = 40150893 μs
SLICE ind_msg latency = 40150282 μs
SLICE ind_msg latency = 40150248 μs
SLICE ind_msg latency = 40150211 μs
SLICE ind_msg latency = 40150381 μs
SLICE ind_msg latency = 40150342 μs
SLICE ind_msg latency = 40150501 μs
SLICE ind_msg latency = 40150388 μs
SLICE ind_msg latency = 40150363 μs
SLICE ind_msg latency = 40150400 μs
SLICE ind_msg latency = 40150824 μs
SLICE ind_msg latency = 40150759 μs
SLICE ind_msg latency = 40150736 μs
SLICE ind_msg latency = 40150815 μs
SLICE ind_msg latency = 40150815 μs
SLICE ind_msg latency = 40150803 μs
SLICE ind_msg latency = 40150756 μs
SLICE ind_msg latency = 40150806 μs
SLICE ind_msg latency = 40150526 μs
SLICE ind_msg latency = 40150406 μs
SLICE ind_msg latency = 40150478 μs
SLICE ind_msg latency = 40150701 μs
SLICE ind_msg latency = 40150580 μs
SLICE ind_msg latency = 40150847 μs
SLICE ind_msg latency = 40150737 μs
SLICE ind_msg latency = 40150669 μs
SLICE ind_msg latency = 40150677 μs
SLICE ind_msg latency = 40150851 μs
SLICE ind_msg latency = 40150675 μs
SLICE ind_msg latency = 40150714 μs
SLICE ind_msg latency = 40150790 μs
SLICE ind_msg latency = 40150823 μs
SLICE ind_msg latency = 40150721 μs
SLICE ind_msg latency = 40150892 μs
SLICE ind_msg latency = 40150673 μs
SLICE ind_msg latency = 40150730 μs
SLICE ind_msg latency = 40150625 μs
SLICE ind_msg latency = 40150605 μs
SLICE ind_msg latency = 40150759 μs
SLICE ind_msg latency = 40150678 μs
SLICE ind_msg latency = 40150352 μs
SLICE ind_msg latency = 40150260 μs
SLICE ind_msg latency = 40150495 μs
SLICE ind_msg latency = 40150682 μs
SLICE ind_msg latency = 40150323 μs
SLICE ind_msg latency = 40150776 μs
SLICE ind_msg latency = 40150827 μs
SLICE ind_msg latency = 40150640 μs
SLICE ind_msg latency = 40158250 μs
SLICE ind_msg latency = 40153253 μs
SLICE ind_msg latency = 40150684 μs
SLICE ind_msg latency = 40150481 μs
SLICE ind_msg latency = 40150534 μs
SLICE ind_msg latency = 40150572 μs
SLICE ind_msg latency = 40150417 μs
SLICE ind_msg latency = 40150613 μs
SLICE ind_msg latency = 40150715 μs
SLICE ind_msg latency = 40150655 μs
SLICE ind_msg latency = 40150737 μs
SLICE ind_msg latency = 40150786 μs
SLICE ind_msg latency = 40150623 μs
SLICE ind_msg latency = 40150453 μs
SLICE ind_msg latency = 40150415 μs
SLICE ind_msg latency = 40151035 μs
SLICE ind_msg latency = 40150950 μs
SLICE ind_msg latency = 40150698 μs
SLICE ind_msg latency = 40150445 μs
SLICE ind_msg latency = 40150511 μs
SLICE ind_msg latency = 40150393 μs
SLICE ind_msg latency = 40150824 μs
SLICE ind_msg latency = 40151006 μs
SLICE ind_msg latency = 40151319 μs
SLICE ind_msg latency = 40150977 μs
SLICE ind_msg latency = 40151285 μs
SLICE ind_msg latency = 40150939 μs
SLICE ind_msg latency = 40150966 μs
SLICE ind_msg latency = 40151042 μs
SLICE ind_msg latency = 40151000 μs
SLICE ind_msg latency = 40150916 μs
SLICE ind_msg latency = 40151177 μs
SLICE ind_msg latency = 40151135 μs
SLICE ind_msg latency = 40151331 μs
SLICE ind_msg latency = 40151192 μs
SLICE ind_msg latency = 40151113 μs
SLICE ind_msg latency = 40151017 μs
SLICE ind_msg latency = 40151165 μs
SLICE ind_msg latency = 40151071 μs
SLICE ind_msg latency = 40151167 μs
SLICE ind_msg latency = 40151149 μs
SLICE ind_msg latency = 40151364 μs
SLICE ind_msg latency = 40150958 μs
SLICE ind_msg latency = 40151057 μs
SLICE ind_msg latency = 40151098 μs
SLICE ind_msg latency = 40151056 μs
SLICE ind_msg latency = 40151016 μs
SLICE ind_msg latency = 40150656 μs
SLICE ind_msg latency = 40150777 μs
SLICE ind_msg latency = 40150998 μs
SLICE ind_msg latency = 40151039 μs
SLICE ind_msg latency = 40151091 μs
SLICE ind_msg latency = 40151033 μs
SLICE ind_msg latency = 40151214 μs
SLICE ind_msg latency = 40150890 μs
SLICE ind_msg latency = 40150618 μs
SLICE ind_msg latency = 40150549 μs
SLICE ind_msg latency = 40150794 μs
SLICE ind_msg latency = 40150751 μs
SLICE ind_msg latency = 40150751 μs
SLICE ind_msg latency = 40150782 μs
SLICE ind_msg latency = 40150729 μs
SLICE ind_msg latency = 40150751 μs
SLICE ind_msg latency = 40150942 μs
SLICE ind_msg latency = 40150839 μs
SLICE ind_msg latency = 40150853 μs
SLICE ind_msg latency = 40150801 μs
SLICE ind_msg latency = 40151012 μs
SLICE ind_msg latency = 40150599 μs
SLICE ind_msg latency = 40150685 μs
SLICE ind_msg latency = 40150479 μs
SLICE ind_msg latency = 40150642 μs
SLICE ind_msg latency = 40150612 μs
SLICE ind_msg latency = 40150836 μs
SLICE ind_msg latency = 40150785 μs
SLICE ind_msg latency = 40150675 μs
SLICE ind_msg latency = 40150709 μs
SLICE ind_msg latency = 40150815 μs
SLICE ind_msg latency = 40150650 μs
SLICE ind_msg latency = 40150871 μs
SLICE ind_msg latency = 40150774 μs
SLICE ind_msg latency = 40150879 μs
SLICE ind_msg latency = 40150840 μs
SLICE ind_msg latency = 40150815 μs
SLICE ind_msg latency = 40150813 μs
SLICE ind_msg latency = 40150901 μs
SLICE ind_msg latency = 40150827 μs
SLICE ind_msg latency = 40150868 μs
SLICE ind_msg latency = 40150690 μs
SLICE ind_msg latency = 40150853 μs
SLICE ind_msg latency = 40150790 μs
SLICE ind_msg latency = 40150887 μs
SLICE ind_msg latency = 40150733 μs
SLICE ind_msg latency = 40150830 μs
SLICE ind_msg latency = 40151025 μs
SLICE ind_msg latency = 40150477 μs
SLICE ind_msg latency = 40150288 μs
SLICE ind_msg latency = 40150474 μs
SLICE ind_msg latency = 40150814 μs
SLICE ind_msg latency = 40150768 μs
SLICE ind_msg latency = 40150658 μs
SLICE ind_msg latency = 40150752 μs
SLICE ind_msg latency = 40150679 μs
SLICE ind_msg latency = 40151085 μs
SLICE ind_msg latency = 40150772 μs
SLICE ind_msg latency = 40151238 μs
SLICE ind_msg latency = 40150942 μs
SLICE ind_msg latency = 40151023 μs
SLICE ind_msg latency = 40150920 μs
SLICE ind_msg latency = 40151103 μs
SLICE ind_msg latency = 40151220 μs
SLICE ind_msg latency = 40151131 μs
SLICE ind_msg latency = 40151071 μs
SLICE ind_msg latency = 40150980 μs
SLICE ind_msg latency = 40151195 μs
SLICE ind_msg latency = 40151078 μs
SLICE ind_msg latency = 40150996 μs
SLICE ind_msg latency = 40150953 μs
SLICE ind_msg latency = 40150636 μs
SLICE ind_msg latency = 40150664 μs
SLICE ind_msg latency = 40150498 μs
SLICE ind_msg latency = 40151044 μs
SLICE ind_msg latency = 40151044 μs
SLICE ind_msg latency = 40150960 μs
SLICE ind_msg latency = 40151007 μs
SLICE ind_msg latency = 40151253 μs
SLICE ind_msg latency = 40151019 μs
SLICE ind_msg latency = 40150754 μs
SLICE ind_msg latency = 40150916 μs
SLICE ind_msg latency = 40150949 μs
SLICE ind_msg latency = 40151138 μs
SLICE ind_msg latency = 40150868 μs
SLICE ind_msg latency = 40150869 μs
SLICE ind_msg latency = 40151031 μs
SLICE ind_msg latency = 40151016 μs
SLICE ind_msg latency = 40150893 μs
SLICE ind_msg latency = 40150576 μs
SLICE ind_msg latency = 40150358 μs
SLICE ind_msg latency = 40150535 μs
SLICE ind_msg latency = 40150789 μs
SLICE ind_msg latency = 40150830 μs
SLICE ind_msg latency = 40151174 μs
SLICE ind_msg latency = 40151196 μs
SLICE ind_msg latency = 40151029 μs
SLICE ind_msg latency = 40151312 μs
SLICE ind_msg latency = 40150967 μs
SLICE ind_msg latency = 40151016 μs
SLICE ind_msg latency = 40150919 μs
SLICE ind_msg latency = 40150602 μs
SLICE ind_msg latency = 40150819 μs
SLICE ind_msg latency = 40150838 μs
SLICE ind_msg latency = 40150967 μs
SLICE ind_msg latency = 40151014 μs
SLICE ind_msg latency = 40150859 μs
SLICE ind_msg latency = 40150941 μs
SLICE ind_msg latency = 40150971 μs
SLICE ind_msg latency = 40150683 μs
SLICE ind_msg latency = 40150856 μs
SLICE ind_msg latency = 40150706 μs
SLICE ind_msg latency = 40150670 μs
SLICE ind_msg latency = 40150612 μs
SLICE ind_msg latency = 40151076 μs
SLICE ind_msg latency = 40151061 μs
SLICE ind_msg latency = 40151025 μs
SLICE ind_msg latency = 40150842 μs
SLICE ind_msg latency = 40150759 μs
SLICE ind_msg latency = 40151061 μs
SLICE ind_msg latency = 40150845 μs
SLICE ind_msg latency = 40150859 μs
SLICE ind_msg latency = 40150812 μs
SLICE ind_msg latency = 40150812 μs
SLICE ind_msg latency = 40150582 μs
SLICE ind_msg latency = 40150825 μs
SLICE ind_msg latency = 40150687 μs
SLICE ind_msg latency = 40150948 μs
SLICE ind_msg latency = 40150874 μs
SLICE ind_msg latency = 40150964 μs
SLICE ind_msg latency = 40150730 μs
SLICE ind_msg latency = 40150786 μs
SLICE ind_msg latency = 40150708 μs
SLICE ind_msg latency = 40150908 μs
SLICE ind_msg latency = 40150788 μs
SLICE ind_msg latency = 40150689 μs
SLICE ind_msg latency = 40150852 μs
SLICE ind_msg latency = 40150720 μs
SLICE ind_msg latency = 40150905 μs
SLICE ind_msg latency = 40150944 μs
SLICE ind_msg latency = 40150696 μs
SLICE ind_msg latency = 40150926 μs
SLICE ind_msg latency = 40150779 μs
SLICE ind_msg latency = 40150883 μs
SLICE ind_msg latency = 40150782 μs
SLICE ind_msg latency = 40150517 μs
SLICE ind_msg latency = 40150579 μs
SLICE ind_msg latency = 40150598 μs
SLICE ind_msg latency = 40150786 μs
SLICE ind_msg latency = 40150939 μs
SLICE ind_msg latency = 40150797 μs
SLICE ind_msg latency = 40150907 μs
SLICE ind_msg latency = 40150817 μs
SLICE ind_msg latency = 40150924 μs
SLICE ind_msg latency = 40150961 μs
SLICE ind_msg latency = 40150820 μs
SLICE ind_msg latency = 40150985 μs
SLICE ind_msg latency = 40151007 μs
SLICE ind_msg latency = 40151077 μs
SLICE ind_msg latency = 40151034 μs
SLICE ind_msg latency = 40150997 μs
SLICE ind_msg latency = 40151019 μs
SLICE ind_msg latency = 40151027 μs
SLICE ind_msg latency = 40151067 μs
SLICE ind_msg latency = 40151087 μs
SLICE ind_msg latency = 40151103 μs
SLICE ind_msg latency = 40151061 μs
SLICE ind_msg latency = 40151027 μs
SLICE ind_msg latency = 40151149 μs
SLICE ind_msg latency = 40151177 μs
SLICE ind_msg latency = 40151159 μs
SLICE ind_msg latency = 40151153 μs
SLICE ind_msg latency = 40150960 μs
SLICE ind_msg latency = 40150978 μs
SLICE ind_msg latency = 40150892 μs
SLICE ind_msg latency = 40150659 μs
SLICE ind_msg latency = 40150884 μs
SLICE ind_msg latency = 40150931 μs
SLICE ind_msg latency = 40150805 μs
SLICE ind_msg latency = 40150737 μs
SLICE ind_msg latency = 40150724 μs
SLICE ind_msg latency = 40150720 μs
SLICE ind_msg latency = 40150866 μs
SLICE ind_msg latency = 40150774 μs
SLICE ind_msg latency = 40150787 μs
SLICE ind_msg latency = 40150850 μs
SLICE ind_msg latency = 40150700 μs
SLICE ind_msg latency = 40150749 μs
SLICE ind_msg latency = 40150787 μs
SLICE ind_msg latency = 40150839 μs
SLICE ind_msg latency = 40150947 μs
SLICE ind_msg latency = 40150704 μs
SLICE ind_msg latency = 40150830 μs
SLICE ind_msg latency = 40150719 μs
SLICE ind_msg latency = 40151062 μs
SLICE ind_msg latency = 40150889 μs
SLICE ind_msg latency = 40150678 μs
SLICE ind_msg latency = 40150619 μs
SLICE ind_msg latency = 40151001 μs
SLICE ind_msg latency = 40150810 μs
SLICE ind_msg latency = 40150781 μs
SLICE ind_msg latency = 40150600 μs
SLICE ind_msg latency = 40150951 μs
SLICE ind_msg latency = 40150828 μs
SLICE ind_msg latency = 40150881 μs
SLICE ind_msg latency = 40150953 μs
SLICE ind_msg latency = 40150935 μs
SLICE ind_msg latency = 40150820 μs
SLICE ind_msg latency = 40150994 μs
SLICE ind_msg latency = 40150692 μs
SLICE ind_msg latency = 40150969 μs
SLICE ind_msg latency = 40150807 μs
SLICE ind_msg latency = 40150987 μs
SLICE ind_msg latency = 40150822 μs
SLICE ind_msg latency = 40150731 μs
SLICE ind_msg latency = 40150794 μs
SLICE ind_msg latency = 40151000 μs
SLICE ind_msg latency = 40150829 μs
SLICE ind_msg latency = 40151088 μs
SLICE ind_msg latency = 40150851 μs
SLICE ind_msg latency = 40151024 μs
SLICE ind_msg latency = 40150897 μs
SLICE ind_msg latency = 40150804 μs
SLICE ind_msg latency = 40150686 μs
SLICE ind_msg latency = 40151048 μs
ADD STATIC DL SLICE: id 0, pos_low 0, pos_high 3
SLICE ind_msg latency = 40151071 μs
ADD STATIC DL SLICE: id 2, pos_low 4, pos_high 7
ADD STATIC DL SLICE: id 5, pos_low 8, pos_high 12
[xApp]: CONTROL-REQUEST tx 
[xApp]: CONTROL ACK rx
[xApp]: Successfully received CONTROL-ACK 
SLICE ind_msg latency = 40150409 μs
SLICE ind_msg latency = 40150941 μs
SLICE ind_msg latency = 40150913 μs
SLICE ind_msg latency = 40150984 μs
SLICE ind_msg latency = 40150782 μs
SLICE ind_msg latency = 40150940 μs
SLICE ind_msg latency = 40150859 μs
SLICE ind_msg latency = 40150929 μs
SLICE ind_msg latency = 40150975 μs
SLICE ind_msg latency = 40150777 μs
SLICE ind_msg latency = 40150784 μs
SLICE ind_msg latency = 40150795 μs
SLICE ind_msg latency = 40150897 μs
SLICE ind_msg latency = 40150898 μs
SLICE ind_msg latency = 40150987 μs
SLICE ind_msg latency = 40150850 μs
SLICE ind_msg latency = 40151081 μs
SLICE ind_msg latency = 40150905 μs
SLICE ind_msg latency = 40151077 μs
SLICE ind_msg latency = 40150753 μs
SLICE ind_msg latency = 40150951 μs
SLICE ind_msg latency = 40150887 μs
SLICE ind_msg latency = 40150793 μs
SLICE ind_msg latency = 40150281 μs
SLICE ind_msg latency = 40150539 μs
SLICE ind_msg latency = 40150927 μs
SLICE ind_msg latency = 40150882 μs
SLICE ind_msg latency = 40150898 μs
SLICE ind_msg latency = 40150835 μs
SLICE ind_msg latency = 40150879 μs
SLICE ind_msg latency = 40151008 μs
SLICE ind_msg latency = 40151166 μs
SLICE ind_msg latency = 40150977 μs
SLICE ind_msg latency = 40150812 μs
SLICE ind_msg latency = 40151070 μs
SLICE ind_msg latency = 40151079 μs
SLICE ind_msg latency = 40151155 μs
SLICE ind_msg latency = 40150978 μs
SLICE ind_msg latency = 40151067 μs
SLICE ind_msg latency = 40151059 μs
SLICE ind_msg latency = 40150977 μs
SLICE ind_msg latency = 40151207 μs
SLICE ind_msg latency = 40151350 μs
SLICE ind_msg latency = 40151089 μs
SLICE ind_msg latency = 40151100 μs
SLICE ind_msg latency = 40151111 μs
SLICE ind_msg latency = 40150766 μs
SLICE ind_msg latency = 40150821 μs
SLICE ind_msg latency = 40150798 μs
SLICE ind_msg latency = 40150906 μs
SLICE ind_msg latency = 40151121 μs
SLICE ind_msg latency = 40150958 μs
SLICE ind_msg latency = 40151172 μs
SLICE ind_msg latency = 40151168 μs
SLICE ind_msg latency = 40151207 μs
SLICE ind_msg latency = 40151044 μs
SLICE ind_msg latency = 40151105 μs
SLICE ind_msg latency = 40151105 μs
SLICE ind_msg latency = 40151098 μs
SLICE ind_msg latency = 40151023 μs
SLICE ind_msg latency = 40151299 μs
SLICE ind_msg latency = 40151363 μs
SLICE ind_msg latency = 40151153 μs
SLICE ind_msg latency = 40151282 μs
SLICE ind_msg latency = 40151229 μs
SLICE ind_msg latency = 40151370 μs
SLICE ind_msg latency = 40150906 μs
SLICE ind_msg latency = 40151000 μs
SLICE ind_msg latency = 40150829 μs
SLICE ind_msg latency = 40150816 μs
SLICE ind_msg latency = 40151293 μs
SLICE ind_msg latency = 40151251 μs
SLICE ind_msg latency = 40151293 μs
SLICE ind_msg latency = 40151353 μs
SLICE ind_msg latency = 40151177 μs
SLICE ind_msg latency = 40151006 μs
SLICE ind_msg latency = 40151555 μs
SLICE ind_msg latency = 40151205 μs
SLICE ind_msg latency = 40151084 μs
SLICE ind_msg latency = 40151077 μs
SLICE ind_msg latency = 40151250 μs
SLICE ind_msg latency = 40150870 μs
SLICE ind_msg latency = 40150460 μs
SLICE ind_msg latency = 40150331 μs
SLICE ind_msg latency = 40150339 μs
SLICE ind_msg latency = 40150580 μs
SLICE ind_msg latency = 40151028 μs
SLICE ind_msg latency = 40150844 μs
SLICE ind_msg latency = 40150800 μs
SLICE ind_msg latency = 40150844 μs
SLICE ind_msg latency = 40151148 μs
SLICE ind_msg latency = 40151177 μs
SLICE ind_msg latency = 40150922 μs
SLICE ind_msg latency = 40150912 μs
SLICE ind_msg latency = 40150880 μs
SLICE ind_msg latency = 40151140 μs
SLICE ind_msg latency = 40151047 μs
SLICE ind_msg latency = 40150762 μs
SLICE ind_msg latency = 40150482 μs
SLICE ind_msg latency = 40150753 μs
SLICE ind_msg latency = 40150727 μs
SLICE ind_msg latency = 40150936 μs
SLICE ind_msg latency = 40150988 μs
SLICE ind_msg latency = 40151077 μs
SLICE ind_msg latency = 40150688 μs
SLICE ind_msg latency = 40150793 μs
SLICE ind_msg latency = 40150944 μs
SLICE ind_msg latency = 40150950 μs
SLICE ind_msg latency = 40150624 μs
SLICE ind_msg latency = 40150564 μs
SLICE ind_msg latency = 40150598 μs
SLICE ind_msg latency = 40150658 μs
SLICE ind_msg latency = 40150756 μs
SLICE ind_msg latency = 40150772 μs
SLICE ind_msg latency = 40150791 μs
SLICE ind_msg latency = 40150774 μs
SLICE ind_msg latency = 40150845 μs
SLICE ind_msg latency = 40150805 μs
SLICE ind_msg latency = 40150861 μs
SLICE ind_msg latency = 40150897 μs
SLICE ind_msg latency = 40150565 μs
SLICE ind_msg latency = 40150509 μs
SLICE ind_msg latency = 40150372 μs
SLICE ind_msg latency = 40150659 μs
SLICE ind_msg latency = 40151035 μs
SLICE ind_msg latency = 40151097 μs
SLICE ind_msg latency = 40151141 μs
SLICE ind_msg latency = 40150946 μs
SLICE ind_msg latency = 40150970 μs
SLICE ind_msg latency = 40151087 μs
SLICE ind_msg latency = 40151270 μs
SLICE ind_msg latency = 40150941 μs
SLICE ind_msg latency = 40150832 μs
SLICE ind_msg latency = 40151032 μs
SLICE ind_msg latency = 40151029 μs
SLICE ind_msg latency = 40151376 μs
SLICE ind_msg latency = 40151245 μs
SLICE ind_msg latency = 40151198 μs
SLICE ind_msg latency = 40151209 μs
SLICE ind_msg latency = 40150712 μs
SLICE ind_msg latency = 40150552 μs
SLICE ind_msg latency = 40151074 μs
SLICE ind_msg latency = 40151159 μs
SLICE ind_msg latency = 40151082 μs
SLICE ind_msg latency = 40150967 μs
SLICE ind_msg latency = 40150655 μs
SLICE ind_msg latency = 40150837 μs
SLICE ind_msg latency = 40150776 μs
SLICE ind_msg latency = 40151032 μs
SLICE ind_msg latency = 40151057 μs
SLICE ind_msg latency = 40151238 μs
SLICE ind_msg latency = 40151025 μs
SLICE ind_msg latency = 40151426 μs
SLICE ind_msg latency = 40151015 μs
SLICE ind_msg latency = 40151290 μs
SLICE ind_msg latency = 40150965 μs
SLICE ind_msg latency = 40151345 μs
SLICE ind_msg latency = 40151087 μs
SLICE ind_msg latency = 40151230 μs
SLICE ind_msg latency = 40151020 μs
SLICE ind_msg latency = 40151321 μs
SLICE ind_msg latency = 40151116 μs
SLICE ind_msg latency = 40151203 μs
SLICE ind_msg latency = 40151211 μs
SLICE ind_msg latency = 40151160 μs
SLICE ind_msg latency = 40151190 μs
SLICE ind_msg latency = 40151199 μs
SLICE ind_msg latency = 40151278 μs
SLICE ind_msg latency = 40151236 μs
SLICE ind_msg latency = 40151230 μs
SLICE ind_msg latency = 40151168 μs
SLICE ind_msg latency = 40151322 μs
SLICE ind_msg latency = 40151036 μs
SLICE ind_msg latency = 40151152 μs
SLICE ind_msg latency = 40151295 μs
SLICE ind_msg latency = 40151138 μs
SLICE ind_msg latency = 40151259 μs
SLICE ind_msg latency = 40151255 μs
SLICE ind_msg latency = 40151147 μs
SLICE ind_msg latency = 40151033 μs
SLICE ind_msg latency = 40151264 μs
SLICE ind_msg latency = 40151022 μs
SLICE ind_msg latency = 40151199 μs
SLICE ind_msg latency = 40150969 μs
SLICE ind_msg latency = 40150882 μs
SLICE ind_msg latency = 40150825 μs
SLICE ind_msg latency = 40150866 μs
SLICE ind_msg latency = 40150723 μs
SLICE ind_msg latency = 40150932 μs
SLICE ind_msg latency = 40150997 μs
SLICE ind_msg latency = 40151111 μs
SLICE ind_msg latency = 40150906 μs
SLICE ind_msg latency = 40150974 μs
SLICE ind_msg latency = 40150959 μs
SLICE ind_msg latency = 40150971 μs
SLICE ind_msg latency = 40151015 μs
SLICE ind_msg latency = 40151006 μs
SLICE ind_msg latency = 40150905 μs
SLICE ind_msg latency = 40150701 μs
SLICE ind_msg latency = 40151007 μs
DEL DL SLICE: id 2
[xApp]: CONTROL-REQUEST tx 
[xApp]: CONTROL ACK rx
[xApp]: Successfully received CONTROL-ACK 
SLICE ind_msg latency = 40150794 μs
SLICE ind_msg latency = 40150996 μs
SLICE ind_msg latency = 40151196 μs
SLICE ind_msg latency = 40151097 μs
SLICE ind_msg latency = 40150761 μs
SLICE ind_msg latency = 40150905 μs
SLICE ind_msg latency = 40150931 μs
SLICE ind_msg latency = 40150873 μs
SLICE ind_msg latency = 40151041 μs
SLICE ind_msg latency = 40151162 μs
SLICE ind_msg latency = 40151233 μs
SLICE ind_msg latency = 40150817 μs
SLICE ind_msg latency = 40150614 μs
SLICE ind_msg latency = 40150844 μs
SLICE ind_msg latency = 40150836 μs
SLICE ind_msg latency = 40151033 μs
SLICE ind_msg latency = 40151383 μs
SLICE ind_msg latency = 40151129 μs
SLICE ind_msg latency = 40151073 μs
SLICE ind_msg latency = 40151144 μs
SLICE ind_msg latency = 40150993 μs
SLICE ind_msg latency = 40150997 μs
SLICE ind_msg latency = 40150651 μs
SLICE ind_msg latency = 40150423 μs
SLICE ind_msg latency = 40150584 μs
SLICE ind_msg latency = 40150794 μs
SLICE ind_msg latency = 40150912 μs
SLICE ind_msg latency = 40150778 μs
SLICE ind_msg latency = 40150939 μs
SLICE ind_msg latency = 40151189 μs
SLICE ind_msg latency = 40151008 μs
SLICE ind_msg latency = 40151004 μs
SLICE ind_msg latency = 40151141 μs
SLICE ind_msg latency = 40150753 μs
SLICE ind_msg latency = 40150952 μs
SLICE ind_msg latency = 40150950 μs
SLICE ind_msg latency = 40151070 μs
SLICE ind_msg latency = 40150767 μs
SLICE ind_msg latency = 40150862 μs
SLICE ind_msg latency = 40150701 μs
SLICE ind_msg latency = 40150799 μs
SLICE ind_msg latency = 40150752 μs
SLICE ind_msg latency = 40150683 μs
SLICE ind_msg latency = 40150819 μs
SLICE ind_msg latency = 40150790 μs
SLICE ind_msg latency = 40150841 μs
SLICE ind_msg latency = 40150771 μs
SLICE ind_msg latency = 40150724 μs
SLICE ind_msg latency = 40150791 μs
SLICE ind_msg latency = 40150904 μs
SLICE ind_msg latency = 40150757 μs
SLICE ind_msg latency = 40150673 μs
SLICE ind_msg latency = 40150695 μs
SLICE ind_msg latency = 40150752 μs
SLICE ind_msg latency = 40150843 μs
SLICE ind_msg latency = 40150472 μs
SLICE ind_msg latency = 40150673 μs
SLICE ind_msg latency = 40150747 μs
SLICE ind_msg latency = 40150860 μs
SLICE ind_msg latency = 40150657 μs
SLICE ind_msg latency = 40150851 μs
SLICE ind_msg latency = 40150631 μs
SLICE ind_msg latency = 40150826 μs
SLICE ind_msg latency = 40150854 μs
SLICE ind_msg latency = 40150831 μs
SLICE ind_msg latency = 40150379 μs
SLICE ind_msg latency = 40150358 μs
SLICE ind_msg latency = 40150273 μs
SLICE ind_msg latency = 40150615 μs
SLICE ind_msg latency = 40150580 μs
SLICE ind_msg latency = 40150621 μs
SLICE ind_msg latency = 40150633 μs
SLICE ind_msg latency = 40150847 μs
SLICE ind_msg latency = 40150811 μs
SLICE ind_msg latency = 40150839 μs
SLICE ind_msg latency = 40151076 μs
SLICE ind_msg latency = 40150933 μs
SLICE ind_msg latency = 40151150 μs
SLICE ind_msg latency = 40151116 μs
SLICE ind_msg latency = 40151099 μs
SLICE ind_msg latency = 40150973 μs
SLICE ind_msg latency = 40151080 μs
SLICE ind_msg latency = 40151164 μs
SLICE ind_msg latency = 40151053 μs
SLICE ind_msg latency = 40151238 μs
SLICE ind_msg latency = 40151161 μs
SLICE ind_msg latency = 40151094 μs
SLICE ind_msg latency = 40150911 μs
SLICE ind_msg latency = 40150965 μs
SLICE ind_msg latency = 40151061 μs
SLICE ind_msg latency = 40150990 μs
SLICE ind_msg latency = 40151002 μs
SLICE ind_msg latency = 40150626 μs
SLICE ind_msg latency = 40150927 μs
SLICE ind_msg latency = 40150969 μs
SLICE ind_msg latency = 40150969 μs
SLICE ind_msg latency = 40151011 μs
SLICE ind_msg latency = 40150951 μs
SLICE ind_msg latency = 40150824 μs
SLICE ind_msg latency = 40151004 μs
SLICE ind_msg latency = 40151243 μs
SLICE ind_msg latency = 40150918 μs
SLICE ind_msg latency = 40151036 μs
SLICE ind_msg latency = 40151020 μs
SLICE ind_msg latency = 40151297 μs
SLICE ind_msg latency = 40151003 μs
SLICE ind_msg latency = 40151152 μs
SLICE ind_msg latency = 40151158 μs
SLICE ind_msg latency = 40151260 μs
SLICE ind_msg latency = 40151145 μs
SLICE ind_msg latency = 40151058 μs
SLICE ind_msg latency = 40151187 μs
SLICE ind_msg latency = 40151153 μs
SLICE ind_msg latency = 40151140 μs
SLICE ind_msg latency = 40151023 μs
SLICE ind_msg latency = 40150434 μs
SLICE ind_msg latency = 40150319 μs
SLICE ind_msg latency = 40150335 μs
SLICE ind_msg latency = 40150344 μs
SLICE ind_msg latency = 40150244 μs
SLICE ind_msg latency = 40150136 μs
SLICE ind_msg latency = 40150145 μs
SLICE ind_msg latency = 40150237 μs
SLICE ind_msg latency = 40150246 μs
SLICE ind_msg latency = 40150275 μs
SLICE ind_msg latency = 40150356 μs
SLICE ind_msg latency = 40150428 μs
SLICE ind_msg latency = 40150359 μs
SLICE ind_msg latency = 40150769 μs
SLICE ind_msg latency = 40150648 μs
SLICE ind_msg latency = 40150679 μs
SLICE ind_msg latency = 40150333 μs
SLICE ind_msg latency = 40150258 μs
SLICE ind_msg latency = 40150261 μs
SLICE ind_msg latency = 40150430 μs
SLICE ind_msg latency = 40150704 μs
SLICE ind_msg latency = 40150699 μs
SLICE ind_msg latency = 40150863 μs
SLICE ind_msg latency = 40150990 μs
SLICE ind_msg latency = 40150866 μs
SLICE ind_msg latency = 40150794 μs
SLICE ind_msg latency = 40150821 μs
SLICE ind_msg latency = 40150725 μs
SLICE ind_msg latency = 40150782 μs
SLICE ind_msg latency = 40150828 μs
SLICE ind_msg latency = 40150763 μs
SLICE ind_msg latency = 40150801 μs
SLICE ind_msg latency = 40150755 μs
SLICE ind_msg latency = 40150671 μs
SLICE ind_msg latency = 40150309 μs
SLICE ind_msg latency = 40150384 μs
SLICE ind_msg latency = 40150777 μs
SLICE ind_msg latency = 40150788 μs
SLICE ind_msg latency = 40150684 μs
SLICE ind_msg latency = 40150697 μs
SLICE ind_msg latency = 40150741 μs
SLICE ind_msg latency = 40150851 μs
SLICE ind_msg latency = 40150778 μs
SLICE ind_msg latency = 40150797 μs
SLICE ind_msg latency = 40150768 μs
SLICE ind_msg latency = 40150950 μs
SLICE ind_msg latency = 40150831 μs
SLICE ind_msg latency = 40151011 μs
SLICE ind_msg latency = 40151027 μs
SLICE ind_msg latency = 40151245 μs
SLICE ind_msg latency = 40151057 μs
SLICE ind_msg latency = 40150896 μs
SLICE ind_msg latency = 40150741 μs
SLICE ind_msg latency = 40151029 μs
SLICE ind_msg latency = 40150851 μs
SLICE ind_msg latency = 40150900 μs
SLICE ind_msg latency = 40150874 μs
SLICE ind_msg latency = 40151060 μs
SLICE ind_msg latency = 40150826 μs
SLICE ind_msg latency = 40151148 μs
SLICE ind_msg latency = 40150807 μs
SLICE ind_msg latency = 40151019 μs
SLICE ind_msg latency = 40151088 μs
SLICE ind_msg latency = 40151020 μs
SLICE ind_msg latency = 40150956 μs
SLICE ind_msg latency = 40150991 μs
SLICE ind_msg latency = 40150655 μs
SLICE ind_msg latency = 40150926 μs
SLICE ind_msg latency = 40150531 μs
SLICE ind_msg latency = 40150938 μs
SLICE ind_msg latency = 40150771 μs
SLICE ind_msg latency = 40150884 μs
SLICE ind_msg latency = 40150835 μs
SLICE ind_msg latency = 40150857 μs
SLICE ind_msg latency = 40150729 μs
SLICE ind_msg latency = 40150659 μs
SLICE ind_msg latency = 40150905 μs
SLICE ind_msg latency = 40150915 μs
SLICE ind_msg latency = 40150850 μs
SLICE ind_msg latency = 40150876 μs
SLICE ind_msg latency = 40150697 μs
SLICE ind_msg latency = 40150800 μs
SLICE ind_msg latency = 40150840 μs
SLICE ind_msg latency = 40151087 μs
SLICE ind_msg latency = 40150968 μs
ASSOC DL SLICE: <rnti>, id 5
[xApp]: CONTROL-REQUEST tx 
[xApp]: CONTROL ACK rx
SLICE ind_msg latency = 40150496 μs
[xApp]: Successfully received CONTROL-ACK 
SLICE ind_msg latency = 40150777 μs
SLICE ind_msg latency = 40151030 μs
SLICE ind_msg latency = 40150838 μs
SLICE ind_msg latency = 40150863 μs
SLICE ind_msg latency = 40150699 μs
SLICE ind_msg latency = 40151071 μs
SLICE ind_msg latency = 40150675 μs
SLICE ind_msg latency = 40151044 μs
SLICE ind_msg latency = 40150600 μs
SLICE ind_msg latency = 40150806 μs
SLICE ind_msg latency = 40150803 μs
SLICE ind_msg latency = 40150855 μs
SLICE ind_msg latency = 40150934 μs
SLICE ind_msg latency = 40150700 μs
SLICE ind_msg latency = 40150882 μs
SLICE ind_msg latency = 40150944 μs
SLICE ind_msg latency = 40150916 μs
SLICE ind_msg latency = 40150960 μs
SLICE ind_msg latency = 40150984 μs
SLICE ind_msg latency = 40150873 μs
SLICE ind_msg latency = 40150939 μs
SLICE ind_msg latency = 40150678 μs
SLICE ind_msg latency = 40150316 μs
SLICE ind_msg latency = 40150361 μs
SLICE ind_msg latency = 40150297 μs
SLICE ind_msg latency = 40150742 μs
SLICE ind_msg latency = 40150523 μs
SLICE ind_msg latency = 40150780 μs
SLICE ind_msg latency = 40150820 μs
SLICE ind_msg latency = 40150701 μs
SLICE ind_msg latency = 40150629 μs
SLICE ind_msg latency = 40151305 μs
SLICE ind_msg latency = 40150906 μs
SLICE ind_msg latency = 40151208 μs
SLICE ind_msg latency = 40151237 μs
SLICE ind_msg latency = 40151283 μs
SLICE ind_msg latency = 40151074 μs
SLICE ind_msg latency = 40151261 μs
SLICE ind_msg latency = 40151075 μs
SLICE ind_msg latency = 40151177 μs
SLICE ind_msg latency = 40151078 μs
SLICE ind_msg latency = 40151022 μs
SLICE ind_msg latency = 40151033 μs
SLICE ind_msg latency = 40151318 μs
SLICE ind_msg latency = 40151217 μs
SLICE ind_msg latency = 40151209 μs
SLICE ind_msg latency = 40150913 μs
SLICE ind_msg latency = 40151158 μs
SLICE ind_msg latency = 40150937 μs
SLICE ind_msg latency = 40151226 μs
SLICE ind_msg latency = 40150780 μs
SLICE ind_msg latency = 40151011 μs
SLICE ind_msg latency = 40151083 μs
SLICE ind_msg latency = 40151101 μs
SLICE ind_msg latency = 40151285 μs
SLICE ind_msg latency = 40151265 μs
SLICE ind_msg latency = 40150938 μs
SLICE ind_msg latency = 40151163 μs
SLICE ind_msg latency = 40151059 μs
SLICE ind_msg latency = 40150881 μs
SLICE ind_msg latency = 40151283 μs
SLICE ind_msg latency = 40151236 μs
SLICE ind_msg latency = 40151094 μs
SLICE ind_msg latency = 40151157 μs
SLICE ind_msg latency = 40151132 μs
SLICE ind_msg latency = 40151121 μs
SLICE ind_msg latency = 40150961 μs
SLICE ind_msg latency = 40150964 μs
SLICE ind_msg latency = 40151179 μs
SLICE ind_msg latency = 40150981 μs
SLICE ind_msg latency = 40150635 μs
SLICE ind_msg latency = 40151028 μs
SLICE ind_msg latency = 40150758 μs
SLICE ind_msg latency = 40151150 μs
SLICE ind_msg latency = 40151165 μs
SLICE ind_msg latency = 40151004 μs
SLICE ind_msg latency = 40150849 μs
SLICE ind_msg latency = 40151287 μs
SLICE ind_msg latency = 40151059 μs
SLICE ind_msg latency = 40150732 μs
SLICE ind_msg latency = 40151059 μs
SLICE ind_msg latency = 40150862 μs
SLICE ind_msg latency = 40150769 μs
SLICE ind_msg latency = 40150559 μs
SLICE ind_msg latency = 40150479 μs
SLICE ind_msg latency = 40150475 μs
SLICE ind_msg latency = 40150803 μs
SLICE ind_msg latency = 40150664 μs
SLICE ind_msg latency = 40150821 μs
SLICE ind_msg latency = 40150773 μs
SLICE ind_msg latency = 40150751 μs
SLICE ind_msg latency = 40150740 μs
SLICE ind_msg latency = 40150970 μs
SLICE ind_msg latency = 40151183 μs
SLICE ind_msg latency = 40150783 μs
SLICE ind_msg latency = 40150818 μs
SLICE ind_msg latency = 40150591 μs
SLICE ind_msg latency = 40150528 μs
SLICE ind_msg latency = 40150754 μs
SLICE ind_msg latency = 40150726 μs
SLICE ind_msg latency = 40150640 μs
SLICE ind_msg latency = 40151025 μs
SLICE ind_msg latency = 40151138 μs
SLICE ind_msg latency = 40151007 μs
SLICE ind_msg latency = 40151010 μs
SLICE ind_msg latency = 40150696 μs
SLICE ind_msg latency = 40150776 μs
SLICE ind_msg latency = 40150834 μs
SLICE ind_msg latency = 40150712 μs
SLICE ind_msg latency = 40150579 μs
SLICE ind_msg latency = 40150639 μs
SLICE ind_msg latency = 40150789 μs
SLICE ind_msg latency = 40150774 μs
SLICE ind_msg latency = 40150783 μs
SLICE ind_msg latency = 40150728 μs
SLICE ind_msg latency = 40150785 μs
SLICE ind_msg latency = 40150758 μs
SLICE ind_msg latency = 40150612 μs
SLICE ind_msg latency = 40150773 μs
SLICE ind_msg latency = 40150760 μs
SLICE ind_msg latency = 40150516 μs
SLICE ind_msg latency = 40150670 μs
SLICE ind_msg latency = 40150715 μs
SLICE ind_msg latency = 40150630 μs
SLICE ind_msg latency = 40150668 μs
SLICE ind_msg latency = 40150691 μs
SLICE ind_msg latency = 40150752 μs
SLICE ind_msg latency = 40150819 μs
SLICE ind_msg latency = 40150729 μs
SLICE ind_msg latency = 40150630 μs
SLICE ind_msg latency = 40151977 μs
SLICE ind_msg latency = 40150232 μs
SLICE ind_msg latency = 40150315 μs
SLICE ind_msg latency = 40150122 μs
SLICE ind_msg latency = 40150085 μs
SLICE ind_msg latency = 40150094 μs
SLICE ind_msg latency = 40150267 μs
SLICE ind_msg latency = 40150334 μs
SLICE ind_msg latency = 40150209 μs
SLICE ind_msg latency = 40150256 μs
SLICE ind_msg latency = 40150206 μs
SLICE ind_msg latency = 40150433 μs
SLICE ind_msg latency = 40150738 μs
SLICE ind_msg latency = 40150408 μs
SLICE ind_msg latency = 40150887 μs
SLICE ind_msg latency = 40150908 μs
SLICE ind_msg latency = 40150914 μs
SLICE ind_msg latency = 40150949 μs
SLICE ind_msg latency = 40150783 μs
SLICE ind_msg latency = 40150874 μs
SLICE ind_msg latency = 40150795 μs
SLICE ind_msg latency = 40150855 μs
SLICE ind_msg latency = 40150771 μs
SLICE ind_msg latency = 40150746 μs
SLICE ind_msg latency = 40150674 μs
SLICE ind_msg latency = 40150964 μs
SLICE ind_msg latency = 40151038 μs
SLICE ind_msg latency = 40150917 μs
SLICE ind_msg latency = 40150999 μs
SLICE ind_msg latency = 40150929 μs
SLICE ind_msg latency = 40151126 μs
SLICE ind_msg latency = 40151201 μs
SLICE ind_msg latency = 40151061 μs
SLICE ind_msg latency = 40151087 μs
SLICE ind_msg latency = 40151117 μs
SLICE ind_msg latency = 40151017 μs
SLICE ind_msg latency = 40151156 μs
SLICE ind_msg latency = 40151208 μs
SLICE ind_msg latency = 40151086 μs
SLICE ind_msg latency = 40151098 μs
SLICE ind_msg latency = 40151336 μs
SLICE ind_msg latency = 40151178 μs
SLICE ind_msg latency = 40151290 μs
SLICE ind_msg latency = 40151146 μs
SLICE ind_msg latency = 40151153 μs
SLICE ind_msg latency = 40151037 μs
SLICE ind_msg latency = 40151388 μs
SLICE ind_msg latency = 40151113 μs
SLICE ind_msg latency = 40151372 μs
SLICE ind_msg latency = 40151020 μs
SLICE ind_msg latency = 40151270 μs
SLICE ind_msg latency = 40151099 μs
SLICE ind_msg latency = 40151144 μs
SLICE ind_msg latency = 40150995 μs
SLICE ind_msg latency = 40151311 μs
SLICE ind_msg latency = 40151119 μs
SLICE ind_msg latency = 40151382 μs
SLICE ind_msg latency = 40150769 μs
SLICE ind_msg latency = 40151131 μs
SLICE ind_msg latency = 40150664 μs
SLICE ind_msg latency = 40151170 μs
SLICE ind_msg latency = 40151064 μs
SLICE ind_msg latency = 40151016 μs
SLICE ind_msg latency = 40151228 μs
SLICE ind_msg latency = 40151125 μs
SLICE ind_msg latency = 40150777 μs
SLICE ind_msg latency = 40150732 μs
SLICE ind_msg latency = 40150813 μs
SLICE ind_msg latency = 40150873 μs
[xApp]: E42 RIC_SUBSCRIPTION_DELETE_REQUEST tx RAN_FUNC_ID 145 RIC_REQ_ID 1 
SLICE ind_msg latency = 40150862 μs
[xApp]: E42 SUBSCRIPTION DELETE RESPONSE rx
[xApp]: Sucessfully stopped 
Test xApp run SUCCESSFULLY
Diff time between Connection and Subscription: 2214μs
