[UTIL]: Setting the config -c file to flexric.conf
[UTIL]: Setting path -p for the shared libraries to /usr/local/lib/flexric/
[xAapp]: Initializing ... 
[xApp]: nearRT-RIC IP Address = 191.4.204.131, PORT = 36422
[E2 AGENT]: Opening plugin from path = /usr/local/lib/flexric/libpdcp_sm.so 
[E2 AGENT]: Opening plugin from path = /usr/local/lib/flexric/libmac_sm.so 
[E2 AGENT]: Opening plugin from path = /usr/local/lib/flexric/libgtp_sm.so 
[E2 AGENT]: Opening plugin from path = /usr/local/lib/flexric/libkpm_sm.so 
[E2 AGENT]: Opening plugin from path = /usr/local/lib/flexric/libtc_sm.so 
[E2 AGENT]: Opening plugin from path = /usr/local/lib/flexric/librc_sm.so 
[E2 AGENT]: Opening plugin from path = /usr/local/lib/flexric/libslice_sm.so 
[E2 AGENT]: Opening plugin from path = /usr/local/lib/flexric/librlc_sm.so 
[NEAR-RIC]: Loading SM ID = 144 with def = PDCP_STATS_V0 
[NEAR-RIC]: Loading SM ID = 142 with def = MAC_STATS_V0 
[NEAR-RIC]: Loading SM ID = 148 with def = GTP_STATS_V0 
[NEAR-RIC]: Loading SM ID = 2 with def = ORAN-E2SM-KPM 
[NEAR-RIC]: Loading SM ID = 146 with def = TC_STATS_V0 
[NEAR-RIC]: Loading SM ID = 3 with def = ORAN-E2SM-RC 
[NEAR-RIC]: Loading SM ID = 145 with def = SLICE_STATS_V0 
[NEAR-RIC]: Loading SM ID = 143 with def = RLC_STATS_V0 
[xApp]: DB filename = /tmp/xapp_db_1710190424295723 
 [xApp]: E42 SETUP-REQUEST tx
[xApp]: E42 SETUP-RESPONSE rx 
[xApp]: xApp ID = 66 
[xApp]: Registered E2 Nodes = 1 
Connected E2 nodes len = 1
Registered ran func id = 2 
 Registered ran func id = 3 
 Registered ran func id = 142 
 Registered ran func id = 143 
 Registered ran func id = 144 
 Registered ran func id = 145 
 Registered ran func id = 146 
 Registered ran func id = 148 
 [xApp]: E42 RIC SUBSCRIPTION REQUEST tx RAN_FUNC_ID 145 RIC_REQ_ID 1 
[xApp]: SUBSCRIPTION RESPONSE rx
[xApp]: Successfully subscribed to RAN_FUNC_ID 145 
Tempo: 1710190426308429
Diff: 2755μs
SLICE ind_msg latency = 40150587 μs
SLICE ind_msg latency = 40150544 μs
SLICE ind_msg latency = 40150750 μs
SLICE ind_msg latency = 40150589 μs
SLICE ind_msg latency = 40150579 μs
SLICE ind_msg latency = 40150429 μs
SLICE ind_msg latency = 40150395 μs
SLICE ind_msg latency = 40150450 μs
SLICE ind_msg latency = 40150266 μs
SLICE ind_msg latency = 40150195 μs
SLICE ind_msg latency = 40150216 μs
SLICE ind_msg latency = 40150097 μs
SLICE ind_msg latency = 40150300 μs
SLICE ind_msg latency = 40150282 μs
SLICE ind_msg latency = 40150346 μs
SLICE ind_msg latency = 40150320 μs
SLICE ind_msg latency = 40150622 μs
SLICE ind_msg latency = 40150384 μs
SLICE ind_msg latency = 40150486 μs
SLICE ind_msg latency = 40150290 μs
SLICE ind_msg latency = 40150381 μs
SLICE ind_msg latency = 40150239 μs
SLICE ind_msg latency = 40150599 μs
SLICE ind_msg latency = 40150399 μs
SLICE ind_msg latency = 40150285 μs
SLICE ind_msg latency = 40150557 μs
SLICE ind_msg latency = 40150490 μs
SLICE ind_msg latency = 40150496 μs
SLICE ind_msg latency = 40150331 μs
SLICE ind_msg latency = 40150316 μs
SLICE ind_msg latency = 40150381 μs
SLICE ind_msg latency = 40150315 μs
SLICE ind_msg latency = 40150226 μs
SLICE ind_msg latency = 40151381 μs
SLICE ind_msg latency = 40149835 μs
SLICE ind_msg latency = 40149811 μs
SLICE ind_msg latency = 40149890 μs
SLICE ind_msg latency = 40149961 μs
SLICE ind_msg latency = 40150362 μs
SLICE ind_msg latency = 40150328 μs
SLICE ind_msg latency = 40150306 μs
SLICE ind_msg latency = 40150083 μs
SLICE ind_msg latency = 40150052 μs
SLICE ind_msg latency = 40149700 μs
SLICE ind_msg latency = 40149613 μs
SLICE ind_msg latency = 40149592 μs
SLICE ind_msg latency = 40149655 μs
SLICE ind_msg latency = 40149767 μs
SLICE ind_msg latency = 40149956 μs
SLICE ind_msg latency = 40150196 μs
SLICE ind_msg latency = 40150394 μs
SLICE ind_msg latency = 40150528 μs
SLICE ind_msg latency = 40150412 μs
SLICE ind_msg latency = 40150080 μs
SLICE ind_msg latency = 40150185 μs
SLICE ind_msg latency = 40150062 μs
SLICE ind_msg latency = 40150117 μs
SLICE ind_msg latency = 40150176 μs
SLICE ind_msg latency = 40150014 μs
SLICE ind_msg latency = 40150074 μs
SLICE ind_msg latency = 40150023 μs
SLICE ind_msg latency = 40150237 μs
SLICE ind_msg latency = 40150183 μs
SLICE ind_msg latency = 40150419 μs
SLICE ind_msg latency = 40150103 μs
SLICE ind_msg latency = 40150451 μs
SLICE ind_msg latency = 40150398 μs
SLICE ind_msg latency = 40150502 μs
SLICE ind_msg latency = 40150403 μs
SLICE ind_msg latency = 40150198 μs
SLICE ind_msg latency = 40150400 μs
SLICE ind_msg latency = 40150224 μs
SLICE ind_msg latency = 40150279 μs
SLICE ind_msg latency = 40150478 μs
SLICE ind_msg latency = 40150484 μs
SLICE ind_msg latency = 40150197 μs
SLICE ind_msg latency = 40150484 μs
SLICE ind_msg latency = 40150052 μs
SLICE ind_msg latency = 40150422 μs
SLICE ind_msg latency = 40150335 μs
SLICE ind_msg latency = 40150144 μs
SLICE ind_msg latency = 40150098 μs
SLICE ind_msg latency = 40150330 μs
SLICE ind_msg latency = 40150346 μs
SLICE ind_msg latency = 40150321 μs
SLICE ind_msg latency = 40150000 μs
SLICE ind_msg latency = 40150593 μs
SLICE ind_msg latency = 40150501 μs
SLICE ind_msg latency = 40150225 μs
SLICE ind_msg latency = 40150042 μs
SLICE ind_msg latency = 40150433 μs
SLICE ind_msg latency = 40150265 μs
SLICE ind_msg latency = 40150141 μs
SLICE ind_msg latency = 40150299 μs
SLICE ind_msg latency = 40150411 μs
SLICE ind_msg latency = 40150325 μs
SLICE ind_msg latency = 40150190 μs
SLICE ind_msg latency = 40150117 μs
SLICE ind_msg latency = 40150376 μs
SLICE ind_msg latency = 40150358 μs
SLICE ind_msg latency = 40150311 μs
SLICE ind_msg latency = 40150275 μs
SLICE ind_msg latency = 40150464 μs
SLICE ind_msg latency = 40150335 μs
SLICE ind_msg latency = 40150285 μs
SLICE ind_msg latency = 40150320 μs
SLICE ind_msg latency = 40150451 μs
SLICE ind_msg latency = 40150441 μs
SLICE ind_msg latency = 40150263 μs
SLICE ind_msg latency = 40150280 μs
SLICE ind_msg latency = 40150336 μs
SLICE ind_msg latency = 40150252 μs
SLICE ind_msg latency = 40150189 μs
SLICE ind_msg latency = 40150109 μs
SLICE ind_msg latency = 40150294 μs
SLICE ind_msg latency = 40150198 μs
SLICE ind_msg latency = 40150206 μs
SLICE ind_msg latency = 40150128 μs
SLICE ind_msg latency = 40150273 μs
SLICE ind_msg latency = 40150321 μs
SLICE ind_msg latency = 40150148 μs
SLICE ind_msg latency = 40150173 μs
SLICE ind_msg latency = 40150167 μs
SLICE ind_msg latency = 40150410 μs
SLICE ind_msg latency = 40150084 μs
SLICE ind_msg latency = 40150250 μs
SLICE ind_msg latency = 40150340 μs
SLICE ind_msg latency = 40150309 μs
SLICE ind_msg latency = 40150255 μs
SLICE ind_msg latency = 40150077 μs
SLICE ind_msg latency = 40150161 μs
SLICE ind_msg latency = 40150371 μs
SLICE ind_msg latency = 40150191 μs
SLICE ind_msg latency = 40150310 μs
SLICE ind_msg latency = 40150433 μs
SLICE ind_msg latency = 40150340 μs
SLICE ind_msg latency = 40150149 μs
SLICE ind_msg latency = 40150044 μs
SLICE ind_msg latency = 40150221 μs
SLICE ind_msg latency = 40150048 μs
SLICE ind_msg latency = 40150281 μs
SLICE ind_msg latency = 40150203 μs
SLICE ind_msg latency = 40150322 μs
SLICE ind_msg latency = 40150296 μs
SLICE ind_msg latency = 40150405 μs
SLICE ind_msg latency = 40150175 μs
SLICE ind_msg latency = 40150184 μs
SLICE ind_msg latency = 40150053 μs
SLICE ind_msg latency = 40150424 μs
SLICE ind_msg latency = 40150106 μs
SLICE ind_msg latency = 40150345 μs
SLICE ind_msg latency = 40150278 μs
SLICE ind_msg latency = 40150393 μs
SLICE ind_msg latency = 40150386 μs
SLICE ind_msg latency = 40150463 μs
SLICE ind_msg latency = 40150356 μs
SLICE ind_msg latency = 40150622 μs
SLICE ind_msg latency = 40150329 μs
SLICE ind_msg latency = 40150176 μs
SLICE ind_msg latency = 40150266 μs
SLICE ind_msg latency = 40150054 μs
SLICE ind_msg latency = 40150331 μs
SLICE ind_msg latency = 40150433 μs
SLICE ind_msg latency = 40150406 μs
SLICE ind_msg latency = 40150485 μs
SLICE ind_msg latency = 40150496 μs
SLICE ind_msg latency = 40150589 μs
SLICE ind_msg latency = 40150663 μs
SLICE ind_msg latency = 40150787 μs
SLICE ind_msg latency = 40150350 μs
SLICE ind_msg latency = 40150313 μs
SLICE ind_msg latency = 40149813 μs
SLICE ind_msg latency = 40149865 μs
SLICE ind_msg latency = 40150139 μs
SLICE ind_msg latency = 40150198 μs
SLICE ind_msg latency = 40150161 μs
SLICE ind_msg latency = 40150201 μs
SLICE ind_msg latency = 40150054 μs
SLICE ind_msg latency = 40150190 μs
SLICE ind_msg latency = 40150486 μs
SLICE ind_msg latency = 40150457 μs
SLICE ind_msg latency = 40150316 μs
SLICE ind_msg latency = 40150413 μs
SLICE ind_msg latency = 40150021 μs
SLICE ind_msg latency = 40150118 μs
SLICE ind_msg latency = 40150264 μs
SLICE ind_msg latency = 40150218 μs
SLICE ind_msg latency = 40150286 μs
SLICE ind_msg latency = 40150160 μs
SLICE ind_msg latency = 40150116 μs
SLICE ind_msg latency = 40150292 μs
SLICE ind_msg latency = 40150379 μs
SLICE ind_msg latency = 40150304 μs
SLICE ind_msg latency = 40150237 μs
SLICE ind_msg latency = 40150399 μs
SLICE ind_msg latency = 40150246 μs
SLICE ind_msg latency = 40150260 μs
SLICE ind_msg latency = 40150150 μs
SLICE ind_msg latency = 40150406 μs
SLICE ind_msg latency = 40150426 μs
SLICE ind_msg latency = 40150292 μs
SLICE ind_msg latency = 40150284 μs
SLICE ind_msg latency = 40150409 μs
SLICE ind_msg latency = 40150008 μs
SLICE ind_msg latency = 40150173 μs
SLICE ind_msg latency = 40150294 μs
SLICE ind_msg latency = 40150393 μs
SLICE ind_msg latency = 40150484 μs
SLICE ind_msg latency = 40150589 μs
SLICE ind_msg latency = 40150171 μs
SLICE ind_msg latency = 40150217 μs
SLICE ind_msg latency = 40150150 μs
SLICE ind_msg latency = 40150281 μs
SLICE ind_msg latency = 40149877 μs
SLICE ind_msg latency = 40149814 μs
SLICE ind_msg latency = 40149811 μs
SLICE ind_msg latency = 40149800 μs
SLICE ind_msg latency = 40149964 μs
SLICE ind_msg latency = 40150012 μs
SLICE ind_msg latency = 40150145 μs
SLICE ind_msg latency = 40150008 μs
SLICE ind_msg latency = 40150240 μs
SLICE ind_msg latency = 40150386 μs
SLICE ind_msg latency = 40150439 μs
SLICE ind_msg latency = 40150272 μs
SLICE ind_msg latency = 40150281 μs
SLICE ind_msg latency = 40150523 μs
SLICE ind_msg latency = 40150347 μs
SLICE ind_msg latency = 40150148 μs
SLICE ind_msg latency = 40150161 μs
SLICE ind_msg latency = 40150002 μs
SLICE ind_msg latency = 40150270 μs
SLICE ind_msg latency = 40149967 μs
SLICE ind_msg latency = 40150194 μs
SLICE ind_msg latency = 40150108 μs
SLICE ind_msg latency = 40150112 μs
SLICE ind_msg latency = 40150147 μs
SLICE ind_msg latency = 40150196 μs
SLICE ind_msg latency = 40150461 μs
SLICE ind_msg latency = 40150556 μs
SLICE ind_msg latency = 40150442 μs
SLICE ind_msg latency = 40149883 μs
SLICE ind_msg latency = 40150110 μs
SLICE ind_msg latency = 40150480 μs
SLICE ind_msg latency = 40150318 μs
SLICE ind_msg latency = 40150287 μs
SLICE ind_msg latency = 40149951 μs
SLICE ind_msg latency = 40150068 μs
SLICE ind_msg latency = 40150152 μs
SLICE ind_msg latency = 40150366 μs
SLICE ind_msg latency = 40150221 μs
SLICE ind_msg latency = 40150233 μs
SLICE ind_msg latency = 40150551 μs
SLICE ind_msg latency = 40150433 μs
SLICE ind_msg latency = 40150485 μs
SLICE ind_msg latency = 40150546 μs
SLICE ind_msg latency = 40150370 μs
SLICE ind_msg latency = 40150323 μs
SLICE ind_msg latency = 40150429 μs
SLICE ind_msg latency = 40150218 μs
SLICE ind_msg latency = 40150197 μs
SLICE ind_msg latency = 40150311 μs
SLICE ind_msg latency = 40150595 μs
SLICE ind_msg latency = 40150777 μs
SLICE ind_msg latency = 40150646 μs
SLICE ind_msg latency = 40150465 μs
SLICE ind_msg latency = 40150499 μs
SLICE ind_msg latency = 40150631 μs
SLICE ind_msg latency = 40150217 μs
SLICE ind_msg latency = 40150369 μs
SLICE ind_msg latency = 40150461 μs
SLICE ind_msg latency = 40150703 μs
SLICE ind_msg latency = 40150599 μs
SLICE ind_msg latency = 40150415 μs
SLICE ind_msg latency = 40150443 μs
SLICE ind_msg latency = 40150395 μs
SLICE ind_msg latency = 40150323 μs
SLICE ind_msg latency = 40150393 μs
SLICE ind_msg latency = 40150430 μs
SLICE ind_msg latency = 40150390 μs
SLICE ind_msg latency = 40150216 μs
SLICE ind_msg latency = 40150172 μs
SLICE ind_msg latency = 40150207 μs
SLICE ind_msg latency = 40150248 μs
SLICE ind_msg latency = 40150228 μs
SLICE ind_msg latency = 40150286 μs
SLICE ind_msg latency = 40150399 μs
SLICE ind_msg latency = 40150611 μs
SLICE ind_msg latency = 40149819 μs
SLICE ind_msg latency = 40149721 μs
SLICE ind_msg latency = 40150137 μs
SLICE ind_msg latency = 40150108 μs
SLICE ind_msg latency = 40150396 μs
SLICE ind_msg latency = 40150528 μs
SLICE ind_msg latency = 40150536 μs
SLICE ind_msg latency = 40150346 μs
SLICE ind_msg latency = 40150294 μs
SLICE ind_msg latency = 40150284 μs
SLICE ind_msg latency = 40150384 μs
SLICE ind_msg latency = 40150440 μs
SLICE ind_msg latency = 40150508 μs
SLICE ind_msg latency = 40150289 μs
SLICE ind_msg latency = 40150413 μs
SLICE ind_msg latency = 40150391 μs
SLICE ind_msg latency = 40150174 μs
SLICE ind_msg latency = 40150249 μs
SLICE ind_msg latency = 40150395 μs
SLICE ind_msg latency = 40150289 μs
SLICE ind_msg latency = 40150180 μs
SLICE ind_msg latency = 40150340 μs
SLICE ind_msg latency = 40150447 μs
SLICE ind_msg latency = 40150437 μs
SLICE ind_msg latency = 40150448 μs
SLICE ind_msg latency = 40150531 μs
SLICE ind_msg latency = 40150261 μs
SLICE ind_msg latency = 40150321 μs
SLICE ind_msg latency = 40150178 μs
SLICE ind_msg latency = 40150500 μs
SLICE ind_msg latency = 40150538 μs
SLICE ind_msg latency = 40150278 μs
SLICE ind_msg latency = 40150381 μs
SLICE ind_msg latency = 40150266 μs
SLICE ind_msg latency = 40150307 μs
SLICE ind_msg latency = 40150240 μs
SLICE ind_msg latency = 40150230 μs
SLICE ind_msg latency = 40149932 μs
SLICE ind_msg latency = 40150204 μs
SLICE ind_msg latency = 40150080 μs
SLICE ind_msg latency = 40150218 μs
SLICE ind_msg latency = 40150256 μs
SLICE ind_msg latency = 40150254 μs
SLICE ind_msg latency = 40150302 μs
SLICE ind_msg latency = 40150297 μs
SLICE ind_msg latency = 40150121 μs
SLICE ind_msg latency = 40150229 μs
SLICE ind_msg latency = 40150422 μs
SLICE ind_msg latency = 40150466 μs
SLICE ind_msg latency = 40150227 μs
SLICE ind_msg latency = 40150298 μs
SLICE ind_msg latency = 40149778 μs
SLICE ind_msg latency = 40150306 μs
SLICE ind_msg latency = 40150305 μs
SLICE ind_msg latency = 40150298 μs
SLICE ind_msg latency = 40150374 μs
SLICE ind_msg latency = 40150492 μs
SLICE ind_msg latency = 40149990 μs
SLICE ind_msg latency = 40150255 μs
SLICE ind_msg latency = 40150378 μs
SLICE ind_msg latency = 40150347 μs
SLICE ind_msg latency = 40150367 μs
SLICE ind_msg latency = 40150176 μs
SLICE ind_msg latency = 40150028 μs
SLICE ind_msg latency = 40150027 μs
SLICE ind_msg latency = 40150075 μs
SLICE ind_msg latency = 40150003 μs
SLICE ind_msg latency = 40150090 μs
SLICE ind_msg latency = 40150011 μs
SLICE ind_msg latency = 40150316 μs
SLICE ind_msg latency = 40150244 μs
SLICE ind_msg latency = 40150241 μs
SLICE ind_msg latency = 40150264 μs
SLICE ind_msg latency = 40149947 μs
SLICE ind_msg latency = 40149828 μs
SLICE ind_msg latency = 40150281 μs
SLICE ind_msg latency = 40149963 μs
SLICE ind_msg latency = 40149719 μs
SLICE ind_msg latency = 40150430 μs
SLICE ind_msg latency = 40150009 μs
SLICE ind_msg latency = 40149714 μs
SLICE ind_msg latency = 40149778 μs
SLICE ind_msg latency = 40149663 μs
SLICE ind_msg latency = 40149636 μs
SLICE ind_msg latency = 40149878 μs
SLICE ind_msg latency = 40149548 μs
SLICE ind_msg latency = 40149523 μs
SLICE ind_msg latency = 40149675 μs
SLICE ind_msg latency = 40149770 μs
SLICE ind_msg latency = 40150075 μs
SLICE ind_msg latency = 40150053 μs
SLICE ind_msg latency = 40150246 μs
SLICE ind_msg latency = 40150496 μs
SLICE ind_msg latency = 40150172 μs
SLICE ind_msg latency = 40150032 μs
SLICE ind_msg latency = 40150349 μs
SLICE ind_msg latency = 40150646 μs
SLICE ind_msg latency = 40150058 μs
SLICE ind_msg latency = 40149940 μs
SLICE ind_msg latency = 40149997 μs
SLICE ind_msg latency = 40150131 μs
SLICE ind_msg latency = 40150113 μs
SLICE ind_msg latency = 40150368 μs
SLICE ind_msg latency = 40150278 μs
SLICE ind_msg latency = 40150360 μs
SLICE ind_msg latency = 40150430 μs
SLICE ind_msg latency = 40150367 μs
SLICE ind_msg latency = 40150276 μs
SLICE ind_msg latency = 40150058 μs
SLICE ind_msg latency = 40150167 μs
SLICE ind_msg latency = 40150053 μs
SLICE ind_msg latency = 40150269 μs
ADD STATIC DL SLICE: id 0, pos_low 0, pos_high 3
ADD STATIC DL SLICE: id 2, pos_low 4, pos_high 7
ADD STATIC DL SLICE: id 5, pos_low 8, pos_high 12
[xApp]: CONTROL-REQUEST tx 
[xApp]: CONTROL ACK rx
[xApp]: Successfully received CONTROL-ACK 
SLICE ind_msg latency = 40150037 μs
SLICE ind_msg latency = 40150180 μs
SLICE ind_msg latency = 40150364 μs
SLICE ind_msg latency = 40150367 μs
SLICE ind_msg latency = 40150257 μs
SLICE ind_msg latency = 40150267 μs
SLICE ind_msg latency = 40150246 μs
SLICE ind_msg latency = 40150315 μs
SLICE ind_msg latency = 40150400 μs
SLICE ind_msg latency = 40150076 μs
SLICE ind_msg latency = 40150206 μs
SLICE ind_msg latency = 40150211 μs
SLICE ind_msg latency = 40150109 μs
SLICE ind_msg latency = 40150275 μs
SLICE ind_msg latency = 40150297 μs
SLICE ind_msg latency = 40150312 μs
SLICE ind_msg latency = 40150520 μs
SLICE ind_msg latency = 40150126 μs
SLICE ind_msg latency = 40150235 μs
SLICE ind_msg latency = 40150293 μs
SLICE ind_msg latency = 40150055 μs
SLICE ind_msg latency = 40150255 μs
SLICE ind_msg latency = 40150391 μs
SLICE ind_msg latency = 40150402 μs
SLICE ind_msg latency = 40150427 μs
SLICE ind_msg latency = 40150182 μs
SLICE ind_msg latency = 40150337 μs
SLICE ind_msg latency = 40149984 μs
SLICE ind_msg latency = 40150274 μs
SLICE ind_msg latency = 40150252 μs
SLICE ind_msg latency = 40150039 μs
SLICE ind_msg latency = 40150324 μs
SLICE ind_msg latency = 40150241 μs
SLICE ind_msg latency = 40150178 μs
SLICE ind_msg latency = 40150327 μs
SLICE ind_msg latency = 40150231 μs
SLICE ind_msg latency = 40149918 μs
SLICE ind_msg latency = 40149836 μs
SLICE ind_msg latency = 40150250 μs
SLICE ind_msg latency = 40150107 μs
SLICE ind_msg latency = 40150254 μs
SLICE ind_msg latency = 40150193 μs
SLICE ind_msg latency = 40150273 μs
SLICE ind_msg latency = 40150340 μs
SLICE ind_msg latency = 40150319 μs
SLICE ind_msg latency = 40150133 μs
SLICE ind_msg latency = 40150025 μs
SLICE ind_msg latency = 40150253 μs
SLICE ind_msg latency = 40150198 μs
SLICE ind_msg latency = 40150292 μs
SLICE ind_msg latency = 40150493 μs
SLICE ind_msg latency = 40150367 μs
SLICE ind_msg latency = 40150318 μs
SLICE ind_msg latency = 40150498 μs
SLICE ind_msg latency = 40150397 μs
SLICE ind_msg latency = 40150223 μs
SLICE ind_msg latency = 40150091 μs
SLICE ind_msg latency = 40150081 μs
SLICE ind_msg latency = 40150028 μs
SLICE ind_msg latency = 40150086 μs
SLICE ind_msg latency = 40150021 μs
SLICE ind_msg latency = 40150276 μs
SLICE ind_msg latency = 40150461 μs
SLICE ind_msg latency = 40150516 μs
SLICE ind_msg latency = 40150220 μs
SLICE ind_msg latency = 40150076 μs
SLICE ind_msg latency = 40150451 μs
SLICE ind_msg latency = 40150404 μs
SLICE ind_msg latency = 40150425 μs
SLICE ind_msg latency = 40150334 μs
SLICE ind_msg latency = 40150368 μs
SLICE ind_msg latency = 40150678 μs
SLICE ind_msg latency = 40150234 μs
SLICE ind_msg latency = 40150456 μs
SLICE ind_msg latency = 40150625 μs
SLICE ind_msg latency = 40150496 μs
SLICE ind_msg latency = 40150209 μs
SLICE ind_msg latency = 40150102 μs
SLICE ind_msg latency = 40150406 μs
SLICE ind_msg latency = 40150577 μs
SLICE ind_msg latency = 40150212 μs
SLICE ind_msg latency = 40150349 μs
SLICE ind_msg latency = 40150498 μs
SLICE ind_msg latency = 40150504 μs
SLICE ind_msg latency = 40150307 μs
SLICE ind_msg latency = 40150393 μs
SLICE ind_msg latency = 40150442 μs
SLICE ind_msg latency = 40150431 μs
SLICE ind_msg latency = 40150399 μs
SLICE ind_msg latency = 40150262 μs
SLICE ind_msg latency = 40150174 μs
SLICE ind_msg latency = 40150570 μs
SLICE ind_msg latency = 40150241 μs
SLICE ind_msg latency = 40150272 μs
SLICE ind_msg latency = 40150422 μs
SLICE ind_msg latency = 40150532 μs
SLICE ind_msg latency = 40150255 μs
SLICE ind_msg latency = 40150206 μs
SLICE ind_msg latency = 40150331 μs
SLICE ind_msg latency = 40150431 μs
SLICE ind_msg latency = 40150188 μs
SLICE ind_msg latency = 40150443 μs
SLICE ind_msg latency = 40150233 μs
SLICE ind_msg latency = 40150292 μs
SLICE ind_msg latency = 40150044 μs
SLICE ind_msg latency = 40150412 μs
SLICE ind_msg latency = 40150367 μs
SLICE ind_msg latency = 40150504 μs
SLICE ind_msg latency = 40150328 μs
SLICE ind_msg latency = 40150584 μs
SLICE ind_msg latency = 40150235 μs
SLICE ind_msg latency = 40150531 μs
SLICE ind_msg latency = 40150391 μs
SLICE ind_msg latency = 40150446 μs
SLICE ind_msg latency = 40150184 μs
SLICE ind_msg latency = 40150330 μs
SLICE ind_msg latency = 40150114 μs
SLICE ind_msg latency = 40150260 μs
SLICE ind_msg latency = 40149996 μs
SLICE ind_msg latency = 40150562 μs
SLICE ind_msg latency = 40150297 μs
SLICE ind_msg latency = 40150397 μs
SLICE ind_msg latency = 40150538 μs
SLICE ind_msg latency = 40150166 μs
SLICE ind_msg latency = 40150485 μs
SLICE ind_msg latency = 40150352 μs
SLICE ind_msg latency = 40150380 μs
SLICE ind_msg latency = 40150506 μs
SLICE ind_msg latency = 40150403 μs
SLICE ind_msg latency = 40150297 μs
SLICE ind_msg latency = 40150522 μs
SLICE ind_msg latency = 40150426 μs
SLICE ind_msg latency = 40150169 μs
SLICE ind_msg latency = 40150406 μs
SLICE ind_msg latency = 40150559 μs
SLICE ind_msg latency = 40150625 μs
SLICE ind_msg latency = 40150483 μs
SLICE ind_msg latency = 40150115 μs
SLICE ind_msg latency = 40149852 μs
SLICE ind_msg latency = 40150063 μs
SLICE ind_msg latency = 40150355 μs
SLICE ind_msg latency = 40150230 μs
SLICE ind_msg latency = 40150204 μs
SLICE ind_msg latency = 40150404 μs
SLICE ind_msg latency = 40150654 μs
SLICE ind_msg latency = 40149787 μs
SLICE ind_msg latency = 40149724 μs
SLICE ind_msg latency = 40149900 μs
SLICE ind_msg latency = 40150206 μs
SLICE ind_msg latency = 40150155 μs
SLICE ind_msg latency = 40150331 μs
SLICE ind_msg latency = 40150535 μs
SLICE ind_msg latency = 40150342 μs
SLICE ind_msg latency = 40150060 μs
SLICE ind_msg latency = 40150117 μs
SLICE ind_msg latency = 40150328 μs
SLICE ind_msg latency = 40150302 μs
SLICE ind_msg latency = 40150263 μs
SLICE ind_msg latency = 40150272 μs
SLICE ind_msg latency = 40150377 μs
SLICE ind_msg latency = 40150255 μs
SLICE ind_msg latency = 40150102 μs
SLICE ind_msg latency = 40149930 μs
SLICE ind_msg latency = 40150028 μs
SLICE ind_msg latency = 40150312 μs
SLICE ind_msg latency = 40150154 μs
SLICE ind_msg latency = 40150098 μs
SLICE ind_msg latency = 40150308 μs
SLICE ind_msg latency = 40150249 μs
SLICE ind_msg latency = 40150072 μs
SLICE ind_msg latency = 40150108 μs
SLICE ind_msg latency = 40150050 μs
SLICE ind_msg latency = 40149849 μs
SLICE ind_msg latency = 40149981 μs
SLICE ind_msg latency = 40150299 μs
SLICE ind_msg latency = 40150229 μs
SLICE ind_msg latency = 40150182 μs
SLICE ind_msg latency = 40150343 μs
SLICE ind_msg latency = 40150316 μs
SLICE ind_msg latency = 40150288 μs
SLICE ind_msg latency = 40150208 μs
SLICE ind_msg latency = 40150108 μs
SLICE ind_msg latency = 40150242 μs
SLICE ind_msg latency = 40150326 μs
SLICE ind_msg latency = 40150282 μs
SLICE ind_msg latency = 40150180 μs
SLICE ind_msg latency = 40150231 μs
SLICE ind_msg latency = 40150170 μs
SLICE ind_msg latency = 40150019 μs
SLICE ind_msg latency = 40150334 μs
SLICE ind_msg latency = 40150042 μs
SLICE ind_msg latency = 40150070 μs
SLICE ind_msg latency = 40150253 μs
SLICE ind_msg latency = 40150359 μs
SLICE ind_msg latency = 40150512 μs
SLICE ind_msg latency = 40150349 μs
SLICE ind_msg latency = 40150453 μs
SLICE ind_msg latency = 40150414 μs
SLICE ind_msg latency = 40150147 μs
SLICE ind_msg latency = 40150076 μs
DEL DL SLICE: id 2
[xApp]: CONTROL-REQUEST tx 
[xApp]: CONTROL ACK rx
[xApp]: Successfully received CONTROL-ACK 
SLICE ind_msg latency = 40149905 μs
SLICE ind_msg latency = 40150229 μs
SLICE ind_msg latency = 40150140 μs
SLICE ind_msg latency = 40150206 μs
SLICE ind_msg latency = 40150661 μs
SLICE ind_msg latency = 40150179 μs
SLICE ind_msg latency = 40150386 μs
SLICE ind_msg latency = 40150323 μs
SLICE ind_msg latency = 40150075 μs
SLICE ind_msg latency = 40150162 μs
SLICE ind_msg latency = 40150280 μs
SLICE ind_msg latency = 40150375 μs
SLICE ind_msg latency = 40150491 μs
SLICE ind_msg latency = 40150375 μs
SLICE ind_msg latency = 40150369 μs
SLICE ind_msg latency = 40149860 μs
SLICE ind_msg latency = 40149968 μs
SLICE ind_msg latency = 40150260 μs
SLICE ind_msg latency = 40150054 μs
SLICE ind_msg latency = 40150020 μs
SLICE ind_msg latency = 40150168 μs
SLICE ind_msg latency = 40150196 μs
SLICE ind_msg latency = 40150254 μs
SLICE ind_msg latency = 40150372 μs
SLICE ind_msg latency = 40150496 μs
SLICE ind_msg latency = 40150647 μs
SLICE ind_msg latency = 40150337 μs
SLICE ind_msg latency = 40150329 μs
SLICE ind_msg latency = 40150452 μs
SLICE ind_msg latency = 40150559 μs
SLICE ind_msg latency = 40150312 μs
SLICE ind_msg latency = 40150084 μs
SLICE ind_msg latency = 40150077 μs
SLICE ind_msg latency = 40150241 μs
SLICE ind_msg latency = 40150348 μs
SLICE ind_msg latency = 40150337 μs
SLICE ind_msg latency = 40150164 μs
SLICE ind_msg latency = 40150195 μs
SLICE ind_msg latency = 40150326 μs
SLICE ind_msg latency = 40150290 μs
SLICE ind_msg latency = 40150295 μs
SLICE ind_msg latency = 40149928 μs
SLICE ind_msg latency = 40150182 μs
SLICE ind_msg latency = 40150420 μs
SLICE ind_msg latency = 40150224 μs
SLICE ind_msg latency = 40150402 μs
SLICE ind_msg latency = 40150139 μs
SLICE ind_msg latency = 40150123 μs
SLICE ind_msg latency = 40150197 μs
SLICE ind_msg latency = 40150337 μs
SLICE ind_msg latency = 40150363 μs
SLICE ind_msg latency = 40150473 μs
SLICE ind_msg latency = 40150348 μs
SLICE ind_msg latency = 40150282 μs
SLICE ind_msg latency = 40150052 μs
SLICE ind_msg latency = 40150268 μs
SLICE ind_msg latency = 40150322 μs
SLICE ind_msg latency = 40150287 μs
SLICE ind_msg latency = 40150323 μs
SLICE ind_msg latency = 40150453 μs
SLICE ind_msg latency = 40150187 μs
SLICE ind_msg latency = 40150306 μs
SLICE ind_msg latency = 40150178 μs
SLICE ind_msg latency = 40150336 μs
SLICE ind_msg latency = 40150285 μs
SLICE ind_msg latency = 40150224 μs
SLICE ind_msg latency = 40150350 μs
SLICE ind_msg latency = 40150538 μs
SLICE ind_msg latency = 40150123 μs
SLICE ind_msg latency = 40150181 μs
SLICE ind_msg latency = 40150448 μs
SLICE ind_msg latency = 40150562 μs
SLICE ind_msg latency = 40150478 μs
SLICE ind_msg latency = 40150322 μs
SLICE ind_msg latency = 40150465 μs
SLICE ind_msg latency = 40150465 μs
SLICE ind_msg latency = 40150400 μs
SLICE ind_msg latency = 40150354 μs
SLICE ind_msg latency = 40150351 μs
SLICE ind_msg latency = 40150480 μs
SLICE ind_msg latency = 40150353 μs
SLICE ind_msg latency = 40150532 μs
SLICE ind_msg latency = 40150432 μs
SLICE ind_msg latency = 40150315 μs
SLICE ind_msg latency = 40150247 μs
SLICE ind_msg latency = 40150101 μs
SLICE ind_msg latency = 40150228 μs
SLICE ind_msg latency = 40150070 μs
SLICE ind_msg latency = 40149743 μs
SLICE ind_msg latency = 40149813 μs
SLICE ind_msg latency = 40150224 μs
SLICE ind_msg latency = 40150208 μs
SLICE ind_msg latency = 40150149 μs
SLICE ind_msg latency = 40150177 μs
SLICE ind_msg latency = 40150431 μs
SLICE ind_msg latency = 40150369 μs
SLICE ind_msg latency = 40150535 μs
SLICE ind_msg latency = 40150386 μs
SLICE ind_msg latency = 40150383 μs
SLICE ind_msg latency = 40150505 μs
SLICE ind_msg latency = 40150555 μs
SLICE ind_msg latency = 40150527 μs
SLICE ind_msg latency = 40150350 μs
SLICE ind_msg latency = 40150351 μs
SLICE ind_msg latency = 40150171 μs
SLICE ind_msg latency = 40150267 μs
SLICE ind_msg latency = 40150351 μs
SLICE ind_msg latency = 40150429 μs
SLICE ind_msg latency = 40150425 μs
SLICE ind_msg latency = 40150122 μs
SLICE ind_msg latency = 40150280 μs
SLICE ind_msg latency = 40150497 μs
SLICE ind_msg latency = 40150435 μs
SLICE ind_msg latency = 40150714 μs
SLICE ind_msg latency = 40150182 μs
SLICE ind_msg latency = 40150509 μs
SLICE ind_msg latency = 40150425 μs
SLICE ind_msg latency = 40150403 μs
SLICE ind_msg latency = 40150315 μs
SLICE ind_msg latency = 40150418 μs
SLICE ind_msg latency = 40150154 μs
SLICE ind_msg latency = 40150362 μs
SLICE ind_msg latency = 40150422 μs
SLICE ind_msg latency = 40150318 μs
SLICE ind_msg latency = 40150450 μs
SLICE ind_msg latency = 40150510 μs
SLICE ind_msg latency = 40150588 μs
SLICE ind_msg latency = 40150709 μs
SLICE ind_msg latency = 40150515 μs
SLICE ind_msg latency = 40150536 μs
SLICE ind_msg latency = 40150499 μs
SLICE ind_msg latency = 40150264 μs
SLICE ind_msg latency = 40150366 μs
SLICE ind_msg latency = 40150290 μs
SLICE ind_msg latency = 40150356 μs
SLICE ind_msg latency = 40150263 μs
SLICE ind_msg latency = 40150257 μs
SLICE ind_msg latency = 40150177 μs
SLICE ind_msg latency = 40150403 μs
SLICE ind_msg latency = 40150089 μs
SLICE ind_msg latency = 40150292 μs
SLICE ind_msg latency = 40150303 μs
SLICE ind_msg latency = 40150187 μs
SLICE ind_msg latency = 40150458 μs
SLICE ind_msg latency = 40150239 μs
SLICE ind_msg latency = 40150068 μs
SLICE ind_msg latency = 40150229 μs
SLICE ind_msg latency = 40150450 μs
SLICE ind_msg latency = 40150022 μs
SLICE ind_msg latency = 40150186 μs
SLICE ind_msg latency = 40150326 μs
SLICE ind_msg latency = 40150334 μs
SLICE ind_msg latency = 40150313 μs
SLICE ind_msg latency = 40150208 μs
SLICE ind_msg latency = 40150149 μs
SLICE ind_msg latency = 40150426 μs
SLICE ind_msg latency = 40149953 μs
SLICE ind_msg latency = 40150225 μs
SLICE ind_msg latency = 40150386 μs
SLICE ind_msg latency = 40150571 μs
SLICE ind_msg latency = 40150420 μs
SLICE ind_msg latency = 40149884 μs
SLICE ind_msg latency = 40149830 μs
SLICE ind_msg latency = 40149988 μs
SLICE ind_msg latency = 40150108 μs
SLICE ind_msg latency = 40150314 μs
SLICE ind_msg latency = 40150401 μs
SLICE ind_msg latency = 40150386 μs
SLICE ind_msg latency = 40150350 μs
SLICE ind_msg latency = 40150492 μs
SLICE ind_msg latency = 40150270 μs
SLICE ind_msg latency = 40149934 μs
SLICE ind_msg latency = 40150215 μs
SLICE ind_msg latency = 40150246 μs
SLICE ind_msg latency = 40150439 μs
SLICE ind_msg latency = 40150448 μs
SLICE ind_msg latency = 40150417 μs
SLICE ind_msg latency = 40150277 μs
SLICE ind_msg latency = 40150275 μs
SLICE ind_msg latency = 40150235 μs
SLICE ind_msg latency = 40150231 μs
SLICE ind_msg latency = 40150262 μs
SLICE ind_msg latency = 40150229 μs
SLICE ind_msg latency = 40150401 μs
SLICE ind_msg latency = 40150201 μs
SLICE ind_msg latency = 40150268 μs
SLICE ind_msg latency = 40150268 μs
SLICE ind_msg latency = 40150210 μs
SLICE ind_msg latency = 40150105 μs
SLICE ind_msg latency = 40150203 μs
SLICE ind_msg latency = 40150132 μs
SLICE ind_msg latency = 40150325 μs
SLICE ind_msg latency = 40150133 μs
SLICE ind_msg latency = 40150202 μs
SLICE ind_msg latency = 40150214 μs
SLICE ind_msg latency = 40150252 μs
SLICE ind_msg latency = 40150174 μs
SLICE ind_msg latency = 40150200 μs
SLICE ind_msg latency = 40150144 μs
SLICE ind_msg latency = 40150333 μs
ASSOC DL SLICE: <rnti>, id 5
[xApp]: CONTROL-REQUEST tx 
[xApp]: CONTROL ACK rx
[xApp]: Successfully received CONTROL-ACK 
SLICE ind_msg latency = 40150179 μs
SLICE ind_msg latency = 40150351 μs
SLICE ind_msg latency = 40150411 μs
SLICE ind_msg latency = 40150479 μs
SLICE ind_msg latency = 40150489 μs
SLICE ind_msg latency = 40150335 μs
SLICE ind_msg latency = 40150545 μs
SLICE ind_msg latency = 40150309 μs
SLICE ind_msg latency = 40150456 μs
SLICE ind_msg latency = 40150220 μs
SLICE ind_msg latency = 40150211 μs
SLICE ind_msg latency = 40150256 μs
SLICE ind_msg latency = 40150195 μs
SLICE ind_msg latency = 40150211 μs
SLICE ind_msg latency = 40150325 μs
SLICE ind_msg latency = 40150324 μs
SLICE ind_msg latency = 40150289 μs
SLICE ind_msg latency = 40150239 μs
SLICE ind_msg latency = 40150404 μs
SLICE ind_msg latency = 40150377 μs
SLICE ind_msg latency = 40150313 μs
SLICE ind_msg latency = 40150249 μs
SLICE ind_msg latency = 40150301 μs
SLICE ind_msg latency = 40150232 μs
SLICE ind_msg latency = 40150368 μs
SLICE ind_msg latency = 40150204 μs
SLICE ind_msg latency = 40150418 μs
SLICE ind_msg latency = 40150513 μs
SLICE ind_msg latency = 40150258 μs
SLICE ind_msg latency = 40150108 μs
SLICE ind_msg latency = 40149934 μs
SLICE ind_msg latency = 40149895 μs
SLICE ind_msg latency = 40149843 μs
SLICE ind_msg latency = 40149794 μs
SLICE ind_msg latency = 40149707 μs
SLICE ind_msg latency = 40149961 μs
SLICE ind_msg latency = 40149994 μs
SLICE ind_msg latency = 40150015 μs
SLICE ind_msg latency = 40149916 μs
SLICE ind_msg latency = 40149875 μs
SLICE ind_msg latency = 40149953 μs
SLICE ind_msg latency = 40149948 μs
SLICE ind_msg latency = 40150218 μs
SLICE ind_msg latency = 40150169 μs
SLICE ind_msg latency = 40150054 μs
SLICE ind_msg latency = 40150225 μs
SLICE ind_msg latency = 40150004 μs
SLICE ind_msg latency = 40150048 μs
SLICE ind_msg latency = 40150192 μs
SLICE ind_msg latency = 40150363 μs
SLICE ind_msg latency = 40150426 μs
SLICE ind_msg latency = 40150393 μs
SLICE ind_msg latency = 40150317 μs
SLICE ind_msg latency = 40150485 μs
SLICE ind_msg latency = 40150189 μs
SLICE ind_msg latency = 40150192 μs
SLICE ind_msg latency = 40150364 μs
SLICE ind_msg latency = 40150298 μs
SLICE ind_msg latency = 40150264 μs
SLICE ind_msg latency = 40150414 μs
SLICE ind_msg latency = 40150332 μs
SLICE ind_msg latency = 40150129 μs
SLICE ind_msg latency = 40150307 μs
SLICE ind_msg latency = 40150331 μs
SLICE ind_msg latency = 40150468 μs
SLICE ind_msg latency = 40150333 μs
SLICE ind_msg latency = 40150261 μs
SLICE ind_msg latency = 40150341 μs
SLICE ind_msg latency = 40150965 μs
SLICE ind_msg latency = 40150179 μs
SLICE ind_msg latency = 40150668 μs
SLICE ind_msg latency = 40150389 μs
SLICE ind_msg latency = 40150376 μs
SLICE ind_msg latency = 40150242 μs
SLICE ind_msg latency = 40150147 μs
SLICE ind_msg latency = 40150365 μs
SLICE ind_msg latency = 40150438 μs
SLICE ind_msg latency = 40150261 μs
SLICE ind_msg latency = 40150223 μs
SLICE ind_msg latency = 40150096 μs
SLICE ind_msg latency = 40152503 μs
SLICE ind_msg latency = 40149977 μs
SLICE ind_msg latency = 40149904 μs
SLICE ind_msg latency = 40149610 μs
SLICE ind_msg latency = 40149607 μs
SLICE ind_msg latency = 40149656 μs
SLICE ind_msg latency = 40149828 μs
SLICE ind_msg latency = 40149693 μs
SLICE ind_msg latency = 40149865 μs
SLICE ind_msg latency = 40150044 μs
SLICE ind_msg latency = 40149957 μs
SLICE ind_msg latency = 40149567 μs
SLICE ind_msg latency = 40149746 μs
SLICE ind_msg latency = 40149572 μs
SLICE ind_msg latency = 40149938 μs
SLICE ind_msg latency = 40149940 μs
SLICE ind_msg latency = 40149888 μs
SLICE ind_msg latency = 40150349 μs
SLICE ind_msg latency = 40150081 μs
SLICE ind_msg latency = 40150455 μs
SLICE ind_msg latency = 40150122 μs
SLICE ind_msg latency = 40150264 μs
SLICE ind_msg latency = 40149886 μs
SLICE ind_msg latency = 40149784 μs
SLICE ind_msg latency = 40149707 μs
SLICE ind_msg latency = 40149830 μs
SLICE ind_msg latency = 40150016 μs
SLICE ind_msg latency = 40150520 μs
SLICE ind_msg latency = 40150408 μs
SLICE ind_msg latency = 40150497 μs
SLICE ind_msg latency = 40150189 μs
SLICE ind_msg latency = 40150310 μs
SLICE ind_msg latency = 40149993 μs
SLICE ind_msg latency = 40150348 μs
SLICE ind_msg latency = 40150275 μs
SLICE ind_msg latency = 40150417 μs
SLICE ind_msg latency = 40150083 μs
SLICE ind_msg latency = 40150282 μs
SLICE ind_msg latency = 40150300 μs
SLICE ind_msg latency = 40150584 μs
SLICE ind_msg latency = 40150444 μs
SLICE ind_msg latency = 40150583 μs
SLICE ind_msg latency = 40150463 μs
SLICE ind_msg latency = 40150343 μs
SLICE ind_msg latency = 40150203 μs
SLICE ind_msg latency = 40150193 μs
SLICE ind_msg latency = 40150245 μs
SLICE ind_msg latency = 40150342 μs
SLICE ind_msg latency = 40150297 μs
SLICE ind_msg latency = 40150227 μs
SLICE ind_msg latency = 40150247 μs
SLICE ind_msg latency = 40150223 μs
SLICE ind_msg latency = 40150094 μs
SLICE ind_msg latency = 40150527 μs
SLICE ind_msg latency = 40150400 μs
SLICE ind_msg latency = 40150367 μs
SLICE ind_msg latency = 40150335 μs
SLICE ind_msg latency = 40150312 μs
SLICE ind_msg latency = 40150060 μs
SLICE ind_msg latency = 40150278 μs
SLICE ind_msg latency = 40150249 μs
SLICE ind_msg latency = 40150244 μs
SLICE ind_msg latency = 40150344 μs
SLICE ind_msg latency = 40150428 μs
SLICE ind_msg latency = 40150172 μs
SLICE ind_msg latency = 40150051 μs
SLICE ind_msg latency = 40150330 μs
SLICE ind_msg latency = 40150384 μs
SLICE ind_msg latency = 40150326 μs
SLICE ind_msg latency = 40150282 μs
SLICE ind_msg latency = 40150428 μs
SLICE ind_msg latency = 40150231 μs
SLICE ind_msg latency = 40150231 μs
SLICE ind_msg latency = 40150217 μs
SLICE ind_msg latency = 40150543 μs
SLICE ind_msg latency = 40150174 μs
SLICE ind_msg latency = 40150167 μs
SLICE ind_msg latency = 40150349 μs
SLICE ind_msg latency = 40150286 μs
SLICE ind_msg latency = 40150311 μs
SLICE ind_msg latency = 40150166 μs
SLICE ind_msg latency = 40150206 μs
SLICE ind_msg latency = 40149837 μs
SLICE ind_msg latency = 40150054 μs
SLICE ind_msg latency = 40150015 μs
SLICE ind_msg latency = 40150095 μs
SLICE ind_msg latency = 40150313 μs
SLICE ind_msg latency = 40150412 μs
SLICE ind_msg latency = 40150495 μs
SLICE ind_msg latency = 40150262 μs
SLICE ind_msg latency = 40150024 μs
SLICE ind_msg latency = 40149998 μs
SLICE ind_msg latency = 40149757 μs
SLICE ind_msg latency = 40150138 μs
SLICE ind_msg latency = 40150183 μs
SLICE ind_msg latency = 40150260 μs
SLICE ind_msg latency = 40150185 μs
SLICE ind_msg latency = 40150592 μs
SLICE ind_msg latency = 40150315 μs
SLICE ind_msg latency = 40150298 μs
SLICE ind_msg latency = 40150504 μs
SLICE ind_msg latency = 40150155 μs
SLICE ind_msg latency = 40150023 μs
SLICE ind_msg latency = 40150264 μs
SLICE ind_msg latency = 40150131 μs
SLICE ind_msg latency = 40150447 μs
SLICE ind_msg latency = 40150178 μs
SLICE ind_msg latency = 40149965 μs
SLICE ind_msg latency = 40150178 μs
SLICE ind_msg latency = 40150373 μs
SLICE ind_msg latency = 40150283 μs
SLICE ind_msg latency = 40150288 μs
SLICE ind_msg latency = 40150371 μs
SLICE ind_msg latency = 40150045 μs
SLICE ind_msg latency = 40150063 μs
SLICE ind_msg latency = 40150124 μs
SLICE ind_msg latency = 40150161 μs
SLICE ind_msg latency = 40150440 μs
SLICE ind_msg latency = 40150430 μs
SLICE ind_msg latency = 40150497 μs
[xApp]: E42 RIC_SUBSCRIPTION_DELETE_REQUEST tx RAN_FUNC_ID 145 RIC_REQ_ID 1 
SLICE ind_msg latency = 40150380 μs
[xApp]: E42 SUBSCRIPTION DELETE RESPONSE rx
[xApp]: Sucessfully stopped 
Test xApp run SUCCESSFULLY
Diff time between Connection and Subscription: 2755μs
