2524091
507419
517427
513333
900520
399489
11126
414822
8347
8163
504248
406846
510700
12238
770087
387552
385076
11797
11158
397184
16244
12418
11224
9403
10859
393577
9812
13193
8491
14259
10613
429910
391290
13243
399379
400317
393175
400500
10762
882938
748744
12324
16374
406771
410941
434293
393300
10107
11996
393709
13333
11436
403807
10014
10108
10412
11187
8324
14498
9714
388441
9757
14144
13342
391866
12080
10699
13955
11771
13831
11645
11237
901303
10742
10826
10245
388564
11176
524775
9647
372169
10657
395306
10710
13255
12080
12262
10103
7467
11437
14412
10388
12366
7645
14570
9704
13263
8549
18704
9270
