103006
1015947
1016357
1015400
1017349
1016734
1013972
1017102
1017927
1021062
1017352
1016341
1015256
1017524
1016821
1015825
1021315
1017003
1021549
1020295
1011196
1015197
1016822
1022199
1019897
1017559
1018790
1017728
1015007
1017807
1016743
1015740
1016866
1016139
1022082
1015160
1017854
1014475
1017765
1021367
1020434
1017122
1019810
1009957
1016366
1017255
1017348
1016124
1018393
1021558
1016991
1019318
1023882
1012811
1018894
1013896
1014154
1017239
1017742
1014948
1017806
1022217
1013991
1029459
1017726
1016264
1018283
1017740
1020646
1015828
1019681
1016281
1017064
1016999
1008277
1022067
1008569
1013597
1018400
1015402
1015754
1012107
1010249
1018366
1016361
1020650
1019516
1018312
1016951
1017940
1021775
1016508
1448455
1022831
1021650
1015678
1019572
1011198
1019857
