2186
2142
2264
2333
1859
2160
1987
1511
2355
2157
1967
2394
1748
2557
2183
1923
1913
2055
2585
2513
2259
1795
2385
2234
2367
2813
2249
2206
2036
2337
2148
2531
1644
2333
2159
2331
2272
2715
1044
1969
2012
2111
2163
1677
2546
2108
2176
2219
1980
2189
2553
2308
2224
2098
2080
2579
2474
2371
2482
1725
2196
1752
1734
2496
2170
2425
1801
2646
2084
1035
1957
2270
2293
2400
1879
2360
1959
2564
2543
2536
1838
1192
1878
1874
2132
2425
2600
2347
2466
2557
2014
2572
2611
2065
2095
1629
2370
1942
2202
1966
